<?xml version="1.0" encoding="UTF-8"?>
<testsuites name="Pesanan Tempatan - CEK - Perak" time="498" tests="4" failures="1" errors="0">
   <testsuite name="Pesanan Tempatan - CEK - Perak" tests="4" failures="1" errors="0" time="498" timestamp="2019-04-04 13:40:41" hostname="Consultant_MSPHitect - DESKTOP-V9TS2EM" id="Test Suites/Perolehan/Pesanan Tempatan - CEK - Perak">
      <properties>
         <property name="deviceName" value=""/>
         <property name="devicePlatform" value=""/>
         <property name="logFolder" value="C:\\Users\\Consultant_MSPHitect\\Katalon Studio\\TrainingonKatalon\\Reports\\Perolehan\\Pesanan Tempatan - CEK - Perak\\20190404_134027"/>
         <property name="logFiles" value="C:\\Users\\Consultant_MSPHitect\\Katalon Studio\\TrainingonKatalon\\Reports\\Perolehan\\Pesanan Tempatan - CEK - Perak\\20190404_134027\\execution0.log"/>
         <property name="attachments" value="C:\\Users\\Consultant_MSPHitect\\Katalon Studio\\TrainingonKatalon\\Reports\\Perolehan\\Pesanan Tempatan - CEK - Perak\\20190404_134027\\1554356569366.png, C:\\Users\\Consultant_MSPHitect\\Katalon Studio\\TrainingonKatalon\\Reports\\Perolehan\\Pesanan Tempatan - CEK - Perak\\20190404_134027\\1554356655053.png, C:\\Users\\Consultant_MSPHitect\\Katalon Studio\\TrainingonKatalon\\Reports\\Perolehan\\Pesanan Tempatan - CEK - Perak\\20190404_134027\\1554356773339.png, C:\\Users\\Consultant_MSPHitect\\Katalon Studio\\TrainingonKatalon\\Reports\\Perolehan\\Pesanan Tempatan - CEK - Perak\\20190404_134027\\1554356883121.png, C:\\Users\\Consultant_MSPHitect\\Katalon Studio\\TrainingonKatalon\\Reports\\Perolehan\\Pesanan Tempatan - CEK - Perak\\20190404_134027\\1554356938557.png"/>
         <property name="hostName" value="Consultant_MSPHitect - DESKTOP-V9TS2EM"/>
         <property name="os" value="Windows 10 64bit"/>
         <property name="katalonVersion" value="6.1.0.1"/>
         <property name="browser" value="Chrome 73.0.3683.86"/>
         <property name="hostAddress" value="192.168.172.132"/>
         <property name="sessionId" value="542520650eec5fa6db19d3fe1178d436"/>
         <property name="seleniumVersion" value="3.7.1"/>
         <property name="proxyInformation" value="ProxyInformation{proxyOption=NO_PROXY, proxyServerType=HTTP, password=, proxyServerAddress=, proxyServerPort=0}"/>
         <property name="platform" value="Windows 10"/>
      </properties>
      <testcase name="Test Cases/Perolehan/006 Arahan Bayaran/002 Arahan Bayaran - CEK" classname="Test Cases/Perolehan/006 Arahan Bayaran/002 Arahan Bayaran - CEK" status="PASSED">
         <system-out><![CDATA[2019-04-04 13:40:41 - [TEST_CASE][PASSED] - Test Cases/Perolehan/006 Arahan Bayaran/002 Arahan Bayaran - CEK: Test Cases/Perolehan/006 Arahan Bayaran/002 Arahan Bayaran - CEK

2019-04-04 13:40:42 - [TEST_STEP][PASSED] - reusablefunctions.reusablefunctions.openbrowser(): reusablefunctions.reusablefunctions.openbrowser is PASSED

2019-04-04 13:40:43 - [MESSAGE][INFO] - Starting 'Chrome' driver

2019-04-04 13:40:43 - [MESSAGE][INFO] - Action delay is set to 0 seconds

2019-04-04 13:40:50 - [MESSAGE][PASSED] - Browser is opened with url: 'https://175.143.52.101:7011/1SPEKSv2/'

2019-04-04 13:40:50 - [MESSAGE][PASSED] - reusablefunctions.reusablefunctions.openbrowser is PASSED

2019-04-04 13:40:50 - [TEST_STEP][PASSED] - reusablefunctions.reusablefunctions.Login(PenyediaPTJ, findTestData("ispekstestdata").getValue(2, 4)): reusablefunctions.reusablefunctions.Login is PASSED

2019-04-04 13:40:50 - [MESSAGE][PASSED] - Text '601101955194' is set on object 'Object Repository/Login/input_NoKadPengenalan'

2019-04-04 13:40:50 - [MESSAGE][PASSED] - Text ****** has been set on object 'Object Repository/Login/input_Password'

2019-04-04 13:40:56 - [MESSAGE][PASSED] - Object: 'Object Repository/Login/input_ButtonLogMasuk' is clicked on

2019-04-04 13:41:06 - [MESSAGE][PASSED] - Delayed 10 second(s)

2019-04-04 13:41:06 - [MESSAGE][PASSED] - reusablefunctions.reusablefunctions.Login is PASSED

2019-04-04 13:41:06 - [TEST_STEP][PASSED] - delay(3): Delayed 3 second(s)

2019-04-04 13:41:09 - [MESSAGE][PASSED] - Delayed 3 second(s)

2019-04-04 13:41:09 - [TEST_STEP][PASSED] - reusablefunctions.reusablefunctions.PerananPenyediaPTJ(): reusablefunctions.reusablefunctions.PerananPenyediaPTJ is PASSED

2019-04-04 13:41:09 - [MESSAGE][PASSED] - Object: 'Object Repository/Perolehan/TukarPeranan/IconTukarPeranan' is clicked on

2019-04-04 13:41:09 - [MESSAGE][PASSED] - Object: 'Object Repository/Perolehan/TukarPeranan/input_TukarPeranan' is clicked on

2019-04-04 13:41:09 - [MESSAGE][PASSED] - Object: 'Object Repository/Perolehan/TukarPeranan/button_Ya' is clicked on

2019-04-04 13:41:29 - [MESSAGE][PASSED] - Delayed 20 second(s)

2019-04-04 13:41:32 - [MESSAGE][PASSED] - Text 'Peranan : [Penyedia] Peringkat : [PTJ]' is present on page 

2019-04-04 13:41:32 - [MESSAGE][PASSED] - reusablefunctions.reusablefunctions.PerananPenyediaPTJ is PASSED

2019-04-04 13:41:32 - [TEST_STEP][PASSED] - click(findTestObject("Perolehan/001 Left_Menu_Selection/a_ExpandMenuonLeft")): Object: 'Object Repository/Perolehan/001 Left_Menu_Selection/a_ExpandMenuonLeft' is clicked on

2019-04-04 13:41:32 - [MESSAGE][PASSED] - Object: 'Object Repository/Perolehan/001 Left_Menu_Selection/a_ExpandMenuonLeft' is clicked on

2019-04-04 13:41:32 - [TEST_STEP][PASSED] - delay(3, STOP_ON_FAILURE): Delayed 3 second(s)

2019-04-04 13:41:35 - [MESSAGE][PASSED] - Delayed 3 second(s)

2019-04-04 13:41:35 - [TEST_STEP][PASSED] - click(findTestObject("Perolehan/001 Left_Menu_Selection/div_PanelTitlePerolehan")): Object: 'Object Repository/Perolehan/001 Left_Menu_Selection/div_PanelTitlePerolehan' is clicked on

2019-04-04 13:41:36 - [MESSAGE][PASSED] - Object: 'Object Repository/Perolehan/001 Left_Menu_Selection/div_PanelTitlePerolehan' is clicked on

2019-04-04 13:41:36 - [TEST_STEP][PASSED] - delay(3, STOP_ON_FAILURE): Delayed 3 second(s)

2019-04-04 13:41:39 - [MESSAGE][PASSED] - Delayed 3 second(s)

2019-04-04 13:41:39 - [TEST_STEP][PASSED] - click(findTestObject("Perolehan/001 Left_Menu_Selection/div_Menu_ArahanBayaran")): Object: 'Object Repository/Perolehan/001 Left_Menu_Selection/div_Menu_ArahanBayaran' is clicked on

2019-04-04 13:41:39 - [MESSAGE][PASSED] - Object: 'Object Repository/Perolehan/001 Left_Menu_Selection/div_Menu_ArahanBayaran' is clicked on

2019-04-04 13:41:39 - [TEST_STEP][PASSED] - delay(3): Delayed 3 second(s)

2019-04-04 13:41:42 - [MESSAGE][PASSED] - Delayed 3 second(s)

2019-04-04 13:41:42 - [TEST_STEP][PASSED] - click(findTestObject("Perolehan/006 Arahan Bayaran/001 Pesanan Tempatan/button_REKOD_BARU")): Object: 'Object Repository/Perolehan/006 Arahan Bayaran/001 Pesanan Tempatan/button_REKOD_BARU' is clicked on

2019-04-04 13:41:42 - [MESSAGE][PASSED] - Object: 'Object Repository/Perolehan/006 Arahan Bayaran/001 Pesanan Tempatan/button_REKOD_BARU' is clicked on

2019-04-04 13:41:42 - [TEST_STEP][PASSED] - delay(3): Delayed 3 second(s)

2019-04-04 13:41:45 - [MESSAGE][PASSED] - Delayed 3 second(s)

2019-04-04 13:41:45 - [TEST_STEP][PASSED] - click(findTestObject("Perolehan/006 Arahan Bayaran/001 Pesanan Tempatan/Drop_Down_Jenis_Baucar_Bayaran"), STOP_ON_FAILURE): Object: 'Object Repository/Perolehan/006 Arahan Bayaran/001 Pesanan Tempatan/Drop_Down_Jenis_Baucar_Bayaran' is clicked on

2019-04-04 13:41:45 - [MESSAGE][PASSED] - Object: 'Object Repository/Perolehan/006 Arahan Bayaran/001 Pesanan Tempatan/Drop_Down_Jenis_Baucar_Bayaran' is clicked on

2019-04-04 13:41:45 - [TEST_STEP][PASSED] - delay(3): Delayed 3 second(s)

2019-04-04 13:41:48 - [MESSAGE][PASSED] - Delayed 3 second(s)

2019-04-04 13:41:48 - [TEST_STEP][PASSED] - click(findTestObject("Perolehan/006 Arahan Bayaran/001 Pesanan Tempatan/Select_Kod_Jenis_Baucar_Bayaran")): Object: 'Object Repository/Perolehan/006 Arahan Bayaran/001 Pesanan Tempatan/Select_Kod_Jenis_Baucar_Bayaran' is clicked on

2019-04-04 13:41:48 - [MESSAGE][PASSED] - Object: 'Object Repository/Perolehan/006 Arahan Bayaran/001 Pesanan Tempatan/Select_Kod_Jenis_Baucar_Bayaran' is clicked on

2019-04-04 13:41:48 - [TEST_STEP][PASSED] - delay(3): Delayed 3 second(s)

2019-04-04 13:41:51 - [MESSAGE][PASSED] - Delayed 3 second(s)

2019-04-04 13:41:51 - [TEST_STEP][PASSED] - click(findTestObject("Perolehan/006 Arahan Bayaran/001 Pesanan Tempatan/Drop_Down_Nama_Pembekal")): Object: 'Object Repository/Perolehan/006 Arahan Bayaran/001 Pesanan Tempatan/Drop_Down_Nama_Pembekal' is clicked on

2019-04-04 13:41:51 - [MESSAGE][PASSED] - Object: 'Object Repository/Perolehan/006 Arahan Bayaran/001 Pesanan Tempatan/Drop_Down_Nama_Pembekal' is clicked on

2019-04-04 13:41:51 - [TEST_STEP][PASSED] - delay(3): Delayed 3 second(s)

2019-04-04 13:41:54 - [MESSAGE][PASSED] - Delayed 3 second(s)

2019-04-04 13:41:54 - [TEST_STEP][PASSED] - setText(findTestObject("Perolehan/006 Arahan Bayaran/001 Pesanan Tempatan/input_kod_pembekal"), nama_pembekal_cek): Text 'ZAM MEDITRADE' is set on object 'Object Repository/Perolehan/006 Arahan Bayaran/001 Pesanan Tempatan/input_kod_pembekal'

2019-04-04 13:41:55 - [MESSAGE][PASSED] - Text 'ZAM MEDITRADE' is set on object 'Object Repository/Perolehan/006 Arahan Bayaran/001 Pesanan Tempatan/input_kod_pembekal'

2019-04-04 13:41:55 - [TEST_STEP][PASSED] - delay(3): Delayed 3 second(s)

2019-04-04 13:41:58 - [MESSAGE][PASSED] - Delayed 3 second(s)

2019-04-04 13:41:58 - [TEST_STEP][PASSED] - click(findTestObject("Perolehan/006 Arahan Bayaran/001 Pesanan Tempatan/Select_Nama_Pembekal", ["text":nama_pembekal_cek])): Object: 'Object Repository/Perolehan/006 Arahan Bayaran/001 Pesanan Tempatan/Select_Nama_Pembekal' is clicked on

2019-04-04 13:41:58 - [MESSAGE][PASSED] - Object: 'Object Repository/Perolehan/006 Arahan Bayaran/001 Pesanan Tempatan/Select_Nama_Pembekal' is clicked on

2019-04-04 13:41:58 - [TEST_STEP][PASSED] - delay(5): Delayed 5 second(s)

2019-04-04 13:42:03 - [MESSAGE][PASSED] - Delayed 5 second(s)

2019-04-04 13:42:03 - [TEST_STEP][PASSED] - click(findTestObject("Perolehan/006 Arahan Bayaran/001 Pesanan Tempatan/Drop_Down_Cara_Bayaran", ["xpath":dropdown_cara_bayaran])): Object: 'Object Repository/Perolehan/006 Arahan Bayaran/001 Pesanan Tempatan/Drop_Down_Cara_Bayaran' is clicked on

2019-04-04 13:42:03 - [MESSAGE][PASSED] - Object: 'Object Repository/Perolehan/006 Arahan Bayaran/001 Pesanan Tempatan/Drop_Down_Cara_Bayaran' is clicked on

2019-04-04 13:42:03 - [TEST_STEP][PASSED] - click(findTestObject("Perolehan/006 Arahan Bayaran/001 Pesanan Tempatan/Select_Cara_Bayaran - CEK")): Object: 'Object Repository/Perolehan/006 Arahan Bayaran/001 Pesanan Tempatan/Select_Cara_Bayaran - CEK' is clicked on

2019-04-04 13:42:03 - [MESSAGE][PASSED] - Object: 'Object Repository/Perolehan/006 Arahan Bayaran/001 Pesanan Tempatan/Select_Cara_Bayaran - CEK' is clicked on

2019-04-04 13:42:03 - [TEST_STEP][PASSED] - click(findTestObject("Perolehan/006 Arahan Bayaran/001 Pesanan Tempatan/Drop_Down_Dengan_Pemfaktoran", ["xpath":dropdown_pemfaktoran])): Object: 'Object Repository/Perolehan/006 Arahan Bayaran/001 Pesanan Tempatan/Drop_Down_Dengan_Pemfaktoran' is clicked on

2019-04-04 13:42:03 - [MESSAGE][PASSED] - Object: 'Object Repository/Perolehan/006 Arahan Bayaran/001 Pesanan Tempatan/Drop_Down_Dengan_Pemfaktoran' is clicked on

2019-04-04 13:42:03 - [TEST_STEP][PASSED] - click(findTestObject("Perolehan/006 Arahan Bayaran/001 Pesanan Tempatan/Select_Ya_Dengan_Pemfaktoran")): Object: 'Object Repository/Perolehan/006 Arahan Bayaran/001 Pesanan Tempatan/Select_Ya_Dengan_Pemfaktoran' is clicked on

2019-04-04 13:42:03 - [MESSAGE][PASSED] - Object: 'Object Repository/Perolehan/006 Arahan Bayaran/001 Pesanan Tempatan/Select_Ya_Dengan_Pemfaktoran' is clicked on

2019-04-04 13:42:03 - [TEST_STEP][PASSED] - delay(3): Delayed 3 second(s)

2019-04-04 13:42:06 - [MESSAGE][PASSED] - Delayed 3 second(s)

2019-04-04 13:42:06 - [TEST_STEP][PASSED] - mydate = new java.util.Date(): null

2019-04-04 13:42:06 - [TEST_STEP][PASSED] - setText(findTestObject("Perolehan/006 Arahan Bayaran/001 Pesanan Tempatan/input_Perihal"), "This is a test for Pesanan Tempatan Cara Bayaran CEK " + mydate): Text 'This is a test for Pesanan Tempatan Cara Bayaran CEK Thu Apr 04 13:42:06 SGT 2019' is set on object 'Object Repository/Perolehan/006 Arahan Bayaran/001 Pesanan Tempatan/input_Perihal'

2019-04-04 13:42:06 - [MESSAGE][PASSED] - Text 'This is a test for Pesanan Tempatan Cara Bayaran CEK Thu Apr 04 13:42:06 SGT 2019' is set on object 'Object Repository/Perolehan/006 Arahan Bayaran/001 Pesanan Tempatan/input_Perihal'

2019-04-04 13:42:06 - [TEST_STEP][PASSED] - delay(3): Delayed 3 second(s)

2019-04-04 13:42:09 - [MESSAGE][PASSED] - Delayed 3 second(s)

2019-04-04 13:42:09 - [TEST_STEP][PASSED] - doubleClick(findTestObject("Perolehan/006 Arahan Bayaran/001 Pesanan Tempatan/Maklumat_Terimaan_Barang_line_1")): Object: 'Object Repository/Perolehan/006 Arahan Bayaran/001 Pesanan Tempatan/Maklumat_Terimaan_Barang_line_1' is double clicked on

2019-04-04 13:42:10 - [MESSAGE][PASSED] - Object: 'Object Repository/Perolehan/006 Arahan Bayaran/001 Pesanan Tempatan/Maklumat_Terimaan_Barang_line_1' is double clicked on

2019-04-04 13:42:10 - [TEST_STEP][PASSED] - delay(3): Delayed 3 second(s)

2019-04-04 13:42:13 - [MESSAGE][PASSED] - Delayed 3 second(s)

2019-04-04 13:42:13 - [TEST_STEP][PASSED] - RN = Math.random() * 10000: null

2019-04-04 13:42:13 - [TEST_STEP][PASSED] - println(RN): null

2019-04-04 13:42:13 - [TEST_STEP][PASSED] - setText(findTestObject("Perolehan/006 Arahan Bayaran/001 Pesanan Tempatan/input_No_Invois"), "INV0" + RN): Text 'INV06068' is set on object 'Object Repository/Perolehan/006 Arahan Bayaran/001 Pesanan Tempatan/input_No_Invois'

2019-04-04 13:42:13 - [MESSAGE][PASSED] - Text 'INV06068' is set on object 'Object Repository/Perolehan/006 Arahan Bayaran/001 Pesanan Tempatan/input_No_Invois'

2019-04-04 13:42:13 - [TEST_STEP][PASSED] - setText(findTestObject("Perolehan/006 Arahan Bayaran/001 Pesanan Tempatan/input_Amaun_Invois_RM"), TotalAmaunPT): Text '5.31' is set on object 'Object Repository/Perolehan/006 Arahan Bayaran/001 Pesanan Tempatan/input_Amaun_Invois_RM'

2019-04-04 13:42:13 - [MESSAGE][PASSED] - Text '5.31' is set on object 'Object Repository/Perolehan/006 Arahan Bayaran/001 Pesanan Tempatan/input_Amaun_Invois_RM'

2019-04-04 13:42:13 - [TEST_STEP][PASSED] - click(findTestObject("Perolehan/006 Arahan Bayaran/001 Pesanan Tempatan/a_Tarikh_Invois"), STOP_ON_FAILURE): Object: 'Object Repository/Perolehan/006 Arahan Bayaran/001 Pesanan Tempatan/a_Tarikh_Invois' is clicked on

2019-04-04 13:42:13 - [MESSAGE][PASSED] - Object: 'Object Repository/Perolehan/006 Arahan Bayaran/001 Pesanan Tempatan/a_Tarikh_Invois' is clicked on

2019-04-04 13:42:13 - [TEST_STEP][PASSED] - delay(2): Delayed 2 second(s)

2019-04-04 13:42:15 - [MESSAGE][PASSED] - Delayed 2 second(s)

2019-04-04 13:42:15 - [TEST_STEP][PASSED] - click(findTestObject("Perolehan/006 Arahan Bayaran/001 Pesanan Tempatan/a_Today_Tarikh_Invois"), STOP_ON_FAILURE): Object: 'Object Repository/Perolehan/006 Arahan Bayaran/001 Pesanan Tempatan/a_Today_Tarikh_Invois' is clicked on

2019-04-04 13:42:15 - [MESSAGE][PASSED] - Object: 'Object Repository/Perolehan/006 Arahan Bayaran/001 Pesanan Tempatan/a_Today_Tarikh_Invois' is clicked on

2019-04-04 13:42:15 - [TEST_STEP][PASSED] - click(findTestObject("Perolehan/006 Arahan Bayaran/001 Pesanan Tempatan/a_Tarikh Terima Oleh Kewangan"), STOP_ON_FAILURE): Object: 'Object Repository/Perolehan/006 Arahan Bayaran/001 Pesanan Tempatan/a_Tarikh Terima Oleh Kewangan' is clicked on

2019-04-04 13:42:15 - [MESSAGE][PASSED] - Object: 'Object Repository/Perolehan/006 Arahan Bayaran/001 Pesanan Tempatan/a_Tarikh Terima Oleh Kewangan' is clicked on

2019-04-04 13:42:15 - [TEST_STEP][PASSED] - delay(2): Delayed 2 second(s)

2019-04-04 13:42:17 - [MESSAGE][PASSED] - Delayed 2 second(s)

2019-04-04 13:42:17 - [TEST_STEP][PASSED] - click(findTestObject("Perolehan/006 Arahan Bayaran/001 Pesanan Tempatan/a_Today_Tarikh_Terima_Oleh_Kewangan"), STOP_ON_FAILURE): Object: 'Object Repository/Perolehan/006 Arahan Bayaran/001 Pesanan Tempatan/a_Today_Tarikh_Terima_Oleh_Kewangan' is clicked on

2019-04-04 13:42:17 - [MESSAGE][PASSED] - Object: 'Object Repository/Perolehan/006 Arahan Bayaran/001 Pesanan Tempatan/a_Today_Tarikh_Terima_Oleh_Kewangan' is clicked on

2019-04-04 13:42:17 - [TEST_STEP][PASSED] - click(findTestObject("Perolehan/006 Arahan Bayaran/001 Pesanan Tempatan/button_Save_Maklumat_Terima_Barang")): Object: 'Object Repository/Perolehan/006 Arahan Bayaran/001 Pesanan Tempatan/button_Save_Maklumat_Terima_Barang' is clicked on

2019-04-04 13:42:18 - [MESSAGE][PASSED] - Object: 'Object Repository/Perolehan/006 Arahan Bayaran/001 Pesanan Tempatan/button_Save_Maklumat_Terima_Barang' is clicked on

2019-04-04 13:42:18 - [TEST_STEP][PASSED] - delay(3): Delayed 3 second(s)

2019-04-04 13:42:21 - [MESSAGE][PASSED] - Delayed 3 second(s)

2019-04-04 13:42:21 - [TEST_STEP][PASSED] - click(findTestObject("Perolehan/006 Arahan Bayaran/001 Pesanan Tempatan/button_Tambah_Maklumat_Penerima")): Object: 'Object Repository/Perolehan/006 Arahan Bayaran/001 Pesanan Tempatan/button_Tambah_Maklumat_Penerima' is clicked on

2019-04-04 13:42:21 - [MESSAGE][PASSED] - Object: 'Object Repository/Perolehan/006 Arahan Bayaran/001 Pesanan Tempatan/button_Tambah_Maklumat_Penerima' is clicked on

2019-04-04 13:42:21 - [TEST_STEP][PASSED] - click(findTestObject("Perolehan/006 Arahan Bayaran/001 Pesanan Tempatan/Drop_Down_Penerima_No_Daftar")): Object: 'Object Repository/Perolehan/006 Arahan Bayaran/001 Pesanan Tempatan/Drop_Down_Penerima_No_Daftar' is clicked on

2019-04-04 13:42:21 - [MESSAGE][PASSED] - Object: 'Object Repository/Perolehan/006 Arahan Bayaran/001 Pesanan Tempatan/Drop_Down_Penerima_No_Daftar' is clicked on

2019-04-04 13:42:21 - [TEST_STEP][PASSED] - delay(3): Delayed 3 second(s)

2019-04-04 13:42:24 - [MESSAGE][PASSED] - Delayed 3 second(s)

2019-04-04 13:42:24 - [TEST_STEP][PASSED] - setText(findTestObject("Perolehan/006 Arahan Bayaran/001 Pesanan Tempatan/input_name_kod Pembekal"), kod_pembekal_pemfaktoran): Text 'I0801SK29724' is set on object 'Object Repository/Perolehan/006 Arahan Bayaran/001 Pesanan Tempatan/input_name_kod Pembekal'

2019-04-04 13:42:24 - [MESSAGE][PASSED] - Text 'I0801SK29724' is set on object 'Object Repository/Perolehan/006 Arahan Bayaran/001 Pesanan Tempatan/input_name_kod Pembekal'

2019-04-04 13:42:24 - [TEST_STEP][PASSED] - delay(3): Delayed 3 second(s)

2019-04-04 13:42:27 - [MESSAGE][PASSED] - Delayed 3 second(s)

2019-04-04 13:42:27 - [TEST_STEP][PASSED] - click(findTestObject("Perolehan/006 Arahan Bayaran/001 Pesanan Tempatan/select_Maklumat_Penerima_Armada", ["text":kod_pembekal_pemfaktoran])): Object: 'Object Repository/Perolehan/006 Arahan Bayaran/001 Pesanan Tempatan/select_Maklumat_Penerima_Armada' is clicked on

2019-04-04 13:42:27 - [MESSAGE][PASSED] - Object: 'Object Repository/Perolehan/006 Arahan Bayaran/001 Pesanan Tempatan/select_Maklumat_Penerima_Armada' is clicked on

2019-04-04 13:42:27 - [TEST_STEP][PASSED] - delay(5): Delayed 5 second(s)

2019-04-04 13:42:32 - [MESSAGE][PASSED] - Delayed 5 second(s)

2019-04-04 13:42:32 - [TEST_STEP][PASSED] - setText(findTestObject("Perolehan/006 Arahan Bayaran/001 Pesanan Tempatan/input_Penerima_Amaun"), TotalAmaunPT): Text '5.31' is set on object 'Object Repository/Perolehan/006 Arahan Bayaran/001 Pesanan Tempatan/input_Penerima_Amaun'

2019-04-04 13:42:33 - [MESSAGE][PASSED] - Text '5.31' is set on object 'Object Repository/Perolehan/006 Arahan Bayaran/001 Pesanan Tempatan/input_Penerima_Amaun'

2019-04-04 13:42:33 - [TEST_STEP][PASSED] - click(findTestObject("Perolehan/006 Arahan Bayaran/001 Pesanan Tempatan/button_Save_Maklumat_Penerima")): Object: 'Object Repository/Perolehan/006 Arahan Bayaran/001 Pesanan Tempatan/button_Save_Maklumat_Penerima' is clicked on

2019-04-04 13:42:33 - [MESSAGE][PASSED] - Object: 'Object Repository/Perolehan/006 Arahan Bayaran/001 Pesanan Tempatan/button_Save_Maklumat_Penerima' is clicked on

2019-04-04 13:42:33 - [TEST_STEP][PASSED] - delay(3): Delayed 3 second(s)

2019-04-04 13:42:36 - [MESSAGE][PASSED] - Delayed 3 second(s)

2019-04-04 13:42:36 - [TEST_STEP][PASSED] - click(findTestObject("Perolehan/006 Arahan Bayaran/001 Pesanan Tempatan/button_Simpan"), STOP_ON_FAILURE): Object: 'Object Repository/Perolehan/006 Arahan Bayaran/001 Pesanan Tempatan/button_Simpan' is clicked on

2019-04-04 13:42:36 - [MESSAGE][PASSED] - Object: 'Object Repository/Perolehan/006 Arahan Bayaran/001 Pesanan Tempatan/button_Simpan' is clicked on

2019-04-04 13:42:36 - [TEST_STEP][PASSED] - click(findTestObject("Perolehan/006 Arahan Bayaran/001 Pesanan Tempatan/button_Ya_Simpan")): Object: 'Object Repository/Perolehan/006 Arahan Bayaran/001 Pesanan Tempatan/button_Ya_Simpan' is clicked on

2019-04-04 13:42:36 - [MESSAGE][PASSED] - Object: 'Object Repository/Perolehan/006 Arahan Bayaran/001 Pesanan Tempatan/button_Ya_Simpan' is clicked on

2019-04-04 13:42:36 - [TEST_STEP][PASSED] - delay(3): Delayed 3 second(s)

2019-04-04 13:42:39 - [MESSAGE][PASSED] - Delayed 3 second(s)

2019-04-04 13:42:39 - [TEST_STEP][PASSED] - click(findTestObject("Perolehan/006 Arahan Bayaran/001 Pesanan Tempatan/button_OK_Rekod_telah_simpan")): Object: 'Object Repository/Perolehan/006 Arahan Bayaran/001 Pesanan Tempatan/button_OK_Rekod_telah_simpan' is clicked on

2019-04-04 13:42:39 - [MESSAGE][PASSED] - Object: 'Object Repository/Perolehan/006 Arahan Bayaran/001 Pesanan Tempatan/button_OK_Rekod_telah_simpan' is clicked on

2019-04-04 13:42:39 - [TEST_STEP][PASSED] - click(findTestObject("Perolehan/006 Arahan Bayaran/001 Pesanan Tempatan/button_Senarai_Semak")): Object: 'Object Repository/Perolehan/006 Arahan Bayaran/001 Pesanan Tempatan/button_Senarai_Semak' is clicked on

2019-04-04 13:42:39 - [MESSAGE][PASSED] - Object: 'Object Repository/Perolehan/006 Arahan Bayaran/001 Pesanan Tempatan/button_Senarai_Semak' is clicked on

2019-04-04 13:42:39 - [TEST_STEP][PASSED] - check(findTestObject("Perolehan/006 Arahan Bayaran/001 Pesanan Tempatan/Senarai_Semak_check_no_1")): Object 'Object Repository/Perolehan/006 Arahan Bayaran/001 Pesanan Tempatan/Senarai_Semak_check_no_1' is checked

2019-04-04 13:42:39 - [MESSAGE][PASSED] - Object 'Object Repository/Perolehan/006 Arahan Bayaran/001 Pesanan Tempatan/Senarai_Semak_check_no_1' is checked

2019-04-04 13:42:39 - [TEST_STEP][PASSED] - click(findTestObject("Perolehan/006 Arahan Bayaran/001 Pesanan Tempatan/button_senarai_Semak_simpan")): Object: 'Object Repository/Perolehan/006 Arahan Bayaran/001 Pesanan Tempatan/button_senarai_Semak_simpan' is clicked on

2019-04-04 13:42:39 - [MESSAGE][PASSED] - Object: 'Object Repository/Perolehan/006 Arahan Bayaran/001 Pesanan Tempatan/button_senarai_Semak_simpan' is clicked on

2019-04-04 13:42:39 - [TEST_STEP][PASSED] - delay(3): Delayed 3 second(s)

2019-04-04 13:42:42 - [MESSAGE][PASSED] - Delayed 3 second(s)

2019-04-04 13:42:42 - [TEST_STEP][PASSED] - click(findTestObject("Perolehan/006 Arahan Bayaran/001 Pesanan Tempatan/button_OK_Rekod_telah_simpan")): Object: 'Object Repository/Perolehan/006 Arahan Bayaran/001 Pesanan Tempatan/button_OK_Rekod_telah_simpan' is clicked on

2019-04-04 13:42:42 - [MESSAGE][PASSED] - Object: 'Object Repository/Perolehan/006 Arahan Bayaran/001 Pesanan Tempatan/button_OK_Rekod_telah_simpan' is clicked on

2019-04-04 13:42:42 - [TEST_STEP][PASSED] - click(findTestObject("Perolehan/006 Arahan Bayaran/001 Pesanan Tempatan/Senarai_Semak_X_close")): Object: 'Object Repository/Perolehan/006 Arahan Bayaran/001 Pesanan Tempatan/Senarai_Semak_X_close' is clicked on

2019-04-04 13:42:43 - [MESSAGE][PASSED] - Object: 'Object Repository/Perolehan/006 Arahan Bayaran/001 Pesanan Tempatan/Senarai_Semak_X_close' is clicked on

2019-04-04 13:42:43 - [TEST_STEP][PASSED] - delay(3): Delayed 3 second(s)

2019-04-04 13:42:46 - [MESSAGE][PASSED] - Delayed 3 second(s)

2019-04-04 13:42:46 - [TEST_STEP][PASSED] - jumlahbaucarbayaran = getText(findTestObject("Perolehan/006 Arahan Bayaran/001 Pesanan Tempatan/jumlah_baucar_bayaran")): Text of object 'Object Repository/Perolehan/006 Arahan Bayaran/001 Pesanan Tempatan/jumlah_baucar_bayaran' is: '5.30'

2019-04-04 13:42:46 - [MESSAGE][PASSED] - Text of object 'Object Repository/Perolehan/006 Arahan Bayaran/001 Pesanan Tempatan/jumlah_baucar_bayaran' is: '5.30'

2019-04-04 13:42:46 - [TEST_STEP][PASSED] - println(jumlahbaucarbayaran): null

2019-04-04 13:42:46 - [TEST_STEP][PASSED] - jumlah_baucar_bayaran = jumlahbaucarbayaran: null

2019-04-04 13:42:46 - [TEST_STEP][PASSED] - click(findTestObject("Perolehan/006 Arahan Bayaran/001 Pesanan Tempatan/button_Sah_Simpan")): Object: 'Object Repository/Perolehan/006 Arahan Bayaran/001 Pesanan Tempatan/button_Sah_Simpan' is clicked on

2019-04-04 13:42:46 - [MESSAGE][PASSED] - Object: 'Object Repository/Perolehan/006 Arahan Bayaran/001 Pesanan Tempatan/button_Sah_Simpan' is clicked on

2019-04-04 13:42:46 - [TEST_STEP][PASSED] - click(findTestObject("Perolehan/006 Arahan Bayaran/001 Pesanan Tempatan/button_Ya_Simpan")): Object: 'Object Repository/Perolehan/006 Arahan Bayaran/001 Pesanan Tempatan/button_Ya_Simpan' is clicked on

2019-04-04 13:42:46 - [MESSAGE][PASSED] - Object: 'Object Repository/Perolehan/006 Arahan Bayaran/001 Pesanan Tempatan/button_Ya_Simpan' is clicked on

2019-04-04 13:42:46 - [TEST_STEP][PASSED] - delay(3): Delayed 3 second(s)

2019-04-04 13:42:49 - [MESSAGE][PASSED] - Delayed 3 second(s)

2019-04-04 13:42:49 - [TEST_STEP][PASSED] - takeScreenshot(): Taking screenshot successfully

2019-04-04 13:42:49 - [MESSAGE][PASSED] - Taking screenshot successfully
[[ATTACHMENT|C:\\Users\\Consultant_MSPHitect\\Katalon Studio\\TrainingonKatalon\\Reports\\Perolehan\\Pesanan Tempatan - CEK - Perak\\20190404_134027\\1554356569366.png]]

2019-04-04 13:42:49 - [TEST_STEP][PASSED] - attribute = getText(findTestObject("Perolehan/006 Arahan Bayaran/001 Pesanan Tempatan/Get_Arahan_Bayaran_RekodID")): Text of object 'Object Repository/Perolehan/006 Arahan Bayaran/001 Pesanan Tempatan/Get_Arahan_Bayaran_RekodID' is: 'Rekod Telah Berjaya Disah Simpan. [ NO REKOD :19DAAB030100119 ]
Ok'

2019-04-04 13:42:49 - [MESSAGE][PASSED] - Text of object 'Object Repository/Perolehan/006 Arahan Bayaran/001 Pesanan Tempatan/Get_Arahan_Bayaran_RekodID' is: 'Rekod Telah Berjaya Disah Simpan. [ NO REKOD :19DAAB030100119 ]
Ok'

2019-04-04 13:42:49 - [TEST_STEP][PASSED] - println(attribute): null

2019-04-04 13:42:49 - [TEST_STEP][PASSED] - ArahanBayaranID = attribute[(46..60)]: null

2019-04-04 13:42:49 - [TEST_STEP][PASSED] - println(ArahanBayaranID): null

2019-04-04 13:42:49 - [TEST_STEP][PASSED] - ArahanBayaranRekodID = ArahanBayaranID: null

2019-04-04 13:42:49 - [TEST_STEP][PASSED] - delay(3): Delayed 3 second(s)

2019-04-04 13:42:52 - [MESSAGE][PASSED] - Delayed 3 second(s)

2019-04-04 13:42:52 - [TEST_STEP][PASSED] - waitForElementClickable(findTestObject("Perolehan/002 Penyedia_RekodBaru/001 Rekod Baru Pesanan Tempatan/button_OK_Rekod_Berjaya_disimpan"), 300): Object 'Object Repository/Perolehan/002 Penyedia_RekodBaru/001 Rekod Baru Pesanan Tempatan/button_OK_Rekod_Berjaya_disimpan' is clickable

2019-04-04 13:42:52 - [MESSAGE][PASSED] - Object 'Object Repository/Perolehan/002 Penyedia_RekodBaru/001 Rekod Baru Pesanan Tempatan/button_OK_Rekod_Berjaya_disimpan' is clickable

2019-04-04 13:42:52 - [TEST_STEP][PASSED] - element = findWebElement(findTestObject("Perolehan/006 Arahan Bayaran/001 Pesanan Tempatan/button_OK_Rekod_telah_simpan"), 300): null

2019-04-04 13:42:52 - [TEST_STEP][PASSED] - executeJavaScript("arguments[0].click", Arrays.asList(element)): Execute JavaScript 'arguments[0].click' successfully

2019-04-04 13:42:52 - [MESSAGE][PASSED] - Execute JavaScript 'arguments[0].click' successfully

2019-04-04 13:42:52 - [TEST_STEP][PASSED] - click(findTestObject("Perolehan/006 Arahan Bayaran/001 Pesanan Tempatan/button_OK_Rekod_telah_simpan")): Object: 'Object Repository/Perolehan/006 Arahan Bayaran/001 Pesanan Tempatan/button_OK_Rekod_telah_simpan' is clicked on

2019-04-04 13:42:52 - [MESSAGE][PASSED] - Object: 'Object Repository/Perolehan/006 Arahan Bayaran/001 Pesanan Tempatan/button_OK_Rekod_telah_simpan' is clicked on

2019-04-04 13:42:52 - [TEST_STEP][PASSED] - closeBrowser(): Browser is closed

2019-04-04 13:42:53 - [MESSAGE][PASSED] - Browser is closed]]></system-out>
         <system-err><![CDATA[]]></system-err>
      </testcase>
      <testcase name="Test Cases/Perolehan/006 Arahan Bayaran/005 Penyemak Pesanan Tempatan" classname="Test Cases/Perolehan/006 Arahan Bayaran/005 Penyemak Pesanan Tempatan" status="PASSED">
         <system-out><![CDATA[2019-04-04 13:42:53 - [TEST_CASE][PASSED] - Test Cases/Perolehan/006 Arahan Bayaran/005 Penyemak Pesanan Tempatan: Test Cases/Perolehan/006 Arahan Bayaran/005 Penyemak Pesanan Tempatan

2019-04-04 13:42:53 - [TEST_STEP][PASSED] - reusablefunctions.reusablefunctions.openbrowser(): reusablefunctions.reusablefunctions.openbrowser is PASSED

2019-04-04 13:42:53 - [MESSAGE][INFO] - Starting 'Chrome' driver

2019-04-04 13:42:58 - [MESSAGE][PASSED] - Browser is opened with url: 'https://175.143.52.101:7011/1SPEKSv2/'

2019-04-04 13:42:58 - [MESSAGE][PASSED] - reusablefunctions.reusablefunctions.openbrowser is PASSED

2019-04-04 13:42:58 - [TEST_STEP][PASSED] - reusablefunctions.reusablefunctions.Login(PenyemakPTJ, findTestData("ispekstestdata").getValue(2, 5)): reusablefunctions.reusablefunctions.Login is PASSED

2019-04-04 13:42:58 - [MESSAGE][PASSED] - Text '601101955194' is set on object 'Object Repository/Login/input_NoKadPengenalan'

2019-04-04 13:42:58 - [MESSAGE][PASSED] - Text ****** has been set on object 'Object Repository/Login/input_Password'

2019-04-04 13:43:04 - [MESSAGE][PASSED] - Object: 'Object Repository/Login/input_ButtonLogMasuk' is clicked on

2019-04-04 13:43:14 - [MESSAGE][PASSED] - Delayed 10 second(s)

2019-04-04 13:43:14 - [MESSAGE][PASSED] - reusablefunctions.reusablefunctions.Login is PASSED

2019-04-04 13:43:14 - [TEST_STEP][PASSED] - click(findTestObject("Perolehan/TukarPeranan/IconTukarPeranan")): Object: 'Object Repository/Perolehan/TukarPeranan/IconTukarPeranan' is clicked on

2019-04-04 13:43:14 - [MESSAGE][PASSED] - Object: 'Object Repository/Perolehan/TukarPeranan/IconTukarPeranan' is clicked on

2019-04-04 13:43:14 - [TEST_STEP][PASSED] - click(findTestObject("Perolehan/TukarPeranan/input_TukarPeranan", ["value":RBPenyemakPTJ])): Object: 'Object Repository/Perolehan/TukarPeranan/input_TukarPeranan' is clicked on

2019-04-04 13:43:14 - [MESSAGE][PASSED] - Object: 'Object Repository/Perolehan/TukarPeranan/input_TukarPeranan' is clicked on

2019-04-04 13:43:14 - [TEST_STEP][PASSED] - click(findTestObject("Perolehan/TukarPeranan/button_Ya")): Object: 'Object Repository/Perolehan/TukarPeranan/button_Ya' is clicked on

2019-04-04 13:43:14 - [MESSAGE][PASSED] - Object: 'Object Repository/Perolehan/TukarPeranan/button_Ya' is clicked on

2019-04-04 13:43:14 - [TEST_STEP][PASSED] - delay(20): Delayed 20 second(s)

2019-04-04 13:43:34 - [MESSAGE][PASSED] - Delayed 20 second(s)

2019-04-04 13:43:34 - [TEST_STEP][PASSED] - verifyTextPresent("Peranan : [Penyemak] Peringkat : [PTJ]", false): Text 'Peranan : [Penyemak] Peringkat : [PTJ]' is present on page 

2019-04-04 13:43:37 - [MESSAGE][PASSED] - Text 'Peranan : [Penyemak] Peringkat : [PTJ]' is present on page 

2019-04-04 13:43:37 - [TEST_STEP][PASSED] - delay(5): Delayed 5 second(s)

2019-04-04 13:43:42 - [MESSAGE][PASSED] - Delayed 5 second(s)

2019-04-04 13:43:42 - [TEST_STEP][PASSED] - click(findTestObject("Perolehan/001 Left_Menu_Selection/a_ExpandMenuonLeft")): Object: 'Object Repository/Perolehan/001 Left_Menu_Selection/a_ExpandMenuonLeft' is clicked on

2019-04-04 13:43:42 - [MESSAGE][PASSED] - Object: 'Object Repository/Perolehan/001 Left_Menu_Selection/a_ExpandMenuonLeft' is clicked on

2019-04-04 13:43:42 - [TEST_STEP][PASSED] - delay(3, STOP_ON_FAILURE): Delayed 3 second(s)

2019-04-04 13:43:45 - [MESSAGE][PASSED] - Delayed 3 second(s)

2019-04-04 13:43:45 - [TEST_STEP][PASSED] - click(findTestObject("Perolehan/001 Left_Menu_Selection/div_PanelTitlePerolehan")): Object: 'Object Repository/Perolehan/001 Left_Menu_Selection/div_PanelTitlePerolehan' is clicked on

2019-04-04 13:43:45 - [MESSAGE][PASSED] - Object: 'Object Repository/Perolehan/001 Left_Menu_Selection/div_PanelTitlePerolehan' is clicked on

2019-04-04 13:43:45 - [TEST_STEP][PASSED] - delay(3, STOP_ON_FAILURE): Delayed 3 second(s)

2019-04-04 13:43:48 - [MESSAGE][PASSED] - Delayed 3 second(s)

2019-04-04 13:43:48 - [TEST_STEP][PASSED] - click(findTestObject("Perolehan/001 Left_Menu_Selection/div_Menu_ArahanBayaran")): Object: 'Object Repository/Perolehan/001 Left_Menu_Selection/div_Menu_ArahanBayaran' is clicked on

2019-04-04 13:43:49 - [MESSAGE][PASSED] - Object: 'Object Repository/Perolehan/001 Left_Menu_Selection/div_Menu_ArahanBayaran' is clicked on

2019-04-04 13:43:49 - [TEST_STEP][PASSED] - assert true: null

2019-04-04 13:43:49 - [TEST_STEP][PASSED] - delay(3): Delayed 3 second(s)

2019-04-04 13:43:52 - [MESSAGE][PASSED] - Delayed 3 second(s)

2019-04-04 13:43:52 - [TEST_STEP][PASSED] - setText(findTestObject("Perolehan/006 Arahan Bayaran/004 Penyemak/input_TABLE_NAME_noRekod"), ArahanBayaranRekodID): Text '19DAAB030100119' is set on object 'Object Repository/Perolehan/006 Arahan Bayaran/004 Penyemak/input_TABLE_NAME_noRekod'

2019-04-04 13:43:52 - [MESSAGE][PASSED] - Text '19DAAB030100119' is set on object 'Object Repository/Perolehan/006 Arahan Bayaran/004 Penyemak/input_TABLE_NAME_noRekod'

2019-04-04 13:43:52 - [TEST_STEP][PASSED] - delay(3): Delayed 3 second(s)

2019-04-04 13:43:55 - [MESSAGE][PASSED] - Delayed 3 second(s)

2019-04-04 13:43:55 - [TEST_STEP][PASSED] - doubleClick(findTestObject("Perolehan/006 Arahan Bayaran/004 Penyemak/select_noRekod", ["text":ArahanBayaranRekodID])): Object: 'Object Repository/Perolehan/006 Arahan Bayaran/004 Penyemak/select_noRekod' is double clicked on

2019-04-04 13:43:55 - [MESSAGE][PASSED] - Object: 'Object Repository/Perolehan/006 Arahan Bayaran/004 Penyemak/select_noRekod' is double clicked on

2019-04-04 13:43:55 - [TEST_STEP][PASSED] - delay(5): Delayed 5 second(s)

2019-04-04 13:44:00 - [MESSAGE][PASSED] - Delayed 5 second(s)

2019-04-04 13:44:00 - [TEST_STEP][PASSED] - jumlah = getText(findTestObject("Perolehan/006 Arahan Bayaran/004 Penyemak/jumlah_PT")): Text of object 'Object Repository/Perolehan/006 Arahan Bayaran/004 Penyemak/jumlah_PT' is: '5.30'

2019-04-04 13:44:00 - [MESSAGE][PASSED] - Text of object 'Object Repository/Perolehan/006 Arahan Bayaran/004 Penyemak/jumlah_PT' is: '5.30'

2019-04-04 13:44:00 - [TEST_STEP][PASSED] - verifyMatch(jumlah, jumlah_baucar_bayaran, false): Actual text '5.30' and expected text '5.30' are matched 

2019-04-04 13:44:00 - [MESSAGE][PASSED] - Actual text '5.30' and expected text '5.30' are matched 

2019-04-04 13:44:00 - [TEST_STEP][PASSED] - delay(3): Delayed 3 second(s)

2019-04-04 13:44:03 - [MESSAGE][PASSED] - Delayed 3 second(s)

2019-04-04 13:44:03 - [TEST_STEP][PASSED] - click(findTestObject("Perolehan/006 Arahan Bayaran/004 Penyemak/button_Senarai_Semak")): Object: 'Object Repository/Perolehan/006 Arahan Bayaran/004 Penyemak/button_Senarai_Semak' is clicked on

2019-04-04 13:44:03 - [MESSAGE][PASSED] - Object: 'Object Repository/Perolehan/006 Arahan Bayaran/004 Penyemak/button_Senarai_Semak' is clicked on

2019-04-04 13:44:03 - [TEST_STEP][PASSED] - delay(3): Delayed 3 second(s)

2019-04-04 13:44:06 - [MESSAGE][PASSED] - Delayed 3 second(s)

2019-04-04 13:44:06 - [TEST_STEP][PASSED] - verifyElementChecked(findTestObject("Perolehan/006 Arahan Bayaran/004 Penyemak/Check_Senarai_Semak_Item"), 3): Object 'Object Repository/Perolehan/006 Arahan Bayaran/004 Penyemak/Check_Senarai_Semak_Item' is checked

2019-04-04 13:44:06 - [MESSAGE][PASSED] - Object 'Object Repository/Perolehan/006 Arahan Bayaran/004 Penyemak/Check_Senarai_Semak_Item' is checked

2019-04-04 13:44:06 - [TEST_STEP][PASSED] - click(findTestObject("Perolehan/006 Arahan Bayaran/004 Penyemak/button_X_Close_Senarai_Semak")): Object: 'Object Repository/Perolehan/006 Arahan Bayaran/004 Penyemak/button_X_Close_Senarai_Semak' is clicked on

2019-04-04 13:44:06 - [MESSAGE][PASSED] - Object: 'Object Repository/Perolehan/006 Arahan Bayaran/004 Penyemak/button_X_Close_Senarai_Semak' is clicked on

2019-04-04 13:44:06 - [TEST_STEP][PASSED] - click(findTestObject("Perolehan/006 Arahan Bayaran/004 Penyemak/button_Semak")): Object: 'Object Repository/Perolehan/006 Arahan Bayaran/004 Penyemak/button_Semak' is clicked on

2019-04-04 13:44:06 - [MESSAGE][PASSED] - Object: 'Object Repository/Perolehan/006 Arahan Bayaran/004 Penyemak/button_Semak' is clicked on

2019-04-04 13:44:06 - [TEST_STEP][PASSED] - click(findTestObject("Perolehan/006 Arahan Bayaran/004 Penyemak/button_Ya_Semak")): Object: 'Object Repository/Perolehan/006 Arahan Bayaran/004 Penyemak/button_Ya_Semak' is clicked on

2019-04-04 13:44:07 - [MESSAGE][PASSED] - Object: 'Object Repository/Perolehan/006 Arahan Bayaran/004 Penyemak/button_Ya_Semak' is clicked on

2019-04-04 13:44:07 - [TEST_STEP][PASSED] - delay(8): Delayed 8 second(s)

2019-04-04 13:44:15 - [MESSAGE][PASSED] - Delayed 8 second(s)

2019-04-04 13:44:15 - [TEST_STEP][PASSED] - takeScreenshot(): Taking screenshot successfully

2019-04-04 13:44:15 - [MESSAGE][PASSED] - Taking screenshot successfully
[[ATTACHMENT|C:\\Users\\Consultant_MSPHitect\\Katalon Studio\\TrainingonKatalon\\Reports\\Perolehan\\Pesanan Tempatan - CEK - Perak\\20190404_134027\\1554356655053.png]]

2019-04-04 13:44:15 - [TEST_STEP][PASSED] - delay(3): Delayed 3 second(s)

2019-04-04 13:44:18 - [MESSAGE][PASSED] - Delayed 3 second(s)

2019-04-04 13:44:18 - [TEST_STEP][PASSED] - waitForElementClickable(findTestObject("Perolehan/006 Arahan Bayaran/004 Penyemak/button_OK_berjaya_disemak"), 240): Object 'Object Repository/Perolehan/006 Arahan Bayaran/004 Penyemak/button_OK_berjaya_disemak' is clickable

2019-04-04 13:44:18 - [MESSAGE][PASSED] - Object 'Object Repository/Perolehan/006 Arahan Bayaran/004 Penyemak/button_OK_berjaya_disemak' is clickable

2019-04-04 13:44:18 - [TEST_STEP][PASSED] - waitForElementClickable(findTestObject("Perolehan/002 Penyedia_RekodBaru/001 Rekod Baru Pesanan Tempatan/button_OK_Rekod_Berjaya_disimpan"), 300): Object 'Object Repository/Perolehan/002 Penyedia_RekodBaru/001 Rekod Baru Pesanan Tempatan/button_OK_Rekod_Berjaya_disimpan' is clickable

2019-04-04 13:44:18 - [MESSAGE][PASSED] - Object 'Object Repository/Perolehan/002 Penyedia_RekodBaru/001 Rekod Baru Pesanan Tempatan/button_OK_Rekod_Berjaya_disimpan' is clickable

2019-04-04 13:44:18 - [TEST_STEP][PASSED] - element = findWebElement(findTestObject("Perolehan/006 Arahan Bayaran/004 Penyemak/button_OK_berjaya_disemak"), 300): null

2019-04-04 13:44:18 - [TEST_STEP][PASSED] - executeJavaScript("arguments[0].click", Arrays.asList(element)): Execute JavaScript 'arguments[0].click' successfully

2019-04-04 13:44:18 - [MESSAGE][PASSED] - Execute JavaScript 'arguments[0].click' successfully

2019-04-04 13:44:18 - [TEST_STEP][PASSED] - click(findTestObject("Perolehan/006 Arahan Bayaran/004 Penyemak/button_OK_berjaya_disemak")): Object: 'Object Repository/Perolehan/006 Arahan Bayaran/004 Penyemak/button_OK_berjaya_disemak' is clicked on

2019-04-04 13:44:18 - [MESSAGE][PASSED] - Object: 'Object Repository/Perolehan/006 Arahan Bayaran/004 Penyemak/button_OK_berjaya_disemak' is clicked on

2019-04-04 13:44:18 - [TEST_STEP][PASSED] - closeBrowser(STOP_ON_FAILURE): Browser is closed

2019-04-04 13:44:19 - [MESSAGE][PASSED] - Browser is closed]]></system-out>
         <system-err><![CDATA[]]></system-err>
      </testcase>
      <testcase name="Test Cases/Perolehan/007 Proses Baucar Bayaran/002 Pelulus Proses Baucar Bayaran - CEK" classname="Test Cases/Perolehan/007 Proses Baucar Bayaran/002 Pelulus Proses Baucar Bayaran - CEK" status="PASSED">
         <system-out><![CDATA[2019-04-04 13:44:19 - [TEST_CASE][PASSED] - Test Cases/Perolehan/007 Proses Baucar Bayaran/002 Pelulus Proses Baucar Bayaran - CEK: Test Cases/Perolehan/007 Proses Baucar Bayaran/002 Pelulus Proses Baucar Bayaran - CEK

2019-04-04 13:44:19 - [TEST_STEP][PASSED] - reusablefunctions.reusablefunctions.openbrowser(): reusablefunctions.reusablefunctions.openbrowser is PASSED

2019-04-04 13:44:19 - [MESSAGE][INFO] - Starting 'Chrome' driver

2019-04-04 13:44:24 - [MESSAGE][PASSED] - Browser is opened with url: 'https://175.143.52.101:7011/1SPEKSv2/'

2019-04-04 13:44:24 - [MESSAGE][PASSED] - reusablefunctions.reusablefunctions.openbrowser is PASSED

2019-04-04 13:44:24 - [TEST_STEP][PASSED] - reusablefunctions.reusablefunctions.Login(PelulusPTJ, findTestData("ispekstestdata").getValue(2, 7)): reusablefunctions.reusablefunctions.Login is PASSED

2019-04-04 13:44:24 - [MESSAGE][PASSED] - Text '601101955194' is set on object 'Object Repository/Login/input_NoKadPengenalan'

2019-04-04 13:44:24 - [MESSAGE][PASSED] - Text ****** has been set on object 'Object Repository/Login/input_Password'

2019-04-04 13:44:30 - [MESSAGE][PASSED] - Object: 'Object Repository/Login/input_ButtonLogMasuk' is clicked on

2019-04-04 13:44:40 - [MESSAGE][PASSED] - Delayed 10 second(s)

2019-04-04 13:44:40 - [MESSAGE][PASSED] - reusablefunctions.reusablefunctions.Login is PASSED

2019-04-04 13:44:40 - [TEST_STEP][PASSED] - click(findTestObject("Perolehan/TukarPeranan/IconTukarPeranan")): Object: 'Object Repository/Perolehan/TukarPeranan/IconTukarPeranan' is clicked on

2019-04-04 13:44:40 - [MESSAGE][PASSED] - Object: 'Object Repository/Perolehan/TukarPeranan/IconTukarPeranan' is clicked on

2019-04-04 13:44:40 - [TEST_STEP][PASSED] - click(findTestObject("Perolehan/TukarPeranan/input_TukarPeranan", ["value":RBPelulusPTJ])): Object: 'Object Repository/Perolehan/TukarPeranan/input_TukarPeranan' is clicked on

2019-04-04 13:44:40 - [MESSAGE][PASSED] - Object: 'Object Repository/Perolehan/TukarPeranan/input_TukarPeranan' is clicked on

2019-04-04 13:44:40 - [TEST_STEP][PASSED] - click(findTestObject("Perolehan/TukarPeranan/button_Ya")): Object: 'Object Repository/Perolehan/TukarPeranan/button_Ya' is clicked on

2019-04-04 13:44:40 - [MESSAGE][PASSED] - Object: 'Object Repository/Perolehan/TukarPeranan/button_Ya' is clicked on

2019-04-04 13:44:40 - [TEST_STEP][PASSED] - delay(20): Delayed 20 second(s)

2019-04-04 13:45:00 - [MESSAGE][PASSED] - Delayed 20 second(s)

2019-04-04 13:45:00 - [TEST_STEP][PASSED] - verifyTextPresent("Peranan : [Pelulus] Peringkat : [PTJ]", false): Text 'Peranan : [Pelulus] Peringkat : [PTJ]' is present on page 

2019-04-04 13:45:03 - [MESSAGE][PASSED] - Text 'Peranan : [Pelulus] Peringkat : [PTJ]' is present on page 

2019-04-04 13:45:03 - [TEST_STEP][PASSED] - click(findTestObject("Perolehan/007 Proses Baucar Bayaran/001 Pelulus PT/Menu_Sisi")): Object: 'Object Repository/Perolehan/007 Proses Baucar Bayaran/001 Pelulus PT/Menu_Sisi' is clicked on

2019-04-04 13:45:03 - [MESSAGE][PASSED] - Object: 'Object Repository/Perolehan/007 Proses Baucar Bayaran/001 Pelulus PT/Menu_Sisi' is clicked on

2019-04-04 13:45:03 - [TEST_STEP][PASSED] - delay(3): Delayed 3 second(s)

2019-04-04 13:45:06 - [MESSAGE][PASSED] - Delayed 3 second(s)

2019-04-04 13:45:06 - [TEST_STEP][PASSED] - click(findTestObject("Perolehan/007 Proses Baucar Bayaran/001 Pelulus PT/Menu_Akaun Belum Bayar")): Object: 'Object Repository/Perolehan/007 Proses Baucar Bayaran/001 Pelulus PT/Menu_Akaun Belum Bayar' is clicked on

2019-04-04 13:45:06 - [MESSAGE][PASSED] - Object: 'Object Repository/Perolehan/007 Proses Baucar Bayaran/001 Pelulus PT/Menu_Akaun Belum Bayar' is clicked on

2019-04-04 13:45:06 - [TEST_STEP][PASSED] - delay(3): Delayed 3 second(s)

2019-04-04 13:45:09 - [MESSAGE][PASSED] - Delayed 3 second(s)

2019-04-04 13:45:09 - [TEST_STEP][PASSED] - click(findTestObject("Perolehan/007 Proses Baucar Bayaran/001 Pelulus PT/Menu_Expand_Baucar_Bayaran")): Object: 'Object Repository/Perolehan/007 Proses Baucar Bayaran/001 Pelulus PT/Menu_Expand_Baucar_Bayaran' is clicked on

2019-04-04 13:45:10 - [MESSAGE][PASSED] - Object: 'Object Repository/Perolehan/007 Proses Baucar Bayaran/001 Pelulus PT/Menu_Expand_Baucar_Bayaran' is clicked on

2019-04-04 13:45:10 - [TEST_STEP][PASSED] - delay(3): Delayed 3 second(s)

2019-04-04 13:45:13 - [MESSAGE][PASSED] - Delayed 3 second(s)

2019-04-04 13:45:13 - [TEST_STEP][PASSED] - click(findTestObject("Perolehan/007 Proses Baucar Bayaran/001 Pelulus PT/Menu_Integrasi_Dalaman")): Object: 'Object Repository/Perolehan/007 Proses Baucar Bayaran/001 Pelulus PT/Menu_Integrasi_Dalaman' is clicked on

2019-04-04 13:45:13 - [MESSAGE][PASSED] - Object: 'Object Repository/Perolehan/007 Proses Baucar Bayaran/001 Pelulus PT/Menu_Integrasi_Dalaman' is clicked on

2019-04-04 13:45:13 - [TEST_STEP][PASSED] - delay(3): Delayed 3 second(s)

2019-04-04 13:45:16 - [MESSAGE][PASSED] - Delayed 3 second(s)

2019-04-04 13:45:16 - [TEST_STEP][PASSED] - setText(findTestObject("Perolehan/007 Proses Baucar Bayaran/001 Pelulus PT/input_No_Rekod"), ArahanBayaranRekodID): Text '19DAAB030100119' is set on object 'Object Repository/Perolehan/007 Proses Baucar Bayaran/001 Pelulus PT/input_No_Rekod'

2019-04-04 13:45:16 - [MESSAGE][PASSED] - Text '19DAAB030100119' is set on object 'Object Repository/Perolehan/007 Proses Baucar Bayaran/001 Pelulus PT/input_No_Rekod'

2019-04-04 13:45:16 - [TEST_STEP][PASSED] - delay(3): Delayed 3 second(s)

2019-04-04 13:45:19 - [MESSAGE][PASSED] - Delayed 3 second(s)

2019-04-04 13:45:19 - [TEST_STEP][PASSED] - doubleClick(findTestObject("Perolehan/007 Proses Baucar Bayaran/001 Pelulus PT/select_No_Rekod", ["text":ArahanBayaranRekodID])): Object: 'Object Repository/Perolehan/007 Proses Baucar Bayaran/001 Pelulus PT/select_No_Rekod' is double clicked on

2019-04-04 13:45:19 - [MESSAGE][PASSED] - Object: 'Object Repository/Perolehan/007 Proses Baucar Bayaran/001 Pelulus PT/select_No_Rekod' is double clicked on

2019-04-04 13:45:19 - [TEST_STEP][PASSED] - delay(3): Delayed 3 second(s)

2019-04-04 13:45:22 - [MESSAGE][PASSED] - Delayed 3 second(s)

2019-04-04 13:45:22 - [TEST_STEP][PASSED] - kodpembekal = getText(findTestObject("Perolehan/007 Proses Baucar Bayaran/001 Pelulus PT/kod_pembekal_Penerima", ["text":nama_pembekal_pemfaktoran])): Text of object 'Object Repository/Perolehan/007 Proses Baucar Bayaran/001 Pelulus PT/kod_pembekal_Penerima' is: 'I CLASSICS NETWORK'

2019-04-04 13:45:22 - [MESSAGE][PASSED] - Text of object 'Object Repository/Perolehan/007 Proses Baucar Bayaran/001 Pelulus PT/kod_pembekal_Penerima' is: 'I CLASSICS NETWORK'

2019-04-04 13:45:22 - [TEST_STEP][PASSED] - delay(3): Delayed 3 second(s)

2019-04-04 13:45:25 - [MESSAGE][PASSED] - Delayed 3 second(s)

2019-04-04 13:45:25 - [TEST_STEP][PASSED] - verifyMatch(kodpembekal, nama_pembekal_pemfaktoran, false): Actual text 'I CLASSICS NETWORK' and expected text 'I CLASSICS NETWORK' are matched 

2019-04-04 13:45:25 - [MESSAGE][PASSED] - Actual text 'I CLASSICS NETWORK' and expected text 'I CLASSICS NETWORK' are matched 

2019-04-04 13:45:25 - [TEST_STEP][PASSED] - jumlahkeseluruhan = getText(findTestObject("Perolehan/007 Proses Baucar Bayaran/001 Pelulus PT/jumlah_amaun")): Text of object 'Object Repository/Perolehan/007 Proses Baucar Bayaran/001 Pelulus PT/jumlah_amaun' is: '5.30'

2019-04-04 13:45:25 - [MESSAGE][PASSED] - Text of object 'Object Repository/Perolehan/007 Proses Baucar Bayaran/001 Pelulus PT/jumlah_amaun' is: '5.30'

2019-04-04 13:45:25 - [TEST_STEP][PASSED] - delay(15): Delayed 15 second(s)

2019-04-04 13:45:40 - [MESSAGE][PASSED] - Delayed 15 second(s)

2019-04-04 13:45:40 - [TEST_STEP][PASSED] - verifyMatch(jumlahkeseluruhan, jumlah_baucar_bayaran, false): Actual text '5.30' and expected text '5.30' are matched 

2019-04-04 13:45:40 - [MESSAGE][PASSED] - Actual text '5.30' and expected text '5.30' are matched 

2019-04-04 13:45:40 - [TEST_STEP][PASSED] - click(findTestObject("Perolehan/007 Proses Baucar Bayaran/001 Pelulus PT/button_Lulus")): Object: 'Object Repository/Perolehan/007 Proses Baucar Bayaran/001 Pelulus PT/button_Lulus' is clicked on

2019-04-04 13:45:40 - [MESSAGE][PASSED] - Object: 'Object Repository/Perolehan/007 Proses Baucar Bayaran/001 Pelulus PT/button_Lulus' is clicked on

2019-04-04 13:45:40 - [TEST_STEP][PASSED] - delay(3): Delayed 3 second(s)

2019-04-04 13:45:43 - [MESSAGE][PASSED] - Delayed 3 second(s)

2019-04-04 13:45:43 - [TEST_STEP][PASSED] - click(findTestObject("Perolehan/007 Proses Baucar Bayaran/001 Pelulus PT/button_Ya_Lulus")): Object: 'Object Repository/Perolehan/007 Proses Baucar Bayaran/001 Pelulus PT/button_Ya_Lulus' is clicked on

2019-04-04 13:45:44 - [MESSAGE][PASSED] - Object: 'Object Repository/Perolehan/007 Proses Baucar Bayaran/001 Pelulus PT/button_Ya_Lulus' is clicked on

2019-04-04 13:45:44 - [TEST_STEP][PASSED] - delay(3): Delayed 3 second(s)

2019-04-04 13:45:47 - [MESSAGE][PASSED] - Delayed 3 second(s)

2019-04-04 13:45:47 - [TEST_STEP][PASSED] - No_Baucar = getText(findTestObject("Perolehan/007 Proses Baucar Bayaran/001 Pelulus PT/div_Rekod Berjaya Diluluskan")): Text of object 'Object Repository/Perolehan/007 Proses Baucar Bayaran/001 Pelulus PT/div_Rekod Berjaya Diluluskan' is: 'Rekod Berjaya Diluluskan.
No. Baucar : 19DABB0400147
Adakah Anda Ingin Mencetak Rekod Ini?
YaTidak'

2019-04-04 13:45:47 - [MESSAGE][PASSED] - Text of object 'Object Repository/Perolehan/007 Proses Baucar Bayaran/001 Pelulus PT/div_Rekod Berjaya Diluluskan' is: 'Rekod Berjaya Diluluskan.
No. Baucar : 19DABB0400147
Adakah Anda Ingin Mencetak Rekod Ini?
YaTidak'

2019-04-04 13:45:47 - [TEST_STEP][PASSED] - println(No_Baucar): null

2019-04-04 13:45:47 - [TEST_STEP][PASSED] - Baucar_id = No_Baucar[(39..51)]: null

2019-04-04 13:45:47 - [TEST_STEP][PASSED] - println(Baucar_id): null

2019-04-04 13:45:47 - [TEST_STEP][PASSED] - Nombor_Baucar = Baucar_id: null

2019-04-04 13:45:47 - [TEST_STEP][PASSED] - delay(3): Delayed 3 second(s)

2019-04-04 13:45:50 - [MESSAGE][PASSED] - Delayed 3 second(s)

2019-04-04 13:45:50 - [TEST_STEP][PASSED] - waitForElementClickable(findTestObject("Perolehan/007 Proses Baucar Bayaran/001 Pelulus PT/button_Ya_Cetak"), 300): Object 'Object Repository/Perolehan/007 Proses Baucar Bayaran/001 Pelulus PT/button_Ya_Cetak' is clickable

2019-04-04 13:45:50 - [MESSAGE][PASSED] - Object 'Object Repository/Perolehan/007 Proses Baucar Bayaran/001 Pelulus PT/button_Ya_Cetak' is clickable

2019-04-04 13:45:50 - [TEST_STEP][PASSED] - element = findWebElement(findTestObject("Perolehan/007 Proses Baucar Bayaran/001 Pelulus PT/button_Ya_Cetak"), 300): null

2019-04-04 13:45:50 - [TEST_STEP][PASSED] - executeJavaScript("arguments[0].click", Arrays.asList(element)): Execute JavaScript 'arguments[0].click' successfully

2019-04-04 13:45:50 - [MESSAGE][PASSED] - Execute JavaScript 'arguments[0].click' successfully

2019-04-04 13:45:50 - [TEST_STEP][PASSED] - click(findTestObject("Perolehan/007 Proses Baucar Bayaran/001 Pelulus PT/button_Ya_Cetak")): Object: 'Object Repository/Perolehan/007 Proses Baucar Bayaran/001 Pelulus PT/button_Ya_Cetak' is clicked on

2019-04-04 13:46:09 - [MESSAGE][PASSED] - Object: 'Object Repository/Perolehan/007 Proses Baucar Bayaran/001 Pelulus PT/button_Ya_Cetak' is clicked on

2019-04-04 13:46:09 - [TEST_STEP][PASSED] - switchToWindowIndex(1): Switched to window with index: '1'

2019-04-04 13:46:09 - [MESSAGE][PASSED] - Switched to window with index: '1'

2019-04-04 13:46:09 - [TEST_STEP][PASSED] - delay(3): Delayed 3 second(s)

2019-04-04 13:46:12 - [MESSAGE][PASSED] - Delayed 3 second(s)

2019-04-04 13:46:12 - [TEST_STEP][PASSED] - waitForPageLoad(180): Wait for page load successfully

2019-04-04 13:46:13 - [MESSAGE][PASSED] - Wait for page load successfully

2019-04-04 13:46:13 - [TEST_STEP][PASSED] - takeScreenshot(): Taking screenshot successfully

2019-04-04 13:46:13 - [MESSAGE][PASSED] - Taking screenshot successfully
[[ATTACHMENT|C:\\Users\\Consultant_MSPHitect\\Katalon Studio\\TrainingonKatalon\\Reports\\Perolehan\\Pesanan Tempatan - CEK - Perak\\20190404_134027\\1554356773339.png]]

2019-04-04 13:46:13 - [TEST_STEP][PASSED] - switchToWindowIndex(0): Switched to window with index: '0'

2019-04-04 13:46:13 - [MESSAGE][PASSED] - Switched to window with index: '0'

2019-04-04 13:46:13 - [TEST_STEP][PASSED] - delay(3): Delayed 3 second(s)

2019-04-04 13:46:16 - [MESSAGE][PASSED] - Delayed 3 second(s)

2019-04-04 13:46:16 - [TEST_STEP][PASSED] - closeBrowser(): Browser is closed

2019-04-04 13:46:17 - [MESSAGE][PASSED] - Browser is closed]]></system-out>
         <system-err><![CDATA[]]></system-err>
      </testcase>
      <testcase name="Test Cases/Perolehan/008 Posting Bayaran/002 Posting Bayaran - CEK" classname="Test Cases/Perolehan/008 Posting Bayaran/002 Posting Bayaran - CEK" status="PASSED">
         <system-out><![CDATA[2019-04-04 13:46:17 - [TEST_CASE][PASSED] - Test Cases/Perolehan/008 Posting Bayaran/002 Posting Bayaran - CEK: Test Cases/Perolehan/008 Posting Bayaran/002 Posting Bayaran - CEK

2019-04-04 13:46:17 - [TEST_STEP][PASSED] - reusablefunctions.reusablefunctions.openbrowser(): reusablefunctions.reusablefunctions.openbrowser is PASSED

2019-04-04 13:46:17 - [MESSAGE][INFO] - Starting 'Chrome' driver

2019-04-04 13:46:21 - [MESSAGE][PASSED] - Browser is opened with url: 'https://175.143.52.101:7011/1SPEKSv2/'

2019-04-04 13:46:21 - [MESSAGE][PASSED] - reusablefunctions.reusablefunctions.openbrowser is PASSED

2019-04-04 13:46:21 - [TEST_STEP][PASSED] - reusablefunctions.reusablefunctions.Login(PelulusPTJ, findTestData("ispekstestdata").getValue(2, 7)): reusablefunctions.reusablefunctions.Login is PASSED

2019-04-04 13:46:21 - [MESSAGE][PASSED] - Text '601101955194' is set on object 'Object Repository/Login/input_NoKadPengenalan'

2019-04-04 13:46:21 - [MESSAGE][PASSED] - Text ****** has been set on object 'Object Repository/Login/input_Password'

2019-04-04 13:46:23 - [MESSAGE][PASSED] - Object: 'Object Repository/Login/input_ButtonLogMasuk' is clicked on

2019-04-04 13:46:33 - [MESSAGE][PASSED] - Delayed 10 second(s)

2019-04-04 13:46:33 - [MESSAGE][PASSED] - reusablefunctions.reusablefunctions.Login is PASSED

2019-04-04 13:46:33 - [TEST_STEP][PASSED] - click(findTestObject("Perolehan/TukarPeranan/IconTukarPeranan")): Object: 'Object Repository/Perolehan/TukarPeranan/IconTukarPeranan' is clicked on

2019-04-04 13:46:33 - [MESSAGE][PASSED] - Object: 'Object Repository/Perolehan/TukarPeranan/IconTukarPeranan' is clicked on

2019-04-04 13:46:33 - [TEST_STEP][PASSED] - click(findTestObject("Perolehan/TukarPeranan/input_TukarPeranan", ["value":RBPelulusBN])): Object: 'Object Repository/Perolehan/TukarPeranan/input_TukarPeranan' is clicked on

2019-04-04 13:46:33 - [MESSAGE][PASSED] - Object: 'Object Repository/Perolehan/TukarPeranan/input_TukarPeranan' is clicked on

2019-04-04 13:46:33 - [TEST_STEP][PASSED] - click(findTestObject("Perolehan/TukarPeranan/button_Ya")): Object: 'Object Repository/Perolehan/TukarPeranan/button_Ya' is clicked on

2019-04-04 13:46:33 - [MESSAGE][PASSED] - Object: 'Object Repository/Perolehan/TukarPeranan/button_Ya' is clicked on

2019-04-04 13:46:33 - [TEST_STEP][PASSED] - delay(25): Delayed 25 second(s)

2019-04-04 13:46:58 - [MESSAGE][PASSED] - Delayed 25 second(s)

2019-04-04 13:46:58 - [TEST_STEP][PASSED] - verifyTextPresent("Peranan : [Pelulus] Peringkat : [BN]", false): Text 'Peranan : [Pelulus] Peringkat : [BN]' is present on page 

2019-04-04 13:47:00 - [MESSAGE][PASSED] - Text 'Peranan : [Pelulus] Peringkat : [BN]' is present on page 

2019-04-04 13:47:00 - [TEST_STEP][PASSED] - click(findTestObject("Perolehan/001 Left_Menu_Selection/a_ExpandMenuonLeft")): Object: 'Object Repository/Perolehan/001 Left_Menu_Selection/a_ExpandMenuonLeft' is clicked on

2019-04-04 13:47:01 - [MESSAGE][PASSED] - Object: 'Object Repository/Perolehan/001 Left_Menu_Selection/a_ExpandMenuonLeft' is clicked on

2019-04-04 13:47:01 - [TEST_STEP][PASSED] - delay(3): Delayed 3 second(s)

2019-04-04 13:47:04 - [MESSAGE][PASSED] - Delayed 3 second(s)

2019-04-04 13:47:04 - [TEST_STEP][PASSED] - click(findTestObject("Perolehan/001 Left_Menu_Selection/div_PanelTitlePengurusanTunai")): Object: 'Object Repository/Perolehan/001 Left_Menu_Selection/div_PanelTitlePengurusanTunai' is clicked on

2019-04-04 13:47:04 - [MESSAGE][PASSED] - Object: 'Object Repository/Perolehan/001 Left_Menu_Selection/div_PanelTitlePengurusanTunai' is clicked on

2019-04-04 13:47:04 - [TEST_STEP][PASSED] - delay(3): Delayed 3 second(s)

2019-04-04 13:47:07 - [MESSAGE][PASSED] - Delayed 3 second(s)

2019-04-04 13:47:07 - [TEST_STEP][PASSED] - click(findTestObject("Perolehan/001 Left_Menu_Selection/div_PostBayaran")): Object: 'Object Repository/Perolehan/001 Left_Menu_Selection/div_PostBayaran' is clicked on

2019-04-04 13:47:07 - [MESSAGE][PASSED] - Object: 'Object Repository/Perolehan/001 Left_Menu_Selection/div_PostBayaran' is clicked on

2019-04-04 13:47:07 - [TEST_STEP][PASSED] - delay(3): Delayed 3 second(s)

2019-04-04 13:47:10 - [MESSAGE][PASSED] - Delayed 3 second(s)

2019-04-04 13:47:10 - [TEST_STEP][PASSED] - click(findTestObject("Perolehan/008 Post Bayaran/Drop_Down_Cara_Bayaran")): Object: 'Object Repository/Perolehan/008 Post Bayaran/Drop_Down_Cara_Bayaran' is clicked on

2019-04-04 13:47:10 - [MESSAGE][PASSED] - Object: 'Object Repository/Perolehan/008 Post Bayaran/Drop_Down_Cara_Bayaran' is clicked on

2019-04-04 13:47:10 - [TEST_STEP][PASSED] - click(findTestObject("Perolehan/008 Post Bayaran/Select_Cara_Bayaran_CEK")): Object: 'Object Repository/Perolehan/008 Post Bayaran/Select_Cara_Bayaran_CEK' is clicked on

2019-04-04 13:47:10 - [MESSAGE][PASSED] - Object: 'Object Repository/Perolehan/008 Post Bayaran/Select_Cara_Bayaran_CEK' is clicked on

2019-04-04 13:47:10 - [TEST_STEP][PASSED] - delay(3): Delayed 3 second(s)

2019-04-04 13:47:13 - [MESSAGE][PASSED] - Delayed 3 second(s)

2019-04-04 13:47:13 - [TEST_STEP][PASSED] - click(findTestObject("Perolehan/008 Post Bayaran/Drop_down_No_Baucar")): Object: 'Object Repository/Perolehan/008 Post Bayaran/Drop_down_No_Baucar' is clicked on

2019-04-04 13:47:13 - [MESSAGE][PASSED] - Object: 'Object Repository/Perolehan/008 Post Bayaran/Drop_down_No_Baucar' is clicked on

2019-04-04 13:47:13 - [TEST_STEP][PASSED] - delay(3): Delayed 3 second(s)

2019-04-04 13:47:16 - [MESSAGE][PASSED] - Delayed 3 second(s)

2019-04-04 13:47:16 - [TEST_STEP][PASSED] - setText(findTestObject("Perolehan/008 Post Bayaran/input_No. Baucar_noBaucar"), Nombor_Baucar): Text '19DABB0400147' is set on object 'Object Repository/Perolehan/008 Post Bayaran/input_No. Baucar_noBaucar'

2019-04-04 13:47:17 - [MESSAGE][PASSED] - Text '19DABB0400147' is set on object 'Object Repository/Perolehan/008 Post Bayaran/input_No. Baucar_noBaucar'

2019-04-04 13:47:17 - [TEST_STEP][PASSED] - delay(3): Delayed 3 second(s)

2019-04-04 13:47:20 - [MESSAGE][PASSED] - Delayed 3 second(s)

2019-04-04 13:47:20 - [TEST_STEP][PASSED] - click(findTestObject("Perolehan/008 Post Bayaran/select_No_Baucar", ["text":Nombor_Baucar])): Object: 'Object Repository/Perolehan/008 Post Bayaran/select_No_Baucar' is clicked on

2019-04-04 13:47:20 - [MESSAGE][PASSED] - Object: 'Object Repository/Perolehan/008 Post Bayaran/select_No_Baucar' is clicked on

2019-04-04 13:47:20 - [TEST_STEP][PASSED] - delay(3): Delayed 3 second(s)

2019-04-04 13:47:23 - [MESSAGE][PASSED] - Delayed 3 second(s)

2019-04-04 13:47:23 - [TEST_STEP][PASSED] - click(findTestObject("Perolehan/008 Post Bayaran/button_Cari")): Object: 'Object Repository/Perolehan/008 Post Bayaran/button_Cari' is clicked on

2019-04-04 13:47:23 - [MESSAGE][PASSED] - Object: 'Object Repository/Perolehan/008 Post Bayaran/button_Cari' is clicked on

2019-04-04 13:47:23 - [TEST_STEP][PASSED] - delay(25): Delayed 25 second(s)

2019-04-04 13:47:48 - [MESSAGE][PASSED] - Delayed 25 second(s)

2019-04-04 13:47:48 - [TEST_STEP][PASSED] - waitForElementClickable(findTestObject("Perolehan/008 Post Bayaran/checkbox_proses"), 180): Object 'Object Repository/Perolehan/008 Post Bayaran/checkbox_proses' is clickable

2019-04-04 13:47:48 - [MESSAGE][PASSED] - Object 'Object Repository/Perolehan/008 Post Bayaran/checkbox_proses' is clickable

2019-04-04 13:47:48 - [TEST_STEP][PASSED] - check(findTestObject("Perolehan/008 Post Bayaran/checkbox_proses")): Object 'Object Repository/Perolehan/008 Post Bayaran/checkbox_proses' is checked

2019-04-04 13:47:48 - [MESSAGE][PASSED] - Object 'Object Repository/Perolehan/008 Post Bayaran/checkbox_proses' is checked

2019-04-04 13:47:48 - [TEST_STEP][PASSED] - click(findTestObject("Perolehan/008 Post Bayaran/button_proses")): Object: 'Object Repository/Perolehan/008 Post Bayaran/button_proses' is clicked on

2019-04-04 13:47:49 - [MESSAGE][PASSED] - Object: 'Object Repository/Perolehan/008 Post Bayaran/button_proses' is clicked on

2019-04-04 13:47:49 - [TEST_STEP][PASSED] - delay(3): Delayed 3 second(s)

2019-04-04 13:47:52 - [MESSAGE][PASSED] - Delayed 3 second(s)

2019-04-04 13:47:52 - [TEST_STEP][PASSED] - click(findTestObject("Perolehan/008 Post Bayaran/button_Ya_Proses")): Object: 'Object Repository/Perolehan/008 Post Bayaran/button_Ya_Proses' is clicked on

2019-04-04 13:47:52 - [MESSAGE][PASSED] - Object: 'Object Repository/Perolehan/008 Post Bayaran/button_Ya_Proses' is clicked on

2019-04-04 13:47:52 - [TEST_STEP][PASSED] - delay(10): Delayed 10 second(s)

2019-04-04 13:48:02 - [MESSAGE][PASSED] - Delayed 10 second(s)

2019-04-04 13:48:02 - [TEST_STEP][PASSED] - waitForElementPresent(findTestObject("Perolehan/008 Post Bayaran/button_OK"), 180): Object 'Object Repository/Perolehan/008 Post Bayaran/button_OK' is present

2019-04-04 13:48:02 - [MESSAGE][PASSED] - Object 'Object Repository/Perolehan/008 Post Bayaran/button_OK' is present

2019-04-04 13:48:02 - [TEST_STEP][PASSED] - verifyTextPresent("Proses Posting Berjaya.", false): Text 'Proses Posting Berjaya.' is present on page 

2019-04-04 13:48:03 - [MESSAGE][PASSED] - Text 'Proses Posting Berjaya.' is present on page 

2019-04-04 13:48:03 - [TEST_STEP][PASSED] - takeScreenshot(): Taking screenshot successfully

2019-04-04 13:48:03 - [MESSAGE][PASSED] - Taking screenshot successfully
[[ATTACHMENT|C:\\Users\\Consultant_MSPHitect\\Katalon Studio\\TrainingonKatalon\\Reports\\Perolehan\\Pesanan Tempatan - CEK - Perak\\20190404_134027\\1554356883121.png]]

2019-04-04 13:48:03 - [TEST_STEP][PASSED] - waitForElementClickable(findTestObject("Perolehan/002 Penyedia_RekodBaru/001 Rekod Baru Pesanan Tempatan/button_OK_Rekod_Berjaya_disimpan"), 300): Object 'Object Repository/Perolehan/002 Penyedia_RekodBaru/001 Rekod Baru Pesanan Tempatan/button_OK_Rekod_Berjaya_disimpan' is clickable

2019-04-04 13:48:03 - [MESSAGE][PASSED] - Object 'Object Repository/Perolehan/002 Penyedia_RekodBaru/001 Rekod Baru Pesanan Tempatan/button_OK_Rekod_Berjaya_disimpan' is clickable

2019-04-04 13:48:03 - [TEST_STEP][PASSED] - element = findWebElement(findTestObject("Perolehan/008 Post Bayaran/button_OK"), 300): null

2019-04-04 13:48:03 - [TEST_STEP][PASSED] - executeJavaScript("arguments[0].click", Arrays.asList(element)): Execute JavaScript 'arguments[0].click' successfully

2019-04-04 13:48:03 - [MESSAGE][PASSED] - Execute JavaScript 'arguments[0].click' successfully

2019-04-04 13:48:03 - [TEST_STEP][PASSED] - click(findTestObject("Perolehan/008 Post Bayaran/button_OK")): Object: 'Object Repository/Perolehan/008 Post Bayaran/button_OK' is clicked on

2019-04-04 13:48:03 - [MESSAGE][PASSED] - Object: 'Object Repository/Perolehan/008 Post Bayaran/button_OK' is clicked on

2019-04-04 13:48:03 - [TEST_STEP][PASSED] - delay(3): Delayed 3 second(s)

2019-04-04 13:48:06 - [MESSAGE][PASSED] - Delayed 3 second(s)

2019-04-04 13:48:06 - [TEST_STEP][PASSED] - closeBrowser(): Browser is closed

2019-04-04 13:48:07 - [MESSAGE][PASSED] - Browser is closed]]></system-out>
         <system-err><![CDATA[]]></system-err>
      </testcase>
      <testcase name="Test Cases/Perolehan/009 Penyedia Cetak Baucar Bayaran/001 Penyedia Cetak Baucar Bayaran" classname="Test Cases/Perolehan/009 Penyedia Cetak Baucar Bayaran/001 Penyedia Cetak Baucar Bayaran" status="FAILED">
         <failure type="FAILED" message="Test Cases/Perolehan/009 Penyedia Cetak Baucar Bayaran/001 Penyedia Cetak Baucar Bayaran FAILED.
Reason:
com.kms.katalon.core.exception.StepFailedException: Unable to click on object 'Object Repository/Perolehan/009 Penyedia Cetak Baucar Bayaran/button_Cetak'
	at com.kms.katalon.core.webui.keyword.internal.WebUIKeywordMain.stepFailed(WebUIKeywordMain.groovy:64)
	at com.kms.katalon.core.webui.keyword.internal.WebUIKeywordMain.runKeyword(WebUIKeywordMain.groovy:26)
	at com.kms.katalon.core.webui.keyword.builtin.ClickKeyword.click(ClickKeyword.groovy:86)
	at com.kms.katalon.core.webui.keyword.builtin.ClickKeyword.execute(ClickKeyword.groovy:67)
	at com.kms.katalon.core.keyword.internal.KeywordExecutor.executeKeywordForPlatform(KeywordExecutor.groovy:56)
	at com.kms.katalon.core.webui.keyword.WebUiBuiltInKeywords.click(WebUiBuiltInKeywords.groovy:616)
	at com.kms.katalon.core.webui.keyword.WebUiBuiltInKeywords$click$2.call(Unknown Source)
	at 001 Penyedia Cetak Baucar Bayaran.run(001 Penyedia Cetak Baucar Bayaran:73)
	at com.kms.katalon.core.main.ScriptEngine.run(ScriptEngine.java:194)
	at com.kms.katalon.core.main.ScriptEngine.runScriptAsRawText(ScriptEngine.java:119)
	at com.kms.katalon.core.main.TestCaseExecutor.runScript(TestCaseExecutor.java:331)
	at com.kms.katalon.core.main.TestCaseExecutor.doExecute(TestCaseExecutor.java:322)
	at com.kms.katalon.core.main.TestCaseExecutor.processExecutionPhase(TestCaseExecutor.java:301)
	at com.kms.katalon.core.main.TestCaseExecutor.accessMainPhase(TestCaseExecutor.java:293)
	at com.kms.katalon.core.main.TestCaseExecutor.execute(TestCaseExecutor.java:227)
	at com.kms.katalon.core.main.TestSuiteExecutor.accessTestCaseMainPhase(TestSuiteExecutor.java:129)
	at com.kms.katalon.core.main.TestSuiteExecutor.accessTestSuiteMainPhase(TestSuiteExecutor.java:112)
	at com.kms.katalon.core.main.TestSuiteExecutor.execute(TestSuiteExecutor.java:81)
	at com.kms.katalon.core.main.TestCaseMain.startTestSuite(TestCaseMain.java:157)
	at com.kms.katalon.core.main.TestCaseMain$startTestSuite$0.call(Unknown Source)
	at TempTestSuite1554356427671.run(TempTestSuite1554356427671.groovy:35)
Caused by: org.openqa.selenium.WebDriverException: unknown error: Element &lt;input type=&quot;button&quot; value=&quot;cetak&quot; onclick=&quot;cetakBaucar('undefined')&quot; style=&quot;width: 60px; height: 1px; border-color: transparent; background: transparent;&quot;> is not clickable at point (959, 334). Other element would receive the click: &lt;div class=&quot;datagrid-mask&quot; style=&quot;display:block&quot;>&lt;/div>
  (Session info: chrome=73.0.3683.86)
  (Driver info: chromedriver=2.43.600210 (68dcf5eebde37173d4027fa8635e332711d2874a),platform=Windows NT 10.0.17134 x86_64) (WARNING: The server did not provide any stacktrace information)
Command duration or timeout: 0 milliseconds
Build info: version: '3.7.1', revision: '8a0099a', time: '2017-11-06T21:07:36.161Z'
System info: host: 'DESKTOP-V9TS2EM', ip: '192.168.172.132', os.name: 'Windows 10', os.arch: 'amd64', os.version: '10.0', java.version: '1.8.0_181'
Driver info: com.kms.katalon.selenium.driver.CChromeDriver
Capabilities {acceptInsecureCerts: false, acceptSslCerts: false, applicationCacheEnabled: false, browserConnectionEnabled: false, browserName: chrome, chrome: {chromedriverVersion: 2.43.600210 (68dcf5eebde371..., userDataDir: C:\Users\CONSUL~1\AppData\L...}, cssSelectorsEnabled: true, databaseEnabled: false, goog:chromeOptions: {debuggerAddress: localhost:56613}, handlesAlerts: true, hasTouchScreen: false, javascriptEnabled: true, locationContextEnabled: true, mobileEmulationEnabled: false, nativeEvents: true, networkConnectionEnabled: false, pageLoadStrategy: normal, platform: XP, platformName: XP, rotatable: false, setWindowRect: true, takesHeapSnapshot: true, takesScreenshot: true, unexpectedAlertBehaviour: , unhandledPromptBehavior: , version: 73.0.3683.86, webStorageEnabled: true}
Session ID: 542520650eec5fa6db19d3fe1178d436
	at org.openqa.selenium.remote.ErrorHandler.createThrowable(ErrorHandler.java:214)
	at org.openqa.selenium.remote.ErrorHandler.throwIfResponseFailed(ErrorHandler.java:166)
	at org.openqa.selenium.remote.http.JsonHttpResponseCodec.reconstructValue(JsonHttpResponseCodec.java:40)
	at org.openqa.selenium.remote.http.AbstractHttpResponseCodec.decode(AbstractHttpResponseCodec.java:80)
	at org.openqa.selenium.remote.http.AbstractHttpResponseCodec.decode(AbstractHttpResponseCodec.java:44)
	at org.openqa.selenium.remote.HttpCommandExecutor.execute(HttpCommandExecutor.java:164)
	at org.openqa.selenium.remote.service.DriverCommandExecutor.execute(DriverCommandExecutor.java:83)
	at org.openqa.selenium.remote.RemoteWebDriver.execute(RemoteWebDriver.java:600)
	at com.kms.katalon.selenium.driver.CChromeDriver.execute(CChromeDriver.java:20)
	at org.openqa.selenium.remote.RemoteWebElement.execute(RemoteWebElement.java:279)
	at org.openqa.selenium.remote.RemoteWebElement.click(RemoteWebElement.java:83)
	at com.kms.katalon.core.webui.keyword.builtin.ClickKeyword$_click_closure1.doCall(ClickKeyword.groovy:79)
	at com.kms.katalon.core.webui.keyword.builtin.ClickKeyword$_click_closure1.call(ClickKeyword.groovy)
	at com.kms.katalon.core.webui.keyword.internal.WebUIKeywordMain.runKeyword(WebUIKeywordMain.groovy:20)
	at com.kms.katalon.core.webui.keyword.builtin.ClickKeyword.click(ClickKeyword.groovy:86)
	at com.kms.katalon.core.webui.keyword.builtin.ClickKeyword.execute(ClickKeyword.groovy:67)
	at com.kms.katalon.core.keyword.internal.KeywordExecutor.executeKeywordForPlatform(KeywordExecutor.groovy:56)
	at com.kms.katalon.core.webui.keyword.WebUiBuiltInKeywords.click(WebUiBuiltInKeywords.groovy:616)
	at com.kms.katalon.core.webui.keyword.WebUiBuiltInKeywords$click$2.call(Unknown Source)
	at Script1551063441057.run(Script1551063441057.groovy:73)
	... 13 more
"/>
         <system-out><![CDATA[2019-04-04 13:48:07 - [TEST_CASE][FAILED] - Test Cases/Perolehan/009 Penyedia Cetak Baucar Bayaran/001 Penyedia Cetak Baucar Bayaran: Test Cases/Perolehan/009 Penyedia Cetak Baucar Bayaran/001 Penyedia Cetak Baucar Bayaran FAILED.
Reason:
com.kms.katalon.core.exception.StepFailedException: Unable to click on object 'Object Repository/Perolehan/009 Penyedia Cetak Baucar Bayaran/button_Cetak'
	at com.kms.katalon.core.webui.keyword.internal.WebUIKeywordMain.stepFailed(WebUIKeywordMain.groovy:64)
	at com.kms.katalon.core.webui.keyword.internal.WebUIKeywordMain.runKeyword(WebUIKeywordMain.groovy:26)
	at com.kms.katalon.core.webui.keyword.builtin.ClickKeyword.click(ClickKeyword.groovy:86)
	at com.kms.katalon.core.webui.keyword.builtin.ClickKeyword.execute(ClickKeyword.groovy:67)
	at com.kms.katalon.core.keyword.internal.KeywordExecutor.executeKeywordForPlatform(KeywordExecutor.groovy:56)
	at com.kms.katalon.core.webui.keyword.WebUiBuiltInKeywords.click(WebUiBuiltInKeywords.groovy:616)
	at com.kms.katalon.core.webui.keyword.WebUiBuiltInKeywords$click$2.call(Unknown Source)
	at 001 Penyedia Cetak Baucar Bayaran.run(001 Penyedia Cetak Baucar Bayaran:73)
	at com.kms.katalon.core.main.ScriptEngine.run(ScriptEngine.java:194)
	at com.kms.katalon.core.main.ScriptEngine.runScriptAsRawText(ScriptEngine.java:119)
	at com.kms.katalon.core.main.TestCaseExecutor.runScript(TestCaseExecutor.java:331)
	at com.kms.katalon.core.main.TestCaseExecutor.doExecute(TestCaseExecutor.java:322)
	at com.kms.katalon.core.main.TestCaseExecutor.processExecutionPhase(TestCaseExecutor.java:301)
	at com.kms.katalon.core.main.TestCaseExecutor.accessMainPhase(TestCaseExecutor.java:293)
	at com.kms.katalon.core.main.TestCaseExecutor.execute(TestCaseExecutor.java:227)
	at com.kms.katalon.core.main.TestSuiteExecutor.accessTestCaseMainPhase(TestSuiteExecutor.java:129)
	at com.kms.katalon.core.main.TestSuiteExecutor.accessTestSuiteMainPhase(TestSuiteExecutor.java:112)
	at com.kms.katalon.core.main.TestSuiteExecutor.execute(TestSuiteExecutor.java:81)
	at com.kms.katalon.core.main.TestCaseMain.startTestSuite(TestCaseMain.java:157)
	at com.kms.katalon.core.main.TestCaseMain$startTestSuite$0.call(Unknown Source)
	at TempTestSuite1554356427671.run(TempTestSuite1554356427671.groovy:35)
Caused by: org.openqa.selenium.WebDriverException: unknown error: Element <input type="button" value="cetak" onclick="cetakBaucar('undefined')" style="width: 60px; height: 1px; border-color: transparent; background: transparent;"> is not clickable at point (959, 334). Other element would receive the click: <div class="datagrid-mask" style="display:block"></div>
  (Session info: chrome=73.0.3683.86)
  (Driver info: chromedriver=2.43.600210 (68dcf5eebde37173d4027fa8635e332711d2874a),platform=Windows NT 10.0.17134 x86_64) (WARNING: The server did not provide any stacktrace information)
Command duration or timeout: 0 milliseconds
Build info: version: '3.7.1', revision: '8a0099a', time: '2017-11-06T21:07:36.161Z'
System info: host: 'DESKTOP-V9TS2EM', ip: '192.168.172.132', os.name: 'Windows 10', os.arch: 'amd64', os.version: '10.0', java.version: '1.8.0_181'
Driver info: com.kms.katalon.selenium.driver.CChromeDriver
Capabilities {acceptInsecureCerts: false, acceptSslCerts: false, applicationCacheEnabled: false, browserConnectionEnabled: false, browserName: chrome, chrome: {chromedriverVersion: 2.43.600210 (68dcf5eebde371..., userDataDir: C:\Users\CONSUL~1\AppData\L...}, cssSelectorsEnabled: true, databaseEnabled: false, goog:chromeOptions: {debuggerAddress: localhost:56613}, handlesAlerts: true, hasTouchScreen: false, javascriptEnabled: true, locationContextEnabled: true, mobileEmulationEnabled: false, nativeEvents: true, networkConnectionEnabled: false, pageLoadStrategy: normal, platform: XP, platformName: XP, rotatable: false, setWindowRect: true, takesHeapSnapshot: true, takesScreenshot: true, unexpectedAlertBehaviour: , unhandledPromptBehavior: , version: 73.0.3683.86, webStorageEnabled: true}
Session ID: 542520650eec5fa6db19d3fe1178d436
	at org.openqa.selenium.remote.ErrorHandler.createThrowable(ErrorHandler.java:214)
	at org.openqa.selenium.remote.ErrorHandler.throwIfResponseFailed(ErrorHandler.java:166)
	at org.openqa.selenium.remote.http.JsonHttpResponseCodec.reconstructValue(JsonHttpResponseCodec.java:40)
	at org.openqa.selenium.remote.http.AbstractHttpResponseCodec.decode(AbstractHttpResponseCodec.java:80)
	at org.openqa.selenium.remote.http.AbstractHttpResponseCodec.decode(AbstractHttpResponseCodec.java:44)
	at org.openqa.selenium.remote.HttpCommandExecutor.execute(HttpCommandExecutor.java:164)
	at org.openqa.selenium.remote.service.DriverCommandExecutor.execute(DriverCommandExecutor.java:83)
	at org.openqa.selenium.remote.RemoteWebDriver.execute(RemoteWebDriver.java:600)
	at com.kms.katalon.selenium.driver.CChromeDriver.execute(CChromeDriver.java:20)
	at org.openqa.selenium.remote.RemoteWebElement.execute(RemoteWebElement.java:279)
	at org.openqa.selenium.remote.RemoteWebElement.click(RemoteWebElement.java:83)
	at com.kms.katalon.core.webui.keyword.builtin.ClickKeyword$_click_closure1.doCall(ClickKeyword.groovy:79)
	at com.kms.katalon.core.webui.keyword.builtin.ClickKeyword$_click_closure1.call(ClickKeyword.groovy)
	at com.kms.katalon.core.webui.keyword.internal.WebUIKeywordMain.runKeyword(WebUIKeywordMain.groovy:20)
	at com.kms.katalon.core.webui.keyword.builtin.ClickKeyword.click(ClickKeyword.groovy:86)
	at com.kms.katalon.core.webui.keyword.builtin.ClickKeyword.execute(ClickKeyword.groovy:67)
	at com.kms.katalon.core.keyword.internal.KeywordExecutor.executeKeywordForPlatform(KeywordExecutor.groovy:56)
	at com.kms.katalon.core.webui.keyword.WebUiBuiltInKeywords.click(WebUiBuiltInKeywords.groovy:616)
	at com.kms.katalon.core.webui.keyword.WebUiBuiltInKeywords$click$2.call(Unknown Source)
	at Script1551063441057.run(Script1551063441057.groovy:73)
	... 13 more


2019-04-04 13:48:07 - [TEST_STEP][PASSED] - reusablefunctions.reusablefunctions.openbrowser(): reusablefunctions.reusablefunctions.openbrowser is PASSED

2019-04-04 13:48:07 - [MESSAGE][INFO] - Starting 'Chrome' driver

2019-04-04 13:48:10 - [MESSAGE][PASSED] - Browser is opened with url: 'https://175.143.52.101:7011/1SPEKSv2/'

2019-04-04 13:48:10 - [MESSAGE][PASSED] - reusablefunctions.reusablefunctions.openbrowser is PASSED

2019-04-04 13:48:10 - [TEST_STEP][PASSED] - reusablefunctions.reusablefunctions.Login(PenyediaPTJ, findTestData("ispekstestdata").getValue(2, 4)): reusablefunctions.reusablefunctions.Login is PASSED

2019-04-04 13:48:11 - [MESSAGE][PASSED] - Text '601101955194' is set on object 'Object Repository/Login/input_NoKadPengenalan'

2019-04-04 13:48:11 - [MESSAGE][PASSED] - Text ****** has been set on object 'Object Repository/Login/input_Password'

2019-04-04 13:48:12 - [MESSAGE][PASSED] - Object: 'Object Repository/Login/input_ButtonLogMasuk' is clicked on

2019-04-04 13:48:22 - [MESSAGE][PASSED] - Delayed 10 second(s)

2019-04-04 13:48:22 - [MESSAGE][PASSED] - reusablefunctions.reusablefunctions.Login is PASSED

2019-04-04 13:48:22 - [TEST_STEP][PASSED] - click(findTestObject("Perolehan/TukarPeranan/IconTukarPeranan")): Object: 'Object Repository/Perolehan/TukarPeranan/IconTukarPeranan' is clicked on

2019-04-04 13:48:22 - [MESSAGE][PASSED] - Object: 'Object Repository/Perolehan/TukarPeranan/IconTukarPeranan' is clicked on

2019-04-04 13:48:22 - [TEST_STEP][PASSED] - click(findTestObject("Perolehan/TukarPeranan/input_TukarPeranan", ["value":RBPenyediaPTJ])): Object: 'Object Repository/Perolehan/TukarPeranan/input_TukarPeranan' is clicked on

2019-04-04 13:48:22 - [MESSAGE][PASSED] - Object: 'Object Repository/Perolehan/TukarPeranan/input_TukarPeranan' is clicked on

2019-04-04 13:48:22 - [TEST_STEP][PASSED] - click(findTestObject("Perolehan/TukarPeranan/button_Ya")): Object: 'Object Repository/Perolehan/TukarPeranan/button_Ya' is clicked on

2019-04-04 13:48:22 - [MESSAGE][PASSED] - Object: 'Object Repository/Perolehan/TukarPeranan/button_Ya' is clicked on

2019-04-04 13:48:22 - [TEST_STEP][PASSED] - delay(20): Delayed 20 second(s)

2019-04-04 13:48:42 - [MESSAGE][PASSED] - Delayed 20 second(s)

2019-04-04 13:48:42 - [TEST_STEP][PASSED] - verifyTextPresent("Peranan : [Penyedia] Peringkat : [PTJ]", false): Text 'Peranan : [Penyedia] Peringkat : [PTJ]' is present on page 

2019-04-04 13:48:45 - [MESSAGE][PASSED] - Text 'Peranan : [Penyedia] Peringkat : [PTJ]' is present on page 

2019-04-04 13:48:45 - [TEST_STEP][PASSED] - click(findTestObject("Perolehan/001 Left_Menu_Selection/a_ExpandMenuonLeft")): Object: 'Object Repository/Perolehan/001 Left_Menu_Selection/a_ExpandMenuonLeft' is clicked on

2019-04-04 13:48:45 - [MESSAGE][PASSED] - Object: 'Object Repository/Perolehan/001 Left_Menu_Selection/a_ExpandMenuonLeft' is clicked on

2019-04-04 13:48:45 - [TEST_STEP][PASSED] - delay(3): Delayed 3 second(s)

2019-04-04 13:48:48 - [MESSAGE][PASSED] - Delayed 3 second(s)

2019-04-04 13:48:48 - [TEST_STEP][PASSED] - click(findTestObject("Perolehan/001 Left_Menu_Selection/Menu_Akaun Belum Bayar")): Object: 'Object Repository/Perolehan/001 Left_Menu_Selection/Menu_Akaun Belum Bayar' is clicked on

2019-04-04 13:48:48 - [MESSAGE][PASSED] - Object: 'Object Repository/Perolehan/001 Left_Menu_Selection/Menu_Akaun Belum Bayar' is clicked on

2019-04-04 13:48:48 - [TEST_STEP][PASSED] - delay(3): Delayed 3 second(s)

2019-04-04 13:48:51 - [MESSAGE][PASSED] - Delayed 3 second(s)

2019-04-04 13:48:51 - [TEST_STEP][PASSED] - click(findTestObject("Perolehan/001 Left_Menu_Selection/div_Carian_Akaun_Belum_Bayar")): Object: 'Object Repository/Perolehan/001 Left_Menu_Selection/div_Carian_Akaun_Belum_Bayar' is clicked on

2019-04-04 13:48:51 - [MESSAGE][PASSED] - Object: 'Object Repository/Perolehan/001 Left_Menu_Selection/div_Carian_Akaun_Belum_Bayar' is clicked on

2019-04-04 13:48:51 - [TEST_STEP][PASSED] - delay(3): Delayed 3 second(s)

2019-04-04 13:48:54 - [MESSAGE][PASSED] - Delayed 3 second(s)

2019-04-04 13:48:54 - [TEST_STEP][PASSED] - click(findTestObject("Perolehan/009 Penyedia Cetak Baucar Bayaran/Drop_down_Jenis_Carian")): Object: 'Object Repository/Perolehan/009 Penyedia Cetak Baucar Bayaran/Drop_down_Jenis_Carian' is clicked on

2019-04-04 13:48:55 - [MESSAGE][PASSED] - Object: 'Object Repository/Perolehan/009 Penyedia Cetak Baucar Bayaran/Drop_down_Jenis_Carian' is clicked on

2019-04-04 13:48:55 - [TEST_STEP][PASSED] - click(findTestObject("Perolehan/009 Penyedia Cetak Baucar Bayaran/Select_No_Baucar")): Object: 'Object Repository/Perolehan/009 Penyedia Cetak Baucar Bayaran/Select_No_Baucar' is clicked on

2019-04-04 13:48:55 - [MESSAGE][PASSED] - Object: 'Object Repository/Perolehan/009 Penyedia Cetak Baucar Bayaran/Select_No_Baucar' is clicked on

2019-04-04 13:48:55 - [TEST_STEP][PASSED] - setText(findTestObject("Perolehan/009 Penyedia Cetak Baucar Bayaran/Input_No_Baucar"), Nombor_Baucar): Text '19DABB0400147' is set on object 'Object Repository/Perolehan/009 Penyedia Cetak Baucar Bayaran/Input_No_Baucar'

2019-04-04 13:48:55 - [MESSAGE][PASSED] - Text '19DABB0400147' is set on object 'Object Repository/Perolehan/009 Penyedia Cetak Baucar Bayaran/Input_No_Baucar'

2019-04-04 13:48:55 - [TEST_STEP][PASSED] - click(findTestObject("Perolehan/009 Penyedia Cetak Baucar Bayaran/button_Cari")): Object: 'Object Repository/Perolehan/009 Penyedia Cetak Baucar Bayaran/button_Cari' is clicked on

2019-04-04 13:48:55 - [MESSAGE][PASSED] - Object: 'Object Repository/Perolehan/009 Penyedia Cetak Baucar Bayaran/button_Cari' is clicked on

2019-04-04 13:48:55 - [TEST_STEP][PASSED] - delay(3): Delayed 3 second(s)

2019-04-04 13:48:58 - [MESSAGE][PASSED] - Delayed 3 second(s)

2019-04-04 13:48:58 - [TEST_STEP][FAILED] - click(findTestObject("Perolehan/009 Penyedia Cetak Baucar Bayaran/button_Cetak")): click(findTestObject("Perolehan/009 Penyedia Cetak Baucar Bayaran/button_Cetak")) FAILED.
Reason:
com.kms.katalon.core.exception.StepFailedException: Unable to click on object 'Object Repository/Perolehan/009 Penyedia Cetak Baucar Bayaran/button_Cetak'
	at com.kms.katalon.core.webui.keyword.internal.WebUIKeywordMain.stepFailed(WebUIKeywordMain.groovy:64)
	at com.kms.katalon.core.webui.keyword.internal.WebUIKeywordMain.runKeyword(WebUIKeywordMain.groovy:26)
	at com.kms.katalon.core.webui.keyword.builtin.ClickKeyword.click(ClickKeyword.groovy:86)
	at com.kms.katalon.core.webui.keyword.builtin.ClickKeyword.execute(ClickKeyword.groovy:67)
	at com.kms.katalon.core.keyword.internal.KeywordExecutor.executeKeywordForPlatform(KeywordExecutor.groovy:56)
	at com.kms.katalon.core.webui.keyword.WebUiBuiltInKeywords.click(WebUiBuiltInKeywords.groovy:616)
	at com.kms.katalon.core.webui.keyword.WebUiBuiltInKeywords$click$2.call(Unknown Source)
	at 001 Penyedia Cetak Baucar Bayaran.run(001 Penyedia Cetak Baucar Bayaran:73)
	at com.kms.katalon.core.main.ScriptEngine.run(ScriptEngine.java:194)
	at com.kms.katalon.core.main.ScriptEngine.runScriptAsRawText(ScriptEngine.java:119)
	at com.kms.katalon.core.main.TestCaseExecutor.runScript(TestCaseExecutor.java:331)
	at com.kms.katalon.core.main.TestCaseExecutor.doExecute(TestCaseExecutor.java:322)
	at com.kms.katalon.core.main.TestCaseExecutor.processExecutionPhase(TestCaseExecutor.java:301)
	at com.kms.katalon.core.main.TestCaseExecutor.accessMainPhase(TestCaseExecutor.java:293)
	at com.kms.katalon.core.main.TestCaseExecutor.execute(TestCaseExecutor.java:227)
	at com.kms.katalon.core.main.TestSuiteExecutor.accessTestCaseMainPhase(TestSuiteExecutor.java:129)
	at com.kms.katalon.core.main.TestSuiteExecutor.accessTestSuiteMainPhase(TestSuiteExecutor.java:112)
	at com.kms.katalon.core.main.TestSuiteExecutor.execute(TestSuiteExecutor.java:81)
	at com.kms.katalon.core.main.TestCaseMain.startTestSuite(TestCaseMain.java:157)
	at com.kms.katalon.core.main.TestCaseMain$startTestSuite$0.call(Unknown Source)
	at TempTestSuite1554356427671.run(TempTestSuite1554356427671.groovy:35)
Caused by: org.openqa.selenium.WebDriverException: unknown error: Element <input type="button" value="cetak" onclick="cetakBaucar('undefined')" style="width: 60px; height: 1px; border-color: transparent; background: transparent;"> is not clickable at point (959, 334). Other element would receive the click: <div class="datagrid-mask" style="display:block"></div>
  (Session info: chrome=73.0.3683.86)
  (Driver info: chromedriver=2.43.600210 (68dcf5eebde37173d4027fa8635e332711d2874a),platform=Windows NT 10.0.17134 x86_64) (WARNING: The server did not provide any stacktrace information)
Command duration or timeout: 0 milliseconds
Build info: version: '3.7.1', revision: '8a0099a', time: '2017-11-06T21:07:36.161Z'
System info: host: 'DESKTOP-V9TS2EM', ip: '192.168.172.132', os.name: 'Windows 10', os.arch: 'amd64', os.version: '10.0', java.version: '1.8.0_181'
Driver info: com.kms.katalon.selenium.driver.CChromeDriver
Capabilities {acceptInsecureCerts: false, acceptSslCerts: false, applicationCacheEnabled: false, browserConnectionEnabled: false, browserName: chrome, chrome: {chromedriverVersion: 2.43.600210 (68dcf5eebde371..., userDataDir: C:\Users\CONSUL~1\AppData\L...}, cssSelectorsEnabled: true, databaseEnabled: false, goog:chromeOptions: {debuggerAddress: localhost:56613}, handlesAlerts: true, hasTouchScreen: false, javascriptEnabled: true, locationContextEnabled: true, mobileEmulationEnabled: false, nativeEvents: true, networkConnectionEnabled: false, pageLoadStrategy: normal, platform: XP, platformName: XP, rotatable: false, setWindowRect: true, takesHeapSnapshot: true, takesScreenshot: true, unexpectedAlertBehaviour: , unhandledPromptBehavior: , version: 73.0.3683.86, webStorageEnabled: true}
Session ID: 542520650eec5fa6db19d3fe1178d436
	at org.openqa.selenium.remote.ErrorHandler.createThrowable(ErrorHandler.java:214)
	at org.openqa.selenium.remote.ErrorHandler.throwIfResponseFailed(ErrorHandler.java:166)
	at org.openqa.selenium.remote.http.JsonHttpResponseCodec.reconstructValue(JsonHttpResponseCodec.java:40)
	at org.openqa.selenium.remote.http.AbstractHttpResponseCodec.decode(AbstractHttpResponseCodec.java:80)
	at org.openqa.selenium.remote.http.AbstractHttpResponseCodec.decode(AbstractHttpResponseCodec.java:44)
	at org.openqa.selenium.remote.HttpCommandExecutor.execute(HttpCommandExecutor.java:164)
	at org.openqa.selenium.remote.service.DriverCommandExecutor.execute(DriverCommandExecutor.java:83)
	at org.openqa.selenium.remote.RemoteWebDriver.execute(RemoteWebDriver.java:600)
	at com.kms.katalon.selenium.driver.CChromeDriver.execute(CChromeDriver.java:20)
	at org.openqa.selenium.remote.RemoteWebElement.execute(RemoteWebElement.java:279)
	at org.openqa.selenium.remote.RemoteWebElement.click(RemoteWebElement.java:83)
	at com.kms.katalon.core.webui.keyword.builtin.ClickKeyword$_click_closure1.doCall(ClickKeyword.groovy:79)
	at com.kms.katalon.core.webui.keyword.builtin.ClickKeyword$_click_closure1.call(ClickKeyword.groovy)
	at com.kms.katalon.core.webui.keyword.internal.WebUIKeywordMain.runKeyword(WebUIKeywordMain.groovy:20)
	at com.kms.katalon.core.webui.keyword.builtin.ClickKeyword.click(ClickKeyword.groovy:86)
	at com.kms.katalon.core.webui.keyword.builtin.ClickKeyword.execute(ClickKeyword.groovy:67)
	at com.kms.katalon.core.keyword.internal.KeywordExecutor.executeKeywordForPlatform(KeywordExecutor.groovy:56)
	at com.kms.katalon.core.webui.keyword.WebUiBuiltInKeywords.click(WebUiBuiltInKeywords.groovy:616)
	at com.kms.katalon.core.webui.keyword.WebUiBuiltInKeywords$click$2.call(Unknown Source)
	at Script1551063441057.run(Script1551063441057.groovy:73)
	... 13 more


2019-04-04 13:48:58 - [MESSAGE][FAILED] - Unable to click on object 'Object Repository/Perolehan/009 Penyedia Cetak Baucar Bayaran/button_Cetak' (Root cause: com.kms.katalon.core.exception.StepFailedException: Unable to click on object 'Object Repository/Perolehan/009 Penyedia Cetak Baucar Bayaran/button_Cetak'
	at com.kms.katalon.core.webui.keyword.internal.WebUIKeywordMain.stepFailed(WebUIKeywordMain.groovy:64)
	at com.kms.katalon.core.webui.keyword.internal.WebUIKeywordMain.runKeyword(WebUIKeywordMain.groovy:26)
	at com.kms.katalon.core.webui.keyword.builtin.ClickKeyword.click(ClickKeyword.groovy:86)
	at com.kms.katalon.core.webui.keyword.builtin.ClickKeyword.execute(ClickKeyword.groovy:67)
	at com.kms.katalon.core.keyword.internal.KeywordExecutor.executeKeywordForPlatform(KeywordExecutor.groovy:56)
	at com.kms.katalon.core.webui.keyword.WebUiBuiltInKeywords.click(WebUiBuiltInKeywords.groovy:616)
	at com.kms.katalon.core.webui.keyword.WebUiBuiltInKeywords$click$2.call(Unknown Source)
	at 001 Penyedia Cetak Baucar Bayaran.run(001 Penyedia Cetak Baucar Bayaran:73)
	at com.kms.katalon.core.main.ScriptEngine.run(ScriptEngine.java:194)
	at com.kms.katalon.core.main.ScriptEngine.runScriptAsRawText(ScriptEngine.java:119)
	at com.kms.katalon.core.main.TestCaseExecutor.runScript(TestCaseExecutor.java:331)
	at com.kms.katalon.core.main.TestCaseExecutor.doExecute(TestCaseExecutor.java:322)
	at com.kms.katalon.core.main.TestCaseExecutor.processExecutionPhase(TestCaseExecutor.java:301)
	at com.kms.katalon.core.main.TestCaseExecutor.accessMainPhase(TestCaseExecutor.java:293)
	at com.kms.katalon.core.main.TestCaseExecutor.execute(TestCaseExecutor.java:227)
	at com.kms.katalon.core.main.TestSuiteExecutor.accessTestCaseMainPhase(TestSuiteExecutor.java:129)
	at com.kms.katalon.core.main.TestSuiteExecutor.accessTestSuiteMainPhase(TestSuiteExecutor.java:112)
	at com.kms.katalon.core.main.TestSuiteExecutor.execute(TestSuiteExecutor.java:81)
	at com.kms.katalon.core.main.TestCaseMain.startTestSuite(TestCaseMain.java:157)
	at com.kms.katalon.core.main.TestCaseMain$startTestSuite$0.call(Unknown Source)
	at TempTestSuite1554356427671.run(TempTestSuite1554356427671.groovy:35)
Caused by: org.openqa.selenium.WebDriverException: unknown error: Element <input type="button" value="cetak" onclick="cetakBaucar('undefined')" style="width: 60px; height: 1px; border-color: transparent; background: transparent;"> is not clickable at point (959, 334). Other element would receive the click: <div class="datagrid-mask" style="display:block"></div>
  (Session info: chrome=73.0.3683.86)
  (Driver info: chromedriver=2.43.600210 (68dcf5eebde37173d4027fa8635e332711d2874a),platform=Windows NT 10.0.17134 x86_64) (WARNING: The server did not provide any stacktrace information)
Command duration or timeout: 0 milliseconds
Build info: version: '3.7.1', revision: '8a0099a', time: '2017-11-06T21:07:36.161Z'
System info: host: 'DESKTOP-V9TS2EM', ip: '192.168.172.132', os.name: 'Windows 10', os.arch: 'amd64', os.version: '10.0', java.version: '1.8.0_181'
Driver info: com.kms.katalon.selenium.driver.CChromeDriver
Capabilities {acceptInsecureCerts: false, acceptSslCerts: false, applicationCacheEnabled: false, browserConnectionEnabled: false, browserName: chrome, chrome: {chromedriverVersion: 2.43.600210 (68dcf5eebde371..., userDataDir: C:\Users\CONSUL~1\AppData\L...}, cssSelectorsEnabled: true, databaseEnabled: false, goog:chromeOptions: {debuggerAddress: localhost:56613}, handlesAlerts: true, hasTouchScreen: false, javascriptEnabled: true, locationContextEnabled: true, mobileEmulationEnabled: false, nativeEvents: true, networkConnectionEnabled: false, pageLoadStrategy: normal, platform: XP, platformName: XP, rotatable: false, setWindowRect: true, takesHeapSnapshot: true, takesScreenshot: true, unexpectedAlertBehaviour: , unhandledPromptBehavior: , version: 73.0.3683.86, webStorageEnabled: true}
Session ID: 542520650eec5fa6db19d3fe1178d436
	at org.openqa.selenium.remote.ErrorHandler.createThrowable(ErrorHandler.java:214)
	at org.openqa.selenium.remote.ErrorHandler.throwIfResponseFailed(ErrorHandler.java:166)
	at org.openqa.selenium.remote.http.JsonHttpResponseCodec.reconstructValue(JsonHttpResponseCodec.java:40)
	at org.openqa.selenium.remote.http.AbstractHttpResponseCodec.decode(AbstractHttpResponseCodec.java:80)
	at org.openqa.selenium.remote.http.AbstractHttpResponseCodec.decode(AbstractHttpResponseCodec.java:44)
	at org.openqa.selenium.remote.HttpCommandExecutor.execute(HttpCommandExecutor.java:164)
	at org.openqa.selenium.remote.service.DriverCommandExecutor.execute(DriverCommandExecutor.java:83)
	at org.openqa.selenium.remote.RemoteWebDriver.execute(RemoteWebDriver.java:600)
	at com.kms.katalon.selenium.driver.CChromeDriver.execute(CChromeDriver.java:20)
	at org.openqa.selenium.remote.RemoteWebElement.execute(RemoteWebElement.java:279)
	at org.openqa.selenium.remote.RemoteWebElement.click(RemoteWebElement.java:83)
	at com.kms.katalon.core.webui.keyword.builtin.ClickKeyword$_click_closure1.doCall(ClickKeyword.groovy:79)
	at com.kms.katalon.core.webui.keyword.builtin.ClickKeyword$_click_closure1.call(ClickKeyword.groovy)
	at com.kms.katalon.core.webui.keyword.internal.WebUIKeywordMain.runKeyword(WebUIKeywordMain.groovy:20)
	at com.kms.katalon.core.webui.keyword.builtin.ClickKeyword.click(ClickKeyword.groovy:86)
	at com.kms.katalon.core.webui.keyword.builtin.ClickKeyword.execute(ClickKeyword.groovy:67)
	at com.kms.katalon.core.keyword.internal.KeywordExecutor.executeKeywordForPlatform(KeywordExecutor.groovy:56)
	at com.kms.katalon.core.webui.keyword.WebUiBuiltInKeywords.click(WebUiBuiltInKeywords.groovy:616)
	at com.kms.katalon.core.webui.keyword.WebUiBuiltInKeywords$click$2.call(Unknown Source)
	at Script1551063441057.run(Script1551063441057.groovy:73)
	... 13 more
)
[[ATTACHMENT|C:\\Users\\Consultant_MSPHitect\\Katalon Studio\\TrainingonKatalon\\Reports\\Perolehan\\Pesanan Tempatan - CEK - Perak\\20190404_134027\\1554356938557.png]]

2019-04-04 13:48:58 - [MESSAGE][FAILED] - click(findTestObject("Perolehan/009 Penyedia Cetak Baucar Bayaran/button_Cetak")) FAILED.
Reason:
com.kms.katalon.core.exception.StepFailedException: Unable to click on object 'Object Repository/Perolehan/009 Penyedia Cetak Baucar Bayaran/button_Cetak'
	at com.kms.katalon.core.webui.keyword.internal.WebUIKeywordMain.stepFailed(WebUIKeywordMain.groovy:64)
	at com.kms.katalon.core.webui.keyword.internal.WebUIKeywordMain.runKeyword(WebUIKeywordMain.groovy:26)
	at com.kms.katalon.core.webui.keyword.builtin.ClickKeyword.click(ClickKeyword.groovy:86)
	at com.kms.katalon.core.webui.keyword.builtin.ClickKeyword.execute(ClickKeyword.groovy:67)
	at com.kms.katalon.core.keyword.internal.KeywordExecutor.executeKeywordForPlatform(KeywordExecutor.groovy:56)
	at com.kms.katalon.core.webui.keyword.WebUiBuiltInKeywords.click(WebUiBuiltInKeywords.groovy:616)
	at com.kms.katalon.core.webui.keyword.WebUiBuiltInKeywords$click$2.call(Unknown Source)
	at 001 Penyedia Cetak Baucar Bayaran.run(001 Penyedia Cetak Baucar Bayaran:73)
	at com.kms.katalon.core.main.ScriptEngine.run(ScriptEngine.java:194)
	at com.kms.katalon.core.main.ScriptEngine.runScriptAsRawText(ScriptEngine.java:119)
	at com.kms.katalon.core.main.TestCaseExecutor.runScript(TestCaseExecutor.java:331)
	at com.kms.katalon.core.main.TestCaseExecutor.doExecute(TestCaseExecutor.java:322)
	at com.kms.katalon.core.main.TestCaseExecutor.processExecutionPhase(TestCaseExecutor.java:301)
	at com.kms.katalon.core.main.TestCaseExecutor.accessMainPhase(TestCaseExecutor.java:293)
	at com.kms.katalon.core.main.TestCaseExecutor.execute(TestCaseExecutor.java:227)
	at com.kms.katalon.core.main.TestSuiteExecutor.accessTestCaseMainPhase(TestSuiteExecutor.java:129)
	at com.kms.katalon.core.main.TestSuiteExecutor.accessTestSuiteMainPhase(TestSuiteExecutor.java:112)
	at com.kms.katalon.core.main.TestSuiteExecutor.execute(TestSuiteExecutor.java:81)
	at com.kms.katalon.core.main.TestCaseMain.startTestSuite(TestCaseMain.java:157)
	at com.kms.katalon.core.main.TestCaseMain$startTestSuite$0.call(Unknown Source)
	at TempTestSuite1554356427671.run(TempTestSuite1554356427671.groovy:35)
Caused by: org.openqa.selenium.WebDriverException: unknown error: Element <input type="button" value="cetak" onclick="cetakBaucar('undefined')" style="width: 60px; height: 1px; border-color: transparent; background: transparent;"> is not clickable at point (959, 334). Other element would receive the click: <div class="datagrid-mask" style="display:block"></div>
  (Session info: chrome=73.0.3683.86)
  (Driver info: chromedriver=2.43.600210 (68dcf5eebde37173d4027fa8635e332711d2874a),platform=Windows NT 10.0.17134 x86_64) (WARNING: The server did not provide any stacktrace information)
Command duration or timeout: 0 milliseconds
Build info: version: '3.7.1', revision: '8a0099a', time: '2017-11-06T21:07:36.161Z'
System info: host: 'DESKTOP-V9TS2EM', ip: '192.168.172.132', os.name: 'Windows 10', os.arch: 'amd64', os.version: '10.0', java.version: '1.8.0_181'
Driver info: com.kms.katalon.selenium.driver.CChromeDriver
Capabilities {acceptInsecureCerts: false, acceptSslCerts: false, applicationCacheEnabled: false, browserConnectionEnabled: false, browserName: chrome, chrome: {chromedriverVersion: 2.43.600210 (68dcf5eebde371..., userDataDir: C:\Users\CONSUL~1\AppData\L...}, cssSelectorsEnabled: true, databaseEnabled: false, goog:chromeOptions: {debuggerAddress: localhost:56613}, handlesAlerts: true, hasTouchScreen: false, javascriptEnabled: true, locationContextEnabled: true, mobileEmulationEnabled: false, nativeEvents: true, networkConnectionEnabled: false, pageLoadStrategy: normal, platform: XP, platformName: XP, rotatable: false, setWindowRect: true, takesHeapSnapshot: true, takesScreenshot: true, unexpectedAlertBehaviour: , unhandledPromptBehavior: , version: 73.0.3683.86, webStorageEnabled: true}
Session ID: 542520650eec5fa6db19d3fe1178d436
	at org.openqa.selenium.remote.ErrorHandler.createThrowable(ErrorHandler.java:214)
	at org.openqa.selenium.remote.ErrorHandler.throwIfResponseFailed(ErrorHandler.java:166)
	at org.openqa.selenium.remote.http.JsonHttpResponseCodec.reconstructValue(JsonHttpResponseCodec.java:40)
	at org.openqa.selenium.remote.http.AbstractHttpResponseCodec.decode(AbstractHttpResponseCodec.java:80)
	at org.openqa.selenium.remote.http.AbstractHttpResponseCodec.decode(AbstractHttpResponseCodec.java:44)
	at org.openqa.selenium.remote.HttpCommandExecutor.execute(HttpCommandExecutor.java:164)
	at org.openqa.selenium.remote.service.DriverCommandExecutor.execute(DriverCommandExecutor.java:83)
	at org.openqa.selenium.remote.RemoteWebDriver.execute(RemoteWebDriver.java:600)
	at com.kms.katalon.selenium.driver.CChromeDriver.execute(CChromeDriver.java:20)
	at org.openqa.selenium.remote.RemoteWebElement.execute(RemoteWebElement.java:279)
	at org.openqa.selenium.remote.RemoteWebElement.click(RemoteWebElement.java:83)
	at com.kms.katalon.core.webui.keyword.builtin.ClickKeyword$_click_closure1.doCall(ClickKeyword.groovy:79)
	at com.kms.katalon.core.webui.keyword.builtin.ClickKeyword$_click_closure1.call(ClickKeyword.groovy)
	at com.kms.katalon.core.webui.keyword.internal.WebUIKeywordMain.runKeyword(WebUIKeywordMain.groovy:20)
	at com.kms.katalon.core.webui.keyword.builtin.ClickKeyword.click(ClickKeyword.groovy:86)
	at com.kms.katalon.core.webui.keyword.builtin.ClickKeyword.execute(ClickKeyword.groovy:67)
	at com.kms.katalon.core.keyword.internal.KeywordExecutor.executeKeywordForPlatform(KeywordExecutor.groovy:56)
	at com.kms.katalon.core.webui.keyword.WebUiBuiltInKeywords.click(WebUiBuiltInKeywords.groovy:616)
	at com.kms.katalon.core.webui.keyword.WebUiBuiltInKeywords$click$2.call(Unknown Source)
	at Script1551063441057.run(Script1551063441057.groovy:73)
	... 13 more]]></system-out>
         <system-err><![CDATA[2019-04-04 13:48:07 - [TEST_CASE][FAILED] - Test Cases/Perolehan/009 Penyedia Cetak Baucar Bayaran/001 Penyedia Cetak Baucar Bayaran: Test Cases/Perolehan/009 Penyedia Cetak Baucar Bayaran/001 Penyedia Cetak Baucar Bayaran FAILED.
Reason:
com.kms.katalon.core.exception.StepFailedException: Unable to click on object 'Object Repository/Perolehan/009 Penyedia Cetak Baucar Bayaran/button_Cetak'
	at com.kms.katalon.core.webui.keyword.internal.WebUIKeywordMain.stepFailed(WebUIKeywordMain.groovy:64)
	at com.kms.katalon.core.webui.keyword.internal.WebUIKeywordMain.runKeyword(WebUIKeywordMain.groovy:26)
	at com.kms.katalon.core.webui.keyword.builtin.ClickKeyword.click(ClickKeyword.groovy:86)
	at com.kms.katalon.core.webui.keyword.builtin.ClickKeyword.execute(ClickKeyword.groovy:67)
	at com.kms.katalon.core.keyword.internal.KeywordExecutor.executeKeywordForPlatform(KeywordExecutor.groovy:56)
	at com.kms.katalon.core.webui.keyword.WebUiBuiltInKeywords.click(WebUiBuiltInKeywords.groovy:616)
	at com.kms.katalon.core.webui.keyword.WebUiBuiltInKeywords$click$2.call(Unknown Source)
	at 001 Penyedia Cetak Baucar Bayaran.run(001 Penyedia Cetak Baucar Bayaran:73)
	at com.kms.katalon.core.main.ScriptEngine.run(ScriptEngine.java:194)
	at com.kms.katalon.core.main.ScriptEngine.runScriptAsRawText(ScriptEngine.java:119)
	at com.kms.katalon.core.main.TestCaseExecutor.runScript(TestCaseExecutor.java:331)
	at com.kms.katalon.core.main.TestCaseExecutor.doExecute(TestCaseExecutor.java:322)
	at com.kms.katalon.core.main.TestCaseExecutor.processExecutionPhase(TestCaseExecutor.java:301)
	at com.kms.katalon.core.main.TestCaseExecutor.accessMainPhase(TestCaseExecutor.java:293)
	at com.kms.katalon.core.main.TestCaseExecutor.execute(TestCaseExecutor.java:227)
	at com.kms.katalon.core.main.TestSuiteExecutor.accessTestCaseMainPhase(TestSuiteExecutor.java:129)
	at com.kms.katalon.core.main.TestSuiteExecutor.accessTestSuiteMainPhase(TestSuiteExecutor.java:112)
	at com.kms.katalon.core.main.TestSuiteExecutor.execute(TestSuiteExecutor.java:81)
	at com.kms.katalon.core.main.TestCaseMain.startTestSuite(TestCaseMain.java:157)
	at com.kms.katalon.core.main.TestCaseMain$startTestSuite$0.call(Unknown Source)
	at TempTestSuite1554356427671.run(TempTestSuite1554356427671.groovy:35)
Caused by: org.openqa.selenium.WebDriverException: unknown error: Element <input type="button" value="cetak" onclick="cetakBaucar('undefined')" style="width: 60px; height: 1px; border-color: transparent; background: transparent;"> is not clickable at point (959, 334). Other element would receive the click: <div class="datagrid-mask" style="display:block"></div>
  (Session info: chrome=73.0.3683.86)
  (Driver info: chromedriver=2.43.600210 (68dcf5eebde37173d4027fa8635e332711d2874a),platform=Windows NT 10.0.17134 x86_64) (WARNING: The server did not provide any stacktrace information)
Command duration or timeout: 0 milliseconds
Build info: version: '3.7.1', revision: '8a0099a', time: '2017-11-06T21:07:36.161Z'
System info: host: 'DESKTOP-V9TS2EM', ip: '192.168.172.132', os.name: 'Windows 10', os.arch: 'amd64', os.version: '10.0', java.version: '1.8.0_181'
Driver info: com.kms.katalon.selenium.driver.CChromeDriver
Capabilities {acceptInsecureCerts: false, acceptSslCerts: false, applicationCacheEnabled: false, browserConnectionEnabled: false, browserName: chrome, chrome: {chromedriverVersion: 2.43.600210 (68dcf5eebde371..., userDataDir: C:\Users\CONSUL~1\AppData\L...}, cssSelectorsEnabled: true, databaseEnabled: false, goog:chromeOptions: {debuggerAddress: localhost:56613}, handlesAlerts: true, hasTouchScreen: false, javascriptEnabled: true, locationContextEnabled: true, mobileEmulationEnabled: false, nativeEvents: true, networkConnectionEnabled: false, pageLoadStrategy: normal, platform: XP, platformName: XP, rotatable: false, setWindowRect: true, takesHeapSnapshot: true, takesScreenshot: true, unexpectedAlertBehaviour: , unhandledPromptBehavior: , version: 73.0.3683.86, webStorageEnabled: true}
Session ID: 542520650eec5fa6db19d3fe1178d436
	at org.openqa.selenium.remote.ErrorHandler.createThrowable(ErrorHandler.java:214)
	at org.openqa.selenium.remote.ErrorHandler.throwIfResponseFailed(ErrorHandler.java:166)
	at org.openqa.selenium.remote.http.JsonHttpResponseCodec.reconstructValue(JsonHttpResponseCodec.java:40)
	at org.openqa.selenium.remote.http.AbstractHttpResponseCodec.decode(AbstractHttpResponseCodec.java:80)
	at org.openqa.selenium.remote.http.AbstractHttpResponseCodec.decode(AbstractHttpResponseCodec.java:44)
	at org.openqa.selenium.remote.HttpCommandExecutor.execute(HttpCommandExecutor.java:164)
	at org.openqa.selenium.remote.service.DriverCommandExecutor.execute(DriverCommandExecutor.java:83)
	at org.openqa.selenium.remote.RemoteWebDriver.execute(RemoteWebDriver.java:600)
	at com.kms.katalon.selenium.driver.CChromeDriver.execute(CChromeDriver.java:20)
	at org.openqa.selenium.remote.RemoteWebElement.execute(RemoteWebElement.java:279)
	at org.openqa.selenium.remote.RemoteWebElement.click(RemoteWebElement.java:83)
	at com.kms.katalon.core.webui.keyword.builtin.ClickKeyword$_click_closure1.doCall(ClickKeyword.groovy:79)
	at com.kms.katalon.core.webui.keyword.builtin.ClickKeyword$_click_closure1.call(ClickKeyword.groovy)
	at com.kms.katalon.core.webui.keyword.internal.WebUIKeywordMain.runKeyword(WebUIKeywordMain.groovy:20)
	at com.kms.katalon.core.webui.keyword.builtin.ClickKeyword.click(ClickKeyword.groovy:86)
	at com.kms.katalon.core.webui.keyword.builtin.ClickKeyword.execute(ClickKeyword.groovy:67)
	at com.kms.katalon.core.keyword.internal.KeywordExecutor.executeKeywordForPlatform(KeywordExecutor.groovy:56)
	at com.kms.katalon.core.webui.keyword.WebUiBuiltInKeywords.click(WebUiBuiltInKeywords.groovy:616)
	at com.kms.katalon.core.webui.keyword.WebUiBuiltInKeywords$click$2.call(Unknown Source)
	at Script1551063441057.run(Script1551063441057.groovy:73)
	... 13 more]]></system-err>
      </testcase>
      <system-out><![CDATA[2019-04-04 13:40:41 - [TEST_SUITE][FAILED] - Pesanan Tempatan - CEK - Perak: Test Cases/Perolehan/009 Penyedia Cetak Baucar Bayaran/001 Penyedia Cetak Baucar Bayaran FAILED.
Reason:
com.kms.katalon.core.exception.StepFailedException: Unable to click on object 'Object Repository/Perolehan/009 Penyedia Cetak Baucar Bayaran/button_Cetak'
	at com.kms.katalon.core.webui.keyword.internal.WebUIKeywordMain.stepFailed(WebUIKeywordMain.groovy:64)
	at com.kms.katalon.core.webui.keyword.internal.WebUIKeywordMain.runKeyword(WebUIKeywordMain.groovy:26)
	at com.kms.katalon.core.webui.keyword.builtin.ClickKeyword.click(ClickKeyword.groovy:86)
	at com.kms.katalon.core.webui.keyword.builtin.ClickKeyword.execute(ClickKeyword.groovy:67)
	at com.kms.katalon.core.keyword.internal.KeywordExecutor.executeKeywordForPlatform(KeywordExecutor.groovy:56)
	at com.kms.katalon.core.webui.keyword.WebUiBuiltInKeywords.click(WebUiBuiltInKeywords.groovy:616)
	at com.kms.katalon.core.webui.keyword.WebUiBuiltInKeywords$click$2.call(Unknown Source)
	at 001 Penyedia Cetak Baucar Bayaran.run(001 Penyedia Cetak Baucar Bayaran:73)
	at com.kms.katalon.core.main.ScriptEngine.run(ScriptEngine.java:194)
	at com.kms.katalon.core.main.ScriptEngine.runScriptAsRawText(ScriptEngine.java:119)
	at com.kms.katalon.core.main.TestCaseExecutor.runScript(TestCaseExecutor.java:331)
	at com.kms.katalon.core.main.TestCaseExecutor.doExecute(TestCaseExecutor.java:322)
	at com.kms.katalon.core.main.TestCaseExecutor.processExecutionPhase(TestCaseExecutor.java:301)
	at com.kms.katalon.core.main.TestCaseExecutor.accessMainPhase(TestCaseExecutor.java:293)
	at com.kms.katalon.core.main.TestCaseExecutor.execute(TestCaseExecutor.java:227)
	at com.kms.katalon.core.main.TestSuiteExecutor.accessTestCaseMainPhase(TestSuiteExecutor.java:129)
	at com.kms.katalon.core.main.TestSuiteExecutor.accessTestSuiteMainPhase(TestSuiteExecutor.java:112)
	at com.kms.katalon.core.main.TestSuiteExecutor.execute(TestSuiteExecutor.java:81)
	at com.kms.katalon.core.main.TestCaseMain.startTestSuite(TestCaseMain.java:157)
	at com.kms.katalon.core.main.TestCaseMain$startTestSuite$0.call(Unknown Source)
	at TempTestSuite1554356427671.run(TempTestSuite1554356427671.groovy:35)
Caused by: org.openqa.selenium.WebDriverException: unknown error: Element <input type="button" value="cetak" onclick="cetakBaucar('undefined')" style="width: 60px; height: 1px; border-color: transparent; background: transparent;"> is not clickable at point (959, 334). Other element would receive the click: <div class="datagrid-mask" style="display:block"></div>
  (Session info: chrome=73.0.3683.86)
  (Driver info: chromedriver=2.43.600210 (68dcf5eebde37173d4027fa8635e332711d2874a),platform=Windows NT 10.0.17134 x86_64) (WARNING: The server did not provide any stacktrace information)
Command duration or timeout: 0 milliseconds
Build info: version: '3.7.1', revision: '8a0099a', time: '2017-11-06T21:07:36.161Z'
System info: host: 'DESKTOP-V9TS2EM', ip: '192.168.172.132', os.name: 'Windows 10', os.arch: 'amd64', os.version: '10.0', java.version: '1.8.0_181'
Driver info: com.kms.katalon.selenium.driver.CChromeDriver
Capabilities {acceptInsecureCerts: false, acceptSslCerts: false, applicationCacheEnabled: false, browserConnectionEnabled: false, browserName: chrome, chrome: {chromedriverVersion: 2.43.600210 (68dcf5eebde371..., userDataDir: C:\Users\CONSUL~1\AppData\L...}, cssSelectorsEnabled: true, databaseEnabled: false, goog:chromeOptions: {debuggerAddress: localhost:56613}, handlesAlerts: true, hasTouchScreen: false, javascriptEnabled: true, locationContextEnabled: true, mobileEmulationEnabled: false, nativeEvents: true, networkConnectionEnabled: false, pageLoadStrategy: normal, platform: XP, platformName: XP, rotatable: false, setWindowRect: true, takesHeapSnapshot: true, takesScreenshot: true, unexpectedAlertBehaviour: , unhandledPromptBehavior: , version: 73.0.3683.86, webStorageEnabled: true}
Session ID: 542520650eec5fa6db19d3fe1178d436
	at org.openqa.selenium.remote.ErrorHandler.createThrowable(ErrorHandler.java:214)
	at org.openqa.selenium.remote.ErrorHandler.throwIfResponseFailed(ErrorHandler.java:166)
	at org.openqa.selenium.remote.http.JsonHttpResponseCodec.reconstructValue(JsonHttpResponseCodec.java:40)
	at org.openqa.selenium.remote.http.AbstractHttpResponseCodec.decode(AbstractHttpResponseCodec.java:80)
	at org.openqa.selenium.remote.http.AbstractHttpResponseCodec.decode(AbstractHttpResponseCodec.java:44)
	at org.openqa.selenium.remote.HttpCommandExecutor.execute(HttpCommandExecutor.java:164)
	at org.openqa.selenium.remote.service.DriverCommandExecutor.execute(DriverCommandExecutor.java:83)
	at org.openqa.selenium.remote.RemoteWebDriver.execute(RemoteWebDriver.java:600)
	at com.kms.katalon.selenium.driver.CChromeDriver.execute(CChromeDriver.java:20)
	at org.openqa.selenium.remote.RemoteWebElement.execute(RemoteWebElement.java:279)
	at org.openqa.selenium.remote.RemoteWebElement.click(RemoteWebElement.java:83)
	at com.kms.katalon.core.webui.keyword.builtin.ClickKeyword$_click_closure1.doCall(ClickKeyword.groovy:79)
	at com.kms.katalon.core.webui.keyword.builtin.ClickKeyword$_click_closure1.call(ClickKeyword.groovy)
	at com.kms.katalon.core.webui.keyword.internal.WebUIKeywordMain.runKeyword(WebUIKeywordMain.groovy:20)
	at com.kms.katalon.core.webui.keyword.builtin.ClickKeyword.click(ClickKeyword.groovy:86)
	at com.kms.katalon.core.webui.keyword.builtin.ClickKeyword.execute(ClickKeyword.groovy:67)
	at com.kms.katalon.core.keyword.internal.KeywordExecutor.executeKeywordForPlatform(KeywordExecutor.groovy:56)
	at com.kms.katalon.core.webui.keyword.WebUiBuiltInKeywords.click(WebUiBuiltInKeywords.groovy:616)
	at com.kms.katalon.core.webui.keyword.WebUiBuiltInKeywords$click$2.call(Unknown Source)
	at Script1551063441057.run(Script1551063441057.groovy:73)
	... 13 more]]></system-out>
      <system-err><![CDATA[2019-04-04 13:40:41 - [TEST_SUITE][FAILED] - Pesanan Tempatan - CEK - Perak: Test Cases/Perolehan/009 Penyedia Cetak Baucar Bayaran/001 Penyedia Cetak Baucar Bayaran FAILED.
Reason:
com.kms.katalon.core.exception.StepFailedException: Unable to click on object 'Object Repository/Perolehan/009 Penyedia Cetak Baucar Bayaran/button_Cetak'
	at com.kms.katalon.core.webui.keyword.internal.WebUIKeywordMain.stepFailed(WebUIKeywordMain.groovy:64)
	at com.kms.katalon.core.webui.keyword.internal.WebUIKeywordMain.runKeyword(WebUIKeywordMain.groovy:26)
	at com.kms.katalon.core.webui.keyword.builtin.ClickKeyword.click(ClickKeyword.groovy:86)
	at com.kms.katalon.core.webui.keyword.builtin.ClickKeyword.execute(ClickKeyword.groovy:67)
	at com.kms.katalon.core.keyword.internal.KeywordExecutor.executeKeywordForPlatform(KeywordExecutor.groovy:56)
	at com.kms.katalon.core.webui.keyword.WebUiBuiltInKeywords.click(WebUiBuiltInKeywords.groovy:616)
	at com.kms.katalon.core.webui.keyword.WebUiBuiltInKeywords$click$2.call(Unknown Source)
	at 001 Penyedia Cetak Baucar Bayaran.run(001 Penyedia Cetak Baucar Bayaran:73)
	at com.kms.katalon.core.main.ScriptEngine.run(ScriptEngine.java:194)
	at com.kms.katalon.core.main.ScriptEngine.runScriptAsRawText(ScriptEngine.java:119)
	at com.kms.katalon.core.main.TestCaseExecutor.runScript(TestCaseExecutor.java:331)
	at com.kms.katalon.core.main.TestCaseExecutor.doExecute(TestCaseExecutor.java:322)
	at com.kms.katalon.core.main.TestCaseExecutor.processExecutionPhase(TestCaseExecutor.java:301)
	at com.kms.katalon.core.main.TestCaseExecutor.accessMainPhase(TestCaseExecutor.java:293)
	at com.kms.katalon.core.main.TestCaseExecutor.execute(TestCaseExecutor.java:227)
	at com.kms.katalon.core.main.TestSuiteExecutor.accessTestCaseMainPhase(TestSuiteExecutor.java:129)
	at com.kms.katalon.core.main.TestSuiteExecutor.accessTestSuiteMainPhase(TestSuiteExecutor.java:112)
	at com.kms.katalon.core.main.TestSuiteExecutor.execute(TestSuiteExecutor.java:81)
	at com.kms.katalon.core.main.TestCaseMain.startTestSuite(TestCaseMain.java:157)
	at com.kms.katalon.core.main.TestCaseMain$startTestSuite$0.call(Unknown Source)
	at TempTestSuite1554356427671.run(TempTestSuite1554356427671.groovy:35)
Caused by: org.openqa.selenium.WebDriverException: unknown error: Element <input type="button" value="cetak" onclick="cetakBaucar('undefined')" style="width: 60px; height: 1px; border-color: transparent; background: transparent;"> is not clickable at point (959, 334). Other element would receive the click: <div class="datagrid-mask" style="display:block"></div>
  (Session info: chrome=73.0.3683.86)
  (Driver info: chromedriver=2.43.600210 (68dcf5eebde37173d4027fa8635e332711d2874a),platform=Windows NT 10.0.17134 x86_64) (WARNING: The server did not provide any stacktrace information)
Command duration or timeout: 0 milliseconds
Build info: version: '3.7.1', revision: '8a0099a', time: '2017-11-06T21:07:36.161Z'
System info: host: 'DESKTOP-V9TS2EM', ip: '192.168.172.132', os.name: 'Windows 10', os.arch: 'amd64', os.version: '10.0', java.version: '1.8.0_181'
Driver info: com.kms.katalon.selenium.driver.CChromeDriver
Capabilities {acceptInsecureCerts: false, acceptSslCerts: false, applicationCacheEnabled: false, browserConnectionEnabled: false, browserName: chrome, chrome: {chromedriverVersion: 2.43.600210 (68dcf5eebde371..., userDataDir: C:\Users\CONSUL~1\AppData\L...}, cssSelectorsEnabled: true, databaseEnabled: false, goog:chromeOptions: {debuggerAddress: localhost:56613}, handlesAlerts: true, hasTouchScreen: false, javascriptEnabled: true, locationContextEnabled: true, mobileEmulationEnabled: false, nativeEvents: true, networkConnectionEnabled: false, pageLoadStrategy: normal, platform: XP, platformName: XP, rotatable: false, setWindowRect: true, takesHeapSnapshot: true, takesScreenshot: true, unexpectedAlertBehaviour: , unhandledPromptBehavior: , version: 73.0.3683.86, webStorageEnabled: true}
Session ID: 542520650eec5fa6db19d3fe1178d436
	at org.openqa.selenium.remote.ErrorHandler.createThrowable(ErrorHandler.java:214)
	at org.openqa.selenium.remote.ErrorHandler.throwIfResponseFailed(ErrorHandler.java:166)
	at org.openqa.selenium.remote.http.JsonHttpResponseCodec.reconstructValue(JsonHttpResponseCodec.java:40)
	at org.openqa.selenium.remote.http.AbstractHttpResponseCodec.decode(AbstractHttpResponseCodec.java:80)
	at org.openqa.selenium.remote.http.AbstractHttpResponseCodec.decode(AbstractHttpResponseCodec.java:44)
	at org.openqa.selenium.remote.HttpCommandExecutor.execute(HttpCommandExecutor.java:164)
	at org.openqa.selenium.remote.service.DriverCommandExecutor.execute(DriverCommandExecutor.java:83)
	at org.openqa.selenium.remote.RemoteWebDriver.execute(RemoteWebDriver.java:600)
	at com.kms.katalon.selenium.driver.CChromeDriver.execute(CChromeDriver.java:20)
	at org.openqa.selenium.remote.RemoteWebElement.execute(RemoteWebElement.java:279)
	at org.openqa.selenium.remote.RemoteWebElement.click(RemoteWebElement.java:83)
	at com.kms.katalon.core.webui.keyword.builtin.ClickKeyword$_click_closure1.doCall(ClickKeyword.groovy:79)
	at com.kms.katalon.core.webui.keyword.builtin.ClickKeyword$_click_closure1.call(ClickKeyword.groovy)
	at com.kms.katalon.core.webui.keyword.internal.WebUIKeywordMain.runKeyword(WebUIKeywordMain.groovy:20)
	at com.kms.katalon.core.webui.keyword.builtin.ClickKeyword.click(ClickKeyword.groovy:86)
	at com.kms.katalon.core.webui.keyword.builtin.ClickKeyword.execute(ClickKeyword.groovy:67)
	at com.kms.katalon.core.keyword.internal.KeywordExecutor.executeKeywordForPlatform(KeywordExecutor.groovy:56)
	at com.kms.katalon.core.webui.keyword.WebUiBuiltInKeywords.click(WebUiBuiltInKeywords.groovy:616)
	at com.kms.katalon.core.webui.keyword.WebUiBuiltInKeywords$click$2.call(Unknown Source)
	at Script1551063441057.run(Script1551063441057.groovy:73)
	... 13 more]]></system-err>
   </testsuite>
</testsuites>
