<?xml version="1.0" encoding="UTF-8"?>
<testsuites name="Perolehan" time="453" tests="4" failures="3" errors="0">
   <testsuite name="Perolehan" tests="4" failures="3" errors="0" time="453" timestamp="2019-02-15 17:07:15" hostname="Consultant_MSPHitect - DESKTOP-V9TS2EM" id="Test Suites/Perolehan/Perolehan">
      <properties>
         <property name="deviceName" value=""/>
         <property name="devicePlatform" value=""/>
         <property name="logFolder" value="C:\\Users\\Consultant_MSPHitect\\Katalon Studio\\TrainingonKatalon\\Reports\\Perolehan\\Perolehan\\20190215_170705"/>
         <property name="logFiles" value="C:\\Users\\Consultant_MSPHitect\\Katalon Studio\\TrainingonKatalon\\Reports\\Perolehan\\Perolehan\\20190215_170705\\execution0.log"/>
         <property name="attachments" value="C:\\Users\\Consultant_MSPHitect\\Katalon Studio\\TrainingonKatalon\\Reports\\Perolehan\\Perolehan\\20190215_170705\\1550221801167.png, C:\\Users\\Consultant_MSPHitect\\Katalon Studio\\TrainingonKatalon\\Reports\\Perolehan\\Perolehan\\20190215_170705\\1550221835033.png, C:\\Users\\Consultant_MSPHitect\\Katalon Studio\\TrainingonKatalon\\Reports\\Perolehan\\Perolehan\\20190215_170705\\1550221929378.png, C:\\Users\\Consultant_MSPHitect\\Katalon Studio\\TrainingonKatalon\\Reports\\Perolehan\\Perolehan\\20190215_170705\\1550222087726.png"/>
         <property name="hostName" value="Consultant_MSPHitect - DESKTOP-V9TS2EM"/>
         <property name="os" value="Windows 10 64bit"/>
         <property name="katalonVersion" value="5.10.1.1"/>
         <property name="browser" value="Chrome 71.0.3578.98"/>
         <property name="hostAddress" value="192.168.180.121"/>
         <property name="sessionId" value="8e9c24f93d2d0ac5f62763ab5958a6f7"/>
         <property name="seleniumVersion" value="3.7.1"/>
         <property name="proxyInformation" value="ProxyInformation{proxyOption=NO_PROXY, proxyServerType=HTTP, password=, proxyServerAddress=, proxyServerPort=0}"/>
         <property name="platform" value="Windows 10"/>
      </properties>
      <testcase name="Test Cases/Perolehan/001 Left Menu Selection/Select Menu Pesanan Tempatan" classname="Test Cases/Perolehan/001 Left Menu Selection/Select Menu Pesanan Tempatan" status="PASSED">
         <system-out><![CDATA[2019-02-15 17:07:15 - [TEST_CASE][PASSED] - Test Cases/Perolehan/001 Left Menu Selection/Select Menu Pesanan Tempatan: Test Cases/Perolehan/001 Left Menu Selection/Select Menu Pesanan Tempatan

2019-02-15 17:07:16 - [TEST_STEP][PASSED] - openBrowser("https://175.143.52.101:7011/1SPEKSv2/"): Browser is opened with url: 'https://175.143.52.101:7011/1SPEKSv2/'

2019-02-15 17:07:16 - [MESSAGE][INFO] - Starting 'Chrome' driver

2019-02-15 17:07:16 - [MESSAGE][INFO] - Action delay is set to 0 seconds

2019-02-15 17:07:21 - [MESSAGE][PASSED] - Browser is opened with url: 'https://175.143.52.101:7011/1SPEKSv2/'

2019-02-15 17:07:21 - [TEST_STEP][PASSED] - setText(findTestObject("Login/input_NoKadPengenalan"), findTestData("ispekstestdata").getValue(1, 2)): Text '601101955194' is set on object 'Object Repository/Login/input_NoKadPengenalan'

2019-02-15 17:07:22 - [MESSAGE][PASSED] - Text '601101955194' is set on object 'Object Repository/Login/input_NoKadPengenalan'

2019-02-15 17:07:22 - [TEST_STEP][PASSED] - setEncryptedText(findTestObject("Login/input_Password"), findTestData("ispekstestdata").getValue(2, 2)): Text ****** has been set on object 'Object Repository/Login/input_Password'

2019-02-15 17:07:22 - [MESSAGE][PASSED] - Text ****** has been set on object 'Object Repository/Login/input_Password'

2019-02-15 17:07:22 - [TEST_STEP][PASSED] - click(findTestObject("Login/input_ButtonLogMasuk")): Object: 'Object Repository/Login/input_ButtonLogMasuk' is clicked on

2019-02-15 17:07:24 - [MESSAGE][PASSED] - Object: 'Object Repository/Login/input_ButtonLogMasuk' is clicked on

2019-02-15 17:07:24 - [TEST_STEP][PASSED] - delay(10): Delayed 10 second(s)

2019-02-15 17:07:34 - [MESSAGE][PASSED] - Delayed 10 second(s)

2019-02-15 17:07:34 - [TEST_STEP][PASSED] - reusablefunctions.reusablefunctions.PerananPenyediaPTJ(): reusablefunctions.reusablefunctions.PerananPenyediaPTJ is PASSED

2019-02-15 17:07:35 - [MESSAGE][PASSED] - Object: 'Object Repository/Perolehan/TukarPeranan/IconTukarPeranan' is clicked on

2019-02-15 17:07:35 - [MESSAGE][PASSED] - Object: 'Object Repository/Perolehan/TukarPeranan/Radio_button_PenyediaPTJ' is clicked on

2019-02-15 17:07:35 - [MESSAGE][PASSED] - Object: 'Object Repository/Perolehan/TukarPeranan/button_Ya' is clicked on

2019-02-15 17:08:05 - [MESSAGE][PASSED] - Delayed 30 second(s)

2019-02-15 17:08:08 - [MESSAGE][PASSED] - Text 'Peranan : [Penyedia] Peringkat : [PTJ]' is present on page 

2019-02-15 17:08:08 - [MESSAGE][PASSED] - reusablefunctions.reusablefunctions.PerananPenyediaPTJ is PASSED

2019-02-15 17:08:08 - [TEST_STEP][PASSED] - click(findTestObject("Perolehan/Left_Menu_Selection/a_ExpandMenuonLeft")): Object: 'Object Repository/Perolehan/Left_Menu_Selection/a_ExpandMenuonLeft' is clicked on

2019-02-15 17:08:09 - [MESSAGE][PASSED] - Object: 'Object Repository/Perolehan/Left_Menu_Selection/a_ExpandMenuonLeft' is clicked on

2019-02-15 17:08:09 - [TEST_STEP][PASSED] - delay(3, STOP_ON_FAILURE): Delayed 3 second(s)

2019-02-15 17:08:12 - [MESSAGE][PASSED] - Delayed 3 second(s)

2019-02-15 17:08:12 - [TEST_STEP][PASSED] - click(findTestObject("Perolehan/Left_Menu_Selection/div_PanelTitlePerolehan")): Object: 'Object Repository/Perolehan/Left_Menu_Selection/div_PanelTitlePerolehan' is clicked on

2019-02-15 17:08:12 - [MESSAGE][PASSED] - Object: 'Object Repository/Perolehan/Left_Menu_Selection/div_PanelTitlePerolehan' is clicked on

2019-02-15 17:08:12 - [TEST_STEP][PASSED] - delay(3, STOP_ON_FAILURE): Delayed 3 second(s)

2019-02-15 17:08:15 - [MESSAGE][PASSED] - Delayed 3 second(s)

2019-02-15 17:08:15 - [TEST_STEP][PASSED] - click(findTestObject("Perolehan/Left_Menu_Selection/div_PesananTempatan")): Object: 'Object Repository/Perolehan/Left_Menu_Selection/div_PesananTempatan' is clicked on

2019-02-15 17:08:15 - [MESSAGE][PASSED] - Object: 'Object Repository/Perolehan/Left_Menu_Selection/div_PesananTempatan' is clicked on

2019-02-15 17:08:15 - [TEST_STEP][PASSED] - assert true: null

2019-02-15 17:08:15 - [TEST_STEP][PASSED] - delay(20): Delayed 20 second(s)

2019-02-15 17:08:35 - [MESSAGE][PASSED] - Delayed 20 second(s)]]></system-out>
         <system-err><![CDATA[]]></system-err>
      </testcase>
      <testcase name="Test Cases/Perolehan/002 Rekod Baru oleh Penyedia/001 Penyedia Rekod Baru" classname="Test Cases/Perolehan/002 Rekod Baru oleh Penyedia/001 Penyedia Rekod Baru" status="PASSED">
         <system-out><![CDATA[2019-02-15 17:08:35 - [TEST_CASE][PASSED] - Test Cases/Perolehan/002 Rekod Baru oleh Penyedia/001 Penyedia Rekod Baru: Test Cases/Perolehan/002 Rekod Baru oleh Penyedia/001 Penyedia Rekod Baru

2019-02-15 17:08:36 - [TEST_STEP][PASSED] - click(findTestObject("Perolehan/Penyedia_RekodBaru/button_REKODBARU")): Object: 'Object Repository/Perolehan/Penyedia_RekodBaru/button_REKODBARU' is clicked on

2019-02-15 17:08:36 - [MESSAGE][PASSED] - Object: 'Object Repository/Perolehan/Penyedia_RekodBaru/button_REKODBARU' is clicked on

2019-02-15 17:08:36 - [TEST_STEP][PASSED] - delay(10): Delayed 10 second(s)

2019-02-15 17:08:46 - [MESSAGE][PASSED] - Delayed 10 second(s)

2019-02-15 17:08:46 - [TEST_STEP][PASSED] - mydate = new java.util.Date(): null

2019-02-15 17:08:46 - [TEST_STEP][PASSED] - formattedDate = mydate.format("dd/MM/yyyy"): null

2019-02-15 17:08:46 - [TEST_STEP][PASSED] - formattedYear = mydate.format("yyyy"): null

2019-02-15 17:08:46 - [TEST_STEP][PASSED] - println(formattedDate): null

2019-02-15 17:08:46 - [TEST_STEP][PASSED] - println(formattedYear): null

2019-02-15 17:08:46 - [TEST_STEP][PASSED] - TahunKewangan = getText(findTestObject("Perolehan/Penyedia_RekodBaru/span_tahun_kewangan")): Text of object 'Object Repository/Perolehan/Penyedia_RekodBaru/span_tahun_kewangan' is: '2019'

2019-02-15 17:08:46 - [MESSAGE][PASSED] - Text of object 'Object Repository/Perolehan/Penyedia_RekodBaru/span_tahun_kewangan' is: '2019'

2019-02-15 17:08:46 - [TEST_STEP][PASSED] - verifyMatch(TahunKewangan, formattedYear, false): Actual text '2019' and expected text '2019' are matched 

2019-02-15 17:08:46 - [MESSAGE][PASSED] - Actual text '2019' and expected text '2019' are matched 

2019-02-15 17:08:46 - [TEST_STEP][PASSED] - assert true: null

2019-02-15 17:08:46 - [TEST_STEP][PASSED] - TarikhSemasa = getText(findTestObject("Perolehan/Penyedia_RekodBaru/span_tarikhSemasa")): Text of object 'Object Repository/Perolehan/Penyedia_RekodBaru/span_tarikhSemasa' is: '15/02/2019'

2019-02-15 17:08:46 - [MESSAGE][PASSED] - Text of object 'Object Repository/Perolehan/Penyedia_RekodBaru/span_tarikhSemasa' is: '15/02/2019'

2019-02-15 17:08:46 - [TEST_STEP][PASSED] - verifyMatch(formattedDate, TarikhSemasa, false): Actual text '15/02/2019' and expected text '15/02/2019' are matched 

2019-02-15 17:08:46 - [MESSAGE][PASSED] - Actual text '15/02/2019' and expected text '15/02/2019' are matched 

2019-02-15 17:08:46 - [TEST_STEP][PASSED] - verifyElementVisible(findTestObject("Perolehan/Penyedia_RekodBaru/label_Jenis Urusniaga")): Object 'Object Repository/Perolehan/Penyedia_RekodBaru/label_Jenis Urusniaga' is visible

2019-02-15 17:08:46 - [MESSAGE][PASSED] - Object 'Object Repository/Perolehan/Penyedia_RekodBaru/label_Jenis Urusniaga' is visible

2019-02-15 17:08:46 - [TEST_STEP][PASSED] - click(findTestObject("Perolehan/Penyedia_RekodBaru/a_Jenis Urusniaga _textbox-ico")): Object: 'Object Repository/Perolehan/Penyedia_RekodBaru/a_Jenis Urusniaga _textbox-ico' is clicked on

2019-02-15 17:08:46 - [MESSAGE][PASSED] - Object: 'Object Repository/Perolehan/Penyedia_RekodBaru/a_Jenis Urusniaga _textbox-ico' is clicked on

2019-02-15 17:08:46 - [TEST_STEP][PASSED] - delay(2): Delayed 2 second(s)

2019-02-15 17:08:48 - [MESSAGE][PASSED] - Delayed 2 second(s)

2019-02-15 17:08:48 - [TEST_STEP][PASSED] - click(findTestObject("Perolehan/Penyedia_RekodBaru/div_Pesanan_Tempatan_Auto")): Object: 'Object Repository/Perolehan/Penyedia_RekodBaru/div_Pesanan_Tempatan_Auto' is clicked on

2019-02-15 17:08:49 - [MESSAGE][PASSED] - Object: 'Object Repository/Perolehan/Penyedia_RekodBaru/div_Pesanan_Tempatan_Auto' is clicked on

2019-02-15 17:08:49 - [TEST_STEP][PASSED] - verifyElementPresent(findTestObject("Perolehan/Penyedia_RekodBaru/label_No. Dokumen"), 0): Object 'Object Repository/Perolehan/Penyedia_RekodBaru/label_No. Dokumen' is present

2019-02-15 17:08:49 - [MESSAGE][WARNING] - Timeout '0' is invalid. Using default page load timeout: '30'

2019-02-15 17:08:49 - [MESSAGE][PASSED] - Object 'Object Repository/Perolehan/Penyedia_RekodBaru/label_No. Dokumen' is present

2019-02-15 17:08:49 - [TEST_STEP][PASSED] - verifyElementPresent(findTestObject("Perolehan/Penyedia_RekodBaru/label_Tarikh Dokumen"), 0): Object 'Object Repository/Perolehan/Penyedia_RekodBaru/label_Tarikh Dokumen' is present

2019-02-15 17:08:49 - [MESSAGE][WARNING] - Timeout '0' is invalid. Using default page load timeout: '30'

2019-02-15 17:08:49 - [MESSAGE][PASSED] - Object 'Object Repository/Perolehan/Penyedia_RekodBaru/label_Tarikh Dokumen' is present

2019-02-15 17:08:49 - [TEST_STEP][PASSED] - verifyElementPresent(findTestObject("Perolehan/Penyedia_RekodBaru/label_Pembekal"), 0): Object 'Object Repository/Perolehan/Penyedia_RekodBaru/label_Pembekal' is present

2019-02-15 17:08:49 - [MESSAGE][WARNING] - Timeout '0' is invalid. Using default page load timeout: '30'

2019-02-15 17:08:49 - [MESSAGE][PASSED] - Object 'Object Repository/Perolehan/Penyedia_RekodBaru/label_Pembekal' is present

2019-02-15 17:08:49 - [TEST_STEP][PASSED] - verifyElementPresent(findTestObject("Perolehan/Penyedia_RekodBaru/label_Cawangan Pembekal"), 0): Object 'Object Repository/Perolehan/Penyedia_RekodBaru/label_Cawangan Pembekal' is present

2019-02-15 17:08:49 - [MESSAGE][WARNING] - Timeout '0' is invalid. Using default page load timeout: '30'

2019-02-15 17:08:49 - [MESSAGE][PASSED] - Object 'Object Repository/Perolehan/Penyedia_RekodBaru/label_Cawangan Pembekal' is present

2019-02-15 17:08:49 - [TEST_STEP][PASSED] - verifyElementPresent(findTestObject("Perolehan/Penyedia_RekodBaru/label_Sila Bekalkan Sebelum at"), 0): Object 'Object Repository/Perolehan/Penyedia_RekodBaru/label_Sila Bekalkan Sebelum at' is present

2019-02-15 17:08:49 - [MESSAGE][WARNING] - Timeout '0' is invalid. Using default page load timeout: '30'

2019-02-15 17:08:49 - [MESSAGE][PASSED] - Object 'Object Repository/Perolehan/Penyedia_RekodBaru/label_Sila Bekalkan Sebelum at' is present

2019-02-15 17:08:49 - [TEST_STEP][PASSED] - click(findTestObject("Perolehan/Penyedia_RekodBaru/a_Pembekal _textbox-icon combo")): Object: 'Object Repository/Perolehan/Penyedia_RekodBaru/a_Pembekal _textbox-icon combo' is clicked on

2019-02-15 17:08:49 - [MESSAGE][PASSED] - Object: 'Object Repository/Perolehan/Penyedia_RekodBaru/a_Pembekal _textbox-icon combo' is clicked on

2019-02-15 17:08:49 - [TEST_STEP][PASSED] - click(findTestObject("Perolehan/Penyedia_RekodBaru/Select_Pembekal_AA_DUA")): Object: 'Object Repository/Perolehan/Penyedia_RekodBaru/Select_Pembekal_AA_DUA' is clicked on

2019-02-15 17:08:49 - [MESSAGE][PASSED] - Object: 'Object Repository/Perolehan/Penyedia_RekodBaru/Select_Pembekal_AA_DUA' is clicked on

2019-02-15 17:08:49 - [TEST_STEP][PASSED] - getText(findTestObject("Perolehan/Penyedia_RekodBaru/input_No.Akaun Pembekal _textb"), STOP_ON_FAILURE): Text of object 'Object Repository/Perolehan/Penyedia_RekodBaru/input_No.Akaun Pembekal _textb' is: ''

2019-02-15 17:08:49 - [MESSAGE][PASSED] - Text of object 'Object Repository/Perolehan/Penyedia_RekodBaru/input_No.Akaun Pembekal _textb' is: ''

2019-02-15 17:08:49 - [TEST_STEP][PASSED] - getText(findTestObject("Perolehan/Penyedia_RekodBaru/input_Cawangan Pembekal _textb"), STOP_ON_FAILURE): Text of object 'Object Repository/Perolehan/Penyedia_RekodBaru/input_Cawangan Pembekal _textb' is: ''

2019-02-15 17:08:49 - [MESSAGE][PASSED] - Text of object 'Object Repository/Perolehan/Penyedia_RekodBaru/input_Cawangan Pembekal _textb' is: ''

2019-02-15 17:08:49 - [TEST_STEP][PASSED] - click(findTestObject("Perolehan/Penyedia_RekodBaru/Date_Picker_Bekal_Kerja")): Object: 'Object Repository/Perolehan/Penyedia_RekodBaru/Date_Picker_Bekal_Kerja' is clicked on

2019-02-15 17:08:49 - [MESSAGE][PASSED] - Object: 'Object Repository/Perolehan/Penyedia_RekodBaru/Date_Picker_Bekal_Kerja' is clicked on

2019-02-15 17:08:49 - [TEST_STEP][PASSED] - delay(1): Delayed 1 second(s)

2019-02-15 17:08:50 - [MESSAGE][PASSED] - Delayed 1 second(s)

2019-02-15 17:08:50 - [TEST_STEP][PASSED] - click(findTestObject("Perolehan/Penyedia_RekodBaru/Date_Picker_Bekal_Kerja_Next_Month")): Object: 'Object Repository/Perolehan/Penyedia_RekodBaru/Date_Picker_Bekal_Kerja_Next_Month' is clicked on

2019-02-15 17:08:51 - [MESSAGE][PASSED] - Object: 'Object Repository/Perolehan/Penyedia_RekodBaru/Date_Picker_Bekal_Kerja_Next_Month' is clicked on

2019-02-15 17:08:51 - [TEST_STEP][PASSED] - delay(1): Delayed 1 second(s)

2019-02-15 17:08:52 - [MESSAGE][PASSED] - Delayed 1 second(s)

2019-02-15 17:08:52 - [TEST_STEP][PASSED] - click(findTestObject("Perolehan/Penyedia_RekodBaru/Date_Picker_Bekal_Kerja_Date")): Object: 'Object Repository/Perolehan/Penyedia_RekodBaru/Date_Picker_Bekal_Kerja_Date' is clicked on

2019-02-15 17:08:52 - [MESSAGE][PASSED] - Object: 'Object Repository/Perolehan/Penyedia_RekodBaru/Date_Picker_Bekal_Kerja_Date' is clicked on

2019-02-15 17:08:52 - [TEST_STEP][PASSED] - setText(findTestObject("Perolehan/Penyedia_RekodBaru/Text_box_Perihal"), "This is a test for automation scripts - Julia"): Text 'This is a test for automation scripts - Julia' is set on object 'Object Repository/Perolehan/Penyedia_RekodBaru/Text_box_Perihal'

2019-02-15 17:08:52 - [MESSAGE][PASSED] - Text 'This is a test for automation scripts - Julia' is set on object 'Object Repository/Perolehan/Penyedia_RekodBaru/Text_box_Perihal'

2019-02-15 17:08:52 - [TEST_STEP][PASSED] - click(findTestObject("Perolehan/Penyedia_RekodBaru/button_TambahCajLine")): Object: 'Object Repository/Perolehan/Penyedia_RekodBaru/button_TambahCajLine' is clicked on

2019-02-15 17:08:52 - [MESSAGE][PASSED] - Object: 'Object Repository/Perolehan/Penyedia_RekodBaru/button_TambahCajLine' is clicked on

2019-02-15 17:08:52 - [TEST_STEP][PASSED] - click(findTestObject("Perolehan/Penyedia_RekodBaru/Drop_down_Vot_Dana")): Object: 'Object Repository/Perolehan/Penyedia_RekodBaru/Drop_down_Vot_Dana' is clicked on

2019-02-15 17:08:52 - [MESSAGE][PASSED] - Object: 'Object Repository/Perolehan/Penyedia_RekodBaru/Drop_down_Vot_Dana' is clicked on

2019-02-15 17:08:52 - [TEST_STEP][PASSED] - delay(1): Delayed 1 second(s)

2019-02-15 17:08:53 - [MESSAGE][PASSED] - Delayed 1 second(s)

2019-02-15 17:08:53 - [TEST_STEP][PASSED] - setText(findTestObject("Perolehan/Penyedia_RekodBaru/Input_Vot_Dana"), "B31"): Text 'B31' is set on object 'Object Repository/Perolehan/Penyedia_RekodBaru/Input_Vot_Dana'

2019-02-15 17:08:54 - [MESSAGE][PASSED] - Text 'B31' is set on object 'Object Repository/Perolehan/Penyedia_RekodBaru/Input_Vot_Dana'

2019-02-15 17:08:54 - [TEST_STEP][PASSED] - click(findTestObject("Perolehan/Penyedia_RekodBaru/Select_Vot_Dana_B31")): Object: 'Object Repository/Perolehan/Penyedia_RekodBaru/Select_Vot_Dana_B31' is clicked on

2019-02-15 17:08:54 - [MESSAGE][PASSED] - Object: 'Object Repository/Perolehan/Penyedia_RekodBaru/Select_Vot_Dana_B31' is clicked on

2019-02-15 17:08:54 - [TEST_STEP][PASSED] - click(findTestObject("Perolehan/Penyedia_RekodBaru/Drop_down_Program_Aktiviti")): Object: 'Object Repository/Perolehan/Penyedia_RekodBaru/Drop_down_Program_Aktiviti' is clicked on

2019-02-15 17:08:54 - [MESSAGE][PASSED] - Object: 'Object Repository/Perolehan/Penyedia_RekodBaru/Drop_down_Program_Aktiviti' is clicked on

2019-02-15 17:08:54 - [TEST_STEP][PASSED] - delay(3): Delayed 3 second(s)

2019-02-15 17:08:57 - [MESSAGE][PASSED] - Delayed 3 second(s)

2019-02-15 17:08:57 - [TEST_STEP][PASSED] - click(findTestObject("Perolehan/Penyedia_RekodBaru/Select_Program_Aktiviti_010080")): Object: 'Object Repository/Perolehan/Penyedia_RekodBaru/Select_Program_Aktiviti_010080' is clicked on

2019-02-15 17:08:57 - [MESSAGE][PASSED] - Object: 'Object Repository/Perolehan/Penyedia_RekodBaru/Select_Program_Aktiviti_010080' is clicked on

2019-02-15 17:08:57 - [TEST_STEP][PASSED] - click(findTestObject("Perolehan/Penyedia_RekodBaru/Drop_down_Kod_Akaun")): Object: 'Object Repository/Perolehan/Penyedia_RekodBaru/Drop_down_Kod_Akaun' is clicked on

2019-02-15 17:08:57 - [MESSAGE][PASSED] - Object: 'Object Repository/Perolehan/Penyedia_RekodBaru/Drop_down_Kod_Akaun' is clicked on

2019-02-15 17:08:57 - [TEST_STEP][PASSED] - delay(1): Delayed 1 second(s)

2019-02-15 17:08:58 - [MESSAGE][PASSED] - Delayed 1 second(s)

2019-02-15 17:08:58 - [TEST_STEP][PASSED] - setText(findTestObject("Perolehan/Penyedia_RekodBaru/input_kod_akaun"), "B0221101"): Text 'B0221101' is set on object 'Object Repository/Perolehan/Penyedia_RekodBaru/input_kod_akaun'

2019-02-15 17:08:59 - [MESSAGE][PASSED] - Text 'B0221101' is set on object 'Object Repository/Perolehan/Penyedia_RekodBaru/input_kod_akaun'

2019-02-15 17:08:59 - [TEST_STEP][PASSED] - delay(1): Delayed 1 second(s)

2019-02-15 17:09:00 - [MESSAGE][PASSED] - Delayed 1 second(s)

2019-02-15 17:09:00 - [TEST_STEP][PASSED] - click(findTestObject("Perolehan/Penyedia_RekodBaru/Select_Kod_Akaun_B0221101")): Object: 'Object Repository/Perolehan/Penyedia_RekodBaru/Select_Kod_Akaun_B0221101' is clicked on

2019-02-15 17:09:00 - [MESSAGE][PASSED] - Object: 'Object Repository/Perolehan/Penyedia_RekodBaru/Select_Kod_Akaun_B0221101' is clicked on

2019-02-15 17:09:00 - [TEST_STEP][PASSED] - click(findTestObject("Perolehan/Penyedia_RekodBaru/Drop_down_Kod_Barang")): Object: 'Object Repository/Perolehan/Penyedia_RekodBaru/Drop_down_Kod_Barang' is clicked on

2019-02-15 17:09:00 - [MESSAGE][PASSED] - Object: 'Object Repository/Perolehan/Penyedia_RekodBaru/Drop_down_Kod_Barang' is clicked on

2019-02-15 17:09:00 - [TEST_STEP][PASSED] - delay(2): Delayed 2 second(s)

2019-02-15 17:09:02 - [MESSAGE][PASSED] - Delayed 2 second(s)

2019-02-15 17:09:02 - [TEST_STEP][PASSED] - click(findTestObject("Perolehan/Penyedia_RekodBaru/SelectKod_Barang_2110100000000000000")): Object: 'Object Repository/Perolehan/Penyedia_RekodBaru/SelectKod_Barang_2110100000000000000' is clicked on

2019-02-15 17:09:02 - [MESSAGE][PASSED] - Object: 'Object Repository/Perolehan/Penyedia_RekodBaru/SelectKod_Barang_2110100000000000000' is clicked on

2019-02-15 17:09:02 - [TEST_STEP][PASSED] - click(findTestObject("Perolehan/Penyedia_RekodBaru/Drop_down_Kategori_Pesanan_Tempatan")): Object: 'Object Repository/Perolehan/Penyedia_RekodBaru/Drop_down_Kategori_Pesanan_Tempatan' is clicked on

2019-02-15 17:09:03 - [MESSAGE][PASSED] - Object: 'Object Repository/Perolehan/Penyedia_RekodBaru/Drop_down_Kategori_Pesanan_Tempatan' is clicked on

2019-02-15 17:09:03 - [TEST_STEP][PASSED] - click(findTestObject("Perolehan/Penyedia_RekodBaru/Select_Kategori_Pesanan_BARANG")): Object: 'Object Repository/Perolehan/Penyedia_RekodBaru/Select_Kategori_Pesanan_BARANG' is clicked on

2019-02-15 17:09:03 - [MESSAGE][PASSED] - Object: 'Object Repository/Perolehan/Penyedia_RekodBaru/Select_Kategori_Pesanan_BARANG' is clicked on

2019-02-15 17:09:03 - [TEST_STEP][PASSED] - setText(findTestObject("Perolehan/Penyedia_RekodBaru/input_kuantiti"), "5"): Text '5' is set on object 'Object Repository/Perolehan/Penyedia_RekodBaru/input_kuantiti'

2019-02-15 17:09:03 - [MESSAGE][PASSED] - Text '5' is set on object 'Object Repository/Perolehan/Penyedia_RekodBaru/input_kuantiti'

2019-02-15 17:09:03 - [TEST_STEP][PASSED] - click(findTestObject("Perolehan/Penyedia_RekodBaru/Drop_down_Unit_Ukuran")): Object: 'Object Repository/Perolehan/Penyedia_RekodBaru/Drop_down_Unit_Ukuran' is clicked on

2019-02-15 17:09:03 - [MESSAGE][PASSED] - Object: 'Object Repository/Perolehan/Penyedia_RekodBaru/Drop_down_Unit_Ukuran' is clicked on

2019-02-15 17:09:03 - [TEST_STEP][PASSED] - delay(2): Delayed 2 second(s)

2019-02-15 17:09:05 - [MESSAGE][PASSED] - Delayed 2 second(s)

2019-02-15 17:09:05 - [TEST_STEP][PASSED] - click(findTestObject("Perolehan/Penyedia_RekodBaru/select_unit_ukuran_buah")): Object: 'Object Repository/Perolehan/Penyedia_RekodBaru/select_unit_ukuran_buah' is clicked on

2019-02-15 17:09:05 - [MESSAGE][PASSED] - Object: 'Object Repository/Perolehan/Penyedia_RekodBaru/select_unit_ukuran_buah' is clicked on

2019-02-15 17:09:05 - [TEST_STEP][PASSED] - setText(findTestObject("Perolehan/Penyedia_RekodBaru/input_harga_seunit"), "1.25"): Text '1.25' is set on object 'Object Repository/Perolehan/Penyedia_RekodBaru/input_harga_seunit'

2019-02-15 17:09:05 - [MESSAGE][PASSED] - Text '1.25' is set on object 'Object Repository/Perolehan/Penyedia_RekodBaru/input_harga_seunit'

2019-02-15 17:09:05 - [TEST_STEP][PASSED] - click(findTestObject("Perolehan/Penyedia_RekodBaru/button_simpan_caj_line")): Object: 'Object Repository/Perolehan/Penyedia_RekodBaru/button_simpan_caj_line' is clicked on

2019-02-15 17:09:06 - [MESSAGE][PASSED] - Object: 'Object Repository/Perolehan/Penyedia_RekodBaru/button_simpan_caj_line' is clicked on

2019-02-15 17:09:06 - [TEST_STEP][PASSED] - delay(10): Delayed 10 second(s)

2019-02-15 17:09:16 - [MESSAGE][PASSED] - Delayed 10 second(s)

2019-02-15 17:09:16 - [TEST_STEP][PASSED] - click(findTestObject("Perolehan/Penyedia_RekodBaru/button_OK_Peruntukan_cukup")): Object: 'Object Repository/Perolehan/Penyedia_RekodBaru/button_OK_Peruntukan_cukup' is clicked on

2019-02-15 17:09:16 - [MESSAGE][PASSED] - Object: 'Object Repository/Perolehan/Penyedia_RekodBaru/button_OK_Peruntukan_cukup' is clicked on

2019-02-15 17:09:16 - [TEST_STEP][PASSED] - click(findTestObject("Perolehan/Penyedia_RekodBaru/button_Simpan_Rekod")): Object: 'Object Repository/Perolehan/Penyedia_RekodBaru/button_Simpan_Rekod' is clicked on

2019-02-15 17:09:16 - [MESSAGE][PASSED] - Object: 'Object Repository/Perolehan/Penyedia_RekodBaru/button_Simpan_Rekod' is clicked on

2019-02-15 17:09:16 - [TEST_STEP][PASSED] - delay(20): Delayed 20 second(s)

2019-02-15 17:09:36 - [MESSAGE][PASSED] - Delayed 20 second(s)

2019-02-15 17:09:36 - [TEST_STEP][PASSED] - click(findTestObject("Perolehan/Penyedia_RekodBaru/button_OK_Rekod_Berjaya_disimpan")): Object: 'Object Repository/Perolehan/Penyedia_RekodBaru/button_OK_Rekod_Berjaya_disimpan' is clicked on

2019-02-15 17:09:36 - [MESSAGE][PASSED] - Object: 'Object Repository/Perolehan/Penyedia_RekodBaru/button_OK_Rekod_Berjaya_disimpan' is clicked on

2019-02-15 17:09:36 - [TEST_STEP][PASSED] - JumlahPesananTempatan = getText(findTestObject("Perolehan/Penyedia_RekodBaru/Jumlah_pesanan_tempatan")): Text of object 'Object Repository/Perolehan/Penyedia_RekodBaru/Jumlah_pesanan_tempatan' is: '6.25'

2019-02-15 17:09:36 - [MESSAGE][PASSED] - Text of object 'Object Repository/Perolehan/Penyedia_RekodBaru/Jumlah_pesanan_tempatan' is: '6.25'

2019-02-15 17:09:36 - [TEST_STEP][PASSED] - println(JumlahPesananTempatan): null

2019-02-15 17:09:36 - [TEST_STEP][PASSED] - click(findTestObject("Perolehan/Penyedia_RekodBaru/Tab_Penghantaran_Barang")): Object: 'Object Repository/Perolehan/Penyedia_RekodBaru/Tab_Penghantaran_Barang' is clicked on

2019-02-15 17:09:36 - [MESSAGE][PASSED] - Object: 'Object Repository/Perolehan/Penyedia_RekodBaru/Tab_Penghantaran_Barang' is clicked on

2019-02-15 17:09:36 - [TEST_STEP][PASSED] - click(findTestObject("Perolehan/Penyedia_RekodBaru/button_tambah_master_barang")): Object: 'Object Repository/Perolehan/Penyedia_RekodBaru/button_tambah_master_barang' is clicked on

2019-02-15 17:09:36 - [MESSAGE][PASSED] - Object: 'Object Repository/Perolehan/Penyedia_RekodBaru/button_tambah_master_barang' is clicked on

2019-02-15 17:09:36 - [TEST_STEP][PASSED] - setText(findTestObject("Perolehan/Penyedia_RekodBaru/input_untuk_perhatian"), "Yang Berkenaan"): Text 'Yang Berkenaan' is set on object 'Object Repository/Perolehan/Penyedia_RekodBaru/input_untuk_perhatian'

2019-02-15 17:09:37 - [MESSAGE][PASSED] - Text 'Yang Berkenaan' is set on object 'Object Repository/Perolehan/Penyedia_RekodBaru/input_untuk_perhatian'

2019-02-15 17:09:37 - [TEST_STEP][PASSED] - click(findTestObject("Perolehan/Penyedia_RekodBaru/Drop_down_bekal_kepada_Jabatan")): Object: 'Object Repository/Perolehan/Penyedia_RekodBaru/Drop_down_bekal_kepada_Jabatan' is clicked on

2019-02-15 17:09:37 - [MESSAGE][PASSED] - Object: 'Object Repository/Perolehan/Penyedia_RekodBaru/Drop_down_bekal_kepada_Jabatan' is clicked on

2019-02-15 17:09:37 - [TEST_STEP][PASSED] - setText(findTestObject("Perolehan/Penyedia_RekodBaru/input_bekal_kepada_jabatan"), "004000"): Text '004000' is set on object 'Object Repository/Perolehan/Penyedia_RekodBaru/input_bekal_kepada_jabatan'

2019-02-15 17:09:38 - [MESSAGE][PASSED] - Text '004000' is set on object 'Object Repository/Perolehan/Penyedia_RekodBaru/input_bekal_kepada_jabatan'

2019-02-15 17:09:38 - [TEST_STEP][PASSED] - delay(2): Delayed 2 second(s)

2019-02-15 17:09:40 - [MESSAGE][PASSED] - Delayed 2 second(s)

2019-02-15 17:09:40 - [TEST_STEP][PASSED] - click(findTestObject("Perolehan/Penyedia_RekodBaru/select_jabatan_004000")): Object: 'Object Repository/Perolehan/Penyedia_RekodBaru/select_jabatan_004000' is clicked on

2019-02-15 17:09:40 - [MESSAGE][PASSED] - Object: 'Object Repository/Perolehan/Penyedia_RekodBaru/select_jabatan_004000' is clicked on

2019-02-15 17:09:40 - [TEST_STEP][PASSED] - click(findTestObject("Perolehan/Penyedia_RekodBaru/Drop_down_master_PTJ")): Object: 'Object Repository/Perolehan/Penyedia_RekodBaru/Drop_down_master_PTJ' is clicked on

2019-02-15 17:09:40 - [MESSAGE][PASSED] - Object: 'Object Repository/Perolehan/Penyedia_RekodBaru/Drop_down_master_PTJ' is clicked on

2019-02-15 17:09:40 - [TEST_STEP][PASSED] - delay(2): Delayed 2 second(s)

2019-02-15 17:09:42 - [MESSAGE][PASSED] - Delayed 2 second(s)

2019-02-15 17:09:42 - [TEST_STEP][PASSED] - click(findTestObject("Perolehan/Penyedia_RekodBaru/select_master_PTJ")): Object: 'Object Repository/Perolehan/Penyedia_RekodBaru/select_master_PTJ' is clicked on

2019-02-15 17:09:42 - [MESSAGE][PASSED] - Object: 'Object Repository/Perolehan/Penyedia_RekodBaru/select_master_PTJ' is clicked on

2019-02-15 17:09:42 - [TEST_STEP][PASSED] - delay(2): Delayed 2 second(s)

2019-02-15 17:09:44 - [MESSAGE][PASSED] - Delayed 2 second(s)

2019-02-15 17:09:44 - [TEST_STEP][PASSED] - click(findTestObject("Perolehan/Penyedia_RekodBaru/button_tambah_senarai_barang")): Object: 'Object Repository/Perolehan/Penyedia_RekodBaru/button_tambah_senarai_barang' is clicked on

2019-02-15 17:09:44 - [MESSAGE][PASSED] - Object: 'Object Repository/Perolehan/Penyedia_RekodBaru/button_tambah_senarai_barang' is clicked on

2019-02-15 17:09:44 - [TEST_STEP][PASSED] - delay(2): Delayed 2 second(s)

2019-02-15 17:09:46 - [MESSAGE][PASSED] - Delayed 2 second(s)

2019-02-15 17:09:46 - [TEST_STEP][PASSED] - click(findTestObject("Perolehan/Penyedia_RekodBaru/Drop_down_senarai_barang")): Object: 'Object Repository/Perolehan/Penyedia_RekodBaru/Drop_down_senarai_barang' is clicked on

2019-02-15 17:09:46 - [MESSAGE][PASSED] - Object: 'Object Repository/Perolehan/Penyedia_RekodBaru/Drop_down_senarai_barang' is clicked on

2019-02-15 17:09:46 - [TEST_STEP][PASSED] - delay(3): Delayed 3 second(s)

2019-02-15 17:09:49 - [MESSAGE][PASSED] - Delayed 3 second(s)

2019-02-15 17:09:49 - [TEST_STEP][PASSED] - click(findTestObject("Perolehan/Penyedia_RekodBaru/Drop_down_Barang_1")): Object: 'Object Repository/Perolehan/Penyedia_RekodBaru/Drop_down_Barang_1' is clicked on

2019-02-15 17:09:49 - [MESSAGE][PASSED] - Object: 'Object Repository/Perolehan/Penyedia_RekodBaru/Drop_down_Barang_1' is clicked on

2019-02-15 17:09:49 - [TEST_STEP][PASSED] - setText(findTestObject("Perolehan/Penyedia_RekodBaru/input_Kuantiti_senarai_barang"), "5"): Text '5' is set on object 'Object Repository/Perolehan/Penyedia_RekodBaru/input_Kuantiti_senarai_barang'

2019-02-15 17:09:50 - [MESSAGE][PASSED] - Text '5' is set on object 'Object Repository/Perolehan/Penyedia_RekodBaru/input_Kuantiti_senarai_barang'

2019-02-15 17:09:50 - [TEST_STEP][PASSED] - click(findTestObject("Perolehan/Penyedia_RekodBaru/button_save_senarai_barang")): Object: 'Object Repository/Perolehan/Penyedia_RekodBaru/button_save_senarai_barang' is clicked on

2019-02-15 17:09:50 - [MESSAGE][PASSED] - Object: 'Object Repository/Perolehan/Penyedia_RekodBaru/button_save_senarai_barang' is clicked on

2019-02-15 17:09:50 - [TEST_STEP][PASSED] - click(findTestObject("Perolehan/Penyedia_RekodBaru/button_simpan_maklumat_bekalan")): Object: 'Object Repository/Perolehan/Penyedia_RekodBaru/button_simpan_maklumat_bekalan' is clicked on

2019-02-15 17:09:50 - [MESSAGE][PASSED] - Object: 'Object Repository/Perolehan/Penyedia_RekodBaru/button_simpan_maklumat_bekalan' is clicked on

2019-02-15 17:09:50 - [TEST_STEP][PASSED] - click(findTestObject("Perolehan/Penyedia_RekodBaru/Tab_Pesanan_Tempatan")): Object: 'Object Repository/Perolehan/Penyedia_RekodBaru/Tab_Pesanan_Tempatan' is clicked on

2019-02-15 17:09:51 - [MESSAGE][PASSED] - Object: 'Object Repository/Perolehan/Penyedia_RekodBaru/Tab_Pesanan_Tempatan' is clicked on

2019-02-15 17:09:51 - [TEST_STEP][PASSED] - click(findTestObject("Perolehan/Penyedia_RekodBaru/button_Simpan_Rekod")): Object: 'Object Repository/Perolehan/Penyedia_RekodBaru/button_Simpan_Rekod' is clicked on

2019-02-15 17:09:51 - [MESSAGE][PASSED] - Object: 'Object Repository/Perolehan/Penyedia_RekodBaru/button_Simpan_Rekod' is clicked on

2019-02-15 17:09:51 - [TEST_STEP][PASSED] - delay(10): Delayed 10 second(s)

2019-02-15 17:10:01 - [MESSAGE][PASSED] - Delayed 10 second(s)

2019-02-15 17:10:01 - [TEST_STEP][PASSED] - takeScreenshot(): Taking screenshot successfully

2019-02-15 17:10:01 - [MESSAGE][PASSED] - Taking screenshot successfully
[[ATTACHMENT|C:\\Users\\Consultant_MSPHitect\\Katalon Studio\\TrainingonKatalon\\Reports\\Perolehan\\Perolehan\\20190215_170705\\1550221801167.png]]

2019-02-15 17:10:01 - [TEST_STEP][PASSED] - click(findTestObject("Perolehan/Penyedia_RekodBaru/button_OK_Rekod_Berjaya_disimpan")): Object: 'Object Repository/Perolehan/Penyedia_RekodBaru/button_OK_Rekod_Berjaya_disimpan' is clicked on

2019-02-15 17:10:01 - [MESSAGE][PASSED] - Object: 'Object Repository/Perolehan/Penyedia_RekodBaru/button_OK_Rekod_Berjaya_disimpan' is clicked on]]></system-out>
         <system-err><![CDATA[]]></system-err>
      </testcase>
      <testcase name="Test Cases/Perolehan/002 Rekod Baru oleh Penyedia/002 Senarai Semak" classname="Test Cases/Perolehan/002 Rekod Baru oleh Penyedia/002 Senarai Semak" status="PASSED">
         <system-out><![CDATA[2019-02-15 17:10:01 - [TEST_CASE][PASSED] - Test Cases/Perolehan/002 Rekod Baru oleh Penyedia/002 Senarai Semak: Test Cases/Perolehan/002 Rekod Baru oleh Penyedia/002 Senarai Semak

2019-02-15 17:10:02 - [TEST_STEP][PASSED] - delay(5): Delayed 5 second(s)

2019-02-15 17:10:07 - [MESSAGE][PASSED] - Delayed 5 second(s)

2019-02-15 17:10:07 - [TEST_STEP][PASSED] - click(findTestObject("Perolehan/Senarai Semak/button_Senarai Semak")): Object: 'Object Repository/Perolehan/Senarai Semak/button_Senarai Semak' is clicked on

2019-02-15 17:10:07 - [MESSAGE][PASSED] - Object: 'Object Repository/Perolehan/Senarai Semak/button_Senarai Semak' is clicked on

2019-02-15 17:10:07 - [TEST_STEP][PASSED] - delay(5): Delayed 5 second(s)

2019-02-15 17:10:12 - [MESSAGE][PASSED] - Delayed 5 second(s)

2019-02-15 17:10:12 - [TEST_STEP][PASSED] - check(findTestObject("Perolehan/Senarai Semak/Senarai_semak_IC")): Object 'Object Repository/Perolehan/Senarai Semak/Senarai_semak_IC' is checked

2019-02-15 17:10:12 - [MESSAGE][PASSED] - Object 'Object Repository/Perolehan/Senarai Semak/Senarai_semak_IC' is checked

2019-02-15 17:10:12 - [TEST_STEP][PASSED] - check(findTestObject("Perolehan/Senarai Semak/Senarai_semak_Pesanan_Tempatan")): Object 'Object Repository/Perolehan/Senarai Semak/Senarai_semak_Pesanan_Tempatan' is checked

2019-02-15 17:10:12 - [MESSAGE][PASSED] - Object 'Object Repository/Perolehan/Senarai Semak/Senarai_semak_Pesanan_Tempatan' is checked

2019-02-15 17:10:12 - [TEST_STEP][PASSED] - check(findTestObject("Perolehan/Senarai Semak/Senarai_semak_Perihal_Perolehan")): Object 'Object Repository/Perolehan/Senarai Semak/Senarai_semak_Perihal_Perolehan' is checked

2019-02-15 17:10:12 - [MESSAGE][PASSED] - Object 'Object Repository/Perolehan/Senarai Semak/Senarai_semak_Perihal_Perolehan' is checked

2019-02-15 17:10:12 - [TEST_STEP][PASSED] - click(findTestObject("Perolehan/Senarai Semak/button_simpan_senarai_semak")): Object: 'Object Repository/Perolehan/Senarai Semak/button_simpan_senarai_semak' is clicked on

2019-02-15 17:10:12 - [MESSAGE][PASSED] - Object: 'Object Repository/Perolehan/Senarai Semak/button_simpan_senarai_semak' is clicked on

2019-02-15 17:10:12 - [TEST_STEP][PASSED] - click(findTestObject("Perolehan/Senarai Semak/button_OK_Senarai_Semak_berjaya_disimpan")): Object: 'Object Repository/Perolehan/Senarai Semak/button_OK_Senarai_Semak_berjaya_disimpan' is clicked on

2019-02-15 17:10:13 - [MESSAGE][PASSED] - Object: 'Object Repository/Perolehan/Senarai Semak/button_OK_Senarai_Semak_berjaya_disimpan' is clicked on

2019-02-15 17:10:13 - [TEST_STEP][PASSED] - click(findTestObject("Perolehan/Senarai Semak/Senarai_semak_close_X")): Object: 'Object Repository/Perolehan/Senarai Semak/Senarai_semak_close_X' is clicked on

2019-02-15 17:10:13 - [MESSAGE][PASSED] - Object: 'Object Repository/Perolehan/Senarai Semak/Senarai_semak_close_X' is clicked on

2019-02-15 17:10:13 - [TEST_STEP][PASSED] - click(findTestObject("Perolehan/Penyedia_RekodBaru/button_Simpan_Rekod")): Object: 'Object Repository/Perolehan/Penyedia_RekodBaru/button_Simpan_Rekod' is clicked on

2019-02-15 17:10:13 - [MESSAGE][PASSED] - Object: 'Object Repository/Perolehan/Penyedia_RekodBaru/button_Simpan_Rekod' is clicked on

2019-02-15 17:10:13 - [TEST_STEP][PASSED] - delay(10): Delayed 10 second(s)

2019-02-15 17:10:23 - [MESSAGE][PASSED] - Delayed 10 second(s)

2019-02-15 17:10:23 - [TEST_STEP][PASSED] - click(findTestObject("Perolehan/Penyedia_RekodBaru/button_OK_Rekod_Berjaya_disimpan")): Object: 'Object Repository/Perolehan/Penyedia_RekodBaru/button_OK_Rekod_Berjaya_disimpan' is clicked on

2019-02-15 17:10:23 - [MESSAGE][PASSED] - Object: 'Object Repository/Perolehan/Penyedia_RekodBaru/button_OK_Rekod_Berjaya_disimpan' is clicked on]]></system-out>
         <system-err><![CDATA[]]></system-err>
      </testcase>
      <testcase name="Test Cases/Perolehan/002 Rekod Baru oleh Penyedia/003 Sah Simpan" classname="Test Cases/Perolehan/002 Rekod Baru oleh Penyedia/003 Sah Simpan" status="PASSED">
         <system-out><![CDATA[2019-02-15 17:10:23 - [TEST_CASE][PASSED] - Test Cases/Perolehan/002 Rekod Baru oleh Penyedia/003 Sah Simpan: Test Cases/Perolehan/002 Rekod Baru oleh Penyedia/003 Sah Simpan

2019-02-15 17:10:24 - [TEST_STEP][PASSED] - delay(5): Delayed 5 second(s)

2019-02-15 17:10:29 - [MESSAGE][PASSED] - Delayed 5 second(s)

2019-02-15 17:10:29 - [TEST_STEP][PASSED] - click(findTestObject("Perolehan/Sah_Simpan/button_Sah Simpan")): Object: 'Object Repository/Perolehan/Sah_Simpan/button_Sah Simpan' is clicked on

2019-02-15 17:10:29 - [MESSAGE][PASSED] - Object: 'Object Repository/Perolehan/Sah_Simpan/button_Sah Simpan' is clicked on

2019-02-15 17:10:29 - [TEST_STEP][PASSED] - click(findTestObject("Perolehan/Sah_Simpan/button_Ya_Sah_Simpan")): Object: 'Object Repository/Perolehan/Sah_Simpan/button_Ya_Sah_Simpan' is clicked on

2019-02-15 17:10:30 - [MESSAGE][PASSED] - Object: 'Object Repository/Perolehan/Sah_Simpan/button_Ya_Sah_Simpan' is clicked on

2019-02-15 17:10:30 - [TEST_STEP][PASSED] - delay(5): Delayed 5 second(s)

2019-02-15 17:10:35 - [MESSAGE][PASSED] - Delayed 5 second(s)

2019-02-15 17:10:35 - [TEST_STEP][PASSED] - takeScreenshot(): Taking screenshot successfully

2019-02-15 17:10:35 - [MESSAGE][PASSED] - Taking screenshot successfully
[[ATTACHMENT|C:\\Users\\Consultant_MSPHitect\\Katalon Studio\\TrainingonKatalon\\Reports\\Perolehan\\Perolehan\\20190215_170705\\1550221835033.png]]

2019-02-15 17:10:35 - [TEST_STEP][PASSED] - click(findTestObject("Perolehan/Sah_Simpan/button_OK_Sah_Simpan")): Object: 'Object Repository/Perolehan/Sah_Simpan/button_OK_Sah_Simpan' is clicked on

2019-02-15 17:10:35 - [MESSAGE][PASSED] - Object: 'Object Repository/Perolehan/Sah_Simpan/button_OK_Sah_Simpan' is clicked on

2019-02-15 17:10:35 - [TEST_STEP][PASSED] - closeBrowser(): Browser is closed

2019-02-15 17:10:36 - [MESSAGE][PASSED] - Browser is closed]]></system-out>
         <system-err><![CDATA[]]></system-err>
      </testcase>
      <testcase name="Test Cases/Perolehan/003 Pengesahan Pesanan Tempatan/Pengesahan" classname="Test Cases/Perolehan/003 Pengesahan Pesanan Tempatan/Pengesahan" status="FAILED">
         <failure type="FAILED" message="Test Cases/Perolehan/003 Pengesahan Pesanan Tempatan/Pengesahan FAILED.
Reason:
com.kms.katalon.core.exception.StepFailedException: Unable to get text of object 'Object Repository/Perolehan/Penyemak/Label_tahun_kewangan' (Root cause: com.kms.katalon.core.webui.exception.WebElementNotFoundException: Web element with id: 'Object Repository/Perolehan/Penyemak/Label_tahun_kewangan' located by 'By.xpath: //form[@id='procMaklumatIndukForm']/table/tbody/tr[2]/td[2]/span' not found)
	at com.kms.katalon.core.keyword.internal.KeywordMain.stepFailed(KeywordMain.groovy:36)
	at com.kms.katalon.core.webui.keyword.internal.WebUIKeywordMain.stepFailed(WebUIKeywordMain.groovy:65)
	at com.kms.katalon.core.webui.keyword.internal.WebUIKeywordMain.runKeyword(WebUIKeywordMain.groovy:27)
	at com.kms.katalon.core.webui.keyword.builtin.GetTextKeyword.getText(GetTextKeyword.groovy:88)
	at com.kms.katalon.core.webui.keyword.builtin.GetTextKeyword.execute(GetTextKeyword.groovy:67)
	at com.kms.katalon.core.keyword.internal.KeywordExecutor.executeKeywordForPlatform(KeywordExecutor.groovy:53)
	at com.kms.katalon.core.webui.keyword.WebUiBuiltInKeywords.getText(WebUiBuiltInKeywords.groovy:888)
	at com.kms.katalon.core.webui.keyword.WebUiBuiltInKeywords$getText$4.call(Unknown Source)
	at Pengesahan.run(Pengesahan:52)
	at com.kms.katalon.core.main.ScriptEngine.run(ScriptEngine.java:194)
	at com.kms.katalon.core.main.ScriptEngine.runScriptAsRawText(ScriptEngine.java:119)
	at com.kms.katalon.core.main.TestCaseExecutor.runScript(TestCaseExecutor.java:328)
	at com.kms.katalon.core.main.TestCaseExecutor.doExecute(TestCaseExecutor.java:319)
	at com.kms.katalon.core.main.TestCaseExecutor.processExecutionPhase(TestCaseExecutor.java:298)
	at com.kms.katalon.core.main.TestCaseExecutor.accessMainPhase(TestCaseExecutor.java:290)
	at com.kms.katalon.core.main.TestCaseExecutor.execute(TestCaseExecutor.java:224)
	at com.kms.katalon.core.main.TestSuiteExecutor.accessTestCaseMainPhase(TestSuiteExecutor.java:129)
	at com.kms.katalon.core.main.TestSuiteExecutor.accessTestSuiteMainPhase(TestSuiteExecutor.java:112)
	at com.kms.katalon.core.main.TestSuiteExecutor.execute(TestSuiteExecutor.java:81)
	at com.kms.katalon.core.main.TestCaseMain.startTestSuite(TestCaseMain.java:149)
	at com.kms.katalon.core.main.TestCaseMain$startTestSuite$0.call(Unknown Source)
	at TempTestSuite1550221625514.run(TempTestSuite1550221625514.groovy:36)
"/>
         <system-out><![CDATA[2019-02-15 17:10:36 - [TEST_CASE][FAILED] - Test Cases/Perolehan/003 Pengesahan Pesanan Tempatan/Pengesahan: Test Cases/Perolehan/003 Pengesahan Pesanan Tempatan/Pengesahan FAILED.
Reason:
com.kms.katalon.core.exception.StepFailedException: Unable to get text of object 'Object Repository/Perolehan/Penyemak/Label_tahun_kewangan' (Root cause: com.kms.katalon.core.webui.exception.WebElementNotFoundException: Web element with id: 'Object Repository/Perolehan/Penyemak/Label_tahun_kewangan' located by 'By.xpath: //form[@id='procMaklumatIndukForm']/table/tbody/tr[2]/td[2]/span' not found)
	at com.kms.katalon.core.keyword.internal.KeywordMain.stepFailed(KeywordMain.groovy:36)
	at com.kms.katalon.core.webui.keyword.internal.WebUIKeywordMain.stepFailed(WebUIKeywordMain.groovy:65)
	at com.kms.katalon.core.webui.keyword.internal.WebUIKeywordMain.runKeyword(WebUIKeywordMain.groovy:27)
	at com.kms.katalon.core.webui.keyword.builtin.GetTextKeyword.getText(GetTextKeyword.groovy:88)
	at com.kms.katalon.core.webui.keyword.builtin.GetTextKeyword.execute(GetTextKeyword.groovy:67)
	at com.kms.katalon.core.keyword.internal.KeywordExecutor.executeKeywordForPlatform(KeywordExecutor.groovy:53)
	at com.kms.katalon.core.webui.keyword.WebUiBuiltInKeywords.getText(WebUiBuiltInKeywords.groovy:888)
	at com.kms.katalon.core.webui.keyword.WebUiBuiltInKeywords$getText$4.call(Unknown Source)
	at Pengesahan.run(Pengesahan:52)
	at com.kms.katalon.core.main.ScriptEngine.run(ScriptEngine.java:194)
	at com.kms.katalon.core.main.ScriptEngine.runScriptAsRawText(ScriptEngine.java:119)
	at com.kms.katalon.core.main.TestCaseExecutor.runScript(TestCaseExecutor.java:328)
	at com.kms.katalon.core.main.TestCaseExecutor.doExecute(TestCaseExecutor.java:319)
	at com.kms.katalon.core.main.TestCaseExecutor.processExecutionPhase(TestCaseExecutor.java:298)
	at com.kms.katalon.core.main.TestCaseExecutor.accessMainPhase(TestCaseExecutor.java:290)
	at com.kms.katalon.core.main.TestCaseExecutor.execute(TestCaseExecutor.java:224)
	at com.kms.katalon.core.main.TestSuiteExecutor.accessTestCaseMainPhase(TestSuiteExecutor.java:129)
	at com.kms.katalon.core.main.TestSuiteExecutor.accessTestSuiteMainPhase(TestSuiteExecutor.java:112)
	at com.kms.katalon.core.main.TestSuiteExecutor.execute(TestSuiteExecutor.java:81)
	at com.kms.katalon.core.main.TestCaseMain.startTestSuite(TestCaseMain.java:149)
	at com.kms.katalon.core.main.TestCaseMain$startTestSuite$0.call(Unknown Source)
	at TempTestSuite1550221625514.run(TempTestSuite1550221625514.groovy:36)


2019-02-15 17:10:36 - [TEST_STEP][PASSED] - reusablefunctions.reusablefunctions.openbrowser(): reusablefunctions.reusablefunctions.openbrowser is PASSED

2019-02-15 17:10:36 - [MESSAGE][INFO] - Starting 'Chrome' driver

2019-02-15 17:10:40 - [MESSAGE][PASSED] - Browser is opened with url: 'https://175.143.52.101:7011/1SPEKSv2/'

2019-02-15 17:10:40 - [MESSAGE][PASSED] - reusablefunctions.reusablefunctions.openbrowser is PASSED

2019-02-15 17:10:40 - [TEST_STEP][PASSED] - reusablefunctions.reusablefunctions.Login(findTestData("ispekstestdata").getValue(1, 2), findTestData("ispekstestdata").getValue(2, 2)): reusablefunctions.reusablefunctions.Login is PASSED

2019-02-15 17:10:40 - [MESSAGE][PASSED] - Text '601101955194' is set on object 'Object Repository/Login/input_NoKadPengenalan'

2019-02-15 17:10:40 - [MESSAGE][PASSED] - Text ****** has been set on object 'Object Repository/Login/input_Password'

2019-02-15 17:10:43 - [MESSAGE][PASSED] - Object: 'Object Repository/Login/input_ButtonLogMasuk' is clicked on

2019-02-15 17:10:53 - [MESSAGE][PASSED] - Delayed 10 second(s)

2019-02-15 17:10:53 - [MESSAGE][PASSED] - reusablefunctions.reusablefunctions.Login is PASSED

2019-02-15 17:10:53 - [TEST_STEP][PASSED] - reusablefunctions.reusablefunctions.PerananPengesahBN(): reusablefunctions.reusablefunctions.PerananPengesahBN is PASSED

2019-02-15 17:10:53 - [MESSAGE][PASSED] - Object: 'Object Repository/Perolehan/TukarPeranan/IconTukarPeranan' is clicked on

2019-02-15 17:10:53 - [MESSAGE][PASSED] - Object: 'Object Repository/Perolehan/TukarPeranan/Radio_button_PengesahBN' is clicked on

2019-02-15 17:10:53 - [MESSAGE][PASSED] - Object: 'Object Repository/Perolehan/TukarPeranan/button_Ya' is clicked on

2019-02-15 17:11:23 - [MESSAGE][PASSED] - Delayed 30 second(s)

2019-02-15 17:11:26 - [MESSAGE][PASSED] - Text 'Peranan : [Pengesah] Peringkat : [BN]' is present on page 

2019-02-15 17:11:26 - [MESSAGE][PASSED] - reusablefunctions.reusablefunctions.PerananPengesahBN is PASSED

2019-02-15 17:11:26 - [TEST_STEP][PASSED] - doubleClick(findTestObject("Perolehan/Penyemak/Dashboard_To_Sah")): Object: 'Object Repository/Perolehan/Penyemak/Dashboard_To_Sah' is double clicked on

2019-02-15 17:11:26 - [MESSAGE][PASSED] - Object: 'Object Repository/Perolehan/Penyemak/Dashboard_To_Sah' is double clicked on

2019-02-15 17:11:26 - [TEST_STEP][PASSED] - delay(5): Delayed 5 second(s)

2019-02-15 17:11:31 - [MESSAGE][PASSED] - Delayed 5 second(s)

2019-02-15 17:11:31 - [TEST_STEP][PASSED] - doubleClick(findTestObject("Perolehan/Penyemak/Senarai_Tugas_Item_No_1")): Object: 'Object Repository/Perolehan/Penyemak/Senarai_Tugas_Item_No_1' is double clicked on

2019-02-15 17:11:32 - [MESSAGE][PASSED] - Object: 'Object Repository/Perolehan/Penyemak/Senarai_Tugas_Item_No_1' is double clicked on

2019-02-15 17:11:32 - [TEST_STEP][PASSED] - delay(5): Delayed 5 second(s)

2019-02-15 17:11:37 - [MESSAGE][PASSED] - Delayed 5 second(s)

2019-02-15 17:11:37 - [TEST_STEP][PASSED] - mydate = new java.util.Date(): null

2019-02-15 17:11:37 - [TEST_STEP][PASSED] - formattedDate = mydate.format("dd/MM/yyyy"): null

2019-02-15 17:11:37 - [TEST_STEP][PASSED] - formattedYear = mydate.format("yyyy"): null

2019-02-15 17:11:37 - [TEST_STEP][PASSED] - println(formattedDate): null

2019-02-15 17:11:37 - [TEST_STEP][PASSED] - println(formattedYear): null

2019-02-15 17:11:37 - [TEST_STEP][FAILED] - TahunKewangan = getText(findTestObject("Perolehan/Penyemak/Label_tahun_kewangan")): TahunKewangan = getText(findTestObject("Perolehan/Penyemak/Label_tahun_kewangan")) FAILED.
Reason:
com.kms.katalon.core.exception.StepFailedException: Unable to get text of object 'Object Repository/Perolehan/Penyemak/Label_tahun_kewangan' (Root cause: com.kms.katalon.core.webui.exception.WebElementNotFoundException: Web element with id: 'Object Repository/Perolehan/Penyemak/Label_tahun_kewangan' located by 'By.xpath: //form[@id='procMaklumatIndukForm']/table/tbody/tr[2]/td[2]/span' not found)
	at com.kms.katalon.core.keyword.internal.KeywordMain.stepFailed(KeywordMain.groovy:36)
	at com.kms.katalon.core.webui.keyword.internal.WebUIKeywordMain.stepFailed(WebUIKeywordMain.groovy:65)
	at com.kms.katalon.core.webui.keyword.internal.WebUIKeywordMain.runKeyword(WebUIKeywordMain.groovy:27)
	at com.kms.katalon.core.webui.keyword.builtin.GetTextKeyword.getText(GetTextKeyword.groovy:88)
	at com.kms.katalon.core.webui.keyword.builtin.GetTextKeyword.execute(GetTextKeyword.groovy:67)
	at com.kms.katalon.core.keyword.internal.KeywordExecutor.executeKeywordForPlatform(KeywordExecutor.groovy:53)
	at com.kms.katalon.core.webui.keyword.WebUiBuiltInKeywords.getText(WebUiBuiltInKeywords.groovy:888)
	at com.kms.katalon.core.webui.keyword.WebUiBuiltInKeywords$getText$4.call(Unknown Source)
	at Pengesahan.run(Pengesahan:52)
	at com.kms.katalon.core.main.ScriptEngine.run(ScriptEngine.java:194)
	at com.kms.katalon.core.main.ScriptEngine.runScriptAsRawText(ScriptEngine.java:119)
	at com.kms.katalon.core.main.TestCaseExecutor.runScript(TestCaseExecutor.java:328)
	at com.kms.katalon.core.main.TestCaseExecutor.doExecute(TestCaseExecutor.java:319)
	at com.kms.katalon.core.main.TestCaseExecutor.processExecutionPhase(TestCaseExecutor.java:298)
	at com.kms.katalon.core.main.TestCaseExecutor.accessMainPhase(TestCaseExecutor.java:290)
	at com.kms.katalon.core.main.TestCaseExecutor.execute(TestCaseExecutor.java:224)
	at com.kms.katalon.core.main.TestSuiteExecutor.accessTestCaseMainPhase(TestSuiteExecutor.java:129)
	at com.kms.katalon.core.main.TestSuiteExecutor.accessTestSuiteMainPhase(TestSuiteExecutor.java:112)
	at com.kms.katalon.core.main.TestSuiteExecutor.execute(TestSuiteExecutor.java:81)
	at com.kms.katalon.core.main.TestCaseMain.startTestSuite(TestCaseMain.java:149)
	at com.kms.katalon.core.main.TestCaseMain$startTestSuite$0.call(Unknown Source)
	at TempTestSuite1550221625514.run(TempTestSuite1550221625514.groovy:36)


2019-02-15 17:12:09 - [MESSAGE][INFO] - Unable to find the element located by 'By.xpath: //form[@id='procMaklumatIndukForm']/table/tbody/tr[2]/td[2]/span'. Please recheck the objects properties to make sure the desired element is located. 

2019-02-15 17:12:09 - [MESSAGE][FAILED] - Unable to get text of object 'Object Repository/Perolehan/Penyemak/Label_tahun_kewangan' (Root cause: com.kms.katalon.core.webui.exception.WebElementNotFoundException: Web element with id: 'Object Repository/Perolehan/Penyemak/Label_tahun_kewangan' located by 'By.xpath: //form[@id='procMaklumatIndukForm']/table/tbody/tr[2]/td[2]/span' not found)
[[ATTACHMENT|C:\\Users\\Consultant_MSPHitect\\Katalon Studio\\TrainingonKatalon\\Reports\\Perolehan\\Perolehan\\20190215_170705\\1550221929378.png]]

2019-02-15 17:12:09 - [MESSAGE][FAILED] - TahunKewangan = getText(findTestObject("Perolehan/Penyemak/Label_tahun_kewangan")) FAILED.
Reason:
com.kms.katalon.core.exception.StepFailedException: Unable to get text of object 'Object Repository/Perolehan/Penyemak/Label_tahun_kewangan' (Root cause: com.kms.katalon.core.webui.exception.WebElementNotFoundException: Web element with id: 'Object Repository/Perolehan/Penyemak/Label_tahun_kewangan' located by 'By.xpath: //form[@id='procMaklumatIndukForm']/table/tbody/tr[2]/td[2]/span' not found)
	at com.kms.katalon.core.keyword.internal.KeywordMain.stepFailed(KeywordMain.groovy:36)
	at com.kms.katalon.core.webui.keyword.internal.WebUIKeywordMain.stepFailed(WebUIKeywordMain.groovy:65)
	at com.kms.katalon.core.webui.keyword.internal.WebUIKeywordMain.runKeyword(WebUIKeywordMain.groovy:27)
	at com.kms.katalon.core.webui.keyword.builtin.GetTextKeyword.getText(GetTextKeyword.groovy:88)
	at com.kms.katalon.core.webui.keyword.builtin.GetTextKeyword.execute(GetTextKeyword.groovy:67)
	at com.kms.katalon.core.keyword.internal.KeywordExecutor.executeKeywordForPlatform(KeywordExecutor.groovy:53)
	at com.kms.katalon.core.webui.keyword.WebUiBuiltInKeywords.getText(WebUiBuiltInKeywords.groovy:888)
	at com.kms.katalon.core.webui.keyword.WebUiBuiltInKeywords$getText$4.call(Unknown Source)
	at Pengesahan.run(Pengesahan:52)
	at com.kms.katalon.core.main.ScriptEngine.run(ScriptEngine.java:194)
	at com.kms.katalon.core.main.ScriptEngine.runScriptAsRawText(ScriptEngine.java:119)
	at com.kms.katalon.core.main.TestCaseExecutor.runScript(TestCaseExecutor.java:328)
	at com.kms.katalon.core.main.TestCaseExecutor.doExecute(TestCaseExecutor.java:319)
	at com.kms.katalon.core.main.TestCaseExecutor.processExecutionPhase(TestCaseExecutor.java:298)
	at com.kms.katalon.core.main.TestCaseExecutor.accessMainPhase(TestCaseExecutor.java:290)
	at com.kms.katalon.core.main.TestCaseExecutor.execute(TestCaseExecutor.java:224)
	at com.kms.katalon.core.main.TestSuiteExecutor.accessTestCaseMainPhase(TestSuiteExecutor.java:129)
	at com.kms.katalon.core.main.TestSuiteExecutor.accessTestSuiteMainPhase(TestSuiteExecutor.java:112)
	at com.kms.katalon.core.main.TestSuiteExecutor.execute(TestSuiteExecutor.java:81)
	at com.kms.katalon.core.main.TestCaseMain.startTestSuite(TestCaseMain.java:149)
	at com.kms.katalon.core.main.TestCaseMain$startTestSuite$0.call(Unknown Source)
	at TempTestSuite1550221625514.run(TempTestSuite1550221625514.groovy:36)]]></system-out>
         <system-err><![CDATA[2019-02-15 17:10:36 - [TEST_CASE][FAILED] - Test Cases/Perolehan/003 Pengesahan Pesanan Tempatan/Pengesahan: Test Cases/Perolehan/003 Pengesahan Pesanan Tempatan/Pengesahan FAILED.
Reason:
com.kms.katalon.core.exception.StepFailedException: Unable to get text of object 'Object Repository/Perolehan/Penyemak/Label_tahun_kewangan' (Root cause: com.kms.katalon.core.webui.exception.WebElementNotFoundException: Web element with id: 'Object Repository/Perolehan/Penyemak/Label_tahun_kewangan' located by 'By.xpath: //form[@id='procMaklumatIndukForm']/table/tbody/tr[2]/td[2]/span' not found)
	at com.kms.katalon.core.keyword.internal.KeywordMain.stepFailed(KeywordMain.groovy:36)
	at com.kms.katalon.core.webui.keyword.internal.WebUIKeywordMain.stepFailed(WebUIKeywordMain.groovy:65)
	at com.kms.katalon.core.webui.keyword.internal.WebUIKeywordMain.runKeyword(WebUIKeywordMain.groovy:27)
	at com.kms.katalon.core.webui.keyword.builtin.GetTextKeyword.getText(GetTextKeyword.groovy:88)
	at com.kms.katalon.core.webui.keyword.builtin.GetTextKeyword.execute(GetTextKeyword.groovy:67)
	at com.kms.katalon.core.keyword.internal.KeywordExecutor.executeKeywordForPlatform(KeywordExecutor.groovy:53)
	at com.kms.katalon.core.webui.keyword.WebUiBuiltInKeywords.getText(WebUiBuiltInKeywords.groovy:888)
	at com.kms.katalon.core.webui.keyword.WebUiBuiltInKeywords$getText$4.call(Unknown Source)
	at Pengesahan.run(Pengesahan:52)
	at com.kms.katalon.core.main.ScriptEngine.run(ScriptEngine.java:194)
	at com.kms.katalon.core.main.ScriptEngine.runScriptAsRawText(ScriptEngine.java:119)
	at com.kms.katalon.core.main.TestCaseExecutor.runScript(TestCaseExecutor.java:328)
	at com.kms.katalon.core.main.TestCaseExecutor.doExecute(TestCaseExecutor.java:319)
	at com.kms.katalon.core.main.TestCaseExecutor.processExecutionPhase(TestCaseExecutor.java:298)
	at com.kms.katalon.core.main.TestCaseExecutor.accessMainPhase(TestCaseExecutor.java:290)
	at com.kms.katalon.core.main.TestCaseExecutor.execute(TestCaseExecutor.java:224)
	at com.kms.katalon.core.main.TestSuiteExecutor.accessTestCaseMainPhase(TestSuiteExecutor.java:129)
	at com.kms.katalon.core.main.TestSuiteExecutor.accessTestSuiteMainPhase(TestSuiteExecutor.java:112)
	at com.kms.katalon.core.main.TestSuiteExecutor.execute(TestSuiteExecutor.java:81)
	at com.kms.katalon.core.main.TestCaseMain.startTestSuite(TestCaseMain.java:149)
	at com.kms.katalon.core.main.TestCaseMain$startTestSuite$0.call(Unknown Source)
	at TempTestSuite1550221625514.run(TempTestSuite1550221625514.groovy:36)]]></system-err>
      </testcase>
      <testcase name="Test Cases/Perolehan/004 Pelulus Pesanan Tempatan/Pelulus" classname="Test Cases/Perolehan/004 Pelulus Pesanan Tempatan/Pelulus" status="FAILED">
         <failure type="FAILED" message="Test Cases/Perolehan/004 Pelulus Pesanan Tempatan/Pelulus FAILED.
Reason:
com.kms.katalon.core.exception.StepFailedException: Unable to verify match between actual text '47,000.00' and expected text '6.25' (Root cause: com.kms.katalon.core.exception.StepFailedException: Actual text '47,000.00' and expected text '6.25' are not matched)
	at com.kms.katalon.core.keyword.internal.KeywordMain.stepFailed(KeywordMain.groovy:36)
	at com.kms.katalon.core.keyword.internal.KeywordMain.stepFailed(KeywordMain.groovy)
	at com.kms.katalon.core.keyword.internal.KeywordMain.runKeyword(KeywordMain.groovy:56)
	at com.kms.katalon.core.keyword.builtin.VerifyMatchKeyword.verifyMatch(VerifyMatchKeyword.groovy:60)
	at com.kms.katalon.core.keyword.builtin.VerifyMatchKeyword.execute(VerifyMatchKeyword.groovy:45)
	at com.kms.katalon.core.keyword.internal.KeywordExecutor.executeKeywordForPlatform(KeywordExecutor.groovy:53)
	at com.kms.katalon.core.keyword.BuiltinKeywords.verifyMatch(BuiltinKeywords.groovy:73)
	at Pelulus.run(Pelulus:89)
	at com.kms.katalon.core.main.ScriptEngine.run(ScriptEngine.java:194)
	at com.kms.katalon.core.main.ScriptEngine.runScriptAsRawText(ScriptEngine.java:119)
	at com.kms.katalon.core.main.TestCaseExecutor.runScript(TestCaseExecutor.java:328)
	at com.kms.katalon.core.main.TestCaseExecutor.doExecute(TestCaseExecutor.java:319)
	at com.kms.katalon.core.main.TestCaseExecutor.processExecutionPhase(TestCaseExecutor.java:298)
	at com.kms.katalon.core.main.TestCaseExecutor.accessMainPhase(TestCaseExecutor.java:290)
	at com.kms.katalon.core.main.TestCaseExecutor.execute(TestCaseExecutor.java:224)
	at com.kms.katalon.core.main.TestSuiteExecutor.accessTestCaseMainPhase(TestSuiteExecutor.java:129)
	at com.kms.katalon.core.main.TestSuiteExecutor.accessTestSuiteMainPhase(TestSuiteExecutor.java:112)
	at com.kms.katalon.core.main.TestSuiteExecutor.execute(TestSuiteExecutor.java:81)
	at com.kms.katalon.core.main.TestCaseMain.startTestSuite(TestCaseMain.java:149)
	at com.kms.katalon.core.main.TestCaseMain$startTestSuite$0.call(Unknown Source)
	at TempTestSuite1550221625514.run(TempTestSuite1550221625514.groovy:36)
"/>
         <system-out><![CDATA[2019-02-15 17:12:09 - [TEST_CASE][FAILED] - Test Cases/Perolehan/004 Pelulus Pesanan Tempatan/Pelulus: Test Cases/Perolehan/004 Pelulus Pesanan Tempatan/Pelulus FAILED.
Reason:
com.kms.katalon.core.exception.StepFailedException: Unable to verify match between actual text '47,000.00' and expected text '6.25' (Root cause: com.kms.katalon.core.exception.StepFailedException: Actual text '47,000.00' and expected text '6.25' are not matched)
	at com.kms.katalon.core.keyword.internal.KeywordMain.stepFailed(KeywordMain.groovy:36)
	at com.kms.katalon.core.keyword.internal.KeywordMain.stepFailed(KeywordMain.groovy)
	at com.kms.katalon.core.keyword.internal.KeywordMain.runKeyword(KeywordMain.groovy:56)
	at com.kms.katalon.core.keyword.builtin.VerifyMatchKeyword.verifyMatch(VerifyMatchKeyword.groovy:60)
	at com.kms.katalon.core.keyword.builtin.VerifyMatchKeyword.execute(VerifyMatchKeyword.groovy:45)
	at com.kms.katalon.core.keyword.internal.KeywordExecutor.executeKeywordForPlatform(KeywordExecutor.groovy:53)
	at com.kms.katalon.core.keyword.BuiltinKeywords.verifyMatch(BuiltinKeywords.groovy:73)
	at Pelulus.run(Pelulus:89)
	at com.kms.katalon.core.main.ScriptEngine.run(ScriptEngine.java:194)
	at com.kms.katalon.core.main.ScriptEngine.runScriptAsRawText(ScriptEngine.java:119)
	at com.kms.katalon.core.main.TestCaseExecutor.runScript(TestCaseExecutor.java:328)
	at com.kms.katalon.core.main.TestCaseExecutor.doExecute(TestCaseExecutor.java:319)
	at com.kms.katalon.core.main.TestCaseExecutor.processExecutionPhase(TestCaseExecutor.java:298)
	at com.kms.katalon.core.main.TestCaseExecutor.accessMainPhase(TestCaseExecutor.java:290)
	at com.kms.katalon.core.main.TestCaseExecutor.execute(TestCaseExecutor.java:224)
	at com.kms.katalon.core.main.TestSuiteExecutor.accessTestCaseMainPhase(TestSuiteExecutor.java:129)
	at com.kms.katalon.core.main.TestSuiteExecutor.accessTestSuiteMainPhase(TestSuiteExecutor.java:112)
	at com.kms.katalon.core.main.TestSuiteExecutor.execute(TestSuiteExecutor.java:81)
	at com.kms.katalon.core.main.TestCaseMain.startTestSuite(TestCaseMain.java:149)
	at com.kms.katalon.core.main.TestCaseMain$startTestSuite$0.call(Unknown Source)
	at TempTestSuite1550221625514.run(TempTestSuite1550221625514.groovy:36)


2019-02-15 17:12:10 - [TEST_STEP][PASSED] - reusablefunctions.reusablefunctions.openbrowser(): reusablefunctions.reusablefunctions.openbrowser is PASSED

2019-02-15 17:12:10 - [MESSAGE][WARNING] - A browser is already opened. Closing browser and opening a new one

2019-02-15 17:12:10 - [MESSAGE][INFO] - Starting 'Chrome' driver

2019-02-15 17:12:14 - [MESSAGE][PASSED] - Browser is opened with url: 'https://175.143.52.101:7011/1SPEKSv2/'

2019-02-15 17:12:14 - [MESSAGE][PASSED] - reusablefunctions.reusablefunctions.openbrowser is PASSED

2019-02-15 17:12:14 - [TEST_STEP][PASSED] - reusablefunctions.reusablefunctions.Login(findTestData("ispekstestdata").getValue(1, 2), findTestData("ispekstestdata").getValue(2, 2)): reusablefunctions.reusablefunctions.Login is PASSED

2019-02-15 17:12:15 - [MESSAGE][PASSED] - Text '601101955194' is set on object 'Object Repository/Login/input_NoKadPengenalan'

2019-02-15 17:12:15 - [MESSAGE][PASSED] - Text ****** has been set on object 'Object Repository/Login/input_Password'

2019-02-15 17:12:17 - [MESSAGE][PASSED] - Object: 'Object Repository/Login/input_ButtonLogMasuk' is clicked on

2019-02-15 17:12:27 - [MESSAGE][PASSED] - Delayed 10 second(s)

2019-02-15 17:12:27 - [MESSAGE][PASSED] - reusablefunctions.reusablefunctions.Login is PASSED

2019-02-15 17:12:27 - [TEST_STEP][PASSED] - reusablefunctions.reusablefunctions.PerananPelulusPTJ(): reusablefunctions.reusablefunctions.PerananPelulusPTJ is PASSED

2019-02-15 17:12:27 - [MESSAGE][PASSED] - Object: 'Object Repository/Perolehan/TukarPeranan/IconTukarPeranan' is clicked on

2019-02-15 17:12:27 - [MESSAGE][PASSED] - Object: 'Object Repository/Perolehan/TukarPeranan/Radio_button_PelulusPTJ' is clicked on

2019-02-15 17:12:27 - [MESSAGE][PASSED] - Object: 'Object Repository/Perolehan/TukarPeranan/button_Ya' is clicked on

2019-02-15 17:12:57 - [MESSAGE][PASSED] - Delayed 30 second(s)

2019-02-15 17:13:00 - [MESSAGE][PASSED] - Text 'Peranan : [Pelulus] Peringkat : [PTJ]' is present on page 

2019-02-15 17:13:00 - [MESSAGE][PASSED] - reusablefunctions.reusablefunctions.PerananPelulusPTJ is PASSED

2019-02-15 17:13:00 - [TEST_STEP][PASSED] - doubleClick(findTestObject("Perolehan/Pelulus/Dashboard_To_Lulus")): Object: 'Object Repository/Perolehan/Pelulus/Dashboard_To_Lulus' is double clicked on

2019-02-15 17:13:01 - [MESSAGE][PASSED] - Object: 'Object Repository/Perolehan/Pelulus/Dashboard_To_Lulus' is double clicked on

2019-02-15 17:13:01 - [TEST_STEP][PASSED] - delay(5): Delayed 5 second(s)

2019-02-15 17:13:06 - [MESSAGE][PASSED] - Delayed 5 second(s)

2019-02-15 17:13:06 - [TEST_STEP][PASSED] - doubleClick(findTestObject("Perolehan/Pelulus/Senarai_Tugas_Item_No_1")): Object: 'Object Repository/Perolehan/Pelulus/Senarai_Tugas_Item_No_1' is double clicked on

2019-02-15 17:13:06 - [MESSAGE][PASSED] - Object: 'Object Repository/Perolehan/Pelulus/Senarai_Tugas_Item_No_1' is double clicked on

2019-02-15 17:13:06 - [TEST_STEP][PASSED] - delay(5): Delayed 5 second(s)

2019-02-15 17:13:11 - [MESSAGE][PASSED] - Delayed 5 second(s)

2019-02-15 17:13:11 - [TEST_STEP][PASSED] - mydate = new java.util.Date(): null

2019-02-15 17:13:11 - [TEST_STEP][PASSED] - formattedDate = mydate.format("dd/MM/yyyy"): null

2019-02-15 17:13:11 - [TEST_STEP][PASSED] - formattedYear = mydate.format("yyyy"): null

2019-02-15 17:13:11 - [TEST_STEP][PASSED] - println(formattedDate): null

2019-02-15 17:13:11 - [TEST_STEP][PASSED] - println(formattedYear): null

2019-02-15 17:13:11 - [TEST_STEP][PASSED] - TahunKewangan = getText(findTestObject("Perolehan/Penyemak/Label_tahun_kewangan")): Text of object 'Object Repository/Perolehan/Penyemak/Label_tahun_kewangan' is: '2019'

2019-02-15 17:13:11 - [MESSAGE][PASSED] - Text of object 'Object Repository/Perolehan/Penyemak/Label_tahun_kewangan' is: '2019'

2019-02-15 17:13:11 - [TEST_STEP][PASSED] - verifyMatch(TahunKewangan, formattedYear, false): Actual text '2019' and expected text '2019' are matched 

2019-02-15 17:13:11 - [MESSAGE][PASSED] - Actual text '2019' and expected text '2019' are matched 

2019-02-15 17:13:11 - [TEST_STEP][PASSED] - TarikhSemasa = getText(findTestObject("Perolehan/Penyemak/Label_Tarikh_semasa")): Text of object 'Object Repository/Perolehan/Penyemak/Label_Tarikh_semasa' is: '15/02/2019'

2019-02-15 17:13:11 - [MESSAGE][PASSED] - Text of object 'Object Repository/Perolehan/Penyemak/Label_Tarikh_semasa' is: '15/02/2019'

2019-02-15 17:13:11 - [TEST_STEP][PASSED] - verifyMatch(TarikhSemasa, formattedDate, false): Actual text '15/02/2019' and expected text '15/02/2019' are matched 

2019-02-15 17:13:11 - [MESSAGE][PASSED] - Actual text '15/02/2019' and expected text '15/02/2019' are matched 

2019-02-15 17:13:11 - [TEST_STEP][PASSED] - RekodberjayaRekodID = getText(findTestObject("Perolehan/Pelulus/NO_REKOD")): Text of object 'Object Repository/Perolehan/Pelulus/NO_REKOD' is: 'PESANAN TEMPATAN [ NO REKOD: 18DAPT030100208 ]'

2019-02-15 17:13:11 - [MESSAGE][PASSED] - Text of object 'Object Repository/Perolehan/Pelulus/NO_REKOD' is: 'PESANAN TEMPATAN [ NO REKOD: 18DAPT030100208 ]'

2019-02-15 17:13:11 - [TEST_STEP][PASSED] - println(RekodberjayaRekodID): null

2019-02-15 17:13:11 - [TEST_STEP][PASSED] - RekodNo = RekodberjayaRekodID[(29..43)]: null

2019-02-15 17:13:11 - [TEST_STEP][PASSED] - println(RekodNo): null

2019-02-15 17:13:11 - [TEST_STEP][PASSED] - RekodID = RekodNo: null

2019-02-15 17:13:11 - [TEST_STEP][PASSED] - println(RekodID): null

2019-02-15 17:13:11 - [TEST_STEP][PASSED] - jumlah = getText(findTestObject("Perolehan/Penyemak/label_Jumlah_pesanan_tempatan")): Text of object 'Object Repository/Perolehan/Penyemak/label_Jumlah_pesanan_tempatan' is: '47,000.00'

2019-02-15 17:13:11 - [MESSAGE][PASSED] - Text of object 'Object Repository/Perolehan/Penyemak/label_Jumlah_pesanan_tempatan' is: '47,000.00'

2019-02-15 17:13:11 - [TEST_STEP][PASSED] - println(jumlah): null

2019-02-15 17:13:11 - [TEST_STEP][FAILED] - verifyMatch(jumlah, "6.25", false): verifyMatch(jumlah, "6.25", false) FAILED.
Reason:
com.kms.katalon.core.exception.StepFailedException: Unable to verify match between actual text '47,000.00' and expected text '6.25' (Root cause: com.kms.katalon.core.exception.StepFailedException: Actual text '47,000.00' and expected text '6.25' are not matched)
	at com.kms.katalon.core.keyword.internal.KeywordMain.stepFailed(KeywordMain.groovy:36)
	at com.kms.katalon.core.keyword.internal.KeywordMain.stepFailed(KeywordMain.groovy)
	at com.kms.katalon.core.keyword.internal.KeywordMain.runKeyword(KeywordMain.groovy:56)
	at com.kms.katalon.core.keyword.builtin.VerifyMatchKeyword.verifyMatch(VerifyMatchKeyword.groovy:60)
	at com.kms.katalon.core.keyword.builtin.VerifyMatchKeyword.execute(VerifyMatchKeyword.groovy:45)
	at com.kms.katalon.core.keyword.internal.KeywordExecutor.executeKeywordForPlatform(KeywordExecutor.groovy:53)
	at com.kms.katalon.core.keyword.BuiltinKeywords.verifyMatch(BuiltinKeywords.groovy:73)
	at Pelulus.run(Pelulus:89)
	at com.kms.katalon.core.main.ScriptEngine.run(ScriptEngine.java:194)
	at com.kms.katalon.core.main.ScriptEngine.runScriptAsRawText(ScriptEngine.java:119)
	at com.kms.katalon.core.main.TestCaseExecutor.runScript(TestCaseExecutor.java:328)
	at com.kms.katalon.core.main.TestCaseExecutor.doExecute(TestCaseExecutor.java:319)
	at com.kms.katalon.core.main.TestCaseExecutor.processExecutionPhase(TestCaseExecutor.java:298)
	at com.kms.katalon.core.main.TestCaseExecutor.accessMainPhase(TestCaseExecutor.java:290)
	at com.kms.katalon.core.main.TestCaseExecutor.execute(TestCaseExecutor.java:224)
	at com.kms.katalon.core.main.TestSuiteExecutor.accessTestCaseMainPhase(TestSuiteExecutor.java:129)
	at com.kms.katalon.core.main.TestSuiteExecutor.accessTestSuiteMainPhase(TestSuiteExecutor.java:112)
	at com.kms.katalon.core.main.TestSuiteExecutor.execute(TestSuiteExecutor.java:81)
	at com.kms.katalon.core.main.TestCaseMain.startTestSuite(TestCaseMain.java:149)
	at com.kms.katalon.core.main.TestCaseMain$startTestSuite$0.call(Unknown Source)
	at TempTestSuite1550221625514.run(TempTestSuite1550221625514.groovy:36)


2019-02-15 17:13:11 - [MESSAGE][FAILED] - Unable to verify match between actual text '47,000.00' and expected text '6.25' (Root cause: com.kms.katalon.core.exception.StepFailedException: Actual text '47,000.00' and expected text '6.25' are not matched)

2019-02-15 17:13:11 - [MESSAGE][FAILED] - verifyMatch(jumlah, "6.25", false) FAILED.
Reason:
com.kms.katalon.core.exception.StepFailedException: Unable to verify match between actual text '47,000.00' and expected text '6.25' (Root cause: com.kms.katalon.core.exception.StepFailedException: Actual text '47,000.00' and expected text '6.25' are not matched)
	at com.kms.katalon.core.keyword.internal.KeywordMain.stepFailed(KeywordMain.groovy:36)
	at com.kms.katalon.core.keyword.internal.KeywordMain.stepFailed(KeywordMain.groovy)
	at com.kms.katalon.core.keyword.internal.KeywordMain.runKeyword(KeywordMain.groovy:56)
	at com.kms.katalon.core.keyword.builtin.VerifyMatchKeyword.verifyMatch(VerifyMatchKeyword.groovy:60)
	at com.kms.katalon.core.keyword.builtin.VerifyMatchKeyword.execute(VerifyMatchKeyword.groovy:45)
	at com.kms.katalon.core.keyword.internal.KeywordExecutor.executeKeywordForPlatform(KeywordExecutor.groovy:53)
	at com.kms.katalon.core.keyword.BuiltinKeywords.verifyMatch(BuiltinKeywords.groovy:73)
	at Pelulus.run(Pelulus:89)
	at com.kms.katalon.core.main.ScriptEngine.run(ScriptEngine.java:194)
	at com.kms.katalon.core.main.ScriptEngine.runScriptAsRawText(ScriptEngine.java:119)
	at com.kms.katalon.core.main.TestCaseExecutor.runScript(TestCaseExecutor.java:328)
	at com.kms.katalon.core.main.TestCaseExecutor.doExecute(TestCaseExecutor.java:319)
	at com.kms.katalon.core.main.TestCaseExecutor.processExecutionPhase(TestCaseExecutor.java:298)
	at com.kms.katalon.core.main.TestCaseExecutor.accessMainPhase(TestCaseExecutor.java:290)
	at com.kms.katalon.core.main.TestCaseExecutor.execute(TestCaseExecutor.java:224)
	at com.kms.katalon.core.main.TestSuiteExecutor.accessTestCaseMainPhase(TestSuiteExecutor.java:129)
	at com.kms.katalon.core.main.TestSuiteExecutor.accessTestSuiteMainPhase(TestSuiteExecutor.java:112)
	at com.kms.katalon.core.main.TestSuiteExecutor.execute(TestSuiteExecutor.java:81)
	at com.kms.katalon.core.main.TestCaseMain.startTestSuite(TestCaseMain.java:149)
	at com.kms.katalon.core.main.TestCaseMain$startTestSuite$0.call(Unknown Source)
	at TempTestSuite1550221625514.run(TempTestSuite1550221625514.groovy:36)]]></system-out>
         <system-err><![CDATA[2019-02-15 17:12:09 - [TEST_CASE][FAILED] - Test Cases/Perolehan/004 Pelulus Pesanan Tempatan/Pelulus: Test Cases/Perolehan/004 Pelulus Pesanan Tempatan/Pelulus FAILED.
Reason:
com.kms.katalon.core.exception.StepFailedException: Unable to verify match between actual text '47,000.00' and expected text '6.25' (Root cause: com.kms.katalon.core.exception.StepFailedException: Actual text '47,000.00' and expected text '6.25' are not matched)
	at com.kms.katalon.core.keyword.internal.KeywordMain.stepFailed(KeywordMain.groovy:36)
	at com.kms.katalon.core.keyword.internal.KeywordMain.stepFailed(KeywordMain.groovy)
	at com.kms.katalon.core.keyword.internal.KeywordMain.runKeyword(KeywordMain.groovy:56)
	at com.kms.katalon.core.keyword.builtin.VerifyMatchKeyword.verifyMatch(VerifyMatchKeyword.groovy:60)
	at com.kms.katalon.core.keyword.builtin.VerifyMatchKeyword.execute(VerifyMatchKeyword.groovy:45)
	at com.kms.katalon.core.keyword.internal.KeywordExecutor.executeKeywordForPlatform(KeywordExecutor.groovy:53)
	at com.kms.katalon.core.keyword.BuiltinKeywords.verifyMatch(BuiltinKeywords.groovy:73)
	at Pelulus.run(Pelulus:89)
	at com.kms.katalon.core.main.ScriptEngine.run(ScriptEngine.java:194)
	at com.kms.katalon.core.main.ScriptEngine.runScriptAsRawText(ScriptEngine.java:119)
	at com.kms.katalon.core.main.TestCaseExecutor.runScript(TestCaseExecutor.java:328)
	at com.kms.katalon.core.main.TestCaseExecutor.doExecute(TestCaseExecutor.java:319)
	at com.kms.katalon.core.main.TestCaseExecutor.processExecutionPhase(TestCaseExecutor.java:298)
	at com.kms.katalon.core.main.TestCaseExecutor.accessMainPhase(TestCaseExecutor.java:290)
	at com.kms.katalon.core.main.TestCaseExecutor.execute(TestCaseExecutor.java:224)
	at com.kms.katalon.core.main.TestSuiteExecutor.accessTestCaseMainPhase(TestSuiteExecutor.java:129)
	at com.kms.katalon.core.main.TestSuiteExecutor.accessTestSuiteMainPhase(TestSuiteExecutor.java:112)
	at com.kms.katalon.core.main.TestSuiteExecutor.execute(TestSuiteExecutor.java:81)
	at com.kms.katalon.core.main.TestCaseMain.startTestSuite(TestCaseMain.java:149)
	at com.kms.katalon.core.main.TestCaseMain$startTestSuite$0.call(Unknown Source)
	at TempTestSuite1550221625514.run(TempTestSuite1550221625514.groovy:36)]]></system-err>
      </testcase>
      <testcase name="Test Cases/Perolehan/005 Terimaan Barang Perkhidmatan/001 Proses Kemasukan Terimaan Barang" classname="Test Cases/Perolehan/005 Terimaan Barang Perkhidmatan/001 Proses Kemasukan Terimaan Barang" status="FAILED">
         <failure type="FAILED" message="Test Cases/Perolehan/005 Terimaan Barang Perkhidmatan/001 Proses Kemasukan Terimaan Barang FAILED.
Reason:
com.kms.katalon.core.exception.StepFailedException: Unable to click on object 'Object Repository/Perolehan/Kemasukan Terimaan/Carian_Pesanan_Tempatan_Auto' (Root cause: com.kms.katalon.core.webui.exception.WebElementNotFoundException: Web element with id: 'Object Repository/Perolehan/Kemasukan Terimaan/Carian_Pesanan_Tempatan_Auto' located by 'By.xpath: //div[@class='datagrid-cell datagrid-cell-c2-perihal'][contains(text(),'PESANAN TEMPATAN AUTO')]' not found)
	at com.kms.katalon.core.keyword.internal.KeywordMain.stepFailed(KeywordMain.groovy:36)
	at com.kms.katalon.core.webui.keyword.internal.WebUIKeywordMain.stepFailed(WebUIKeywordMain.groovy:65)
	at com.kms.katalon.core.webui.keyword.internal.WebUIKeywordMain.runKeyword(WebUIKeywordMain.groovy:27)
	at com.kms.katalon.core.webui.keyword.builtin.ClickKeyword.click(ClickKeyword.groovy:86)
	at com.kms.katalon.core.webui.keyword.builtin.ClickKeyword.execute(ClickKeyword.groovy:67)
	at com.kms.katalon.core.keyword.internal.KeywordExecutor.executeKeywordForPlatform(KeywordExecutor.groovy:53)
	at com.kms.katalon.core.webui.keyword.WebUiBuiltInKeywords.click(WebUiBuiltInKeywords.groovy:616)
	at com.kms.katalon.core.webui.keyword.WebUiBuiltInKeywords$click$2.call(Unknown Source)
	at 001 Proses Kemasukan Terimaan Barang.run(001 Proses Kemasukan Terimaan Barang:53)
	at com.kms.katalon.core.main.ScriptEngine.run(ScriptEngine.java:194)
	at com.kms.katalon.core.main.ScriptEngine.runScriptAsRawText(ScriptEngine.java:119)
	at com.kms.katalon.core.main.TestCaseExecutor.runScript(TestCaseExecutor.java:328)
	at com.kms.katalon.core.main.TestCaseExecutor.doExecute(TestCaseExecutor.java:319)
	at com.kms.katalon.core.main.TestCaseExecutor.processExecutionPhase(TestCaseExecutor.java:298)
	at com.kms.katalon.core.main.TestCaseExecutor.accessMainPhase(TestCaseExecutor.java:290)
	at com.kms.katalon.core.main.TestCaseExecutor.execute(TestCaseExecutor.java:224)
	at com.kms.katalon.core.main.TestSuiteExecutor.accessTestCaseMainPhase(TestSuiteExecutor.java:129)
	at com.kms.katalon.core.main.TestSuiteExecutor.accessTestSuiteMainPhase(TestSuiteExecutor.java:112)
	at com.kms.katalon.core.main.TestSuiteExecutor.execute(TestSuiteExecutor.java:81)
	at com.kms.katalon.core.main.TestCaseMain.startTestSuite(TestCaseMain.java:149)
	at com.kms.katalon.core.main.TestCaseMain$startTestSuite$0.call(Unknown Source)
	at TempTestSuite1550221625514.run(TempTestSuite1550221625514.groovy:36)
"/>
         <system-out><![CDATA[2019-02-15 17:13:11 - [TEST_CASE][FAILED] - Test Cases/Perolehan/005 Terimaan Barang Perkhidmatan/001 Proses Kemasukan Terimaan Barang: Test Cases/Perolehan/005 Terimaan Barang Perkhidmatan/001 Proses Kemasukan Terimaan Barang FAILED.
Reason:
com.kms.katalon.core.exception.StepFailedException: Unable to click on object 'Object Repository/Perolehan/Kemasukan Terimaan/Carian_Pesanan_Tempatan_Auto' (Root cause: com.kms.katalon.core.webui.exception.WebElementNotFoundException: Web element with id: 'Object Repository/Perolehan/Kemasukan Terimaan/Carian_Pesanan_Tempatan_Auto' located by 'By.xpath: //div[@class='datagrid-cell datagrid-cell-c2-perihal'][contains(text(),'PESANAN TEMPATAN AUTO')]' not found)
	at com.kms.katalon.core.keyword.internal.KeywordMain.stepFailed(KeywordMain.groovy:36)
	at com.kms.katalon.core.webui.keyword.internal.WebUIKeywordMain.stepFailed(WebUIKeywordMain.groovy:65)
	at com.kms.katalon.core.webui.keyword.internal.WebUIKeywordMain.runKeyword(WebUIKeywordMain.groovy:27)
	at com.kms.katalon.core.webui.keyword.builtin.ClickKeyword.click(ClickKeyword.groovy:86)
	at com.kms.katalon.core.webui.keyword.builtin.ClickKeyword.execute(ClickKeyword.groovy:67)
	at com.kms.katalon.core.keyword.internal.KeywordExecutor.executeKeywordForPlatform(KeywordExecutor.groovy:53)
	at com.kms.katalon.core.webui.keyword.WebUiBuiltInKeywords.click(WebUiBuiltInKeywords.groovy:616)
	at com.kms.katalon.core.webui.keyword.WebUiBuiltInKeywords$click$2.call(Unknown Source)
	at 001 Proses Kemasukan Terimaan Barang.run(001 Proses Kemasukan Terimaan Barang:53)
	at com.kms.katalon.core.main.ScriptEngine.run(ScriptEngine.java:194)
	at com.kms.katalon.core.main.ScriptEngine.runScriptAsRawText(ScriptEngine.java:119)
	at com.kms.katalon.core.main.TestCaseExecutor.runScript(TestCaseExecutor.java:328)
	at com.kms.katalon.core.main.TestCaseExecutor.doExecute(TestCaseExecutor.java:319)
	at com.kms.katalon.core.main.TestCaseExecutor.processExecutionPhase(TestCaseExecutor.java:298)
	at com.kms.katalon.core.main.TestCaseExecutor.accessMainPhase(TestCaseExecutor.java:290)
	at com.kms.katalon.core.main.TestCaseExecutor.execute(TestCaseExecutor.java:224)
	at com.kms.katalon.core.main.TestSuiteExecutor.accessTestCaseMainPhase(TestSuiteExecutor.java:129)
	at com.kms.katalon.core.main.TestSuiteExecutor.accessTestSuiteMainPhase(TestSuiteExecutor.java:112)
	at com.kms.katalon.core.main.TestSuiteExecutor.execute(TestSuiteExecutor.java:81)
	at com.kms.katalon.core.main.TestCaseMain.startTestSuite(TestCaseMain.java:149)
	at com.kms.katalon.core.main.TestCaseMain$startTestSuite$0.call(Unknown Source)
	at TempTestSuite1550221625514.run(TempTestSuite1550221625514.groovy:36)


2019-02-15 17:13:12 - [TEST_STEP][PASSED] - reusablefunctions.reusablefunctions.openbrowser(): reusablefunctions.reusablefunctions.openbrowser is PASSED

2019-02-15 17:13:12 - [MESSAGE][WARNING] - A browser is already opened. Closing browser and opening a new one

2019-02-15 17:13:12 - [MESSAGE][INFO] - Starting 'Chrome' driver

2019-02-15 17:13:16 - [MESSAGE][PASSED] - Browser is opened with url: 'https://175.143.52.101:7011/1SPEKSv2/'

2019-02-15 17:13:16 - [MESSAGE][PASSED] - reusablefunctions.reusablefunctions.openbrowser is PASSED

2019-02-15 17:13:16 - [TEST_STEP][PASSED] - reusablefunctions.reusablefunctions.Login(findTestData("ispekstestdata").getValue(1, 2), findTestData("ispekstestdata").getValue(2, 2)): reusablefunctions.reusablefunctions.Login is PASSED

2019-02-15 17:13:17 - [MESSAGE][PASSED] - Text '601101955194' is set on object 'Object Repository/Login/input_NoKadPengenalan'

2019-02-15 17:13:17 - [MESSAGE][PASSED] - Text ****** has been set on object 'Object Repository/Login/input_Password'

2019-02-15 17:13:19 - [MESSAGE][PASSED] - Object: 'Object Repository/Login/input_ButtonLogMasuk' is clicked on

2019-02-15 17:13:29 - [MESSAGE][PASSED] - Delayed 10 second(s)

2019-02-15 17:13:29 - [MESSAGE][PASSED] - reusablefunctions.reusablefunctions.Login is PASSED

2019-02-15 17:13:29 - [TEST_STEP][PASSED] - reusablefunctions.reusablefunctions.PerananPenyediaPTJ(): reusablefunctions.reusablefunctions.PerananPenyediaPTJ is PASSED

2019-02-15 17:13:29 - [MESSAGE][PASSED] - Object: 'Object Repository/Perolehan/TukarPeranan/IconTukarPeranan' is clicked on

2019-02-15 17:13:29 - [MESSAGE][PASSED] - Object: 'Object Repository/Perolehan/TukarPeranan/Radio_button_PenyediaPTJ' is clicked on

2019-02-15 17:13:29 - [MESSAGE][PASSED] - Object: 'Object Repository/Perolehan/TukarPeranan/button_Ya' is clicked on

2019-02-15 17:13:59 - [MESSAGE][PASSED] - Delayed 30 second(s)

2019-02-15 17:14:02 - [MESSAGE][PASSED] - Text 'Peranan : [Penyedia] Peringkat : [PTJ]' is present on page 

2019-02-15 17:14:02 - [MESSAGE][PASSED] - reusablefunctions.reusablefunctions.PerananPenyediaPTJ is PASSED

2019-02-15 17:14:02 - [TEST_STEP][PASSED] - click(findTestObject("Perolehan/Left_Menu_Selection/a_ExpandMenuonLeft")): Object: 'Object Repository/Perolehan/Left_Menu_Selection/a_ExpandMenuonLeft' is clicked on

2019-02-15 17:14:03 - [MESSAGE][PASSED] - Object: 'Object Repository/Perolehan/Left_Menu_Selection/a_ExpandMenuonLeft' is clicked on

2019-02-15 17:14:03 - [TEST_STEP][PASSED] - delay(3, STOP_ON_FAILURE): Delayed 3 second(s)

2019-02-15 17:14:06 - [MESSAGE][PASSED] - Delayed 3 second(s)

2019-02-15 17:14:06 - [TEST_STEP][PASSED] - click(findTestObject("Perolehan/Left_Menu_Selection/div_PanelTitlePerolehan")): Object: 'Object Repository/Perolehan/Left_Menu_Selection/div_PanelTitlePerolehan' is clicked on

2019-02-15 17:14:06 - [MESSAGE][PASSED] - Object: 'Object Repository/Perolehan/Left_Menu_Selection/div_PanelTitlePerolehan' is clicked on

2019-02-15 17:14:06 - [TEST_STEP][PASSED] - delay(3, STOP_ON_FAILURE): Delayed 3 second(s)

2019-02-15 17:14:09 - [MESSAGE][PASSED] - Delayed 3 second(s)

2019-02-15 17:14:09 - [TEST_STEP][PASSED] - click(findTestObject("Perolehan/Left_Menu_Selection/div_Carian_Pesanan_Tempatan_Inden_Kerja")): Object: 'Object Repository/Perolehan/Left_Menu_Selection/div_Carian_Pesanan_Tempatan_Inden_Kerja' is clicked on

2019-02-15 17:14:09 - [MESSAGE][PASSED] - Object: 'Object Repository/Perolehan/Left_Menu_Selection/div_Carian_Pesanan_Tempatan_Inden_Kerja' is clicked on

2019-02-15 17:14:09 - [TEST_STEP][PASSED] - assert true: null

2019-02-15 17:14:09 - [TEST_STEP][PASSED] - delay(3): Delayed 3 second(s)

2019-02-15 17:14:12 - [MESSAGE][PASSED] - Delayed 3 second(s)

2019-02-15 17:14:12 - [TEST_STEP][PASSED] - click(findTestObject("Perolehan/Kemasukan Terimaan/Carian_Jenis_Pertanyaan")): Object: 'Object Repository/Perolehan/Kemasukan Terimaan/Carian_Jenis_Pertanyaan' is clicked on

2019-02-15 17:14:12 - [MESSAGE][PASSED] - Object: 'Object Repository/Perolehan/Kemasukan Terimaan/Carian_Jenis_Pertanyaan' is clicked on

2019-02-15 17:14:12 - [TEST_STEP][PASSED] - delay(3): Delayed 3 second(s)

2019-02-15 17:14:15 - [MESSAGE][PASSED] - Delayed 3 second(s)

2019-02-15 17:14:15 - [TEST_STEP][FAILED] - click(findTestObject("Perolehan/Kemasukan Terimaan/Carian_Pesanan_Tempatan_Auto")): click(findTestObject("Perolehan/Kemasukan Terimaan/Carian_Pesanan_Tempatan_Auto")) FAILED.
Reason:
com.kms.katalon.core.exception.StepFailedException: Unable to click on object 'Object Repository/Perolehan/Kemasukan Terimaan/Carian_Pesanan_Tempatan_Auto' (Root cause: com.kms.katalon.core.webui.exception.WebElementNotFoundException: Web element with id: 'Object Repository/Perolehan/Kemasukan Terimaan/Carian_Pesanan_Tempatan_Auto' located by 'By.xpath: //div[@class='datagrid-cell datagrid-cell-c2-perihal'][contains(text(),'PESANAN TEMPATAN AUTO')]' not found)
	at com.kms.katalon.core.keyword.internal.KeywordMain.stepFailed(KeywordMain.groovy:36)
	at com.kms.katalon.core.webui.keyword.internal.WebUIKeywordMain.stepFailed(WebUIKeywordMain.groovy:65)
	at com.kms.katalon.core.webui.keyword.internal.WebUIKeywordMain.runKeyword(WebUIKeywordMain.groovy:27)
	at com.kms.katalon.core.webui.keyword.builtin.ClickKeyword.click(ClickKeyword.groovy:86)
	at com.kms.katalon.core.webui.keyword.builtin.ClickKeyword.execute(ClickKeyword.groovy:67)
	at com.kms.katalon.core.keyword.internal.KeywordExecutor.executeKeywordForPlatform(KeywordExecutor.groovy:53)
	at com.kms.katalon.core.webui.keyword.WebUiBuiltInKeywords.click(WebUiBuiltInKeywords.groovy:616)
	at com.kms.katalon.core.webui.keyword.WebUiBuiltInKeywords$click$2.call(Unknown Source)
	at 001 Proses Kemasukan Terimaan Barang.run(001 Proses Kemasukan Terimaan Barang:53)
	at com.kms.katalon.core.main.ScriptEngine.run(ScriptEngine.java:194)
	at com.kms.katalon.core.main.ScriptEngine.runScriptAsRawText(ScriptEngine.java:119)
	at com.kms.katalon.core.main.TestCaseExecutor.runScript(TestCaseExecutor.java:328)
	at com.kms.katalon.core.main.TestCaseExecutor.doExecute(TestCaseExecutor.java:319)
	at com.kms.katalon.core.main.TestCaseExecutor.processExecutionPhase(TestCaseExecutor.java:298)
	at com.kms.katalon.core.main.TestCaseExecutor.accessMainPhase(TestCaseExecutor.java:290)
	at com.kms.katalon.core.main.TestCaseExecutor.execute(TestCaseExecutor.java:224)
	at com.kms.katalon.core.main.TestSuiteExecutor.accessTestCaseMainPhase(TestSuiteExecutor.java:129)
	at com.kms.katalon.core.main.TestSuiteExecutor.accessTestSuiteMainPhase(TestSuiteExecutor.java:112)
	at com.kms.katalon.core.main.TestSuiteExecutor.execute(TestSuiteExecutor.java:81)
	at com.kms.katalon.core.main.TestCaseMain.startTestSuite(TestCaseMain.java:149)
	at com.kms.katalon.core.main.TestCaseMain$startTestSuite$0.call(Unknown Source)
	at TempTestSuite1550221625514.run(TempTestSuite1550221625514.groovy:36)


2019-02-15 17:14:47 - [MESSAGE][INFO] - Unable to find the element located by 'By.xpath: //div[@class='datagrid-cell datagrid-cell-c2-perihal'][contains(text(),'PESANAN TEMPATAN AUTO')]'. Please recheck the objects properties to make sure the desired element is located. 

2019-02-15 17:14:48 - [MESSAGE][FAILED] - Unable to click on object 'Object Repository/Perolehan/Kemasukan Terimaan/Carian_Pesanan_Tempatan_Auto' (Root cause: com.kms.katalon.core.webui.exception.WebElementNotFoundException: Web element with id: 'Object Repository/Perolehan/Kemasukan Terimaan/Carian_Pesanan_Tempatan_Auto' located by 'By.xpath: //div[@class='datagrid-cell datagrid-cell-c2-perihal'][contains(text(),'PESANAN TEMPATAN AUTO')]' not found)
[[ATTACHMENT|C:\\Users\\Consultant_MSPHitect\\Katalon Studio\\TrainingonKatalon\\Reports\\Perolehan\\Perolehan\\20190215_170705\\1550222087726.png]]

2019-02-15 17:14:48 - [MESSAGE][FAILED] - click(findTestObject("Perolehan/Kemasukan Terimaan/Carian_Pesanan_Tempatan_Auto")) FAILED.
Reason:
com.kms.katalon.core.exception.StepFailedException: Unable to click on object 'Object Repository/Perolehan/Kemasukan Terimaan/Carian_Pesanan_Tempatan_Auto' (Root cause: com.kms.katalon.core.webui.exception.WebElementNotFoundException: Web element with id: 'Object Repository/Perolehan/Kemasukan Terimaan/Carian_Pesanan_Tempatan_Auto' located by 'By.xpath: //div[@class='datagrid-cell datagrid-cell-c2-perihal'][contains(text(),'PESANAN TEMPATAN AUTO')]' not found)
	at com.kms.katalon.core.keyword.internal.KeywordMain.stepFailed(KeywordMain.groovy:36)
	at com.kms.katalon.core.webui.keyword.internal.WebUIKeywordMain.stepFailed(WebUIKeywordMain.groovy:65)
	at com.kms.katalon.core.webui.keyword.internal.WebUIKeywordMain.runKeyword(WebUIKeywordMain.groovy:27)
	at com.kms.katalon.core.webui.keyword.builtin.ClickKeyword.click(ClickKeyword.groovy:86)
	at com.kms.katalon.core.webui.keyword.builtin.ClickKeyword.execute(ClickKeyword.groovy:67)
	at com.kms.katalon.core.keyword.internal.KeywordExecutor.executeKeywordForPlatform(KeywordExecutor.groovy:53)
	at com.kms.katalon.core.webui.keyword.WebUiBuiltInKeywords.click(WebUiBuiltInKeywords.groovy:616)
	at com.kms.katalon.core.webui.keyword.WebUiBuiltInKeywords$click$2.call(Unknown Source)
	at 001 Proses Kemasukan Terimaan Barang.run(001 Proses Kemasukan Terimaan Barang:53)
	at com.kms.katalon.core.main.ScriptEngine.run(ScriptEngine.java:194)
	at com.kms.katalon.core.main.ScriptEngine.runScriptAsRawText(ScriptEngine.java:119)
	at com.kms.katalon.core.main.TestCaseExecutor.runScript(TestCaseExecutor.java:328)
	at com.kms.katalon.core.main.TestCaseExecutor.doExecute(TestCaseExecutor.java:319)
	at com.kms.katalon.core.main.TestCaseExecutor.processExecutionPhase(TestCaseExecutor.java:298)
	at com.kms.katalon.core.main.TestCaseExecutor.accessMainPhase(TestCaseExecutor.java:290)
	at com.kms.katalon.core.main.TestCaseExecutor.execute(TestCaseExecutor.java:224)
	at com.kms.katalon.core.main.TestSuiteExecutor.accessTestCaseMainPhase(TestSuiteExecutor.java:129)
	at com.kms.katalon.core.main.TestSuiteExecutor.accessTestSuiteMainPhase(TestSuiteExecutor.java:112)
	at com.kms.katalon.core.main.TestSuiteExecutor.execute(TestSuiteExecutor.java:81)
	at com.kms.katalon.core.main.TestCaseMain.startTestSuite(TestCaseMain.java:149)
	at com.kms.katalon.core.main.TestCaseMain$startTestSuite$0.call(Unknown Source)
	at TempTestSuite1550221625514.run(TempTestSuite1550221625514.groovy:36)]]></system-out>
         <system-err><![CDATA[2019-02-15 17:13:11 - [TEST_CASE][FAILED] - Test Cases/Perolehan/005 Terimaan Barang Perkhidmatan/001 Proses Kemasukan Terimaan Barang: Test Cases/Perolehan/005 Terimaan Barang Perkhidmatan/001 Proses Kemasukan Terimaan Barang FAILED.
Reason:
com.kms.katalon.core.exception.StepFailedException: Unable to click on object 'Object Repository/Perolehan/Kemasukan Terimaan/Carian_Pesanan_Tempatan_Auto' (Root cause: com.kms.katalon.core.webui.exception.WebElementNotFoundException: Web element with id: 'Object Repository/Perolehan/Kemasukan Terimaan/Carian_Pesanan_Tempatan_Auto' located by 'By.xpath: //div[@class='datagrid-cell datagrid-cell-c2-perihal'][contains(text(),'PESANAN TEMPATAN AUTO')]' not found)
	at com.kms.katalon.core.keyword.internal.KeywordMain.stepFailed(KeywordMain.groovy:36)
	at com.kms.katalon.core.webui.keyword.internal.WebUIKeywordMain.stepFailed(WebUIKeywordMain.groovy:65)
	at com.kms.katalon.core.webui.keyword.internal.WebUIKeywordMain.runKeyword(WebUIKeywordMain.groovy:27)
	at com.kms.katalon.core.webui.keyword.builtin.ClickKeyword.click(ClickKeyword.groovy:86)
	at com.kms.katalon.core.webui.keyword.builtin.ClickKeyword.execute(ClickKeyword.groovy:67)
	at com.kms.katalon.core.keyword.internal.KeywordExecutor.executeKeywordForPlatform(KeywordExecutor.groovy:53)
	at com.kms.katalon.core.webui.keyword.WebUiBuiltInKeywords.click(WebUiBuiltInKeywords.groovy:616)
	at com.kms.katalon.core.webui.keyword.WebUiBuiltInKeywords$click$2.call(Unknown Source)
	at 001 Proses Kemasukan Terimaan Barang.run(001 Proses Kemasukan Terimaan Barang:53)
	at com.kms.katalon.core.main.ScriptEngine.run(ScriptEngine.java:194)
	at com.kms.katalon.core.main.ScriptEngine.runScriptAsRawText(ScriptEngine.java:119)
	at com.kms.katalon.core.main.TestCaseExecutor.runScript(TestCaseExecutor.java:328)
	at com.kms.katalon.core.main.TestCaseExecutor.doExecute(TestCaseExecutor.java:319)
	at com.kms.katalon.core.main.TestCaseExecutor.processExecutionPhase(TestCaseExecutor.java:298)
	at com.kms.katalon.core.main.TestCaseExecutor.accessMainPhase(TestCaseExecutor.java:290)
	at com.kms.katalon.core.main.TestCaseExecutor.execute(TestCaseExecutor.java:224)
	at com.kms.katalon.core.main.TestSuiteExecutor.accessTestCaseMainPhase(TestSuiteExecutor.java:129)
	at com.kms.katalon.core.main.TestSuiteExecutor.accessTestSuiteMainPhase(TestSuiteExecutor.java:112)
	at com.kms.katalon.core.main.TestSuiteExecutor.execute(TestSuiteExecutor.java:81)
	at com.kms.katalon.core.main.TestCaseMain.startTestSuite(TestCaseMain.java:149)
	at com.kms.katalon.core.main.TestCaseMain$startTestSuite$0.call(Unknown Source)
	at TempTestSuite1550221625514.run(TempTestSuite1550221625514.groovy:36)]]></system-err>
      </testcase>
      <system-out><![CDATA[2019-02-15 17:07:15 - [TEST_SUITE][FAILED] - Perolehan: Test Cases/Perolehan/003 Pengesahan Pesanan Tempatan/Pengesahan FAILED.
Reason:
com.kms.katalon.core.exception.StepFailedException: Unable to get text of object 'Object Repository/Perolehan/Penyemak/Label_tahun_kewangan' (Root cause: com.kms.katalon.core.webui.exception.WebElementNotFoundException: Web element with id: 'Object Repository/Perolehan/Penyemak/Label_tahun_kewangan' located by 'By.xpath: //form[@id='procMaklumatIndukForm']/table/tbody/tr[2]/td[2]/span' not found)
	at com.kms.katalon.core.keyword.internal.KeywordMain.stepFailed(KeywordMain.groovy:36)
	at com.kms.katalon.core.webui.keyword.internal.WebUIKeywordMain.stepFailed(WebUIKeywordMain.groovy:65)
	at com.kms.katalon.core.webui.keyword.internal.WebUIKeywordMain.runKeyword(WebUIKeywordMain.groovy:27)
	at com.kms.katalon.core.webui.keyword.builtin.GetTextKeyword.getText(GetTextKeyword.groovy:88)
	at com.kms.katalon.core.webui.keyword.builtin.GetTextKeyword.execute(GetTextKeyword.groovy:67)
	at com.kms.katalon.core.keyword.internal.KeywordExecutor.executeKeywordForPlatform(KeywordExecutor.groovy:53)
	at com.kms.katalon.core.webui.keyword.WebUiBuiltInKeywords.getText(WebUiBuiltInKeywords.groovy:888)
	at com.kms.katalon.core.webui.keyword.WebUiBuiltInKeywords$getText$4.call(Unknown Source)
	at Pengesahan.run(Pengesahan:52)
	at com.kms.katalon.core.main.ScriptEngine.run(ScriptEngine.java:194)
	at com.kms.katalon.core.main.ScriptEngine.runScriptAsRawText(ScriptEngine.java:119)
	at com.kms.katalon.core.main.TestCaseExecutor.runScript(TestCaseExecutor.java:328)
	at com.kms.katalon.core.main.TestCaseExecutor.doExecute(TestCaseExecutor.java:319)
	at com.kms.katalon.core.main.TestCaseExecutor.processExecutionPhase(TestCaseExecutor.java:298)
	at com.kms.katalon.core.main.TestCaseExecutor.accessMainPhase(TestCaseExecutor.java:290)
	at com.kms.katalon.core.main.TestCaseExecutor.execute(TestCaseExecutor.java:224)
	at com.kms.katalon.core.main.TestSuiteExecutor.accessTestCaseMainPhase(TestSuiteExecutor.java:129)
	at com.kms.katalon.core.main.TestSuiteExecutor.accessTestSuiteMainPhase(TestSuiteExecutor.java:112)
	at com.kms.katalon.core.main.TestSuiteExecutor.execute(TestSuiteExecutor.java:81)
	at com.kms.katalon.core.main.TestCaseMain.startTestSuite(TestCaseMain.java:149)
	at com.kms.katalon.core.main.TestCaseMain$startTestSuite$0.call(Unknown Source)
	at TempTestSuite1550221625514.run(TempTestSuite1550221625514.groovy:36)]]></system-out>
      <system-err><![CDATA[2019-02-15 17:07:15 - [TEST_SUITE][FAILED] - Perolehan: Test Cases/Perolehan/003 Pengesahan Pesanan Tempatan/Pengesahan FAILED.
Reason:
com.kms.katalon.core.exception.StepFailedException: Unable to get text of object 'Object Repository/Perolehan/Penyemak/Label_tahun_kewangan' (Root cause: com.kms.katalon.core.webui.exception.WebElementNotFoundException: Web element with id: 'Object Repository/Perolehan/Penyemak/Label_tahun_kewangan' located by 'By.xpath: //form[@id='procMaklumatIndukForm']/table/tbody/tr[2]/td[2]/span' not found)
	at com.kms.katalon.core.keyword.internal.KeywordMain.stepFailed(KeywordMain.groovy:36)
	at com.kms.katalon.core.webui.keyword.internal.WebUIKeywordMain.stepFailed(WebUIKeywordMain.groovy:65)
	at com.kms.katalon.core.webui.keyword.internal.WebUIKeywordMain.runKeyword(WebUIKeywordMain.groovy:27)
	at com.kms.katalon.core.webui.keyword.builtin.GetTextKeyword.getText(GetTextKeyword.groovy:88)
	at com.kms.katalon.core.webui.keyword.builtin.GetTextKeyword.execute(GetTextKeyword.groovy:67)
	at com.kms.katalon.core.keyword.internal.KeywordExecutor.executeKeywordForPlatform(KeywordExecutor.groovy:53)
	at com.kms.katalon.core.webui.keyword.WebUiBuiltInKeywords.getText(WebUiBuiltInKeywords.groovy:888)
	at com.kms.katalon.core.webui.keyword.WebUiBuiltInKeywords$getText$4.call(Unknown Source)
	at Pengesahan.run(Pengesahan:52)
	at com.kms.katalon.core.main.ScriptEngine.run(ScriptEngine.java:194)
	at com.kms.katalon.core.main.ScriptEngine.runScriptAsRawText(ScriptEngine.java:119)
	at com.kms.katalon.core.main.TestCaseExecutor.runScript(TestCaseExecutor.java:328)
	at com.kms.katalon.core.main.TestCaseExecutor.doExecute(TestCaseExecutor.java:319)
	at com.kms.katalon.core.main.TestCaseExecutor.processExecutionPhase(TestCaseExecutor.java:298)
	at com.kms.katalon.core.main.TestCaseExecutor.accessMainPhase(TestCaseExecutor.java:290)
	at com.kms.katalon.core.main.TestCaseExecutor.execute(TestCaseExecutor.java:224)
	at com.kms.katalon.core.main.TestSuiteExecutor.accessTestCaseMainPhase(TestSuiteExecutor.java:129)
	at com.kms.katalon.core.main.TestSuiteExecutor.accessTestSuiteMainPhase(TestSuiteExecutor.java:112)
	at com.kms.katalon.core.main.TestSuiteExecutor.execute(TestSuiteExecutor.java:81)
	at com.kms.katalon.core.main.TestCaseMain.startTestSuite(TestCaseMain.java:149)
	at com.kms.katalon.core.main.TestCaseMain$startTestSuite$0.call(Unknown Source)
	at TempTestSuite1550221625514.run(TempTestSuite1550221625514.groovy:36)]]></system-err>
   </testsuite>
</testsuites>
