<?xml version="1.0" encoding="UTF-8"?>
<testsuites name="02 Pesanan Tempatan Cara Bayaran CEK Dengan Pemfaktoran" time="1378" tests="9" failures="3" errors="0">
   <testsuite name="02 Pesanan Tempatan Cara Bayaran CEK Dengan Pemfaktoran" tests="9" failures="3" errors="0" time="1378" timestamp="2019-03-08 11:49:41" hostname="Consultant_MSPHitect - DESKTOP-V9TS2EM" id="Test Suites/Perolehan/02 Pesanan Tempatan Cara Bayaran CEK Dengan Pemfaktoran">
      <properties>
         <property name="deviceName" value=""/>
         <property name="devicePlatform" value=""/>
         <property name="logFolder" value="C:\\Users\\Consultant_MSPHitect\\Katalon Studio\\TrainingonKatalon\\Reports\\Perolehan\\02 Pesanan Tempatan Cara Bayaran CEK Dengan Pemfaktoran\\20190308_114931"/>
         <property name="logFiles" value="C:\\Users\\Consultant_MSPHitect\\Katalon Studio\\TrainingonKatalon\\Reports\\Perolehan\\02 Pesanan Tempatan Cara Bayaran CEK Dengan Pemfaktoran\\20190308_114931\\execution0.log"/>
         <property name="attachments" value="C:\\Users\\Consultant_MSPHitect\\Katalon Studio\\TrainingonKatalon\\Reports\\Perolehan\\02 Pesanan Tempatan Cara Bayaran CEK Dengan Pemfaktoran\\20190308_114931\\1552017137719.png, C:\\Users\\Consultant_MSPHitect\\Katalon Studio\\TrainingonKatalon\\Reports\\Perolehan\\02 Pesanan Tempatan Cara Bayaran CEK Dengan Pemfaktoran\\20190308_114931\\1552017160738.png, C:\\Users\\Consultant_MSPHitect\\Katalon Studio\\TrainingonKatalon\\Reports\\Perolehan\\02 Pesanan Tempatan Cara Bayaran CEK Dengan Pemfaktoran\\20190308_114931\\1552017392749.png, C:\\Users\\Consultant_MSPHitect\\Katalon Studio\\TrainingonKatalon\\Reports\\Perolehan\\02 Pesanan Tempatan Cara Bayaran CEK Dengan Pemfaktoran\\20190308_114931\\1552017516131.png, C:\\Users\\Consultant_MSPHitect\\Katalon Studio\\TrainingonKatalon\\Reports\\Perolehan\\02 Pesanan Tempatan Cara Bayaran CEK Dengan Pemfaktoran\\20190308_114931\\1552017574622.png, C:\\Users\\Consultant_MSPHitect\\Katalon Studio\\TrainingonKatalon\\Reports\\Perolehan\\02 Pesanan Tempatan Cara Bayaran CEK Dengan Pemfaktoran\\20190308_114931\\1552017813527.png, C:\\Users\\Consultant_MSPHitect\\Katalon Studio\\TrainingonKatalon\\Reports\\Perolehan\\02 Pesanan Tempatan Cara Bayaran CEK Dengan Pemfaktoran\\20190308_114931\\1552018091241.png"/>
         <property name="hostName" value="Consultant_MSPHitect - DESKTOP-V9TS2EM"/>
         <property name="os" value="Windows 10 64bit"/>
         <property name="katalonVersion" value="6.0.5.4"/>
         <property name="browser" value="Chrome 72.0.3626.121"/>
         <property name="hostAddress" value="192.168.172.132"/>
         <property name="sessionId" value="f7c35dbc24a838e7eb6fc0927a3b12c7"/>
         <property name="seleniumVersion" value="3.7.1"/>
         <property name="proxyInformation" value="ProxyInformation{proxyOption=NO_PROXY, proxyServerType=HTTP, password=, proxyServerAddress=, proxyServerPort=0}"/>
         <property name="platform" value="Windows 10"/>
      </properties>
      <testcase name="Test Cases/Perolehan/001 Left Menu Selection/Select Menu Pesanan Tempatan" classname="Test Cases/Perolehan/001 Left Menu Selection/Select Menu Pesanan Tempatan" status="PASSED">
         <system-out><![CDATA[2019-03-08 11:49:41 - [TEST_CASE][PASSED] - Test Cases/Perolehan/001 Left Menu Selection/Select Menu Pesanan Tempatan: Test Cases/Perolehan/001 Left Menu Selection/Select Menu Pesanan Tempatan

2019-03-08 11:49:42 - [TEST_STEP][PASSED] - openBrowser("https://175.143.52.101:7011/1SPEKSv2/"): Browser is opened with url: 'https://175.143.52.101:7011/1SPEKSv2/'

2019-03-08 11:49:42 - [MESSAGE][INFO] - Starting 'Chrome' driver

2019-03-08 11:49:42 - [MESSAGE][INFO] - Action delay is set to 0 seconds

2019-03-08 11:49:47 - [MESSAGE][PASSED] - Browser is opened with url: 'https://175.143.52.101:7011/1SPEKSv2/'

2019-03-08 11:49:47 - [TEST_STEP][PASSED] - setText(findTestObject("Login/input_NoKadPengenalan"), findTestData("ispekstestdata").getValue(1, 2)): Text '601101955194' is set on object 'Object Repository/Login/input_NoKadPengenalan'

2019-03-08 11:49:48 - [MESSAGE][PASSED] - Text '601101955194' is set on object 'Object Repository/Login/input_NoKadPengenalan'

2019-03-08 11:49:48 - [TEST_STEP][PASSED] - setEncryptedText(findTestObject("Login/input_Password"), findTestData("ispekstestdata").getValue(2, 2)): Text ****** has been set on object 'Object Repository/Login/input_Password'

2019-03-08 11:49:49 - [MESSAGE][PASSED] - Text ****** has been set on object 'Object Repository/Login/input_Password'

2019-03-08 11:49:49 - [TEST_STEP][PASSED] - click(findTestObject("Login/input_ButtonLogMasuk")): Object: 'Object Repository/Login/input_ButtonLogMasuk' is clicked on

2019-03-08 11:49:50 - [MESSAGE][PASSED] - Object: 'Object Repository/Login/input_ButtonLogMasuk' is clicked on

2019-03-08 11:49:50 - [TEST_STEP][PASSED] - delay(3): Delayed 3 second(s)

2019-03-08 11:49:53 - [MESSAGE][PASSED] - Delayed 3 second(s)

2019-03-08 11:49:53 - [TEST_STEP][PASSED] - reusablefunctions.reusablefunctions.PerananPenyediaPTJ(): reusablefunctions.reusablefunctions.PerananPenyediaPTJ is PASSED

2019-03-08 11:49:53 - [MESSAGE][PASSED] - Object: 'Object Repository/Perolehan/TukarPeranan/IconTukarPeranan' is clicked on

2019-03-08 11:49:53 - [MESSAGE][PASSED] - Object: 'Object Repository/Perolehan/TukarPeranan/input_TukarPenyediaPTJ' is clicked on

2019-03-08 11:49:53 - [MESSAGE][PASSED] - Object: 'Object Repository/Perolehan/TukarPeranan/button_Ya' is clicked on

2019-03-08 11:50:23 - [MESSAGE][PASSED] - Delayed 30 second(s)

2019-03-08 11:50:26 - [MESSAGE][PASSED] - Text 'Peranan : [Penyedia] Peringkat : [PTJ]' is present on page 

2019-03-08 11:50:26 - [MESSAGE][PASSED] - reusablefunctions.reusablefunctions.PerananPenyediaPTJ is PASSED

2019-03-08 11:50:26 - [TEST_STEP][PASSED] - click(findTestObject("Perolehan/001 Left_Menu_Selection/a_ExpandMenuonLeft")): Object: 'Object Repository/Perolehan/001 Left_Menu_Selection/a_ExpandMenuonLeft' is clicked on

2019-03-08 11:50:26 - [MESSAGE][PASSED] - Object: 'Object Repository/Perolehan/001 Left_Menu_Selection/a_ExpandMenuonLeft' is clicked on

2019-03-08 11:50:26 - [TEST_STEP][PASSED] - delay(3, STOP_ON_FAILURE): Delayed 3 second(s)

2019-03-08 11:50:29 - [MESSAGE][PASSED] - Delayed 3 second(s)

2019-03-08 11:50:29 - [TEST_STEP][PASSED] - click(findTestObject("Perolehan/001 Left_Menu_Selection/div_PanelTitlePerolehan")): Object: 'Object Repository/Perolehan/001 Left_Menu_Selection/div_PanelTitlePerolehan' is clicked on

2019-03-08 11:50:29 - [MESSAGE][PASSED] - Object: 'Object Repository/Perolehan/001 Left_Menu_Selection/div_PanelTitlePerolehan' is clicked on

2019-03-08 11:50:29 - [TEST_STEP][PASSED] - delay(3, STOP_ON_FAILURE): Delayed 3 second(s)

2019-03-08 11:50:32 - [MESSAGE][PASSED] - Delayed 3 second(s)

2019-03-08 11:50:32 - [TEST_STEP][PASSED] - click(findTestObject("Perolehan/001 Left_Menu_Selection/div_PesananTempatan")): Object: 'Object Repository/Perolehan/001 Left_Menu_Selection/div_PesananTempatan' is clicked on

2019-03-08 11:50:33 - [MESSAGE][PASSED] - Object: 'Object Repository/Perolehan/001 Left_Menu_Selection/div_PesananTempatan' is clicked on

2019-03-08 11:50:33 - [TEST_STEP][PASSED] - assert true: null

2019-03-08 11:50:33 - [TEST_STEP][PASSED] - delay(3): Delayed 3 second(s)

2019-03-08 11:50:36 - [MESSAGE][PASSED] - Delayed 3 second(s)]]></system-out>
         <system-err><![CDATA[]]></system-err>
      </testcase>
      <testcase name="Test Cases/Perolehan/002 Rekod Baru oleh Penyedia/004 Penyedia Rekod Baru - CEK" classname="Test Cases/Perolehan/002 Rekod Baru oleh Penyedia/004 Penyedia Rekod Baru - CEK" status="PASSED">
         <system-out><![CDATA[2019-03-08 11:50:36 - [TEST_CASE][PASSED] - Test Cases/Perolehan/002 Rekod Baru oleh Penyedia/004 Penyedia Rekod Baru - CEK: Test Cases/Perolehan/002 Rekod Baru oleh Penyedia/004 Penyedia Rekod Baru - CEK

2019-03-08 11:50:36 - [TEST_STEP][PASSED] - click(findTestObject("Perolehan/002 Penyedia_RekodBaru/button_REKODBARU")): Object: 'Object Repository/Perolehan/002 Penyedia_RekodBaru/button_REKODBARU' is clicked on

2019-03-08 11:50:36 - [MESSAGE][PASSED] - Object: 'Object Repository/Perolehan/002 Penyedia_RekodBaru/button_REKODBARU' is clicked on

2019-03-08 11:50:36 - [TEST_STEP][PASSED] - delay(3): Delayed 3 second(s)

2019-03-08 11:50:39 - [MESSAGE][PASSED] - Delayed 3 second(s)

2019-03-08 11:50:39 - [TEST_STEP][PASSED] - mydate = new java.util.Date(): null

2019-03-08 11:50:39 - [TEST_STEP][PASSED] - formattedDate = mydate.format("dd/MM/yyyy"): null

2019-03-08 11:50:39 - [TEST_STEP][PASSED] - formattedYear = mydate.format("yyyy"): null

2019-03-08 11:50:39 - [TEST_STEP][PASSED] - println(formattedDate): null

2019-03-08 11:50:39 - [TEST_STEP][PASSED] - println(formattedYear): null

2019-03-08 11:50:39 - [TEST_STEP][PASSED] - TahunKewangan = getText(findTestObject("Perolehan/002 Penyedia_RekodBaru/span_tahun_kewangan")): Text of object 'Object Repository/Perolehan/002 Penyedia_RekodBaru/span_tahun_kewangan' is: '2019'

2019-03-08 11:50:39 - [MESSAGE][PASSED] - Text of object 'Object Repository/Perolehan/002 Penyedia_RekodBaru/span_tahun_kewangan' is: '2019'

2019-03-08 11:50:39 - [TEST_STEP][PASSED] - verifyMatch(TahunKewangan, formattedYear, false): Actual text '2019' and expected text '2019' are matched 

2019-03-08 11:50:39 - [MESSAGE][PASSED] - Actual text '2019' and expected text '2019' are matched 

2019-03-08 11:50:39 - [TEST_STEP][PASSED] - assert true: null

2019-03-08 11:50:39 - [TEST_STEP][PASSED] - TarikhSemasa = getText(findTestObject("Perolehan/002 Penyedia_RekodBaru/span_tarikhSemasa")): Text of object 'Object Repository/Perolehan/002 Penyedia_RekodBaru/span_tarikhSemasa' is: '08/03/2019'

2019-03-08 11:50:39 - [MESSAGE][PASSED] - Text of object 'Object Repository/Perolehan/002 Penyedia_RekodBaru/span_tarikhSemasa' is: '08/03/2019'

2019-03-08 11:50:39 - [TEST_STEP][PASSED] - verifyMatch(formattedDate, TarikhSemasa, false): Actual text '08/03/2019' and expected text '08/03/2019' are matched 

2019-03-08 11:50:39 - [MESSAGE][PASSED] - Actual text '08/03/2019' and expected text '08/03/2019' are matched 

2019-03-08 11:50:39 - [TEST_STEP][PASSED] - verifyElementVisible(findTestObject("Perolehan/002 Penyedia_RekodBaru/label_Jenis Urusniaga")): Object 'Object Repository/Perolehan/002 Penyedia_RekodBaru/label_Jenis Urusniaga' is visible

2019-03-08 11:50:39 - [MESSAGE][PASSED] - Object 'Object Repository/Perolehan/002 Penyedia_RekodBaru/label_Jenis Urusniaga' is visible

2019-03-08 11:50:39 - [TEST_STEP][PASSED] - click(findTestObject("Perolehan/002 Penyedia_RekodBaru/a_Jenis Urusniaga _textbox-ico")): Object: 'Object Repository/Perolehan/002 Penyedia_RekodBaru/a_Jenis Urusniaga _textbox-ico' is clicked on

2019-03-08 11:50:39 - [MESSAGE][PASSED] - Object: 'Object Repository/Perolehan/002 Penyedia_RekodBaru/a_Jenis Urusniaga _textbox-ico' is clicked on

2019-03-08 11:50:39 - [TEST_STEP][PASSED] - delay(2): Delayed 2 second(s)

2019-03-08 11:50:41 - [MESSAGE][PASSED] - Delayed 2 second(s)

2019-03-08 11:50:41 - [TEST_STEP][PASSED] - click(findTestObject("Perolehan/002 Penyedia_RekodBaru/div_Pesanan_Tempatan_Auto")): Object: 'Object Repository/Perolehan/002 Penyedia_RekodBaru/div_Pesanan_Tempatan_Auto' is clicked on

2019-03-08 11:50:41 - [MESSAGE][PASSED] - Object: 'Object Repository/Perolehan/002 Penyedia_RekodBaru/div_Pesanan_Tempatan_Auto' is clicked on

2019-03-08 11:50:41 - [TEST_STEP][PASSED] - verifyElementPresent(findTestObject("Perolehan/002 Penyedia_RekodBaru/label_No. Dokumen"), 0): Object 'Object Repository/Perolehan/002 Penyedia_RekodBaru/label_No. Dokumen' is present

2019-03-08 11:50:41 - [MESSAGE][WARNING] - Timeout '0' is invalid. Using default page load timeout: '180'

2019-03-08 11:50:41 - [MESSAGE][PASSED] - Object 'Object Repository/Perolehan/002 Penyedia_RekodBaru/label_No. Dokumen' is present

2019-03-08 11:50:41 - [TEST_STEP][PASSED] - verifyElementPresent(findTestObject("Perolehan/002 Penyedia_RekodBaru/label_Tarikh Dokumen"), 0): Object 'Object Repository/Perolehan/002 Penyedia_RekodBaru/label_Tarikh Dokumen' is present

2019-03-08 11:50:41 - [MESSAGE][WARNING] - Timeout '0' is invalid. Using default page load timeout: '180'

2019-03-08 11:50:41 - [MESSAGE][PASSED] - Object 'Object Repository/Perolehan/002 Penyedia_RekodBaru/label_Tarikh Dokumen' is present

2019-03-08 11:50:41 - [TEST_STEP][PASSED] - verifyElementPresent(findTestObject("Perolehan/002 Penyedia_RekodBaru/label_Pembekal"), 0): Object 'Object Repository/Perolehan/002 Penyedia_RekodBaru/label_Pembekal' is present

2019-03-08 11:50:41 - [MESSAGE][WARNING] - Timeout '0' is invalid. Using default page load timeout: '180'

2019-03-08 11:50:41 - [MESSAGE][PASSED] - Object 'Object Repository/Perolehan/002 Penyedia_RekodBaru/label_Pembekal' is present

2019-03-08 11:50:41 - [TEST_STEP][PASSED] - verifyElementPresent(findTestObject("Perolehan/002 Penyedia_RekodBaru/label_Cawangan Pembekal"), 0): Object 'Object Repository/Perolehan/002 Penyedia_RekodBaru/label_Cawangan Pembekal' is present

2019-03-08 11:50:41 - [MESSAGE][WARNING] - Timeout '0' is invalid. Using default page load timeout: '180'

2019-03-08 11:50:41 - [MESSAGE][PASSED] - Object 'Object Repository/Perolehan/002 Penyedia_RekodBaru/label_Cawangan Pembekal' is present

2019-03-08 11:50:41 - [TEST_STEP][PASSED] - verifyElementPresent(findTestObject("Perolehan/002 Penyedia_RekodBaru/label_Sila Bekalkan Sebelum at"), 0): Object 'Object Repository/Perolehan/002 Penyedia_RekodBaru/label_Sila Bekalkan Sebelum at' is present

2019-03-08 11:50:41 - [MESSAGE][WARNING] - Timeout '0' is invalid. Using default page load timeout: '180'

2019-03-08 11:50:41 - [MESSAGE][PASSED] - Object 'Object Repository/Perolehan/002 Penyedia_RekodBaru/label_Sila Bekalkan Sebelum at' is present

2019-03-08 11:50:41 - [TEST_STEP][PASSED] - click(findTestObject("Perolehan/002 Penyedia_RekodBaru/a_Pembekal _textbox-icon combo")): Object: 'Object Repository/Perolehan/002 Penyedia_RekodBaru/a_Pembekal _textbox-icon combo' is clicked on

2019-03-08 11:50:42 - [MESSAGE][PASSED] - Object: 'Object Repository/Perolehan/002 Penyedia_RekodBaru/a_Pembekal _textbox-icon combo' is clicked on

2019-03-08 11:50:42 - [TEST_STEP][PASSED] - delay(3): Delayed 3 second(s)

2019-03-08 11:50:45 - [MESSAGE][PASSED] - Delayed 3 second(s)

2019-03-08 11:50:45 - [TEST_STEP][PASSED] - setText(findTestObject("Perolehan/002 Penyedia_RekodBaru/input_name_Nama Pembekal"), "JAMAL CHEF CATERING"): Text 'JAMAL CHEF CATERING' is set on object 'Object Repository/Perolehan/002 Penyedia_RekodBaru/input_name_Nama Pembekal'

2019-03-08 11:50:45 - [MESSAGE][PASSED] - Text 'JAMAL CHEF CATERING' is set on object 'Object Repository/Perolehan/002 Penyedia_RekodBaru/input_name_Nama Pembekal'

2019-03-08 11:50:45 - [TEST_STEP][PASSED] - delay(3): Delayed 3 second(s)

2019-03-08 11:50:48 - [MESSAGE][PASSED] - Delayed 3 second(s)

2019-03-08 11:50:48 - [TEST_STEP][PASSED] - click(findTestObject("Perolehan/002 Penyedia_RekodBaru/select_Pembekal Jamal")): Object: 'Object Repository/Perolehan/002 Penyedia_RekodBaru/select_Pembekal Jamal' is clicked on

2019-03-08 11:50:48 - [MESSAGE][PASSED] - Object: 'Object Repository/Perolehan/002 Penyedia_RekodBaru/select_Pembekal Jamal' is clicked on

2019-03-08 11:50:48 - [TEST_STEP][PASSED] - delay(3): Delayed 3 second(s)

2019-03-08 11:50:51 - [MESSAGE][PASSED] - Delayed 3 second(s)

2019-03-08 11:50:51 - [TEST_STEP][PASSED] - getText(findTestObject("Perolehan/002 Penyedia_RekodBaru/input_No.Akaun Pembekal _textb"), STOP_ON_FAILURE): Text of object 'Object Repository/Perolehan/002 Penyedia_RekodBaru/input_No.Akaun Pembekal _textb' is: ''

2019-03-08 11:50:51 - [MESSAGE][PASSED] - Text of object 'Object Repository/Perolehan/002 Penyedia_RekodBaru/input_No.Akaun Pembekal _textb' is: ''

2019-03-08 11:50:51 - [TEST_STEP][PASSED] - getText(findTestObject("Perolehan/002 Penyedia_RekodBaru/input_Cawangan Pembekal _textb"), STOP_ON_FAILURE): Text of object 'Object Repository/Perolehan/002 Penyedia_RekodBaru/input_Cawangan Pembekal _textb' is: ''

2019-03-08 11:50:51 - [MESSAGE][PASSED] - Text of object 'Object Repository/Perolehan/002 Penyedia_RekodBaru/input_Cawangan Pembekal _textb' is: ''

2019-03-08 11:50:51 - [TEST_STEP][PASSED] - click(findTestObject("Perolehan/002 Penyedia_RekodBaru/Date_Picker_Bekal_Kerja")): Object: 'Object Repository/Perolehan/002 Penyedia_RekodBaru/Date_Picker_Bekal_Kerja' is clicked on

2019-03-08 11:50:52 - [MESSAGE][PASSED] - Object: 'Object Repository/Perolehan/002 Penyedia_RekodBaru/Date_Picker_Bekal_Kerja' is clicked on

2019-03-08 11:50:52 - [TEST_STEP][PASSED] - delay(1): Delayed 1 second(s)

2019-03-08 11:50:53 - [MESSAGE][PASSED] - Delayed 1 second(s)

2019-03-08 11:50:53 - [TEST_STEP][PASSED] - click(findTestObject("Perolehan/002 Penyedia_RekodBaru/Date_Picker_Bekal_Kerja_Next_Month")): Object: 'Object Repository/Perolehan/002 Penyedia_RekodBaru/Date_Picker_Bekal_Kerja_Next_Month' is clicked on

2019-03-08 11:50:53 - [MESSAGE][PASSED] - Object: 'Object Repository/Perolehan/002 Penyedia_RekodBaru/Date_Picker_Bekal_Kerja_Next_Month' is clicked on

2019-03-08 11:50:53 - [TEST_STEP][PASSED] - delay(1): Delayed 1 second(s)

2019-03-08 11:50:54 - [MESSAGE][PASSED] - Delayed 1 second(s)

2019-03-08 11:50:54 - [TEST_STEP][PASSED] - click(findTestObject("Perolehan/002 Penyedia_RekodBaru/Date_Picker_Bekal_Kerja_Date")): Object: 'Object Repository/Perolehan/002 Penyedia_RekodBaru/Date_Picker_Bekal_Kerja_Date' is clicked on

2019-03-08 11:50:54 - [MESSAGE][PASSED] - Object: 'Object Repository/Perolehan/002 Penyedia_RekodBaru/Date_Picker_Bekal_Kerja_Date' is clicked on

2019-03-08 11:50:54 - [TEST_STEP][PASSED] - setText(findTestObject("Perolehan/002 Penyedia_RekodBaru/Text_box_Perihal"), "This is a test for PT - Cek automation scripts - Julia " + mydate): Text 'This is a test for PT - Cek automation scripts - Julia Fri Mar 08 11:50:39 SGT 2019' is set on object 'Object Repository/Perolehan/002 Penyedia_RekodBaru/Text_box_Perihal'

2019-03-08 11:50:54 - [MESSAGE][PASSED] - Text 'This is a test for PT - Cek automation scripts - Julia Fri Mar 08 11:50:39 SGT 2019' is set on object 'Object Repository/Perolehan/002 Penyedia_RekodBaru/Text_box_Perihal'

2019-03-08 11:50:54 - [TEST_STEP][PASSED] - delay(3): Delayed 3 second(s)

2019-03-08 11:50:57 - [MESSAGE][PASSED] - Delayed 3 second(s)

2019-03-08 11:50:57 - [TEST_STEP][PASSED] - click(findTestObject("Perolehan/002 Penyedia_RekodBaru/button_TambahCajLine")): Object: 'Object Repository/Perolehan/002 Penyedia_RekodBaru/button_TambahCajLine' is clicked on

2019-03-08 11:50:57 - [MESSAGE][PASSED] - Object: 'Object Repository/Perolehan/002 Penyedia_RekodBaru/button_TambahCajLine' is clicked on

2019-03-08 11:50:57 - [TEST_STEP][PASSED] - delay(3): Delayed 3 second(s)

2019-03-08 11:51:00 - [MESSAGE][PASSED] - Delayed 3 second(s)

2019-03-08 11:51:00 - [TEST_STEP][PASSED] - click(findTestObject("Perolehan/002 Penyedia_RekodBaru/Drop_down_Vot_Dana")): Object: 'Object Repository/Perolehan/002 Penyedia_RekodBaru/Drop_down_Vot_Dana' is clicked on

2019-03-08 11:51:00 - [MESSAGE][PASSED] - Object: 'Object Repository/Perolehan/002 Penyedia_RekodBaru/Drop_down_Vot_Dana' is clicked on

2019-03-08 11:51:00 - [TEST_STEP][PASSED] - delay(8): Delayed 8 second(s)

2019-03-08 11:51:08 - [MESSAGE][PASSED] - Delayed 8 second(s)

2019-03-08 11:51:08 - [TEST_STEP][PASSED] - waitForElementVisible(findTestObject("Perolehan/002 Penyedia_RekodBaru/Input_Vot_Dana"), 60): Object 'Object Repository/Perolehan/002 Penyedia_RekodBaru/Input_Vot_Dana' is visible

2019-03-08 11:51:08 - [MESSAGE][PASSED] - Object 'Object Repository/Perolehan/002 Penyedia_RekodBaru/Input_Vot_Dana' is visible

2019-03-08 11:51:08 - [TEST_STEP][PASSED] - setText(findTestObject("Perolehan/002 Penyedia_RekodBaru/Input_Vot_Dana"), "B31"): Text 'B31' is set on object 'Object Repository/Perolehan/002 Penyedia_RekodBaru/Input_Vot_Dana'

2019-03-08 11:51:08 - [MESSAGE][PASSED] - Text 'B31' is set on object 'Object Repository/Perolehan/002 Penyedia_RekodBaru/Input_Vot_Dana'

2019-03-08 11:51:08 - [TEST_STEP][PASSED] - waitForElementVisible(findTestObject("Perolehan/002 Penyedia_RekodBaru/Select_Vot_Dana_B31"), 60): Object 'Object Repository/Perolehan/002 Penyedia_RekodBaru/Select_Vot_Dana_B31' is visible

2019-03-08 11:51:09 - [MESSAGE][PASSED] - Object 'Object Repository/Perolehan/002 Penyedia_RekodBaru/Select_Vot_Dana_B31' is visible

2019-03-08 11:51:09 - [TEST_STEP][PASSED] - click(findTestObject("Perolehan/002 Penyedia_RekodBaru/Select_Vot_Dana_B31")): Object: 'Object Repository/Perolehan/002 Penyedia_RekodBaru/Select_Vot_Dana_B31' is clicked on

2019-03-08 11:51:09 - [MESSAGE][PASSED] - Object: 'Object Repository/Perolehan/002 Penyedia_RekodBaru/Select_Vot_Dana_B31' is clicked on

2019-03-08 11:51:09 - [TEST_STEP][PASSED] - delay(3): Delayed 3 second(s)

2019-03-08 11:51:12 - [MESSAGE][PASSED] - Delayed 3 second(s)

2019-03-08 11:51:12 - [TEST_STEP][PASSED] - click(findTestObject("Perolehan/002 Penyedia_RekodBaru/Drop_down_Program_Aktiviti")): Object: 'Object Repository/Perolehan/002 Penyedia_RekodBaru/Drop_down_Program_Aktiviti' is clicked on

2019-03-08 11:51:12 - [MESSAGE][PASSED] - Object: 'Object Repository/Perolehan/002 Penyedia_RekodBaru/Drop_down_Program_Aktiviti' is clicked on

2019-03-08 11:51:12 - [TEST_STEP][PASSED] - delay(3): Delayed 3 second(s)

2019-03-08 11:51:15 - [MESSAGE][PASSED] - Delayed 3 second(s)

2019-03-08 11:51:15 - [TEST_STEP][PASSED] - click(findTestObject("Perolehan/002 Penyedia_RekodBaru/Select_Program_160080")): Object: 'Object Repository/Perolehan/002 Penyedia_RekodBaru/Select_Program_160080' is clicked on

2019-03-08 11:51:15 - [MESSAGE][PASSED] - Object: 'Object Repository/Perolehan/002 Penyedia_RekodBaru/Select_Program_160080' is clicked on

2019-03-08 11:51:15 - [TEST_STEP][PASSED] - delay(3): Delayed 3 second(s)

2019-03-08 11:51:18 - [MESSAGE][PASSED] - Delayed 3 second(s)

2019-03-08 11:51:18 - [TEST_STEP][PASSED] - click(findTestObject("Perolehan/002 Penyedia_RekodBaru/Drop_down_Kod_Akaun")): Object: 'Object Repository/Perolehan/002 Penyedia_RekodBaru/Drop_down_Kod_Akaun' is clicked on

2019-03-08 11:51:18 - [MESSAGE][PASSED] - Object: 'Object Repository/Perolehan/002 Penyedia_RekodBaru/Drop_down_Kod_Akaun' is clicked on

2019-03-08 11:51:18 - [TEST_STEP][PASSED] - delay(3): Delayed 3 second(s)

2019-03-08 11:51:21 - [MESSAGE][PASSED] - Delayed 3 second(s)

2019-03-08 11:51:21 - [TEST_STEP][PASSED] - setText(findTestObject("Perolehan/002 Penyedia_RekodBaru/input_kod_akaun"), "B0229401"): Text 'B0229401' is set on object 'Object Repository/Perolehan/002 Penyedia_RekodBaru/input_kod_akaun'

2019-03-08 11:51:21 - [MESSAGE][PASSED] - Text 'B0229401' is set on object 'Object Repository/Perolehan/002 Penyedia_RekodBaru/input_kod_akaun'

2019-03-08 11:51:21 - [TEST_STEP][PASSED] - delay(3): Delayed 3 second(s)

2019-03-08 11:51:24 - [MESSAGE][PASSED] - Delayed 3 second(s)

2019-03-08 11:51:24 - [TEST_STEP][PASSED] - click(findTestObject("Perolehan/002 Penyedia_RekodBaru/Select_Kod_Akaun_B0229401")): Object: 'Object Repository/Perolehan/002 Penyedia_RekodBaru/Select_Kod_Akaun_B0229401' is clicked on

2019-03-08 11:51:24 - [MESSAGE][PASSED] - Object: 'Object Repository/Perolehan/002 Penyedia_RekodBaru/Select_Kod_Akaun_B0229401' is clicked on

2019-03-08 11:51:24 - [TEST_STEP][PASSED] - delay(3): Delayed 3 second(s)

2019-03-08 11:51:27 - [MESSAGE][PASSED] - Delayed 3 second(s)

2019-03-08 11:51:27 - [TEST_STEP][PASSED] - click(findTestObject("Perolehan/002 Penyedia_RekodBaru/Drop_down_Kod_Barang")): Object: 'Object Repository/Perolehan/002 Penyedia_RekodBaru/Drop_down_Kod_Barang' is clicked on

2019-03-08 11:51:28 - [MESSAGE][PASSED] - Object: 'Object Repository/Perolehan/002 Penyedia_RekodBaru/Drop_down_Kod_Barang' is clicked on

2019-03-08 11:51:28 - [TEST_STEP][PASSED] - delay(8): Delayed 8 second(s)

2019-03-08 11:51:36 - [MESSAGE][PASSED] - Delayed 8 second(s)

2019-03-08 11:51:36 - [TEST_STEP][PASSED] - click(findTestObject("Perolehan/002 Penyedia_RekodBaru/SelectKod_Barang_2940100000000000000")): Object: 'Object Repository/Perolehan/002 Penyedia_RekodBaru/SelectKod_Barang_2940100000000000000' is clicked on

2019-03-08 11:51:36 - [MESSAGE][PASSED] - Object: 'Object Repository/Perolehan/002 Penyedia_RekodBaru/SelectKod_Barang_2940100000000000000' is clicked on

2019-03-08 11:51:36 - [TEST_STEP][PASSED] - click(findTestObject("Perolehan/002 Penyedia_RekodBaru/Drop_down_Kategori_Pesanan_Tempatan")): Object: 'Object Repository/Perolehan/002 Penyedia_RekodBaru/Drop_down_Kategori_Pesanan_Tempatan' is clicked on

2019-03-08 11:51:36 - [MESSAGE][PASSED] - Object: 'Object Repository/Perolehan/002 Penyedia_RekodBaru/Drop_down_Kategori_Pesanan_Tempatan' is clicked on

2019-03-08 11:51:36 - [TEST_STEP][PASSED] - click(findTestObject("Perolehan/002 Penyedia_RekodBaru/Select_Kategori_Pesanan_PERKHIDMATAN")): Object: 'Object Repository/Perolehan/002 Penyedia_RekodBaru/Select_Kategori_Pesanan_PERKHIDMATAN' is clicked on

2019-03-08 11:51:36 - [MESSAGE][PASSED] - Object: 'Object Repository/Perolehan/002 Penyedia_RekodBaru/Select_Kategori_Pesanan_PERKHIDMATAN' is clicked on

2019-03-08 11:51:36 - [TEST_STEP][PASSED] - setText(findTestObject("Perolehan/002 Penyedia_RekodBaru/input_kuantiti"), "3"): Text '3' is set on object 'Object Repository/Perolehan/002 Penyedia_RekodBaru/input_kuantiti'

2019-03-08 11:51:36 - [MESSAGE][PASSED] - Text '3' is set on object 'Object Repository/Perolehan/002 Penyedia_RekodBaru/input_kuantiti'

2019-03-08 11:51:36 - [TEST_STEP][PASSED] - click(findTestObject("Perolehan/002 Penyedia_RekodBaru/Drop_down_Unit_Ukuran")): Object: 'Object Repository/Perolehan/002 Penyedia_RekodBaru/Drop_down_Unit_Ukuran' is clicked on

2019-03-08 11:51:36 - [MESSAGE][PASSED] - Object: 'Object Repository/Perolehan/002 Penyedia_RekodBaru/Drop_down_Unit_Ukuran' is clicked on

2019-03-08 11:51:36 - [TEST_STEP][PASSED] - delay(3): Delayed 3 second(s)

2019-03-08 11:51:39 - [MESSAGE][PASSED] - Delayed 3 second(s)

2019-03-08 11:51:39 - [TEST_STEP][PASSED] - click(findTestObject("Perolehan/002 Penyedia_RekodBaru/select_unit_ukuran_buah")): Object: 'Object Repository/Perolehan/002 Penyedia_RekodBaru/select_unit_ukuran_buah' is clicked on

2019-03-08 11:51:39 - [MESSAGE][PASSED] - Object: 'Object Repository/Perolehan/002 Penyedia_RekodBaru/select_unit_ukuran_buah' is clicked on

2019-03-08 11:51:39 - [TEST_STEP][PASSED] - setText(findTestObject("Perolehan/002 Penyedia_RekodBaru/input_harga_seunit"), "1.77"): Text '1.77' is set on object 'Object Repository/Perolehan/002 Penyedia_RekodBaru/input_harga_seunit'

2019-03-08 11:51:39 - [MESSAGE][PASSED] - Text '1.77' is set on object 'Object Repository/Perolehan/002 Penyedia_RekodBaru/input_harga_seunit'

2019-03-08 11:51:39 - [TEST_STEP][PASSED] - click(findTestObject("Perolehan/002 Penyedia_RekodBaru/button_simpan_caj_line")): Object: 'Object Repository/Perolehan/002 Penyedia_RekodBaru/button_simpan_caj_line' is clicked on

2019-03-08 11:51:39 - [MESSAGE][PASSED] - Object: 'Object Repository/Perolehan/002 Penyedia_RekodBaru/button_simpan_caj_line' is clicked on

2019-03-08 11:51:39 - [TEST_STEP][PASSED] - delay(3): Delayed 3 second(s)

2019-03-08 11:51:42 - [MESSAGE][PASSED] - Delayed 3 second(s)

2019-03-08 11:51:42 - [TEST_STEP][PASSED] - waitForElementClickable(findTestObject("Perolehan/002 Penyedia_RekodBaru/button_OK_Peruntukan_cukup"), 3): Web element with id: 'Object Repository/Perolehan/002 Penyedia_RekodBaru/button_OK_Peruntukan_cukup' located by 'By.xpath: //span[@class = 'l-btn-text' and (text() = 'Ok' or . = 'Ok')]' not found

2019-03-08 11:51:46 - [MESSAGE][INFO] - Unable to find the element located by 'By.xpath: //span[@class = 'l-btn-text' and (text() = 'Ok' or . = 'Ok')]'. Please recheck the objects properties to make sure the desired element is located. 

2019-03-08 11:51:46 - [MESSAGE][WARNING] - Web element with id: 'Object Repository/Perolehan/002 Penyedia_RekodBaru/button_OK_Peruntukan_cukup' located by 'By.xpath: //span[@class = 'l-btn-text' and (text() = 'Ok' or . = 'Ok')]' not found

2019-03-08 11:51:46 - [TEST_STEP][PASSED] - click(findTestObject("Perolehan/002 Penyedia_RekodBaru/button_OK_Peruntukan_cukup")): Object: 'Object Repository/Perolehan/002 Penyedia_RekodBaru/button_OK_Peruntukan_cukup' is clicked on

2019-03-08 11:51:47 - [MESSAGE][PASSED] - Object: 'Object Repository/Perolehan/002 Penyedia_RekodBaru/button_OK_Peruntukan_cukup' is clicked on

2019-03-08 11:51:47 - [TEST_STEP][PASSED] - click(findTestObject("Perolehan/002 Penyedia_RekodBaru/button_Simpan_Rekod")): Object: 'Object Repository/Perolehan/002 Penyedia_RekodBaru/button_Simpan_Rekod' is clicked on

2019-03-08 11:51:47 - [MESSAGE][PASSED] - Object: 'Object Repository/Perolehan/002 Penyedia_RekodBaru/button_Simpan_Rekod' is clicked on

2019-03-08 11:51:47 - [TEST_STEP][PASSED] - delay(3): Delayed 3 second(s)

2019-03-08 11:51:50 - [MESSAGE][PASSED] - Delayed 3 second(s)

2019-03-08 11:51:50 - [TEST_STEP][PASSED] - waitForElementClickable(findTestObject("Perolehan/002 Penyedia_RekodBaru/button_OK_Rekod_Berjaya_disimpan"), 60): Object 'Object Repository/Perolehan/002 Penyedia_RekodBaru/button_OK_Rekod_Berjaya_disimpan' is clickable

2019-03-08 11:51:51 - [MESSAGE][PASSED] - Object 'Object Repository/Perolehan/002 Penyedia_RekodBaru/button_OK_Rekod_Berjaya_disimpan' is clickable

2019-03-08 11:51:51 - [TEST_STEP][PASSED] - click(findTestObject("Perolehan/002 Penyedia_RekodBaru/button_OK_Rekod_Berjaya_disimpan")): Object: 'Object Repository/Perolehan/002 Penyedia_RekodBaru/button_OK_Rekod_Berjaya_disimpan' is clicked on

2019-03-08 11:51:51 - [MESSAGE][PASSED] - Object: 'Object Repository/Perolehan/002 Penyedia_RekodBaru/button_OK_Rekod_Berjaya_disimpan' is clicked on

2019-03-08 11:51:51 - [TEST_STEP][PASSED] - delay(3): Delayed 3 second(s)

2019-03-08 11:51:54 - [MESSAGE][PASSED] - Delayed 3 second(s)

2019-03-08 11:51:54 - [TEST_STEP][PASSED] - JumlahPesananTempatan = getText(findTestObject("Perolehan/002 Penyedia_RekodBaru/Jumlah_pesanan_tempatan")): Text of object 'Object Repository/Perolehan/002 Penyedia_RekodBaru/Jumlah_pesanan_tempatan' is: '5.31'

2019-03-08 11:51:54 - [MESSAGE][PASSED] - Text of object 'Object Repository/Perolehan/002 Penyedia_RekodBaru/Jumlah_pesanan_tempatan' is: '5.31'

2019-03-08 11:51:54 - [TEST_STEP][PASSED] - println(JumlahPesananTempatan): null

2019-03-08 11:51:54 - [TEST_STEP][PASSED] - click(findTestObject("Perolehan/002 Penyedia_RekodBaru/Tab_Penghantaran_Barang")): Object: 'Object Repository/Perolehan/002 Penyedia_RekodBaru/Tab_Penghantaran_Barang' is clicked on

2019-03-08 11:51:54 - [MESSAGE][PASSED] - Object: 'Object Repository/Perolehan/002 Penyedia_RekodBaru/Tab_Penghantaran_Barang' is clicked on

2019-03-08 11:51:54 - [TEST_STEP][PASSED] - click(findTestObject("Perolehan/002 Penyedia_RekodBaru/button_tambah_master_barang")): Object: 'Object Repository/Perolehan/002 Penyedia_RekodBaru/button_tambah_master_barang' is clicked on

2019-03-08 11:51:54 - [MESSAGE][PASSED] - Object: 'Object Repository/Perolehan/002 Penyedia_RekodBaru/button_tambah_master_barang' is clicked on

2019-03-08 11:51:54 - [TEST_STEP][PASSED] - setText(findTestObject("Perolehan/002 Penyedia_RekodBaru/input_untuk_perhatian"), "Yang Berkenaan"): Text 'Yang Berkenaan' is set on object 'Object Repository/Perolehan/002 Penyedia_RekodBaru/input_untuk_perhatian'

2019-03-08 11:51:54 - [MESSAGE][PASSED] - Text 'Yang Berkenaan' is set on object 'Object Repository/Perolehan/002 Penyedia_RekodBaru/input_untuk_perhatian'

2019-03-08 11:51:54 - [TEST_STEP][PASSED] - click(findTestObject("Perolehan/002 Penyedia_RekodBaru/Drop_down_bekal_kepada_Jabatan")): Object: 'Object Repository/Perolehan/002 Penyedia_RekodBaru/Drop_down_bekal_kepada_Jabatan' is clicked on

2019-03-08 11:51:54 - [MESSAGE][PASSED] - Object: 'Object Repository/Perolehan/002 Penyedia_RekodBaru/Drop_down_bekal_kepada_Jabatan' is clicked on

2019-03-08 11:51:54 - [TEST_STEP][PASSED] - setText(findTestObject("Perolehan/002 Penyedia_RekodBaru/input_bekal_kepada_jabatan"), "004000"): Text '004000' is set on object 'Object Repository/Perolehan/002 Penyedia_RekodBaru/input_bekal_kepada_jabatan'

2019-03-08 11:51:55 - [MESSAGE][PASSED] - Text '004000' is set on object 'Object Repository/Perolehan/002 Penyedia_RekodBaru/input_bekal_kepada_jabatan'

2019-03-08 11:51:55 - [TEST_STEP][PASSED] - delay(3): Delayed 3 second(s)

2019-03-08 11:51:58 - [MESSAGE][PASSED] - Delayed 3 second(s)

2019-03-08 11:51:58 - [TEST_STEP][PASSED] - click(findTestObject("Perolehan/002 Penyedia_RekodBaru/select_jabatan_004000")): Object: 'Object Repository/Perolehan/002 Penyedia_RekodBaru/select_jabatan_004000' is clicked on

2019-03-08 11:51:58 - [MESSAGE][PASSED] - Object: 'Object Repository/Perolehan/002 Penyedia_RekodBaru/select_jabatan_004000' is clicked on

2019-03-08 11:51:58 - [TEST_STEP][PASSED] - delay(3): Delayed 3 second(s)

2019-03-08 11:52:01 - [MESSAGE][PASSED] - Delayed 3 second(s)

2019-03-08 11:52:01 - [TEST_STEP][PASSED] - click(findTestObject("Perolehan/002 Penyedia_RekodBaru/Drop_down_master_PTJ")): Object: 'Object Repository/Perolehan/002 Penyedia_RekodBaru/Drop_down_master_PTJ' is clicked on

2019-03-08 11:52:01 - [MESSAGE][PASSED] - Object: 'Object Repository/Perolehan/002 Penyedia_RekodBaru/Drop_down_master_PTJ' is clicked on

2019-03-08 11:52:01 - [TEST_STEP][PASSED] - delay(3): Delayed 3 second(s)

2019-03-08 11:52:04 - [MESSAGE][PASSED] - Delayed 3 second(s)

2019-03-08 11:52:04 - [TEST_STEP][PASSED] - waitForElementVisible(findTestObject("Perolehan/002 Penyedia_RekodBaru/select_master_PTJ"), 60): Object 'Object Repository/Perolehan/002 Penyedia_RekodBaru/select_master_PTJ' is visible

2019-03-08 11:52:04 - [MESSAGE][PASSED] - Object 'Object Repository/Perolehan/002 Penyedia_RekodBaru/select_master_PTJ' is visible

2019-03-08 11:52:04 - [TEST_STEP][PASSED] - click(findTestObject("Perolehan/002 Penyedia_RekodBaru/select_master_PTJ")): Object: 'Object Repository/Perolehan/002 Penyedia_RekodBaru/select_master_PTJ' is clicked on

2019-03-08 11:52:04 - [MESSAGE][PASSED] - Object: 'Object Repository/Perolehan/002 Penyedia_RekodBaru/select_master_PTJ' is clicked on

2019-03-08 11:52:04 - [TEST_STEP][PASSED] - delay(3): Delayed 3 second(s)

2019-03-08 11:52:07 - [MESSAGE][PASSED] - Delayed 3 second(s)

2019-03-08 11:52:07 - [TEST_STEP][PASSED] - check(findTestObject("Perolehan/002 Penyedia_RekodBaru/checkbox_alamat_utama")): Object 'Object Repository/Perolehan/002 Penyedia_RekodBaru/checkbox_alamat_utama' is checked

2019-03-08 11:52:07 - [MESSAGE][PASSED] - Object 'Object Repository/Perolehan/002 Penyedia_RekodBaru/checkbox_alamat_utama' is checked

2019-03-08 11:52:07 - [TEST_STEP][PASSED] - click(findTestObject("Perolehan/002 Penyedia_RekodBaru/button_tambah_senarai_barang")): Object: 'Object Repository/Perolehan/002 Penyedia_RekodBaru/button_tambah_senarai_barang' is clicked on

2019-03-08 11:52:07 - [MESSAGE][PASSED] - Object: 'Object Repository/Perolehan/002 Penyedia_RekodBaru/button_tambah_senarai_barang' is clicked on

2019-03-08 11:52:07 - [TEST_STEP][PASSED] - delay(3): Delayed 3 second(s)

2019-03-08 11:52:10 - [MESSAGE][PASSED] - Delayed 3 second(s)

2019-03-08 11:52:10 - [TEST_STEP][PASSED] - click(findTestObject("Perolehan/002 Penyedia_RekodBaru/Drop_down_senarai_barang")): Object: 'Object Repository/Perolehan/002 Penyedia_RekodBaru/Drop_down_senarai_barang' is clicked on

2019-03-08 11:52:10 - [MESSAGE][PASSED] - Object: 'Object Repository/Perolehan/002 Penyedia_RekodBaru/Drop_down_senarai_barang' is clicked on

2019-03-08 11:52:10 - [TEST_STEP][PASSED] - delay(3): Delayed 3 second(s)

2019-03-08 11:52:13 - [MESSAGE][PASSED] - Delayed 3 second(s)

2019-03-08 11:52:13 - [TEST_STEP][PASSED] - click(findTestObject("Perolehan/002 Penyedia_RekodBaru/Drop_down_Barang_1")): Object: 'Object Repository/Perolehan/002 Penyedia_RekodBaru/Drop_down_Barang_1' is clicked on

2019-03-08 11:52:13 - [MESSAGE][PASSED] - Object: 'Object Repository/Perolehan/002 Penyedia_RekodBaru/Drop_down_Barang_1' is clicked on

2019-03-08 11:52:13 - [TEST_STEP][PASSED] - setText(findTestObject("Perolehan/002 Penyedia_RekodBaru/input_Kuantiti_senarai_barang"), "3"): Text '3' is set on object 'Object Repository/Perolehan/002 Penyedia_RekodBaru/input_Kuantiti_senarai_barang'

2019-03-08 11:52:13 - [MESSAGE][PASSED] - Text '3' is set on object 'Object Repository/Perolehan/002 Penyedia_RekodBaru/input_Kuantiti_senarai_barang'

2019-03-08 11:52:13 - [TEST_STEP][PASSED] - click(findTestObject("Perolehan/002 Penyedia_RekodBaru/button_save_senarai_barang")): Object: 'Object Repository/Perolehan/002 Penyedia_RekodBaru/button_save_senarai_barang' is clicked on

2019-03-08 11:52:14 - [MESSAGE][PASSED] - Object: 'Object Repository/Perolehan/002 Penyedia_RekodBaru/button_save_senarai_barang' is clicked on

2019-03-08 11:52:14 - [TEST_STEP][PASSED] - click(findTestObject("Perolehan/002 Penyedia_RekodBaru/button_simpan_maklumat_bekalan")): Object: 'Object Repository/Perolehan/002 Penyedia_RekodBaru/button_simpan_maklumat_bekalan' is clicked on

2019-03-08 11:52:14 - [MESSAGE][PASSED] - Object: 'Object Repository/Perolehan/002 Penyedia_RekodBaru/button_simpan_maklumat_bekalan' is clicked on

2019-03-08 11:52:14 - [TEST_STEP][PASSED] - click(findTestObject("Perolehan/002 Penyedia_RekodBaru/Tab_Pesanan_Tempatan")): Object: 'Object Repository/Perolehan/002 Penyedia_RekodBaru/Tab_Pesanan_Tempatan' is clicked on

2019-03-08 11:52:14 - [MESSAGE][PASSED] - Object: 'Object Repository/Perolehan/002 Penyedia_RekodBaru/Tab_Pesanan_Tempatan' is clicked on

2019-03-08 11:52:14 - [TEST_STEP][PASSED] - click(findTestObject("Perolehan/002 Penyedia_RekodBaru/button_Simpan_Rekod")): Object: 'Object Repository/Perolehan/002 Penyedia_RekodBaru/button_Simpan_Rekod' is clicked on

2019-03-08 11:52:14 - [MESSAGE][PASSED] - Object: 'Object Repository/Perolehan/002 Penyedia_RekodBaru/button_Simpan_Rekod' is clicked on

2019-03-08 11:52:14 - [TEST_STEP][PASSED] - delay(3): Delayed 3 second(s)

2019-03-08 11:52:17 - [MESSAGE][PASSED] - Delayed 3 second(s)

2019-03-08 11:52:17 - [TEST_STEP][PASSED] - waitForElementClickable(findTestObject("Perolehan/002 Penyedia_RekodBaru/button_OK_Rekod_Berjaya_disimpan"), 60): Object 'Object Repository/Perolehan/002 Penyedia_RekodBaru/button_OK_Rekod_Berjaya_disimpan' is clickable

2019-03-08 11:52:17 - [MESSAGE][PASSED] - Object 'Object Repository/Perolehan/002 Penyedia_RekodBaru/button_OK_Rekod_Berjaya_disimpan' is clickable

2019-03-08 11:52:17 - [TEST_STEP][PASSED] - takeScreenshot(): Taking screenshot successfully

2019-03-08 11:52:18 - [MESSAGE][PASSED] - Taking screenshot successfully
[[ATTACHMENT|C:\\Users\\Consultant_MSPHitect\\Katalon Studio\\TrainingonKatalon\\Reports\\Perolehan\\02 Pesanan Tempatan Cara Bayaran CEK Dengan Pemfaktoran\\20190308_114931\\1552017137719.png]]

2019-03-08 11:52:18 - [TEST_STEP][PASSED] - click(findTestObject("Perolehan/002 Penyedia_RekodBaru/button_OK_Rekod_Berjaya_disimpan")): Object: 'Object Repository/Perolehan/002 Penyedia_RekodBaru/button_OK_Rekod_Berjaya_disimpan' is clicked on

2019-03-08 11:52:18 - [MESSAGE][PASSED] - Object: 'Object Repository/Perolehan/002 Penyedia_RekodBaru/button_OK_Rekod_Berjaya_disimpan' is clicked on]]></system-out>
         <system-err><![CDATA[]]></system-err>
      </testcase>
      <testcase name="Test Cases/Perolehan/002 Rekod Baru oleh Penyedia/002 Senarai Semak" classname="Test Cases/Perolehan/002 Rekod Baru oleh Penyedia/002 Senarai Semak" status="PASSED">
         <system-out><![CDATA[2019-03-08 11:52:18 - [TEST_CASE][PASSED] - Test Cases/Perolehan/002 Rekod Baru oleh Penyedia/002 Senarai Semak: Test Cases/Perolehan/002 Rekod Baru oleh Penyedia/002 Senarai Semak

2019-03-08 11:52:18 - [TEST_STEP][PASSED] - delay(3): Delayed 3 second(s)

2019-03-08 11:52:21 - [MESSAGE][PASSED] - Delayed 3 second(s)

2019-03-08 11:52:21 - [TEST_STEP][PASSED] - click(findTestObject("Perolehan/002 Penyedia_RekodBaru/0021 Senarai Semak/button_Senarai Semak")): Object: 'Object Repository/Perolehan/002 Penyedia_RekodBaru/0021 Senarai Semak/button_Senarai Semak' is clicked on

2019-03-08 11:52:21 - [MESSAGE][PASSED] - Object: 'Object Repository/Perolehan/002 Penyedia_RekodBaru/0021 Senarai Semak/button_Senarai Semak' is clicked on

2019-03-08 11:52:21 - [TEST_STEP][PASSED] - delay(3): Delayed 3 second(s)

2019-03-08 11:52:24 - [MESSAGE][PASSED] - Delayed 3 second(s)

2019-03-08 11:52:24 - [TEST_STEP][PASSED] - check(findTestObject("Perolehan/002 Penyedia_RekodBaru/0021 Senarai Semak/Senarai_semak_IC")): Object 'Object Repository/Perolehan/002 Penyedia_RekodBaru/0021 Senarai Semak/Senarai_semak_IC' is checked

2019-03-08 11:52:24 - [MESSAGE][PASSED] - Object 'Object Repository/Perolehan/002 Penyedia_RekodBaru/0021 Senarai Semak/Senarai_semak_IC' is checked

2019-03-08 11:52:24 - [TEST_STEP][PASSED] - check(findTestObject("Perolehan/002 Penyedia_RekodBaru/0021 Senarai Semak/Senarai_semak_Pesanan_Tempatan")): Object 'Object Repository/Perolehan/002 Penyedia_RekodBaru/0021 Senarai Semak/Senarai_semak_Pesanan_Tempatan' is checked

2019-03-08 11:52:24 - [MESSAGE][PASSED] - Object 'Object Repository/Perolehan/002 Penyedia_RekodBaru/0021 Senarai Semak/Senarai_semak_Pesanan_Tempatan' is checked

2019-03-08 11:52:24 - [TEST_STEP][PASSED] - check(findTestObject("Perolehan/002 Penyedia_RekodBaru/0021 Senarai Semak/Senarai_semak_Perihal_Perolehan")): Object 'Object Repository/Perolehan/002 Penyedia_RekodBaru/0021 Senarai Semak/Senarai_semak_Perihal_Perolehan' is checked

2019-03-08 11:52:24 - [MESSAGE][PASSED] - Object 'Object Repository/Perolehan/002 Penyedia_RekodBaru/0021 Senarai Semak/Senarai_semak_Perihal_Perolehan' is checked

2019-03-08 11:52:24 - [TEST_STEP][PASSED] - click(findTestObject("Perolehan/002 Penyedia_RekodBaru/0021 Senarai Semak/button_simpan_senarai_semak")): Object: 'Object Repository/Perolehan/002 Penyedia_RekodBaru/0021 Senarai Semak/button_simpan_senarai_semak' is clicked on

2019-03-08 11:52:24 - [MESSAGE][PASSED] - Object: 'Object Repository/Perolehan/002 Penyedia_RekodBaru/0021 Senarai Semak/button_simpan_senarai_semak' is clicked on

2019-03-08 11:52:24 - [TEST_STEP][PASSED] - waitForElementClickable(findTestObject("Perolehan/002 Penyedia_RekodBaru/0021 Senarai Semak/button_OK_Senarai_Semak_berjaya_disimpan"), 60): Object 'Object Repository/Perolehan/002 Penyedia_RekodBaru/0021 Senarai Semak/button_OK_Senarai_Semak_berjaya_disimpan' is clickable

2019-03-08 11:52:25 - [MESSAGE][PASSED] - Object 'Object Repository/Perolehan/002 Penyedia_RekodBaru/0021 Senarai Semak/button_OK_Senarai_Semak_berjaya_disimpan' is clickable

2019-03-08 11:52:25 - [TEST_STEP][PASSED] - click(findTestObject("Perolehan/002 Penyedia_RekodBaru/0021 Senarai Semak/button_OK_Senarai_Semak_berjaya_disimpan")): Object: 'Object Repository/Perolehan/002 Penyedia_RekodBaru/0021 Senarai Semak/button_OK_Senarai_Semak_berjaya_disimpan' is clicked on

2019-03-08 11:52:25 - [MESSAGE][PASSED] - Object: 'Object Repository/Perolehan/002 Penyedia_RekodBaru/0021 Senarai Semak/button_OK_Senarai_Semak_berjaya_disimpan' is clicked on

2019-03-08 11:52:25 - [TEST_STEP][PASSED] - click(findTestObject("Perolehan/002 Penyedia_RekodBaru/0021 Senarai Semak/Senarai_semak_close_X")): Object: 'Object Repository/Perolehan/002 Penyedia_RekodBaru/0021 Senarai Semak/Senarai_semak_close_X' is clicked on

2019-03-08 11:52:25 - [MESSAGE][PASSED] - Object: 'Object Repository/Perolehan/002 Penyedia_RekodBaru/0021 Senarai Semak/Senarai_semak_close_X' is clicked on

2019-03-08 11:52:25 - [TEST_STEP][PASSED] - click(findTestObject("Perolehan/002 Penyedia_RekodBaru/button_Simpan_Rekod")): Object: 'Object Repository/Perolehan/002 Penyedia_RekodBaru/button_Simpan_Rekod' is clicked on

2019-03-08 11:52:25 - [MESSAGE][PASSED] - Object: 'Object Repository/Perolehan/002 Penyedia_RekodBaru/button_Simpan_Rekod' is clicked on

2019-03-08 11:52:25 - [TEST_STEP][PASSED] - delay(3): Delayed 3 second(s)

2019-03-08 11:52:28 - [MESSAGE][PASSED] - Delayed 3 second(s)

2019-03-08 11:52:28 - [TEST_STEP][PASSED] - waitForElementClickable(findTestObject("Perolehan/002 Penyedia_RekodBaru/button_OK_Rekod_Berjaya_disimpan"), 60): Object 'Object Repository/Perolehan/002 Penyedia_RekodBaru/button_OK_Rekod_Berjaya_disimpan' is clickable

2019-03-08 11:52:28 - [MESSAGE][PASSED] - Object 'Object Repository/Perolehan/002 Penyedia_RekodBaru/button_OK_Rekod_Berjaya_disimpan' is clickable

2019-03-08 11:52:28 - [TEST_STEP][PASSED] - click(findTestObject("Perolehan/002 Penyedia_RekodBaru/button_OK_Rekod_Berjaya_disimpan")): Object: 'Object Repository/Perolehan/002 Penyedia_RekodBaru/button_OK_Rekod_Berjaya_disimpan' is clicked on

2019-03-08 11:52:28 - [MESSAGE][PASSED] - Object: 'Object Repository/Perolehan/002 Penyedia_RekodBaru/button_OK_Rekod_Berjaya_disimpan' is clicked on]]></system-out>
         <system-err><![CDATA[]]></system-err>
      </testcase>
      <testcase name="Test Cases/Perolehan/002 Rekod Baru oleh Penyedia/003 Sah Simpan" classname="Test Cases/Perolehan/002 Rekod Baru oleh Penyedia/003 Sah Simpan" status="PASSED">
         <system-out><![CDATA[2019-03-08 11:52:28 - [TEST_CASE][PASSED] - Test Cases/Perolehan/002 Rekod Baru oleh Penyedia/003 Sah Simpan: Test Cases/Perolehan/002 Rekod Baru oleh Penyedia/003 Sah Simpan

2019-03-08 11:52:28 - [TEST_STEP][PASSED] - delay(5): Delayed 5 second(s)

2019-03-08 11:52:33 - [MESSAGE][PASSED] - Delayed 5 second(s)

2019-03-08 11:52:33 - [TEST_STEP][PASSED] - Total = getText(findTestObject("Perolehan/002 Penyedia_RekodBaru/0022 Sah_Simpan/TotalAmaunPT")): Text of object 'Object Repository/Perolehan/002 Penyedia_RekodBaru/0022 Sah_Simpan/TotalAmaunPT' is: '5.31'

2019-03-08 11:52:33 - [MESSAGE][PASSED] - Text of object 'Object Repository/Perolehan/002 Penyedia_RekodBaru/0022 Sah_Simpan/TotalAmaunPT' is: '5.31'

2019-03-08 11:52:33 - [TEST_STEP][PASSED] - println(Total): null

2019-03-08 11:52:33 - [TEST_STEP][PASSED] - TotalAmaunPT = Total: null

2019-03-08 11:52:34 - [TEST_STEP][PASSED] - delay(3): Delayed 3 second(s)

2019-03-08 11:52:37 - [MESSAGE][PASSED] - Delayed 3 second(s)

2019-03-08 11:52:37 - [TEST_STEP][PASSED] - click(findTestObject("Perolehan/002 Penyedia_RekodBaru/0022 Sah_Simpan/button_Sah Simpan")): Object: 'Object Repository/Perolehan/002 Penyedia_RekodBaru/0022 Sah_Simpan/button_Sah Simpan' is clicked on

2019-03-08 11:52:37 - [MESSAGE][PASSED] - Object: 'Object Repository/Perolehan/002 Penyedia_RekodBaru/0022 Sah_Simpan/button_Sah Simpan' is clicked on

2019-03-08 11:52:37 - [TEST_STEP][PASSED] - click(findTestObject("Perolehan/002 Penyedia_RekodBaru/0022 Sah_Simpan/button_Ya_Sah_Simpan")): Object: 'Object Repository/Perolehan/002 Penyedia_RekodBaru/0022 Sah_Simpan/button_Ya_Sah_Simpan' is clicked on

2019-03-08 11:52:37 - [MESSAGE][PASSED] - Object: 'Object Repository/Perolehan/002 Penyedia_RekodBaru/0022 Sah_Simpan/button_Ya_Sah_Simpan' is clicked on

2019-03-08 11:52:37 - [TEST_STEP][PASSED] - delay(3): Delayed 3 second(s)

2019-03-08 11:52:40 - [MESSAGE][PASSED] - Delayed 3 second(s)

2019-03-08 11:52:40 - [TEST_STEP][PASSED] - waitForElementClickable(findTestObject("Perolehan/002 Penyedia_RekodBaru/0022 Sah_Simpan/button_OK_Sah_Simpan"), 60): Object 'Object Repository/Perolehan/002 Penyedia_RekodBaru/0022 Sah_Simpan/button_OK_Sah_Simpan' is clickable

2019-03-08 11:52:40 - [MESSAGE][PASSED] - Object 'Object Repository/Perolehan/002 Penyedia_RekodBaru/0022 Sah_Simpan/button_OK_Sah_Simpan' is clickable

2019-03-08 11:52:40 - [TEST_STEP][PASSED] - takeScreenshot(): Taking screenshot successfully

2019-03-08 11:52:41 - [MESSAGE][PASSED] - Taking screenshot successfully
[[ATTACHMENT|C:\\Users\\Consultant_MSPHitect\\Katalon Studio\\TrainingonKatalon\\Reports\\Perolehan\\02 Pesanan Tempatan Cara Bayaran CEK Dengan Pemfaktoran\\20190308_114931\\1552017160738.png]]

2019-03-08 11:52:41 - [TEST_STEP][PASSED] - PTRekodberjayaID = getText(findTestObject("Perolehan/002 Penyedia_RekodBaru/0022 Sah_Simpan/RekodBerjayadiSahSimpan")): Text of object 'Object Repository/Perolehan/002 Penyedia_RekodBaru/0022 Sah_Simpan/RekodBerjayadiSahSimpan' is: 'Rekod Telah Berjaya Di Sah Simpan. [ NO REKOD :19DAPT030100177 ]
Ok'

2019-03-08 11:52:41 - [MESSAGE][PASSED] - Text of object 'Object Repository/Perolehan/002 Penyedia_RekodBaru/0022 Sah_Simpan/RekodBerjayadiSahSimpan' is: 'Rekod Telah Berjaya Di Sah Simpan. [ NO REKOD :19DAPT030100177 ]
Ok'

2019-03-08 11:52:41 - [TEST_STEP][PASSED] - println(PTRekodberjayaID): null

2019-03-08 11:52:41 - [TEST_STEP][PASSED] - PTRekodID = PTRekodberjayaID[(47..61)]: null

2019-03-08 11:52:41 - [TEST_STEP][PASSED] - println(PTRekodID): null

2019-03-08 11:52:41 - [TEST_STEP][PASSED] - PesananTempatanRekodID = PTRekodID: null

2019-03-08 11:52:41 - [TEST_STEP][PASSED] - delay(3): Delayed 3 second(s)

2019-03-08 11:52:44 - [MESSAGE][PASSED] - Delayed 3 second(s)

2019-03-08 11:52:44 - [TEST_STEP][PASSED] - click(findTestObject("Perolehan/002 Penyedia_RekodBaru/0022 Sah_Simpan/button_OK_Sah_Simpan")): Object: 'Object Repository/Perolehan/002 Penyedia_RekodBaru/0022 Sah_Simpan/button_OK_Sah_Simpan' is clicked on

2019-03-08 11:52:44 - [MESSAGE][PASSED] - Object: 'Object Repository/Perolehan/002 Penyedia_RekodBaru/0022 Sah_Simpan/button_OK_Sah_Simpan' is clicked on

2019-03-08 11:52:44 - [TEST_STEP][PASSED] - closeBrowser(): Browser is closed

2019-03-08 11:52:44 - [MESSAGE][PASSED] - Browser is closed]]></system-out>
         <system-err><![CDATA[]]></system-err>
      </testcase>
      <testcase name="Test Cases/Perolehan/003 Pengesahan Pesanan Tempatan/Pengesahan" classname="Test Cases/Perolehan/003 Pengesahan Pesanan Tempatan/Pengesahan" status="PASSED">
         <system-out><![CDATA[2019-03-08 11:52:44 - [TEST_CASE][PASSED] - Test Cases/Perolehan/003 Pengesahan Pesanan Tempatan/Pengesahan: Test Cases/Perolehan/003 Pengesahan Pesanan Tempatan/Pengesahan

2019-03-08 11:52:45 - [TEST_STEP][PASSED] - reusablefunctions.reusablefunctions.openbrowser(): reusablefunctions.reusablefunctions.openbrowser is PASSED

2019-03-08 11:52:45 - [MESSAGE][INFO] - Starting 'Chrome' driver

2019-03-08 11:52:47 - [MESSAGE][PASSED] - Browser is opened with url: 'https://175.143.52.101:7011/1SPEKSv2/'

2019-03-08 11:52:47 - [MESSAGE][PASSED] - reusablefunctions.reusablefunctions.openbrowser is PASSED

2019-03-08 11:52:47 - [TEST_STEP][PASSED] - reusablefunctions.reusablefunctions.Login(findTestData("ispekstestdata").getValue(1, 2), findTestData("ispekstestdata").getValue(2, 2)): reusablefunctions.reusablefunctions.Login is PASSED

2019-03-08 11:52:48 - [MESSAGE][PASSED] - Text '601101955194' is set on object 'Object Repository/Login/input_NoKadPengenalan'

2019-03-08 11:52:48 - [MESSAGE][PASSED] - Text ****** has been set on object 'Object Repository/Login/input_Password'

2019-03-08 11:52:49 - [MESSAGE][PASSED] - Object: 'Object Repository/Login/input_ButtonLogMasuk' is clicked on

2019-03-08 11:52:59 - [MESSAGE][PASSED] - Delayed 10 second(s)

2019-03-08 11:52:59 - [MESSAGE][PASSED] - reusablefunctions.reusablefunctions.Login is PASSED

2019-03-08 11:52:59 - [TEST_STEP][PASSED] - reusablefunctions.reusablefunctions.PerananPengesahBN(): reusablefunctions.reusablefunctions.PerananPengesahBN is PASSED

2019-03-08 11:52:59 - [MESSAGE][PASSED] - Object: 'Object Repository/Perolehan/TukarPeranan/IconTukarPeranan' is clicked on

2019-03-08 11:52:59 - [MESSAGE][PASSED] - Object: 'Object Repository/Perolehan/TukarPeranan/input_TukarPengesahBN' is clicked on

2019-03-08 11:52:59 - [MESSAGE][PASSED] - Object: 'Object Repository/Perolehan/TukarPeranan/button_Ya' is clicked on

2019-03-08 11:53:19 - [MESSAGE][PASSED] - Delayed 20 second(s)

2019-03-08 11:53:22 - [MESSAGE][PASSED] - Text 'Peranan : [Pengesah] Peringkat : [BN]' is present on page 

2019-03-08 11:53:22 - [MESSAGE][PASSED] - reusablefunctions.reusablefunctions.PerananPengesahBN is PASSED

2019-03-08 11:53:22 - [TEST_STEP][PASSED] - doubleClick(findTestObject("Perolehan/003 Pengesah/Dashboard_To_Sah")): Object: 'Object Repository/Perolehan/003 Pengesah/Dashboard_To_Sah' is double clicked on

2019-03-08 11:53:22 - [MESSAGE][PASSED] - Object: 'Object Repository/Perolehan/003 Pengesah/Dashboard_To_Sah' is double clicked on

2019-03-08 11:53:22 - [TEST_STEP][PASSED] - delay(3): Delayed 3 second(s)

2019-03-08 11:53:25 - [MESSAGE][PASSED] - Delayed 3 second(s)

2019-03-08 11:53:25 - [TEST_STEP][PASSED] - setText(findTestObject("Perolehan/003 Pengesah/input_No_Rekod"), PesananTempatanRekodID): Text '19DAPT030100177' is set on object 'Object Repository/Perolehan/003 Pengesah/input_No_Rekod'

2019-03-08 11:53:26 - [MESSAGE][PASSED] - Text '19DAPT030100177' is set on object 'Object Repository/Perolehan/003 Pengesah/input_No_Rekod'

2019-03-08 11:53:26 - [TEST_STEP][PASSED] - doubleClick(findTestObject("Perolehan/003 Pengesah/Senarai_Tugas_Item_No_1", ["text":PesananTempatanRekodID])): Object: 'Object Repository/Perolehan/003 Pengesah/Senarai_Tugas_Item_No_1' is double clicked on

2019-03-08 11:53:26 - [MESSAGE][PASSED] - Object: 'Object Repository/Perolehan/003 Pengesah/Senarai_Tugas_Item_No_1' is double clicked on

2019-03-08 11:53:26 - [TEST_STEP][PASSED] - delay(3): Delayed 3 second(s)

2019-03-08 11:53:29 - [MESSAGE][PASSED] - Delayed 3 second(s)

2019-03-08 11:53:29 - [TEST_STEP][PASSED] - mydate = new java.util.Date(): null

2019-03-08 11:53:29 - [TEST_STEP][PASSED] - formattedDate = mydate.format("dd/MM/yyyy"): null

2019-03-08 11:53:29 - [TEST_STEP][PASSED] - formattedYear = mydate.format("yyyy"): null

2019-03-08 11:53:29 - [TEST_STEP][PASSED] - println(formattedDate): null

2019-03-08 11:53:29 - [TEST_STEP][PASSED] - println(formattedYear): null

2019-03-08 11:53:29 - [TEST_STEP][PASSED] - TahunKewangan = getText(findTestObject("Perolehan/003 Pengesah/Label_tahun_kewangan")): Text of object 'Object Repository/Perolehan/003 Pengesah/Label_tahun_kewangan' is: '2019'

2019-03-08 11:53:29 - [MESSAGE][PASSED] - Text of object 'Object Repository/Perolehan/003 Pengesah/Label_tahun_kewangan' is: '2019'

2019-03-08 11:53:29 - [TEST_STEP][PASSED] - verifyMatch(TahunKewangan, formattedYear, false): Actual text '2019' and expected text '2019' are matched 

2019-03-08 11:53:29 - [MESSAGE][PASSED] - Actual text '2019' and expected text '2019' are matched 

2019-03-08 11:53:29 - [TEST_STEP][PASSED] - TarikhSemasa = getText(findTestObject("Perolehan/003 Pengesah/Label_Tarikh_semasa")): Text of object 'Object Repository/Perolehan/003 Pengesah/Label_Tarikh_semasa' is: '08/03/2019'

2019-03-08 11:53:29 - [MESSAGE][PASSED] - Text of object 'Object Repository/Perolehan/003 Pengesah/Label_Tarikh_semasa' is: '08/03/2019'

2019-03-08 11:53:29 - [TEST_STEP][PASSED] - verifyMatch(TarikhSemasa, formattedDate, false): Actual text '08/03/2019' and expected text '08/03/2019' are matched 

2019-03-08 11:53:29 - [MESSAGE][PASSED] - Actual text '08/03/2019' and expected text '08/03/2019' are matched 

2019-03-08 11:53:29 - [TEST_STEP][PASSED] - delay(3): Delayed 3 second(s)

2019-03-08 11:53:32 - [MESSAGE][PASSED] - Delayed 3 second(s)

2019-03-08 11:53:32 - [TEST_STEP][PASSED] - jumlah = getText(findTestObject("Perolehan/003 Pengesah/label_Jumlah_pesanan_tempatan")): Text of object 'Object Repository/Perolehan/003 Pengesah/label_Jumlah_pesanan_tempatan' is: '5.31'

2019-03-08 11:53:32 - [MESSAGE][PASSED] - Text of object 'Object Repository/Perolehan/003 Pengesah/label_Jumlah_pesanan_tempatan' is: '5.31'

2019-03-08 11:53:32 - [TEST_STEP][PASSED] - println(jumlah): null

2019-03-08 11:53:32 - [TEST_STEP][PASSED] - verifyMatch(jumlah, TotalAmaunPT, false): Actual text '5.31' and expected text '5.31' are matched 

2019-03-08 11:53:32 - [MESSAGE][PASSED] - Actual text '5.31' and expected text '5.31' are matched 

2019-03-08 11:53:32 - [TEST_STEP][PASSED] - click(findTestObject("Perolehan/003 Pengesah/button_sah")): Object: 'Object Repository/Perolehan/003 Pengesah/button_sah' is clicked on

2019-03-08 11:53:32 - [MESSAGE][PASSED] - Object: 'Object Repository/Perolehan/003 Pengesah/button_sah' is clicked on

2019-03-08 11:53:32 - [TEST_STEP][PASSED] - delay(3): Delayed 3 second(s)

2019-03-08 11:53:35 - [MESSAGE][PASSED] - Delayed 3 second(s)

2019-03-08 11:53:35 - [TEST_STEP][PASSED] - click(findTestObject("Perolehan/003 Pengesah/Button_ya_sahkan")): Object: 'Object Repository/Perolehan/003 Pengesah/Button_ya_sahkan' is clicked on

2019-03-08 11:53:35 - [MESSAGE][PASSED] - Object: 'Object Repository/Perolehan/003 Pengesah/Button_ya_sahkan' is clicked on

2019-03-08 11:53:35 - [TEST_STEP][PASSED] - delay(5): Delayed 5 second(s)

2019-03-08 11:53:40 - [MESSAGE][PASSED] - Delayed 5 second(s)

2019-03-08 11:53:40 - [TEST_STEP][PASSED] - waitForElementClickable(findTestObject("Perolehan/003 Pengesah/button_OK_berjaya_disah"), 60): Object 'Object Repository/Perolehan/003 Pengesah/button_OK_berjaya_disah' is clickable

2019-03-08 11:53:40 - [MESSAGE][PASSED] - Object 'Object Repository/Perolehan/003 Pengesah/button_OK_berjaya_disah' is clickable

2019-03-08 11:53:40 - [TEST_STEP][PASSED] - delay(3): Delayed 3 second(s)

2019-03-08 11:53:43 - [MESSAGE][PASSED] - Delayed 3 second(s)

2019-03-08 11:53:43 - [TEST_STEP][PASSED] - click(findTestObject("Perolehan/003 Pengesah/button_OK_berjaya_disah")): Object: 'Object Repository/Perolehan/003 Pengesah/button_OK_berjaya_disah' is clicked on

2019-03-08 11:53:43 - [MESSAGE][PASSED] - Object: 'Object Repository/Perolehan/003 Pengesah/button_OK_berjaya_disah' is clicked on

2019-03-08 11:53:43 - [TEST_STEP][PASSED] - closeBrowser(): Browser is closed

2019-03-08 11:53:44 - [MESSAGE][PASSED] - Browser is closed]]></system-out>
         <system-err><![CDATA[]]></system-err>
      </testcase>
      <testcase name="Test Cases/Perolehan/004 Pelulus Pesanan Tempatan/Pelulus" classname="Test Cases/Perolehan/004 Pelulus Pesanan Tempatan/Pelulus" status="PASSED">
         <system-out><![CDATA[2019-03-08 11:53:44 - [TEST_CASE][PASSED] - Test Cases/Perolehan/004 Pelulus Pesanan Tempatan/Pelulus: Test Cases/Perolehan/004 Pelulus Pesanan Tempatan/Pelulus

2019-03-08 11:53:44 - [TEST_STEP][PASSED] - reusablefunctions.reusablefunctions.openbrowser(): reusablefunctions.reusablefunctions.openbrowser is PASSED

2019-03-08 11:53:44 - [MESSAGE][INFO] - Starting 'Chrome' driver

2019-03-08 11:53:47 - [MESSAGE][PASSED] - Browser is opened with url: 'https://175.143.52.101:7011/1SPEKSv2/'

2019-03-08 11:53:47 - [MESSAGE][PASSED] - reusablefunctions.reusablefunctions.openbrowser is PASSED

2019-03-08 11:53:47 - [TEST_STEP][PASSED] - reusablefunctions.reusablefunctions.Login(findTestData("ispekstestdata").getValue(1, 2), findTestData("ispekstestdata").getValue(2, 2)): reusablefunctions.reusablefunctions.Login is PASSED

2019-03-08 11:53:47 - [MESSAGE][PASSED] - Text '601101955194' is set on object 'Object Repository/Login/input_NoKadPengenalan'

2019-03-08 11:53:47 - [MESSAGE][PASSED] - Text ****** has been set on object 'Object Repository/Login/input_Password'

2019-03-08 11:53:49 - [MESSAGE][PASSED] - Object: 'Object Repository/Login/input_ButtonLogMasuk' is clicked on

2019-03-08 11:53:59 - [MESSAGE][PASSED] - Delayed 10 second(s)

2019-03-08 11:53:59 - [MESSAGE][PASSED] - reusablefunctions.reusablefunctions.Login is PASSED

2019-03-08 11:53:59 - [TEST_STEP][PASSED] - reusablefunctions.reusablefunctions.PerananPelulusPTJ(): reusablefunctions.reusablefunctions.PerananPelulusPTJ is PASSED

2019-03-08 11:53:59 - [MESSAGE][PASSED] - Object: 'Object Repository/Perolehan/TukarPeranan/IconTukarPeranan' is clicked on

2019-03-08 11:53:59 - [MESSAGE][PASSED] - Object: 'Object Repository/Perolehan/TukarPeranan/input_TukarPelulusPTJ' is clicked on

2019-03-08 11:53:59 - [MESSAGE][PASSED] - Object: 'Object Repository/Perolehan/TukarPeranan/button_Ya' is clicked on

2019-03-08 11:54:19 - [MESSAGE][PASSED] - Delayed 20 second(s)

2019-03-08 11:54:22 - [MESSAGE][PASSED] - Text 'Peranan : [Pelulus] Peringkat : [PTJ]' is present on page 

2019-03-08 11:54:22 - [MESSAGE][PASSED] - reusablefunctions.reusablefunctions.PerananPelulusPTJ is PASSED

2019-03-08 11:54:22 - [TEST_STEP][PASSED] - doubleClick(findTestObject("Perolehan/004 Pelulus/Dashboard_To_Lulus")): Object: 'Object Repository/Perolehan/004 Pelulus/Dashboard_To_Lulus' is double clicked on

2019-03-08 11:54:22 - [MESSAGE][PASSED] - Object: 'Object Repository/Perolehan/004 Pelulus/Dashboard_To_Lulus' is double clicked on

2019-03-08 11:54:22 - [TEST_STEP][PASSED] - delay(3): Delayed 3 second(s)

2019-03-08 11:54:25 - [MESSAGE][PASSED] - Delayed 3 second(s)

2019-03-08 11:54:25 - [TEST_STEP][PASSED] - setText(findTestObject("Perolehan/004 Pelulus/input_No_Rekod"), PesananTempatanRekodID): Text '19DAPT030100177' is set on object 'Object Repository/Perolehan/004 Pelulus/input_No_Rekod'

2019-03-08 11:54:25 - [MESSAGE][PASSED] - Text '19DAPT030100177' is set on object 'Object Repository/Perolehan/004 Pelulus/input_No_Rekod'

2019-03-08 11:54:25 - [TEST_STEP][PASSED] - doubleClick(findTestObject("Perolehan/004 Pelulus/Senarai_Tugas_Item_No_1", ["text":PesananTempatanRekodID])): Object: 'Object Repository/Perolehan/004 Pelulus/Senarai_Tugas_Item_No_1' is double clicked on

2019-03-08 11:54:26 - [MESSAGE][PASSED] - Object: 'Object Repository/Perolehan/004 Pelulus/Senarai_Tugas_Item_No_1' is double clicked on

2019-03-08 11:54:26 - [TEST_STEP][PASSED] - delay(3): Delayed 3 second(s)

2019-03-08 11:54:29 - [MESSAGE][PASSED] - Delayed 3 second(s)

2019-03-08 11:54:29 - [TEST_STEP][PASSED] - mydate = new java.util.Date(): null

2019-03-08 11:54:29 - [TEST_STEP][PASSED] - formattedDate = mydate.format("dd/MM/yyyy"): null

2019-03-08 11:54:29 - [TEST_STEP][PASSED] - formattedYear = mydate.format("yyyy"): null

2019-03-08 11:54:29 - [TEST_STEP][PASSED] - println(formattedDate): null

2019-03-08 11:54:29 - [TEST_STEP][PASSED] - println(formattedYear): null

2019-03-08 11:54:29 - [TEST_STEP][PASSED] - TahunKewangan = getText(findTestObject("Perolehan/003 Pengesah/Label_tahun_kewangan")): Text of object 'Object Repository/Perolehan/003 Pengesah/Label_tahun_kewangan' is: '2019'

2019-03-08 11:54:29 - [MESSAGE][PASSED] - Text of object 'Object Repository/Perolehan/003 Pengesah/Label_tahun_kewangan' is: '2019'

2019-03-08 11:54:29 - [TEST_STEP][PASSED] - verifyMatch(TahunKewangan, formattedYear, false): Actual text '2019' and expected text '2019' are matched 

2019-03-08 11:54:29 - [MESSAGE][PASSED] - Actual text '2019' and expected text '2019' are matched 

2019-03-08 11:54:29 - [TEST_STEP][PASSED] - TarikhSemasa = getText(findTestObject("Perolehan/003 Pengesah/Label_Tarikh_semasa")): Text of object 'Object Repository/Perolehan/003 Pengesah/Label_Tarikh_semasa' is: '08/03/2019'

2019-03-08 11:54:29 - [MESSAGE][PASSED] - Text of object 'Object Repository/Perolehan/003 Pengesah/Label_Tarikh_semasa' is: '08/03/2019'

2019-03-08 11:54:29 - [TEST_STEP][PASSED] - verifyMatch(TarikhSemasa, formattedDate, false): Actual text '08/03/2019' and expected text '08/03/2019' are matched 

2019-03-08 11:54:29 - [MESSAGE][PASSED] - Actual text '08/03/2019' and expected text '08/03/2019' are matched 

2019-03-08 11:54:29 - [TEST_STEP][PASSED] - delay(20): Delayed 20 second(s)

2019-03-08 11:54:49 - [MESSAGE][PASSED] - Delayed 20 second(s)

2019-03-08 11:54:49 - [TEST_STEP][PASSED] - jumlah = getText(findTestObject("Perolehan/003 Pengesah/label_Jumlah_pesanan_tempatan")): Text of object 'Object Repository/Perolehan/003 Pengesah/label_Jumlah_pesanan_tempatan' is: '5.31'

2019-03-08 11:54:49 - [MESSAGE][PASSED] - Text of object 'Object Repository/Perolehan/003 Pengesah/label_Jumlah_pesanan_tempatan' is: '5.31'

2019-03-08 11:54:49 - [TEST_STEP][PASSED] - delay(3): Delayed 3 second(s)

2019-03-08 11:54:52 - [MESSAGE][PASSED] - Delayed 3 second(s)

2019-03-08 11:54:52 - [TEST_STEP][PASSED] - println(jumlah): null

2019-03-08 11:54:52 - [TEST_STEP][PASSED] - verifyMatch(jumlah, TotalAmaunPT, false): Actual text '5.31' and expected text '5.31' are matched 

2019-03-08 11:54:52 - [MESSAGE][PASSED] - Actual text '5.31' and expected text '5.31' are matched 

2019-03-08 11:54:52 - [TEST_STEP][PASSED] - click(findTestObject("Perolehan/004 Pelulus/button_Lulus")): Object: 'Object Repository/Perolehan/004 Pelulus/button_Lulus' is clicked on

2019-03-08 11:54:52 - [MESSAGE][PASSED] - Object: 'Object Repository/Perolehan/004 Pelulus/button_Lulus' is clicked on

2019-03-08 11:54:52 - [TEST_STEP][PASSED] - click(findTestObject("Perolehan/004 Pelulus/button_ya_luluskan")): Object: 'Object Repository/Perolehan/004 Pelulus/button_ya_luluskan' is clicked on

2019-03-08 11:54:52 - [MESSAGE][PASSED] - Object: 'Object Repository/Perolehan/004 Pelulus/button_ya_luluskan' is clicked on

2019-03-08 11:54:52 - [TEST_STEP][PASSED] - delay(8): Delayed 8 second(s)

2019-03-08 11:55:00 - [MESSAGE][PASSED] - Delayed 8 second(s)

2019-03-08 11:55:00 - [TEST_STEP][PASSED] - waitForElementClickable(findTestObject("Perolehan/004 Pelulus/button_OK_Berjaya_lulus"), 180): Object 'Object Repository/Perolehan/004 Pelulus/button_OK_Berjaya_lulus' is clickable

2019-03-08 11:55:00 - [MESSAGE][PASSED] - Object 'Object Repository/Perolehan/004 Pelulus/button_OK_Berjaya_lulus' is clickable

2019-03-08 11:55:00 - [TEST_STEP][PASSED] - RekodBerjayaLulus = getText(findTestObject("Perolehan/004 Pelulus/RekodBerjayaLulus")): Text of object 'Object Repository/Perolehan/004 Pelulus/RekodBerjayaLulus' is: 'Rekod Telah Berjaya Diluluskan. [ NO DOKUMEN :19DAPT0300131 ]
Ok'

2019-03-08 11:55:00 - [MESSAGE][PASSED] - Text of object 'Object Repository/Perolehan/004 Pelulus/RekodBerjayaLulus' is: 'Rekod Telah Berjaya Diluluskan. [ NO DOKUMEN :19DAPT0300131 ]
Ok'

2019-03-08 11:55:00 - [TEST_STEP][PASSED] - println(RekodBerjayaLulus): null

2019-03-08 11:55:00 - [TEST_STEP][PASSED] - PTDokumenID = RekodBerjayaLulus[(46..58)]: null

2019-03-08 11:55:00 - [TEST_STEP][PASSED] - println(PTDokumenID): null

2019-03-08 11:55:00 - [TEST_STEP][PASSED] - PesananTempatanDokumenID = PTDokumenID: null

2019-03-08 11:55:00 - [TEST_STEP][PASSED] - delay(3): Delayed 3 second(s)

2019-03-08 11:55:03 - [MESSAGE][PASSED] - Delayed 3 second(s)

2019-03-08 11:55:03 - [TEST_STEP][PASSED] - click(findTestObject("Perolehan/004 Pelulus/button_OK_Berjaya_lulus")): Object: 'Object Repository/Perolehan/004 Pelulus/button_OK_Berjaya_lulus' is clicked on

2019-03-08 11:55:03 - [MESSAGE][PASSED] - Object: 'Object Repository/Perolehan/004 Pelulus/button_OK_Berjaya_lulus' is clicked on

2019-03-08 11:55:03 - [TEST_STEP][PASSED] - closeBrowser(): Browser is closed

2019-03-08 11:55:04 - [MESSAGE][PASSED] - Browser is closed]]></system-out>
         <system-err><![CDATA[]]></system-err>
      </testcase>
      <testcase name="Test Cases/Perolehan/005 Terimaan Barang Perkhidmatan/002 Proses Kemasukan Terimaan Barang - CEK" classname="Test Cases/Perolehan/005 Terimaan Barang Perkhidmatan/002 Proses Kemasukan Terimaan Barang - CEK" status="PASSED">
         <system-out><![CDATA[2019-03-08 11:55:04 - [TEST_CASE][PASSED] - Test Cases/Perolehan/005 Terimaan Barang Perkhidmatan/002 Proses Kemasukan Terimaan Barang - CEK: Test Cases/Perolehan/005 Terimaan Barang Perkhidmatan/002 Proses Kemasukan Terimaan Barang - CEK

2019-03-08 11:55:04 - [TEST_STEP][PASSED] - reusablefunctions.reusablefunctions.openbrowser(): reusablefunctions.reusablefunctions.openbrowser is PASSED

2019-03-08 11:55:04 - [MESSAGE][INFO] - Starting 'Chrome' driver

2019-03-08 11:55:07 - [MESSAGE][PASSED] - Browser is opened with url: 'https://175.143.52.101:7011/1SPEKSv2/'

2019-03-08 11:55:07 - [MESSAGE][PASSED] - reusablefunctions.reusablefunctions.openbrowser is PASSED

2019-03-08 11:55:07 - [TEST_STEP][PASSED] - reusablefunctions.reusablefunctions.Login(findTestData("ispekstestdata").getValue(1, 2), findTestData("ispekstestdata").getValue(2, 2)): reusablefunctions.reusablefunctions.Login is PASSED

2019-03-08 11:55:07 - [MESSAGE][PASSED] - Text '601101955194' is set on object 'Object Repository/Login/input_NoKadPengenalan'

2019-03-08 11:55:07 - [MESSAGE][PASSED] - Text ****** has been set on object 'Object Repository/Login/input_Password'

2019-03-08 11:55:09 - [MESSAGE][PASSED] - Object: 'Object Repository/Login/input_ButtonLogMasuk' is clicked on

2019-03-08 11:55:19 - [MESSAGE][PASSED] - Delayed 10 second(s)

2019-03-08 11:55:19 - [MESSAGE][PASSED] - reusablefunctions.reusablefunctions.Login is PASSED

2019-03-08 11:55:19 - [TEST_STEP][PASSED] - reusablefunctions.reusablefunctions.PerananPenyediaPTJ(): reusablefunctions.reusablefunctions.PerananPenyediaPTJ is PASSED

2019-03-08 11:55:19 - [MESSAGE][PASSED] - Object: 'Object Repository/Perolehan/TukarPeranan/IconTukarPeranan' is clicked on

2019-03-08 11:55:19 - [MESSAGE][PASSED] - Object: 'Object Repository/Perolehan/TukarPeranan/input_TukarPenyediaPTJ' is clicked on

2019-03-08 11:55:19 - [MESSAGE][PASSED] - Object: 'Object Repository/Perolehan/TukarPeranan/button_Ya' is clicked on

2019-03-08 11:55:49 - [MESSAGE][PASSED] - Delayed 30 second(s)

2019-03-08 11:55:51 - [MESSAGE][PASSED] - Text 'Peranan : [Penyedia] Peringkat : [PTJ]' is present on page 

2019-03-08 11:55:51 - [MESSAGE][PASSED] - reusablefunctions.reusablefunctions.PerananPenyediaPTJ is PASSED

2019-03-08 11:55:51 - [TEST_STEP][PASSED] - click(findTestObject("Perolehan/001 Left_Menu_Selection/a_ExpandMenuonLeft")): Object: 'Object Repository/Perolehan/001 Left_Menu_Selection/a_ExpandMenuonLeft' is clicked on

2019-03-08 11:55:52 - [MESSAGE][PASSED] - Object: 'Object Repository/Perolehan/001 Left_Menu_Selection/a_ExpandMenuonLeft' is clicked on

2019-03-08 11:55:52 - [TEST_STEP][PASSED] - delay(3, STOP_ON_FAILURE): Delayed 3 second(s)

2019-03-08 11:55:55 - [MESSAGE][PASSED] - Delayed 3 second(s)

2019-03-08 11:55:55 - [TEST_STEP][PASSED] - click(findTestObject("Perolehan/001 Left_Menu_Selection/div_ClickonPerolehan")): Object: 'Object Repository/Perolehan/001 Left_Menu_Selection/div_ClickonPerolehan' is clicked on

2019-03-08 11:55:55 - [MESSAGE][PASSED] - Object: 'Object Repository/Perolehan/001 Left_Menu_Selection/div_ClickonPerolehan' is clicked on

2019-03-08 11:55:55 - [TEST_STEP][PASSED] - delay(3, STOP_ON_FAILURE): Delayed 3 second(s)

2019-03-08 11:55:58 - [MESSAGE][PASSED] - Delayed 3 second(s)

2019-03-08 11:55:58 - [TEST_STEP][PASSED] - click(findTestObject("Perolehan/001 Left_Menu_Selection/div_Kemasukan_Terimaan_Barang")): Object: 'Object Repository/Perolehan/001 Left_Menu_Selection/div_Kemasukan_Terimaan_Barang' is clicked on

2019-03-08 11:55:58 - [MESSAGE][PASSED] - Object: 'Object Repository/Perolehan/001 Left_Menu_Selection/div_Kemasukan_Terimaan_Barang' is clicked on

2019-03-08 11:55:58 - [TEST_STEP][PASSED] - assert true: null

2019-03-08 11:55:58 - [TEST_STEP][PASSED] - delay(3): Delayed 3 second(s)

2019-03-08 11:56:01 - [MESSAGE][PASSED] - Delayed 3 second(s)

2019-03-08 11:56:01 - [TEST_STEP][PASSED] - click(findTestObject("Perolehan/005 Kemasukan Terimaan/button_REKOD BARU")): Object: 'Object Repository/Perolehan/005 Kemasukan Terimaan/button_REKOD BARU' is clicked on

2019-03-08 11:56:01 - [MESSAGE][PASSED] - Object: 'Object Repository/Perolehan/005 Kemasukan Terimaan/button_REKOD BARU' is clicked on

2019-03-08 11:56:01 - [TEST_STEP][PASSED] - delay(3): Delayed 3 second(s)

2019-03-08 11:56:04 - [MESSAGE][PASSED] - Delayed 3 second(s)

2019-03-08 11:56:04 - [TEST_STEP][PASSED] - click(findTestObject("Perolehan/005 Kemasukan Terimaan/Drop_down_No_Dokumen")): Object: 'Object Repository/Perolehan/005 Kemasukan Terimaan/Drop_down_No_Dokumen' is clicked on

2019-03-08 11:56:04 - [MESSAGE][PASSED] - Object: 'Object Repository/Perolehan/005 Kemasukan Terimaan/Drop_down_No_Dokumen' is clicked on

2019-03-08 11:56:04 - [TEST_STEP][PASSED] - delay(3): Delayed 3 second(s)

2019-03-08 11:56:07 - [MESSAGE][PASSED] - Delayed 3 second(s)

2019-03-08 11:56:07 - [TEST_STEP][PASSED] - setText(findTestObject("Perolehan/005 Kemasukan Terimaan/input_No_Dokumen_value"), PesananTempatanDokumenID): Text '19DAPT0300131' is set on object 'Object Repository/Perolehan/005 Kemasukan Terimaan/input_No_Dokumen_value'

2019-03-08 11:56:08 - [MESSAGE][PASSED] - Text '19DAPT0300131' is set on object 'Object Repository/Perolehan/005 Kemasukan Terimaan/input_No_Dokumen_value'

2019-03-08 11:56:08 - [TEST_STEP][PASSED] - delay(5): Delayed 5 second(s)

2019-03-08 11:56:13 - [MESSAGE][PASSED] - Delayed 5 second(s)

2019-03-08 11:56:13 - [TEST_STEP][PASSED] - click(findTestObject("Perolehan/005 Kemasukan Terimaan/select_No_Dokumen")): Object: 'Object Repository/Perolehan/005 Kemasukan Terimaan/select_No_Dokumen' is clicked on

2019-03-08 11:56:13 - [MESSAGE][PASSED] - Object: 'Object Repository/Perolehan/005 Kemasukan Terimaan/select_No_Dokumen' is clicked on

2019-03-08 11:56:13 - [TEST_STEP][PASSED] - delay(3): Delayed 3 second(s)

2019-03-08 11:56:16 - [MESSAGE][PASSED] - Delayed 3 second(s)

2019-03-08 11:56:16 - [TEST_STEP][PASSED] - click(findTestObject("Perolehan/005 Kemasukan Terimaan/button_Cari")): Object: 'Object Repository/Perolehan/005 Kemasukan Terimaan/button_Cari' is clicked on

2019-03-08 11:56:16 - [MESSAGE][PASSED] - Object: 'Object Repository/Perolehan/005 Kemasukan Terimaan/button_Cari' is clicked on

2019-03-08 11:56:16 - [TEST_STEP][PASSED] - delay(3): Delayed 3 second(s)

2019-03-08 11:56:19 - [MESSAGE][PASSED] - Delayed 3 second(s)

2019-03-08 11:56:19 - [TEST_STEP][PASSED] - click(findTestObject("Perolehan/005 Kemasukan Terimaan/OK_Rekod_Wujud")): Object: 'Object Repository/Perolehan/005 Kemasukan Terimaan/OK_Rekod_Wujud' is clicked on

2019-03-08 11:56:19 - [MESSAGE][PASSED] - Object: 'Object Repository/Perolehan/005 Kemasukan Terimaan/OK_Rekod_Wujud' is clicked on

2019-03-08 11:56:19 - [TEST_STEP][PASSED] - delay(3): Delayed 3 second(s)

2019-03-08 11:56:22 - [MESSAGE][PASSED] - Delayed 3 second(s)

2019-03-08 11:56:22 - [TEST_STEP][PASSED] - click(findTestObject("Perolehan/005 Kemasukan Terimaan/Drop_down_Jenis_Terimaan")): Object: 'Object Repository/Perolehan/005 Kemasukan Terimaan/Drop_down_Jenis_Terimaan' is clicked on

2019-03-08 11:56:22 - [MESSAGE][PASSED] - Object: 'Object Repository/Perolehan/005 Kemasukan Terimaan/Drop_down_Jenis_Terimaan' is clicked on

2019-03-08 11:56:22 - [TEST_STEP][PASSED] - click(findTestObject("Perolehan/005 Kemasukan Terimaan/select_TERIMAAN_BARANG_PENUH")): Object: 'Object Repository/Perolehan/005 Kemasukan Terimaan/select_TERIMAAN_BARANG_PENUH' is clicked on

2019-03-08 11:56:22 - [MESSAGE][PASSED] - Object: 'Object Repository/Perolehan/005 Kemasukan Terimaan/select_TERIMAAN_BARANG_PENUH' is clicked on

2019-03-08 11:56:22 - [TEST_STEP][PASSED] - setText(findTestObject("Perolehan/005 Kemasukan Terimaan/input_No_nota_penghantaran"), "Test Nota No 123"): Text 'Test Nota No 123' is set on object 'Object Repository/Perolehan/005 Kemasukan Terimaan/input_No_nota_penghantaran'

2019-03-08 11:56:22 - [MESSAGE][PASSED] - Text 'Test Nota No 123' is set on object 'Object Repository/Perolehan/005 Kemasukan Terimaan/input_No_nota_penghantaran'

2019-03-08 11:56:22 - [TEST_STEP][PASSED] - click(findTestObject("Perolehan/005 Kemasukan Terimaan/Date_Picker_Tarikh_Terimaan")): Object: 'Object Repository/Perolehan/005 Kemasukan Terimaan/Date_Picker_Tarikh_Terimaan' is clicked on

2019-03-08 11:56:22 - [MESSAGE][PASSED] - Object: 'Object Repository/Perolehan/005 Kemasukan Terimaan/Date_Picker_Tarikh_Terimaan' is clicked on

2019-03-08 11:56:22 - [TEST_STEP][PASSED] - click(findTestObject("Perolehan/005 Kemasukan Terimaan/Select_Today")): Object: 'Object Repository/Perolehan/005 Kemasukan Terimaan/Select_Today' is clicked on

2019-03-08 11:56:22 - [MESSAGE][PASSED] - Object: 'Object Repository/Perolehan/005 Kemasukan Terimaan/Select_Today' is clicked on

2019-03-08 11:56:22 - [TEST_STEP][PASSED] - delay(3): Delayed 3 second(s)

2019-03-08 11:56:25 - [MESSAGE][PASSED] - Delayed 3 second(s)

2019-03-08 11:56:25 - [TEST_STEP][PASSED] - doubleClick(findTestObject("Perolehan/005 Kemasukan Terimaan/Perihal_Barang - CEK")): Object: 'Object Repository/Perolehan/005 Kemasukan Terimaan/Perihal_Barang - CEK' is double clicked on

2019-03-08 11:56:25 - [MESSAGE][PASSED] - Object: 'Object Repository/Perolehan/005 Kemasukan Terimaan/Perihal_Barang - CEK' is double clicked on

2019-03-08 11:56:25 - [TEST_STEP][PASSED] - for (def index : (1..3)): Object: 'Object Repository/Perolehan/005 Kemasukan Terimaan/Spinner_up_Dihantar' is clicked on

2019-03-08 11:56:26 - [TEST_STEP][PASSED] - click(findTestObject("Perolehan/005 Kemasukan Terimaan/Spinner_up_Dihantar")): Object: 'Object Repository/Perolehan/005 Kemasukan Terimaan/Spinner_up_Dihantar' is clicked on

2019-03-08 11:56:26 - [MESSAGE][PASSED] - Object: 'Object Repository/Perolehan/005 Kemasukan Terimaan/Spinner_up_Dihantar' is clicked on

2019-03-08 11:56:26 - [TEST_STEP][PASSED] - click(findTestObject("Perolehan/005 Kemasukan Terimaan/Spinner_up_Dihantar")): Object: 'Object Repository/Perolehan/005 Kemasukan Terimaan/Spinner_up_Dihantar' is clicked on

2019-03-08 11:56:26 - [MESSAGE][PASSED] - Object: 'Object Repository/Perolehan/005 Kemasukan Terimaan/Spinner_up_Dihantar' is clicked on

2019-03-08 11:56:26 - [TEST_STEP][PASSED] - click(findTestObject("Perolehan/005 Kemasukan Terimaan/Spinner_up_Dihantar")): Object: 'Object Repository/Perolehan/005 Kemasukan Terimaan/Spinner_up_Dihantar' is clicked on

2019-03-08 11:56:26 - [MESSAGE][PASSED] - Object: 'Object Repository/Perolehan/005 Kemasukan Terimaan/Spinner_up_Dihantar' is clicked on

2019-03-08 11:56:26 - [TEST_STEP][PASSED] - for (def index : (1..3)): Object: 'Object Repository/Perolehan/005 Kemasukan Terimaan/Spinner_up_Diterima' is clicked on

2019-03-08 11:56:26 - [TEST_STEP][PASSED] - click(findTestObject("Perolehan/005 Kemasukan Terimaan/Spinner_up_Diterima")): Object: 'Object Repository/Perolehan/005 Kemasukan Terimaan/Spinner_up_Diterima' is clicked on

2019-03-08 11:56:26 - [MESSAGE][PASSED] - Object: 'Object Repository/Perolehan/005 Kemasukan Terimaan/Spinner_up_Diterima' is clicked on

2019-03-08 11:56:26 - [TEST_STEP][PASSED] - click(findTestObject("Perolehan/005 Kemasukan Terimaan/Spinner_up_Diterima")): Object: 'Object Repository/Perolehan/005 Kemasukan Terimaan/Spinner_up_Diterima' is clicked on

2019-03-08 11:56:26 - [MESSAGE][PASSED] - Object: 'Object Repository/Perolehan/005 Kemasukan Terimaan/Spinner_up_Diterima' is clicked on

2019-03-08 11:56:26 - [TEST_STEP][PASSED] - click(findTestObject("Perolehan/005 Kemasukan Terimaan/Spinner_up_Diterima")): Object: 'Object Repository/Perolehan/005 Kemasukan Terimaan/Spinner_up_Diterima' is clicked on

2019-03-08 11:56:26 - [MESSAGE][PASSED] - Object: 'Object Repository/Perolehan/005 Kemasukan Terimaan/Spinner_up_Diterima' is clicked on

2019-03-08 11:56:26 - [TEST_STEP][PASSED] - click(findTestObject("Perolehan/005 Kemasukan Terimaan/button_Simpan")): Object: 'Object Repository/Perolehan/005 Kemasukan Terimaan/button_Simpan' is clicked on

2019-03-08 11:56:26 - [MESSAGE][PASSED] - Object: 'Object Repository/Perolehan/005 Kemasukan Terimaan/button_Simpan' is clicked on

2019-03-08 11:56:26 - [TEST_STEP][PASSED] - delay(3): Delayed 3 second(s)

2019-03-08 11:56:29 - [MESSAGE][PASSED] - Delayed 3 second(s)

2019-03-08 11:56:29 - [TEST_STEP][PASSED] - waitForElementClickable(findTestObject("Perolehan/005 Kemasukan Terimaan/button_OK_Rekod_disimpan"), 60): Object 'Object Repository/Perolehan/005 Kemasukan Terimaan/button_OK_Rekod_disimpan' is clickable

2019-03-08 11:56:29 - [MESSAGE][PASSED] - Object 'Object Repository/Perolehan/005 Kemasukan Terimaan/button_OK_Rekod_disimpan' is clickable

2019-03-08 11:56:29 - [TEST_STEP][PASSED] - click(findTestObject("Perolehan/005 Kemasukan Terimaan/button_OK_Rekod_disimpan")): Object: 'Object Repository/Perolehan/005 Kemasukan Terimaan/button_OK_Rekod_disimpan' is clicked on

2019-03-08 11:56:29 - [MESSAGE][PASSED] - Object: 'Object Repository/Perolehan/005 Kemasukan Terimaan/button_OK_Rekod_disimpan' is clicked on

2019-03-08 11:56:29 - [TEST_STEP][PASSED] - click(findTestObject("Perolehan/005 Kemasukan Terimaan/button_Sah_Simpan")): Object: 'Object Repository/Perolehan/005 Kemasukan Terimaan/button_Sah_Simpan' is clicked on

2019-03-08 11:56:29 - [MESSAGE][PASSED] - Object: 'Object Repository/Perolehan/005 Kemasukan Terimaan/button_Sah_Simpan' is clicked on

2019-03-08 11:56:29 - [TEST_STEP][PASSED] - click(findTestObject("Perolehan/005 Kemasukan Terimaan/button_Ya_Sah_Simpan")): Object: 'Object Repository/Perolehan/005 Kemasukan Terimaan/button_Ya_Sah_Simpan' is clicked on

2019-03-08 11:56:29 - [MESSAGE][PASSED] - Object: 'Object Repository/Perolehan/005 Kemasukan Terimaan/button_Ya_Sah_Simpan' is clicked on

2019-03-08 11:56:29 - [TEST_STEP][PASSED] - delay(3): Delayed 3 second(s)

2019-03-08 11:56:32 - [MESSAGE][PASSED] - Delayed 3 second(s)

2019-03-08 11:56:32 - [TEST_STEP][PASSED] - waitForElementClickable(findTestObject("Perolehan/005 Kemasukan Terimaan/button_OK_Rekod_disimpan"), 60): Object 'Object Repository/Perolehan/005 Kemasukan Terimaan/button_OK_Rekod_disimpan' is clickable

2019-03-08 11:56:32 - [MESSAGE][PASSED] - Object 'Object Repository/Perolehan/005 Kemasukan Terimaan/button_OK_Rekod_disimpan' is clickable

2019-03-08 11:56:32 - [TEST_STEP][PASSED] - takeScreenshot(): Taking screenshot successfully

2019-03-08 11:56:33 - [MESSAGE][PASSED] - Taking screenshot successfully
[[ATTACHMENT|C:\\Users\\Consultant_MSPHitect\\Katalon Studio\\TrainingonKatalon\\Reports\\Perolehan\\02 Pesanan Tempatan Cara Bayaran CEK Dengan Pemfaktoran\\20190308_114931\\1552017392749.png]]

2019-03-08 11:56:33 - [TEST_STEP][PASSED] - click(findTestObject("Perolehan/005 Kemasukan Terimaan/button_OK_Rekod_disimpan")): Object: 'Object Repository/Perolehan/005 Kemasukan Terimaan/button_OK_Rekod_disimpan' is clicked on

2019-03-08 11:56:33 - [MESSAGE][PASSED] - Object: 'Object Repository/Perolehan/005 Kemasukan Terimaan/button_OK_Rekod_disimpan' is clicked on

2019-03-08 11:56:33 - [TEST_STEP][PASSED] - closeBrowser(): Browser is closed

2019-03-08 11:56:33 - [MESSAGE][PASSED] - Browser is closed]]></system-out>
         <system-err><![CDATA[]]></system-err>
      </testcase>
      <testcase name="Test Cases/Perolehan/006 Arahan Bayaran/002 Arahan Bayaran - CEK" classname="Test Cases/Perolehan/006 Arahan Bayaran/002 Arahan Bayaran - CEK" status="PASSED">
         <system-out><![CDATA[2019-03-08 11:56:33 - [TEST_CASE][PASSED] - Test Cases/Perolehan/006 Arahan Bayaran/002 Arahan Bayaran - CEK: Test Cases/Perolehan/006 Arahan Bayaran/002 Arahan Bayaran - CEK

2019-03-08 11:56:34 - [TEST_STEP][PASSED] - reusablefunctions.reusablefunctions.openbrowser(): reusablefunctions.reusablefunctions.openbrowser is PASSED

2019-03-08 11:56:34 - [MESSAGE][INFO] - Starting 'Chrome' driver

2019-03-08 11:56:37 - [MESSAGE][PASSED] - Browser is opened with url: 'https://175.143.52.101:7011/1SPEKSv2/'

2019-03-08 11:56:37 - [MESSAGE][PASSED] - reusablefunctions.reusablefunctions.openbrowser is PASSED

2019-03-08 11:56:37 - [TEST_STEP][PASSED] - reusablefunctions.reusablefunctions.Login(findTestData("ispekstestdata").getValue(1, 2), findTestData("ispekstestdata").getValue(2, 2)): reusablefunctions.reusablefunctions.Login is PASSED

2019-03-08 11:56:37 - [MESSAGE][PASSED] - Text '601101955194' is set on object 'Object Repository/Login/input_NoKadPengenalan'

2019-03-08 11:56:37 - [MESSAGE][PASSED] - Text ****** has been set on object 'Object Repository/Login/input_Password'

2019-03-08 11:56:38 - [MESSAGE][PASSED] - Object: 'Object Repository/Login/input_ButtonLogMasuk' is clicked on

2019-03-08 11:56:48 - [MESSAGE][PASSED] - Delayed 10 second(s)

2019-03-08 11:56:48 - [MESSAGE][PASSED] - reusablefunctions.reusablefunctions.Login is PASSED

2019-03-08 11:56:48 - [TEST_STEP][PASSED] - delay(3): Delayed 3 second(s)

2019-03-08 11:56:51 - [MESSAGE][PASSED] - Delayed 3 second(s)

2019-03-08 11:56:51 - [TEST_STEP][PASSED] - reusablefunctions.reusablefunctions.PerananPenyediaPTJ(): reusablefunctions.reusablefunctions.PerananPenyediaPTJ is PASSED

2019-03-08 11:56:52 - [MESSAGE][PASSED] - Object: 'Object Repository/Perolehan/TukarPeranan/IconTukarPeranan' is clicked on

2019-03-08 11:56:52 - [MESSAGE][PASSED] - Object: 'Object Repository/Perolehan/TukarPeranan/input_TukarPenyediaPTJ' is clicked on

2019-03-08 11:56:52 - [MESSAGE][PASSED] - Object: 'Object Repository/Perolehan/TukarPeranan/button_Ya' is clicked on

2019-03-08 11:57:22 - [MESSAGE][PASSED] - Delayed 30 second(s)

2019-03-08 11:57:24 - [MESSAGE][PASSED] - Text 'Peranan : [Penyedia] Peringkat : [PTJ]' is present on page 

2019-03-08 11:57:24 - [MESSAGE][PASSED] - reusablefunctions.reusablefunctions.PerananPenyediaPTJ is PASSED

2019-03-08 11:57:24 - [TEST_STEP][PASSED] - click(findTestObject("Perolehan/001 Left_Menu_Selection/a_ExpandMenuonLeft")): Object: 'Object Repository/Perolehan/001 Left_Menu_Selection/a_ExpandMenuonLeft' is clicked on

2019-03-08 11:57:25 - [MESSAGE][PASSED] - Object: 'Object Repository/Perolehan/001 Left_Menu_Selection/a_ExpandMenuonLeft' is clicked on

2019-03-08 11:57:25 - [TEST_STEP][PASSED] - delay(3, STOP_ON_FAILURE): Delayed 3 second(s)

2019-03-08 11:57:28 - [MESSAGE][PASSED] - Delayed 3 second(s)

2019-03-08 11:57:28 - [TEST_STEP][PASSED] - click(findTestObject("Perolehan/001 Left_Menu_Selection/div_PanelTitlePerolehan")): Object: 'Object Repository/Perolehan/001 Left_Menu_Selection/div_PanelTitlePerolehan' is clicked on

2019-03-08 11:57:28 - [MESSAGE][PASSED] - Object: 'Object Repository/Perolehan/001 Left_Menu_Selection/div_PanelTitlePerolehan' is clicked on

2019-03-08 11:57:28 - [TEST_STEP][PASSED] - delay(3, STOP_ON_FAILURE): Delayed 3 second(s)

2019-03-08 11:57:31 - [MESSAGE][PASSED] - Delayed 3 second(s)

2019-03-08 11:57:31 - [TEST_STEP][PASSED] - click(findTestObject("Perolehan/001 Left_Menu_Selection/div_Menu_ArahanBayaran")): Object: 'Object Repository/Perolehan/001 Left_Menu_Selection/div_Menu_ArahanBayaran' is clicked on

2019-03-08 11:57:31 - [MESSAGE][PASSED] - Object: 'Object Repository/Perolehan/001 Left_Menu_Selection/div_Menu_ArahanBayaran' is clicked on

2019-03-08 11:57:31 - [TEST_STEP][PASSED] - assert true: null

2019-03-08 11:57:31 - [TEST_STEP][PASSED] - delay(3): Delayed 3 second(s)

2019-03-08 11:57:34 - [MESSAGE][PASSED] - Delayed 3 second(s)

2019-03-08 11:57:34 - [TEST_STEP][PASSED] - click(findTestObject("Perolehan/006 Arahan Bayaran/button_REKOD_BARU")): Object: 'Object Repository/Perolehan/006 Arahan Bayaran/button_REKOD_BARU' is clicked on

2019-03-08 11:57:34 - [MESSAGE][PASSED] - Object: 'Object Repository/Perolehan/006 Arahan Bayaran/button_REKOD_BARU' is clicked on

2019-03-08 11:57:34 - [TEST_STEP][PASSED] - delay(3): Delayed 3 second(s)

2019-03-08 11:57:37 - [MESSAGE][PASSED] - Delayed 3 second(s)

2019-03-08 11:57:37 - [TEST_STEP][PASSED] - click(findTestObject("Perolehan/006 Arahan Bayaran/Drop_Down_Jenis_Baucar_Bayaran"), STOP_ON_FAILURE): Object: 'Object Repository/Perolehan/006 Arahan Bayaran/Drop_Down_Jenis_Baucar_Bayaran' is clicked on

2019-03-08 11:57:37 - [MESSAGE][PASSED] - Object: 'Object Repository/Perolehan/006 Arahan Bayaran/Drop_Down_Jenis_Baucar_Bayaran' is clicked on

2019-03-08 11:57:37 - [TEST_STEP][PASSED] - delay(3): Delayed 3 second(s)

2019-03-08 11:57:40 - [MESSAGE][PASSED] - Delayed 3 second(s)

2019-03-08 11:57:40 - [TEST_STEP][PASSED] - click(findTestObject("Perolehan/006 Arahan Bayaran/Select_Kod_Jenis_Baucar_Bayaran")): Object: 'Object Repository/Perolehan/006 Arahan Bayaran/Select_Kod_Jenis_Baucar_Bayaran' is clicked on

2019-03-08 11:57:40 - [MESSAGE][PASSED] - Object: 'Object Repository/Perolehan/006 Arahan Bayaran/Select_Kod_Jenis_Baucar_Bayaran' is clicked on

2019-03-08 11:57:40 - [TEST_STEP][PASSED] - delay(3): Delayed 3 second(s)

2019-03-08 11:57:43 - [MESSAGE][PASSED] - Delayed 3 second(s)

2019-03-08 11:57:43 - [TEST_STEP][PASSED] - click(findTestObject("Perolehan/006 Arahan Bayaran/Drop_Down_Nama_Pembekal")): Object: 'Object Repository/Perolehan/006 Arahan Bayaran/Drop_Down_Nama_Pembekal' is clicked on

2019-03-08 11:57:43 - [MESSAGE][PASSED] - Object: 'Object Repository/Perolehan/006 Arahan Bayaran/Drop_Down_Nama_Pembekal' is clicked on

2019-03-08 11:57:43 - [TEST_STEP][PASSED] - delay(3): Delayed 3 second(s)

2019-03-08 11:57:46 - [MESSAGE][PASSED] - Delayed 3 second(s)

2019-03-08 11:57:46 - [TEST_STEP][PASSED] - setText(findTestObject("Perolehan/006 Arahan Bayaran/input_name_nama_pembekal"), "JAMAL CHEF CATERING"): Text 'JAMAL CHEF CATERING' is set on object 'Object Repository/Perolehan/006 Arahan Bayaran/input_name_nama_pembekal'

2019-03-08 11:57:47 - [MESSAGE][PASSED] - Text 'JAMAL CHEF CATERING' is set on object 'Object Repository/Perolehan/006 Arahan Bayaran/input_name_nama_pembekal'

2019-03-08 11:57:47 - [TEST_STEP][PASSED] - delay(3): Delayed 3 second(s)

2019-03-08 11:57:50 - [MESSAGE][PASSED] - Delayed 3 second(s)

2019-03-08 11:57:50 - [TEST_STEP][PASSED] - click(findTestObject("Perolehan/006 Arahan Bayaran/select_Pembekal Jamal")): Object: 'Object Repository/Perolehan/006 Arahan Bayaran/select_Pembekal Jamal' is clicked on

2019-03-08 11:57:50 - [MESSAGE][PASSED] - Object: 'Object Repository/Perolehan/006 Arahan Bayaran/select_Pembekal Jamal' is clicked on

2019-03-08 11:57:50 - [TEST_STEP][PASSED] - delay(5): Delayed 5 second(s)

2019-03-08 11:57:55 - [MESSAGE][PASSED] - Delayed 5 second(s)

2019-03-08 11:57:55 - [TEST_STEP][PASSED] - click(findTestObject("Perolehan/006 Arahan Bayaran/Drop_Down_Cara_Bayaran")): Object: 'Object Repository/Perolehan/006 Arahan Bayaran/Drop_Down_Cara_Bayaran' is clicked on

2019-03-08 11:57:55 - [MESSAGE][PASSED] - Object: 'Object Repository/Perolehan/006 Arahan Bayaran/Drop_Down_Cara_Bayaran' is clicked on

2019-03-08 11:57:55 - [TEST_STEP][PASSED] - click(findTestObject("Perolehan/006 Arahan Bayaran/Select_Cara_Bayaran - CEK")): Object: 'Object Repository/Perolehan/006 Arahan Bayaran/Select_Cara_Bayaran - CEK' is clicked on

2019-03-08 11:57:55 - [MESSAGE][PASSED] - Object: 'Object Repository/Perolehan/006 Arahan Bayaran/Select_Cara_Bayaran - CEK' is clicked on

2019-03-08 11:57:55 - [TEST_STEP][PASSED] - click(findTestObject("Perolehan/006 Arahan Bayaran/Drop_Down_Dengan_Pemfaktoran")): Object: 'Object Repository/Perolehan/006 Arahan Bayaran/Drop_Down_Dengan_Pemfaktoran' is clicked on

2019-03-08 11:57:55 - [MESSAGE][PASSED] - Object: 'Object Repository/Perolehan/006 Arahan Bayaran/Drop_Down_Dengan_Pemfaktoran' is clicked on

2019-03-08 11:57:55 - [TEST_STEP][PASSED] - click(findTestObject("Perolehan/006 Arahan Bayaran/Select_Ya_Dengan_Pemfaktoran")): Object: 'Object Repository/Perolehan/006 Arahan Bayaran/Select_Ya_Dengan_Pemfaktoran' is clicked on

2019-03-08 11:57:56 - [MESSAGE][PASSED] - Object: 'Object Repository/Perolehan/006 Arahan Bayaran/Select_Ya_Dengan_Pemfaktoran' is clicked on

2019-03-08 11:57:56 - [TEST_STEP][PASSED] - mydate = new java.util.Date(): null

2019-03-08 11:57:56 - [TEST_STEP][PASSED] - setText(findTestObject("Perolehan/006 Arahan Bayaran/input_Perihal"), "This is a test for Arahan Bayaran Cek " + mydate): Text 'This is a test for Arahan Bayaran Cek Fri Mar 08 11:57:56 SGT 2019' is set on object 'Object Repository/Perolehan/006 Arahan Bayaran/input_Perihal'

2019-03-08 11:57:56 - [MESSAGE][PASSED] - Text 'This is a test for Arahan Bayaran Cek Fri Mar 08 11:57:56 SGT 2019' is set on object 'Object Repository/Perolehan/006 Arahan Bayaran/input_Perihal'

2019-03-08 11:57:56 - [TEST_STEP][PASSED] - delay(3): Delayed 3 second(s)

2019-03-08 11:57:59 - [MESSAGE][PASSED] - Delayed 3 second(s)

2019-03-08 11:57:59 - [TEST_STEP][PASSED] - doubleClick(findTestObject("Perolehan/006 Arahan Bayaran/Maklumat_Terimaan_Barang_line_1")): Object: 'Object Repository/Perolehan/006 Arahan Bayaran/Maklumat_Terimaan_Barang_line_1' is double clicked on

2019-03-08 11:57:59 - [MESSAGE][PASSED] - Object: 'Object Repository/Perolehan/006 Arahan Bayaran/Maklumat_Terimaan_Barang_line_1' is double clicked on

2019-03-08 11:57:59 - [TEST_STEP][PASSED] - delay(3): Delayed 3 second(s)

2019-03-08 11:58:02 - [MESSAGE][PASSED] - Delayed 3 second(s)

2019-03-08 11:58:02 - [TEST_STEP][PASSED] - RN = Math.random() * 10000: null

2019-03-08 11:58:02 - [TEST_STEP][PASSED] - println(RN): null

2019-03-08 11:58:02 - [TEST_STEP][PASSED] - setText(findTestObject("Perolehan/006 Arahan Bayaran/input_No_Invois"), "INV0" + RN): Text 'INV08387' is set on object 'Object Repository/Perolehan/006 Arahan Bayaran/input_No_Invois'

2019-03-08 11:58:02 - [MESSAGE][PASSED] - Text 'INV08387' is set on object 'Object Repository/Perolehan/006 Arahan Bayaran/input_No_Invois'

2019-03-08 11:58:02 - [TEST_STEP][PASSED] - setText(findTestObject("Perolehan/006 Arahan Bayaran/input_Amaun_Invois_RM"), TotalAmaunPT): Text '5.31' is set on object 'Object Repository/Perolehan/006 Arahan Bayaran/input_Amaun_Invois_RM'

2019-03-08 11:58:03 - [MESSAGE][PASSED] - Text '5.31' is set on object 'Object Repository/Perolehan/006 Arahan Bayaran/input_Amaun_Invois_RM'

2019-03-08 11:58:03 - [TEST_STEP][PASSED] - click(findTestObject("Perolehan/006 Arahan Bayaran/a_Tarikh_Invois"), STOP_ON_FAILURE): Object: 'Object Repository/Perolehan/006 Arahan Bayaran/a_Tarikh_Invois' is clicked on

2019-03-08 11:58:03 - [MESSAGE][PASSED] - Object: 'Object Repository/Perolehan/006 Arahan Bayaran/a_Tarikh_Invois' is clicked on

2019-03-08 11:58:03 - [TEST_STEP][PASSED] - delay(2): Delayed 2 second(s)

2019-03-08 11:58:05 - [MESSAGE][PASSED] - Delayed 2 second(s)

2019-03-08 11:58:05 - [TEST_STEP][PASSED] - click(findTestObject("Perolehan/006 Arahan Bayaran/a_Today_Tarikh_Invois"), STOP_ON_FAILURE): Object: 'Object Repository/Perolehan/006 Arahan Bayaran/a_Today_Tarikh_Invois' is clicked on

2019-03-08 11:58:05 - [MESSAGE][PASSED] - Object: 'Object Repository/Perolehan/006 Arahan Bayaran/a_Today_Tarikh_Invois' is clicked on

2019-03-08 11:58:05 - [TEST_STEP][PASSED] - click(findTestObject("Perolehan/006 Arahan Bayaran/a_Tarikh Terima Oleh Kewangan"), STOP_ON_FAILURE): Object: 'Object Repository/Perolehan/006 Arahan Bayaran/a_Tarikh Terima Oleh Kewangan' is clicked on

2019-03-08 11:58:05 - [MESSAGE][PASSED] - Object: 'Object Repository/Perolehan/006 Arahan Bayaran/a_Tarikh Terima Oleh Kewangan' is clicked on

2019-03-08 11:58:05 - [TEST_STEP][PASSED] - delay(2): Delayed 2 second(s)

2019-03-08 11:58:07 - [MESSAGE][PASSED] - Delayed 2 second(s)

2019-03-08 11:58:07 - [TEST_STEP][PASSED] - click(findTestObject("Perolehan/006 Arahan Bayaran/a_Today_Tarikh_Terima_Oleh_Kewangan"), STOP_ON_FAILURE): Object: 'Object Repository/Perolehan/006 Arahan Bayaran/a_Today_Tarikh_Terima_Oleh_Kewangan' is clicked on

2019-03-08 11:58:07 - [MESSAGE][PASSED] - Object: 'Object Repository/Perolehan/006 Arahan Bayaran/a_Today_Tarikh_Terima_Oleh_Kewangan' is clicked on

2019-03-08 11:58:07 - [TEST_STEP][PASSED] - click(findTestObject("Perolehan/006 Arahan Bayaran/button_Save_Maklumat_Terima_Barang")): Object: 'Object Repository/Perolehan/006 Arahan Bayaran/button_Save_Maklumat_Terima_Barang' is clicked on

2019-03-08 11:58:07 - [MESSAGE][PASSED] - Object: 'Object Repository/Perolehan/006 Arahan Bayaran/button_Save_Maklumat_Terima_Barang' is clicked on

2019-03-08 11:58:07 - [TEST_STEP][PASSED] - delay(3): Delayed 3 second(s)

2019-03-08 11:58:10 - [MESSAGE][PASSED] - Delayed 3 second(s)

2019-03-08 11:58:10 - [TEST_STEP][PASSED] - click(findTestObject("Perolehan/006 Arahan Bayaran/button_Tambah_Maklumat_Penerima")): Object: 'Object Repository/Perolehan/006 Arahan Bayaran/button_Tambah_Maklumat_Penerima' is clicked on

2019-03-08 11:58:10 - [MESSAGE][PASSED] - Object: 'Object Repository/Perolehan/006 Arahan Bayaran/button_Tambah_Maklumat_Penerima' is clicked on

2019-03-08 11:58:10 - [TEST_STEP][PASSED] - click(findTestObject("Perolehan/006 Arahan Bayaran/Drop_Down_Penerima_No_Daftar")): Object: 'Object Repository/Perolehan/006 Arahan Bayaran/Drop_Down_Penerima_No_Daftar' is clicked on

2019-03-08 11:58:10 - [MESSAGE][PASSED] - Object: 'Object Repository/Perolehan/006 Arahan Bayaran/Drop_Down_Penerima_No_Daftar' is clicked on

2019-03-08 11:58:10 - [TEST_STEP][PASSED] - delay(3): Delayed 3 second(s)

2019-03-08 11:58:13 - [MESSAGE][PASSED] - Delayed 3 second(s)

2019-03-08 11:58:13 - [TEST_STEP][PASSED] - setText(findTestObject("Perolehan/006 Arahan Bayaran/input_name_kod Pembekal"), "K0806SS29058"): Text 'K0806SS29058' is set on object 'Object Repository/Perolehan/006 Arahan Bayaran/input_name_kod Pembekal'

2019-03-08 11:58:14 - [MESSAGE][PASSED] - Text 'K0806SS29058' is set on object 'Object Repository/Perolehan/006 Arahan Bayaran/input_name_kod Pembekal'

2019-03-08 11:58:14 - [TEST_STEP][PASSED] - delay(3): Delayed 3 second(s)

2019-03-08 11:58:17 - [MESSAGE][PASSED] - Delayed 3 second(s)

2019-03-08 11:58:17 - [TEST_STEP][PASSED] - click(findTestObject("Perolehan/006 Arahan Bayaran/select_Maklumat_Penerima_Armada")): Object: 'Object Repository/Perolehan/006 Arahan Bayaran/select_Maklumat_Penerima_Armada' is clicked on

2019-03-08 11:58:17 - [MESSAGE][PASSED] - Object: 'Object Repository/Perolehan/006 Arahan Bayaran/select_Maklumat_Penerima_Armada' is clicked on

2019-03-08 11:58:17 - [TEST_STEP][PASSED] - delay(5): Delayed 5 second(s)

2019-03-08 11:58:22 - [MESSAGE][PASSED] - Delayed 5 second(s)

2019-03-08 11:58:22 - [TEST_STEP][PASSED] - setText(findTestObject("Perolehan/006 Arahan Bayaran/input_Penerima_Amaun"), TotalAmaunPT): Text '5.31' is set on object 'Object Repository/Perolehan/006 Arahan Bayaran/input_Penerima_Amaun'

2019-03-08 11:58:22 - [MESSAGE][PASSED] - Text '5.31' is set on object 'Object Repository/Perolehan/006 Arahan Bayaran/input_Penerima_Amaun'

2019-03-08 11:58:22 - [TEST_STEP][PASSED] - click(findTestObject("Perolehan/006 Arahan Bayaran/button_Save_Maklumat_Penerima")): Object: 'Object Repository/Perolehan/006 Arahan Bayaran/button_Save_Maklumat_Penerima' is clicked on

2019-03-08 11:58:22 - [MESSAGE][PASSED] - Object: 'Object Repository/Perolehan/006 Arahan Bayaran/button_Save_Maklumat_Penerima' is clicked on

2019-03-08 11:58:22 - [TEST_STEP][PASSED] - delay(3): Delayed 3 second(s)

2019-03-08 11:58:25 - [MESSAGE][PASSED] - Delayed 3 second(s)

2019-03-08 11:58:25 - [TEST_STEP][PASSED] - click(findTestObject("Perolehan/006 Arahan Bayaran/button_Simpan"), STOP_ON_FAILURE): Object: 'Object Repository/Perolehan/006 Arahan Bayaran/button_Simpan' is clicked on

2019-03-08 11:58:25 - [MESSAGE][PASSED] - Object: 'Object Repository/Perolehan/006 Arahan Bayaran/button_Simpan' is clicked on

2019-03-08 11:58:25 - [TEST_STEP][PASSED] - click(findTestObject("Perolehan/006 Arahan Bayaran/button_Ya_Simpan")): Object: 'Object Repository/Perolehan/006 Arahan Bayaran/button_Ya_Simpan' is clicked on

2019-03-08 11:58:25 - [MESSAGE][PASSED] - Object: 'Object Repository/Perolehan/006 Arahan Bayaran/button_Ya_Simpan' is clicked on

2019-03-08 11:58:25 - [TEST_STEP][PASSED] - delay(3): Delayed 3 second(s)

2019-03-08 11:58:28 - [MESSAGE][PASSED] - Delayed 3 second(s)

2019-03-08 11:58:28 - [TEST_STEP][PASSED] - click(findTestObject("Perolehan/006 Arahan Bayaran/button_OK_Rekod_telah_simpan")): Object: 'Object Repository/Perolehan/006 Arahan Bayaran/button_OK_Rekod_telah_simpan' is clicked on

2019-03-08 11:58:29 - [MESSAGE][PASSED] - Object: 'Object Repository/Perolehan/006 Arahan Bayaran/button_OK_Rekod_telah_simpan' is clicked on

2019-03-08 11:58:29 - [TEST_STEP][PASSED] - click(findTestObject("Perolehan/006 Arahan Bayaran/button_Senarai_Semak")): Object: 'Object Repository/Perolehan/006 Arahan Bayaran/button_Senarai_Semak' is clicked on

2019-03-08 11:58:29 - [MESSAGE][PASSED] - Object: 'Object Repository/Perolehan/006 Arahan Bayaran/button_Senarai_Semak' is clicked on

2019-03-08 11:58:29 - [TEST_STEP][PASSED] - check(findTestObject("Perolehan/006 Arahan Bayaran/Senarai_Semak_check_no_1")): Object 'Object Repository/Perolehan/006 Arahan Bayaran/Senarai_Semak_check_no_1' is checked

2019-03-08 11:58:29 - [MESSAGE][PASSED] - Object 'Object Repository/Perolehan/006 Arahan Bayaran/Senarai_Semak_check_no_1' is checked

2019-03-08 11:58:29 - [TEST_STEP][PASSED] - click(findTestObject("Perolehan/006 Arahan Bayaran/button_senarai_Semak_simpan")): Object: 'Object Repository/Perolehan/006 Arahan Bayaran/button_senarai_Semak_simpan' is clicked on

2019-03-08 11:58:29 - [MESSAGE][PASSED] - Object: 'Object Repository/Perolehan/006 Arahan Bayaran/button_senarai_Semak_simpan' is clicked on

2019-03-08 11:58:29 - [TEST_STEP][PASSED] - delay(3): Delayed 3 second(s)

2019-03-08 11:58:32 - [MESSAGE][PASSED] - Delayed 3 second(s)

2019-03-08 11:58:32 - [TEST_STEP][PASSED] - click(findTestObject("Perolehan/006 Arahan Bayaran/button_OK_Rekod_telah_simpan")): Object: 'Object Repository/Perolehan/006 Arahan Bayaran/button_OK_Rekod_telah_simpan' is clicked on

2019-03-08 11:58:32 - [MESSAGE][PASSED] - Object: 'Object Repository/Perolehan/006 Arahan Bayaran/button_OK_Rekod_telah_simpan' is clicked on

2019-03-08 11:58:32 - [TEST_STEP][PASSED] - click(findTestObject("Perolehan/006 Arahan Bayaran/Senarai_Semak_X_close")): Object: 'Object Repository/Perolehan/006 Arahan Bayaran/Senarai_Semak_X_close' is clicked on

2019-03-08 11:58:32 - [MESSAGE][PASSED] - Object: 'Object Repository/Perolehan/006 Arahan Bayaran/Senarai_Semak_X_close' is clicked on

2019-03-08 11:58:32 - [TEST_STEP][PASSED] - click(findTestObject("Perolehan/006 Arahan Bayaran/button_Sah_Simpan")): Object: 'Object Repository/Perolehan/006 Arahan Bayaran/button_Sah_Simpan' is clicked on

2019-03-08 11:58:33 - [MESSAGE][PASSED] - Object: 'Object Repository/Perolehan/006 Arahan Bayaran/button_Sah_Simpan' is clicked on

2019-03-08 11:58:33 - [TEST_STEP][PASSED] - click(findTestObject("Perolehan/006 Arahan Bayaran/button_Ya_Simpan")): Object: 'Object Repository/Perolehan/006 Arahan Bayaran/button_Ya_Simpan' is clicked on

2019-03-08 11:58:33 - [MESSAGE][PASSED] - Object: 'Object Repository/Perolehan/006 Arahan Bayaran/button_Ya_Simpan' is clicked on

2019-03-08 11:58:33 - [TEST_STEP][PASSED] - delay(3): Delayed 3 second(s)

2019-03-08 11:58:36 - [MESSAGE][PASSED] - Delayed 3 second(s)

2019-03-08 11:58:36 - [TEST_STEP][PASSED] - takeScreenshot(): Taking screenshot successfully

2019-03-08 11:58:36 - [MESSAGE][PASSED] - Taking screenshot successfully
[[ATTACHMENT|C:\\Users\\Consultant_MSPHitect\\Katalon Studio\\TrainingonKatalon\\Reports\\Perolehan\\02 Pesanan Tempatan Cara Bayaran CEK Dengan Pemfaktoran\\20190308_114931\\1552017516131.png]]

2019-03-08 11:58:36 - [TEST_STEP][PASSED] - attribute = getText(findTestObject("Perolehan/006 Arahan Bayaran/Get_Arahan_Bayaran_RekodID")): Text of object 'Object Repository/Perolehan/006 Arahan Bayaran/Get_Arahan_Bayaran_RekodID' is: 'Rekod Telah Berjaya Disah Simpan. [ NO REKOD :19DAAB030100090 ]
Ok'

2019-03-08 11:58:36 - [MESSAGE][PASSED] - Text of object 'Object Repository/Perolehan/006 Arahan Bayaran/Get_Arahan_Bayaran_RekodID' is: 'Rekod Telah Berjaya Disah Simpan. [ NO REKOD :19DAAB030100090 ]
Ok'

2019-03-08 11:58:36 - [TEST_STEP][PASSED] - println(attribute): null

2019-03-08 11:58:36 - [TEST_STEP][PASSED] - ArahanBayaranID = attribute[(46..60)]: null

2019-03-08 11:58:36 - [TEST_STEP][PASSED] - println(ArahanBayaranID): null

2019-03-08 11:58:36 - [TEST_STEP][PASSED] - ArahanBayaranRekodID = ArahanBayaranID: null

2019-03-08 11:58:36 - [TEST_STEP][PASSED] - delay(3): Delayed 3 second(s)

2019-03-08 11:58:39 - [MESSAGE][PASSED] - Delayed 3 second(s)

2019-03-08 11:58:39 - [TEST_STEP][PASSED] - click(findTestObject("Perolehan/006 Arahan Bayaran/button_OK_Rekod_telah_simpan")): Object: 'Object Repository/Perolehan/006 Arahan Bayaran/button_OK_Rekod_telah_simpan' is clicked on

2019-03-08 11:58:39 - [MESSAGE][PASSED] - Object: 'Object Repository/Perolehan/006 Arahan Bayaran/button_OK_Rekod_telah_simpan' is clicked on

2019-03-08 11:58:39 - [TEST_STEP][PASSED] - closeBrowser(): Browser is closed

2019-03-08 11:58:40 - [MESSAGE][PASSED] - Browser is closed]]></system-out>
         <system-err><![CDATA[]]></system-err>
      </testcase>
      <testcase name="Test Cases/Perolehan/006 Arahan Bayaran/002 Penyemak" classname="Test Cases/Perolehan/006 Arahan Bayaran/002 Penyemak" status="PASSED">
         <system-out><![CDATA[2019-03-08 11:58:40 - [TEST_CASE][PASSED] - Test Cases/Perolehan/006 Arahan Bayaran/002 Penyemak: Test Cases/Perolehan/006 Arahan Bayaran/002 Penyemak

2019-03-08 11:58:40 - [TEST_STEP][PASSED] - reusablefunctions.reusablefunctions.openbrowser(): reusablefunctions.reusablefunctions.openbrowser is PASSED

2019-03-08 11:58:40 - [MESSAGE][INFO] - Starting 'Chrome' driver

2019-03-08 11:58:43 - [MESSAGE][PASSED] - Browser is opened with url: 'https://175.143.52.101:7011/1SPEKSv2/'

2019-03-08 11:58:43 - [MESSAGE][PASSED] - reusablefunctions.reusablefunctions.openbrowser is PASSED

2019-03-08 11:58:43 - [TEST_STEP][PASSED] - reusablefunctions.reusablefunctions.Login(findTestData("ispekstestdata").getValue(1, 2), findTestData("ispekstestdata").getValue(2, 2)): reusablefunctions.reusablefunctions.Login is PASSED

2019-03-08 11:58:43 - [MESSAGE][PASSED] - Text '601101955194' is set on object 'Object Repository/Login/input_NoKadPengenalan'

2019-03-08 11:58:44 - [MESSAGE][PASSED] - Text ****** has been set on object 'Object Repository/Login/input_Password'

2019-03-08 11:58:45 - [MESSAGE][PASSED] - Object: 'Object Repository/Login/input_ButtonLogMasuk' is clicked on

2019-03-08 11:58:55 - [MESSAGE][PASSED] - Delayed 10 second(s)

2019-03-08 11:58:55 - [MESSAGE][PASSED] - reusablefunctions.reusablefunctions.Login is PASSED

2019-03-08 11:58:55 - [TEST_STEP][PASSED] - reusablefunctions.reusablefunctions.PerananPenyemakPTJ(): reusablefunctions.reusablefunctions.PerananPenyemakPTJ is PASSED

2019-03-08 11:58:55 - [MESSAGE][PASSED] - Object: 'Object Repository/Perolehan/TukarPeranan/IconTukarPeranan' is clicked on

2019-03-08 11:58:55 - [MESSAGE][PASSED] - Object: 'Object Repository/Perolehan/TukarPeranan/input_TukarPenyemakPTJ' is clicked on

2019-03-08 11:58:55 - [MESSAGE][PASSED] - Object: 'Object Repository/Perolehan/TukarPeranan/button_Ya' is clicked on

2019-03-08 11:59:15 - [MESSAGE][PASSED] - Delayed 20 second(s)

2019-03-08 11:59:18 - [MESSAGE][PASSED] - Text 'Peranan : [Penyemak] Peringkat : [PTJ]' is present on page 

2019-03-08 11:59:18 - [MESSAGE][PASSED] - reusablefunctions.reusablefunctions.PerananPenyemakPTJ is PASSED

2019-03-08 11:59:18 - [TEST_STEP][PASSED] - doubleClick(findTestObject("Perolehan/006 Arahan Bayaran/003 Penyemak/Dashboard_Senarai_Semak")): Object: 'Object Repository/Perolehan/006 Arahan Bayaran/003 Penyemak/Dashboard_Senarai_Semak' is double clicked on

2019-03-08 11:59:18 - [MESSAGE][PASSED] - Object: 'Object Repository/Perolehan/006 Arahan Bayaran/003 Penyemak/Dashboard_Senarai_Semak' is double clicked on

2019-03-08 11:59:18 - [TEST_STEP][PASSED] - delay(3): Delayed 3 second(s)

2019-03-08 11:59:21 - [MESSAGE][PASSED] - Delayed 3 second(s)

2019-03-08 11:59:21 - [TEST_STEP][PASSED] - setText(findTestObject("Perolehan/006 Arahan Bayaran/003 Penyemak/input_TABLE_NAME_noRekod"), ArahanBayaranRekodID): Text '19DAAB030100090' is set on object 'Object Repository/Perolehan/006 Arahan Bayaran/003 Penyemak/input_TABLE_NAME_noRekod'

2019-03-08 11:59:22 - [MESSAGE][PASSED] - Text '19DAAB030100090' is set on object 'Object Repository/Perolehan/006 Arahan Bayaran/003 Penyemak/input_TABLE_NAME_noRekod'

2019-03-08 11:59:22 - [TEST_STEP][PASSED] - delay(3): Delayed 3 second(s)

2019-03-08 11:59:25 - [MESSAGE][PASSED] - Delayed 3 second(s)

2019-03-08 11:59:25 - [TEST_STEP][PASSED] - doubleClick(findTestObject("Perolehan/006 Arahan Bayaran/003 Penyemak/select_noRekod", ["text":ArahanBayaranRekodID])): Object: 'Object Repository/Perolehan/006 Arahan Bayaran/003 Penyemak/select_noRekod' is double clicked on

2019-03-08 11:59:25 - [MESSAGE][PASSED] - Object: 'Object Repository/Perolehan/006 Arahan Bayaran/003 Penyemak/select_noRekod' is double clicked on

2019-03-08 11:59:25 - [TEST_STEP][PASSED] - delay(3): Delayed 3 second(s)

2019-03-08 11:59:28 - [MESSAGE][PASSED] - Delayed 3 second(s)

2019-03-08 11:59:28 - [TEST_STEP][PASSED] - click(findTestObject("Perolehan/006 Arahan Bayaran/003 Penyemak/button_Senarai_Semak")): Object: 'Object Repository/Perolehan/006 Arahan Bayaran/003 Penyemak/button_Senarai_Semak' is clicked on

2019-03-08 11:59:28 - [MESSAGE][PASSED] - Object: 'Object Repository/Perolehan/006 Arahan Bayaran/003 Penyemak/button_Senarai_Semak' is clicked on

2019-03-08 11:59:28 - [TEST_STEP][PASSED] - delay(3): Delayed 3 second(s)

2019-03-08 11:59:31 - [MESSAGE][PASSED] - Delayed 3 second(s)

2019-03-08 11:59:31 - [TEST_STEP][PASSED] - verifyElementChecked(findTestObject("Perolehan/006 Arahan Bayaran/003 Penyemak/Check_Senarai_Semak_Item"), 3): Object 'Object Repository/Perolehan/006 Arahan Bayaran/003 Penyemak/Check_Senarai_Semak_Item' is checked

2019-03-08 11:59:31 - [MESSAGE][PASSED] - Object 'Object Repository/Perolehan/006 Arahan Bayaran/003 Penyemak/Check_Senarai_Semak_Item' is checked

2019-03-08 11:59:31 - [TEST_STEP][PASSED] - click(findTestObject("Perolehan/006 Arahan Bayaran/003 Penyemak/button_X_Close_Senarai_Semak")): Object: 'Object Repository/Perolehan/006 Arahan Bayaran/003 Penyemak/button_X_Close_Senarai_Semak' is clicked on

2019-03-08 11:59:31 - [MESSAGE][PASSED] - Object: 'Object Repository/Perolehan/006 Arahan Bayaran/003 Penyemak/button_X_Close_Senarai_Semak' is clicked on

2019-03-08 11:59:31 - [TEST_STEP][PASSED] - click(findTestObject("Perolehan/006 Arahan Bayaran/003 Penyemak/button_Semak")): Object: 'Object Repository/Perolehan/006 Arahan Bayaran/003 Penyemak/button_Semak' is clicked on

2019-03-08 11:59:31 - [MESSAGE][PASSED] - Object: 'Object Repository/Perolehan/006 Arahan Bayaran/003 Penyemak/button_Semak' is clicked on

2019-03-08 11:59:31 - [TEST_STEP][PASSED] - click(findTestObject("Perolehan/006 Arahan Bayaran/003 Penyemak/button_Ya_Semak")): Object: 'Object Repository/Perolehan/006 Arahan Bayaran/003 Penyemak/button_Ya_Semak' is clicked on

2019-03-08 11:59:31 - [MESSAGE][PASSED] - Object: 'Object Repository/Perolehan/006 Arahan Bayaran/003 Penyemak/button_Ya_Semak' is clicked on

2019-03-08 11:59:31 - [TEST_STEP][PASSED] - delay(3): Delayed 3 second(s)

2019-03-08 11:59:34 - [MESSAGE][PASSED] - Delayed 3 second(s)

2019-03-08 11:59:34 - [TEST_STEP][PASSED] - takeScreenshot(): Taking screenshot successfully

2019-03-08 11:59:35 - [MESSAGE][PASSED] - Taking screenshot successfully
[[ATTACHMENT|C:\\Users\\Consultant_MSPHitect\\Katalon Studio\\TrainingonKatalon\\Reports\\Perolehan\\02 Pesanan Tempatan Cara Bayaran CEK Dengan Pemfaktoran\\20190308_114931\\1552017574622.png]]

2019-03-08 11:59:35 - [TEST_STEP][PASSED] - delay(3): Delayed 3 second(s)

2019-03-08 11:59:38 - [MESSAGE][PASSED] - Delayed 3 second(s)

2019-03-08 11:59:38 - [TEST_STEP][PASSED] - click(findTestObject("Perolehan/006 Arahan Bayaran/003 Penyemak/button_OK_berjaya_disemak")): Object: 'Object Repository/Perolehan/006 Arahan Bayaran/003 Penyemak/button_OK_berjaya_disemak' is clicked on

2019-03-08 11:59:38 - [MESSAGE][PASSED] - Object: 'Object Repository/Perolehan/006 Arahan Bayaran/003 Penyemak/button_OK_berjaya_disemak' is clicked on

2019-03-08 11:59:38 - [TEST_STEP][PASSED] - closeBrowser(STOP_ON_FAILURE): Browser is closed

2019-03-08 11:59:38 - [MESSAGE][PASSED] - Browser is closed]]></system-out>
         <system-err><![CDATA[]]></system-err>
      </testcase>
      <testcase name="Test Cases/Perolehan/007 Proses Baucar Bayaran/002 Pelulus Proses Baucar Bayaran - CEK" classname="Test Cases/Perolehan/007 Proses Baucar Bayaran/002 Pelulus Proses Baucar Bayaran - CEK" status="FAILED">
         <failure type="FAILED" message="Test Cases/Perolehan/007 Proses Baucar Bayaran/002 Pelulus Proses Baucar Bayaran - CEK FAILED.
Reason:
com.kms.katalon.core.exception.StepFailedException: Unable to click on object 'Object Repository/Perolehan/007 Proses Baucar Bayaran/Menu_Expand_Baucar_Bayaran'
	at com.kms.katalon.core.keyword.internal.KeywordMain.stepFailed(KeywordMain.groovy:48)
	at com.kms.katalon.core.webui.keyword.internal.WebUIKeywordMain.stepFailed(WebUIKeywordMain.groovy:65)
	at com.kms.katalon.core.webui.keyword.internal.WebUIKeywordMain.runKeyword(WebUIKeywordMain.groovy:27)
	at com.kms.katalon.core.webui.keyword.builtin.ClickKeyword.click(ClickKeyword.groovy:86)
	at com.kms.katalon.core.webui.keyword.builtin.ClickKeyword.execute(ClickKeyword.groovy:67)
	at com.kms.katalon.core.keyword.internal.KeywordExecutor.executeKeywordForPlatform(KeywordExecutor.groovy:56)
	at com.kms.katalon.core.webui.keyword.WebUiBuiltInKeywords.click(WebUiBuiltInKeywords.groovy:616)
	at com.kms.katalon.core.webui.keyword.WebUiBuiltInKeywords$click$2.call(Unknown Source)
	at 002 Pelulus Proses Baucar Bayaran - CEK.run(002 Pelulus Proses Baucar Bayaran - CEK:39)
	at com.kms.katalon.core.main.ScriptEngine.run(ScriptEngine.java:194)
	at com.kms.katalon.core.main.ScriptEngine.runScriptAsRawText(ScriptEngine.java:119)
	at com.kms.katalon.core.main.TestCaseExecutor.runScript(TestCaseExecutor.java:331)
	at com.kms.katalon.core.main.TestCaseExecutor.doExecute(TestCaseExecutor.java:322)
	at com.kms.katalon.core.main.TestCaseExecutor.processExecutionPhase(TestCaseExecutor.java:301)
	at com.kms.katalon.core.main.TestCaseExecutor.accessMainPhase(TestCaseExecutor.java:293)
	at com.kms.katalon.core.main.TestCaseExecutor.execute(TestCaseExecutor.java:227)
	at com.kms.katalon.core.main.TestSuiteExecutor.accessTestCaseMainPhase(TestSuiteExecutor.java:129)
	at com.kms.katalon.core.main.TestSuiteExecutor.accessTestSuiteMainPhase(TestSuiteExecutor.java:112)
	at com.kms.katalon.core.main.TestSuiteExecutor.execute(TestSuiteExecutor.java:81)
	at com.kms.katalon.core.main.TestCaseMain.startTestSuite(TestCaseMain.java:157)
	at com.kms.katalon.core.main.TestCaseMain$startTestSuite$0.call(Unknown Source)
	at TempTestSuite1552016971986.run(TempTestSuite1552016971986.groovy:35)
"/>
         <system-out><![CDATA[2019-03-08 11:59:38 - [TEST_CASE][FAILED] - Test Cases/Perolehan/007 Proses Baucar Bayaran/002 Pelulus Proses Baucar Bayaran - CEK: Test Cases/Perolehan/007 Proses Baucar Bayaran/002 Pelulus Proses Baucar Bayaran - CEK FAILED.
Reason:
com.kms.katalon.core.exception.StepFailedException: Unable to click on object 'Object Repository/Perolehan/007 Proses Baucar Bayaran/Menu_Expand_Baucar_Bayaran'
	at com.kms.katalon.core.keyword.internal.KeywordMain.stepFailed(KeywordMain.groovy:48)
	at com.kms.katalon.core.webui.keyword.internal.WebUIKeywordMain.stepFailed(WebUIKeywordMain.groovy:65)
	at com.kms.katalon.core.webui.keyword.internal.WebUIKeywordMain.runKeyword(WebUIKeywordMain.groovy:27)
	at com.kms.katalon.core.webui.keyword.builtin.ClickKeyword.click(ClickKeyword.groovy:86)
	at com.kms.katalon.core.webui.keyword.builtin.ClickKeyword.execute(ClickKeyword.groovy:67)
	at com.kms.katalon.core.keyword.internal.KeywordExecutor.executeKeywordForPlatform(KeywordExecutor.groovy:56)
	at com.kms.katalon.core.webui.keyword.WebUiBuiltInKeywords.click(WebUiBuiltInKeywords.groovy:616)
	at com.kms.katalon.core.webui.keyword.WebUiBuiltInKeywords$click$2.call(Unknown Source)
	at 002 Pelulus Proses Baucar Bayaran - CEK.run(002 Pelulus Proses Baucar Bayaran - CEK:39)
	at com.kms.katalon.core.main.ScriptEngine.run(ScriptEngine.java:194)
	at com.kms.katalon.core.main.ScriptEngine.runScriptAsRawText(ScriptEngine.java:119)
	at com.kms.katalon.core.main.TestCaseExecutor.runScript(TestCaseExecutor.java:331)
	at com.kms.katalon.core.main.TestCaseExecutor.doExecute(TestCaseExecutor.java:322)
	at com.kms.katalon.core.main.TestCaseExecutor.processExecutionPhase(TestCaseExecutor.java:301)
	at com.kms.katalon.core.main.TestCaseExecutor.accessMainPhase(TestCaseExecutor.java:293)
	at com.kms.katalon.core.main.TestCaseExecutor.execute(TestCaseExecutor.java:227)
	at com.kms.katalon.core.main.TestSuiteExecutor.accessTestCaseMainPhase(TestSuiteExecutor.java:129)
	at com.kms.katalon.core.main.TestSuiteExecutor.accessTestSuiteMainPhase(TestSuiteExecutor.java:112)
	at com.kms.katalon.core.main.TestSuiteExecutor.execute(TestSuiteExecutor.java:81)
	at com.kms.katalon.core.main.TestCaseMain.startTestSuite(TestCaseMain.java:157)
	at com.kms.katalon.core.main.TestCaseMain$startTestSuite$0.call(Unknown Source)
	at TempTestSuite1552016971986.run(TempTestSuite1552016971986.groovy:35)


2019-03-08 11:59:38 - [TEST_STEP][PASSED] - reusablefunctions.reusablefunctions.openbrowser(): reusablefunctions.reusablefunctions.openbrowser is PASSED

2019-03-08 11:59:38 - [MESSAGE][INFO] - Starting 'Chrome' driver

2019-03-08 11:59:41 - [MESSAGE][PASSED] - Browser is opened with url: 'https://175.143.52.101:7011/1SPEKSv2/'

2019-03-08 11:59:41 - [MESSAGE][PASSED] - reusablefunctions.reusablefunctions.openbrowser is PASSED

2019-03-08 11:59:41 - [TEST_STEP][PASSED] - reusablefunctions.reusablefunctions.Login(findTestData("ispekstestdata").getValue(1, 2), findTestData("ispekstestdata").getValue(2, 2)): reusablefunctions.reusablefunctions.Login is PASSED

2019-03-08 11:59:42 - [MESSAGE][PASSED] - Text '601101955194' is set on object 'Object Repository/Login/input_NoKadPengenalan'

2019-03-08 11:59:42 - [MESSAGE][PASSED] - Text ****** has been set on object 'Object Repository/Login/input_Password'

2019-03-08 11:59:43 - [MESSAGE][PASSED] - Object: 'Object Repository/Login/input_ButtonLogMasuk' is clicked on

2019-03-08 11:59:53 - [MESSAGE][PASSED] - Delayed 10 second(s)

2019-03-08 11:59:53 - [MESSAGE][PASSED] - reusablefunctions.reusablefunctions.Login is PASSED

2019-03-08 11:59:53 - [TEST_STEP][PASSED] - reusablefunctions.reusablefunctions.PerananPelulusPTJ(): reusablefunctions.reusablefunctions.PerananPelulusPTJ is PASSED

2019-03-08 11:59:53 - [MESSAGE][PASSED] - Object: 'Object Repository/Perolehan/TukarPeranan/IconTukarPeranan' is clicked on

2019-03-08 11:59:53 - [MESSAGE][PASSED] - Object: 'Object Repository/Perolehan/TukarPeranan/input_TukarPelulusPTJ' is clicked on

2019-03-08 11:59:53 - [MESSAGE][PASSED] - Object: 'Object Repository/Perolehan/TukarPeranan/button_Ya' is clicked on

2019-03-08 12:00:13 - [MESSAGE][PASSED] - Delayed 20 second(s)

2019-03-08 12:00:16 - [MESSAGE][PASSED] - Text 'Peranan : [Pelulus] Peringkat : [PTJ]' is present on page 

2019-03-08 12:00:16 - [MESSAGE][PASSED] - reusablefunctions.reusablefunctions.PerananPelulusPTJ is PASSED

2019-03-08 12:00:16 - [TEST_STEP][PASSED] - click(findTestObject("Perolehan/007 Proses Baucar Bayaran/Menu_Sisi")): Object: 'Object Repository/Perolehan/007 Proses Baucar Bayaran/Menu_Sisi' is clicked on

2019-03-08 12:00:16 - [MESSAGE][PASSED] - Object: 'Object Repository/Perolehan/007 Proses Baucar Bayaran/Menu_Sisi' is clicked on

2019-03-08 12:00:16 - [TEST_STEP][PASSED] - delay(3): Delayed 3 second(s)

2019-03-08 12:00:19 - [MESSAGE][PASSED] - Delayed 3 second(s)

2019-03-08 12:00:19 - [TEST_STEP][PASSED] - click(findTestObject("Object Repository/Perolehan/007 Proses Baucar Bayaran/Menu_Akaun Belum Bayar")): Object: 'Object Repository/Perolehan/007 Proses Baucar Bayaran/Menu_Akaun Belum Bayar' is clicked on

2019-03-08 12:00:19 - [MESSAGE][PASSED] - Object: 'Object Repository/Perolehan/007 Proses Baucar Bayaran/Menu_Akaun Belum Bayar' is clicked on

2019-03-08 12:00:19 - [TEST_STEP][PASSED] - delay(3): Delayed 3 second(s)

2019-03-08 12:00:22 - [MESSAGE][PASSED] - Delayed 3 second(s)

2019-03-08 12:00:22 - [TEST_STEP][FAILED] - click(findTestObject("Perolehan/007 Proses Baucar Bayaran/Menu_Expand_Baucar_Bayaran")): click(findTestObject("Perolehan/007 Proses Baucar Bayaran/Menu_Expand_Baucar_Bayaran")) FAILED.
Reason:
com.kms.katalon.core.exception.StepFailedException: Unable to click on object 'Object Repository/Perolehan/007 Proses Baucar Bayaran/Menu_Expand_Baucar_Bayaran'
	at com.kms.katalon.core.keyword.internal.KeywordMain.stepFailed(KeywordMain.groovy:48)
	at com.kms.katalon.core.webui.keyword.internal.WebUIKeywordMain.stepFailed(WebUIKeywordMain.groovy:65)
	at com.kms.katalon.core.webui.keyword.internal.WebUIKeywordMain.runKeyword(WebUIKeywordMain.groovy:27)
	at com.kms.katalon.core.webui.keyword.builtin.ClickKeyword.click(ClickKeyword.groovy:86)
	at com.kms.katalon.core.webui.keyword.builtin.ClickKeyword.execute(ClickKeyword.groovy:67)
	at com.kms.katalon.core.keyword.internal.KeywordExecutor.executeKeywordForPlatform(KeywordExecutor.groovy:56)
	at com.kms.katalon.core.webui.keyword.WebUiBuiltInKeywords.click(WebUiBuiltInKeywords.groovy:616)
	at com.kms.katalon.core.webui.keyword.WebUiBuiltInKeywords$click$2.call(Unknown Source)
	at 002 Pelulus Proses Baucar Bayaran - CEK.run(002 Pelulus Proses Baucar Bayaran - CEK:39)
	at com.kms.katalon.core.main.ScriptEngine.run(ScriptEngine.java:194)
	at com.kms.katalon.core.main.ScriptEngine.runScriptAsRawText(ScriptEngine.java:119)
	at com.kms.katalon.core.main.TestCaseExecutor.runScript(TestCaseExecutor.java:331)
	at com.kms.katalon.core.main.TestCaseExecutor.doExecute(TestCaseExecutor.java:322)
	at com.kms.katalon.core.main.TestCaseExecutor.processExecutionPhase(TestCaseExecutor.java:301)
	at com.kms.katalon.core.main.TestCaseExecutor.accessMainPhase(TestCaseExecutor.java:293)
	at com.kms.katalon.core.main.TestCaseExecutor.execute(TestCaseExecutor.java:227)
	at com.kms.katalon.core.main.TestSuiteExecutor.accessTestCaseMainPhase(TestSuiteExecutor.java:129)
	at com.kms.katalon.core.main.TestSuiteExecutor.accessTestSuiteMainPhase(TestSuiteExecutor.java:112)
	at com.kms.katalon.core.main.TestSuiteExecutor.execute(TestSuiteExecutor.java:81)
	at com.kms.katalon.core.main.TestCaseMain.startTestSuite(TestCaseMain.java:157)
	at com.kms.katalon.core.main.TestCaseMain$startTestSuite$0.call(Unknown Source)
	at TempTestSuite1552016971986.run(TempTestSuite1552016971986.groovy:35)


2019-03-08 12:03:33 - [MESSAGE][INFO] - Unable to find the element located by 'By.xpath: //div[@id='_easyui_tree_405']//span[@class='tree-hit tree-collapsed']'. Please recheck the objects properties to make sure the desired element is located. 

2019-03-08 12:03:33 - [MESSAGE][FAILED] - Unable to click on object 'Object Repository/Perolehan/007 Proses Baucar Bayaran/Menu_Expand_Baucar_Bayaran'
[[ATTACHMENT|C:\\Users\\Consultant_MSPHitect\\Katalon Studio\\TrainingonKatalon\\Reports\\Perolehan\\02 Pesanan Tempatan Cara Bayaran CEK Dengan Pemfaktoran\\20190308_114931\\1552017813527.png]]

2019-03-08 12:03:33 - [MESSAGE][FAILED] - click(findTestObject("Perolehan/007 Proses Baucar Bayaran/Menu_Expand_Baucar_Bayaran")) FAILED.
Reason:
com.kms.katalon.core.exception.StepFailedException: Unable to click on object 'Object Repository/Perolehan/007 Proses Baucar Bayaran/Menu_Expand_Baucar_Bayaran'
	at com.kms.katalon.core.keyword.internal.KeywordMain.stepFailed(KeywordMain.groovy:48)
	at com.kms.katalon.core.webui.keyword.internal.WebUIKeywordMain.stepFailed(WebUIKeywordMain.groovy:65)
	at com.kms.katalon.core.webui.keyword.internal.WebUIKeywordMain.runKeyword(WebUIKeywordMain.groovy:27)
	at com.kms.katalon.core.webui.keyword.builtin.ClickKeyword.click(ClickKeyword.groovy:86)
	at com.kms.katalon.core.webui.keyword.builtin.ClickKeyword.execute(ClickKeyword.groovy:67)
	at com.kms.katalon.core.keyword.internal.KeywordExecutor.executeKeywordForPlatform(KeywordExecutor.groovy:56)
	at com.kms.katalon.core.webui.keyword.WebUiBuiltInKeywords.click(WebUiBuiltInKeywords.groovy:616)
	at com.kms.katalon.core.webui.keyword.WebUiBuiltInKeywords$click$2.call(Unknown Source)
	at 002 Pelulus Proses Baucar Bayaran - CEK.run(002 Pelulus Proses Baucar Bayaran - CEK:39)
	at com.kms.katalon.core.main.ScriptEngine.run(ScriptEngine.java:194)
	at com.kms.katalon.core.main.ScriptEngine.runScriptAsRawText(ScriptEngine.java:119)
	at com.kms.katalon.core.main.TestCaseExecutor.runScript(TestCaseExecutor.java:331)
	at com.kms.katalon.core.main.TestCaseExecutor.doExecute(TestCaseExecutor.java:322)
	at com.kms.katalon.core.main.TestCaseExecutor.processExecutionPhase(TestCaseExecutor.java:301)
	at com.kms.katalon.core.main.TestCaseExecutor.accessMainPhase(TestCaseExecutor.java:293)
	at com.kms.katalon.core.main.TestCaseExecutor.execute(TestCaseExecutor.java:227)
	at com.kms.katalon.core.main.TestSuiteExecutor.accessTestCaseMainPhase(TestSuiteExecutor.java:129)
	at com.kms.katalon.core.main.TestSuiteExecutor.accessTestSuiteMainPhase(TestSuiteExecutor.java:112)
	at com.kms.katalon.core.main.TestSuiteExecutor.execute(TestSuiteExecutor.java:81)
	at com.kms.katalon.core.main.TestCaseMain.startTestSuite(TestCaseMain.java:157)
	at com.kms.katalon.core.main.TestCaseMain$startTestSuite$0.call(Unknown Source)
	at TempTestSuite1552016971986.run(TempTestSuite1552016971986.groovy:35)]]></system-out>
         <system-err><![CDATA[2019-03-08 11:59:38 - [TEST_CASE][FAILED] - Test Cases/Perolehan/007 Proses Baucar Bayaran/002 Pelulus Proses Baucar Bayaran - CEK: Test Cases/Perolehan/007 Proses Baucar Bayaran/002 Pelulus Proses Baucar Bayaran - CEK FAILED.
Reason:
com.kms.katalon.core.exception.StepFailedException: Unable to click on object 'Object Repository/Perolehan/007 Proses Baucar Bayaran/Menu_Expand_Baucar_Bayaran'
	at com.kms.katalon.core.keyword.internal.KeywordMain.stepFailed(KeywordMain.groovy:48)
	at com.kms.katalon.core.webui.keyword.internal.WebUIKeywordMain.stepFailed(WebUIKeywordMain.groovy:65)
	at com.kms.katalon.core.webui.keyword.internal.WebUIKeywordMain.runKeyword(WebUIKeywordMain.groovy:27)
	at com.kms.katalon.core.webui.keyword.builtin.ClickKeyword.click(ClickKeyword.groovy:86)
	at com.kms.katalon.core.webui.keyword.builtin.ClickKeyword.execute(ClickKeyword.groovy:67)
	at com.kms.katalon.core.keyword.internal.KeywordExecutor.executeKeywordForPlatform(KeywordExecutor.groovy:56)
	at com.kms.katalon.core.webui.keyword.WebUiBuiltInKeywords.click(WebUiBuiltInKeywords.groovy:616)
	at com.kms.katalon.core.webui.keyword.WebUiBuiltInKeywords$click$2.call(Unknown Source)
	at 002 Pelulus Proses Baucar Bayaran - CEK.run(002 Pelulus Proses Baucar Bayaran - CEK:39)
	at com.kms.katalon.core.main.ScriptEngine.run(ScriptEngine.java:194)
	at com.kms.katalon.core.main.ScriptEngine.runScriptAsRawText(ScriptEngine.java:119)
	at com.kms.katalon.core.main.TestCaseExecutor.runScript(TestCaseExecutor.java:331)
	at com.kms.katalon.core.main.TestCaseExecutor.doExecute(TestCaseExecutor.java:322)
	at com.kms.katalon.core.main.TestCaseExecutor.processExecutionPhase(TestCaseExecutor.java:301)
	at com.kms.katalon.core.main.TestCaseExecutor.accessMainPhase(TestCaseExecutor.java:293)
	at com.kms.katalon.core.main.TestCaseExecutor.execute(TestCaseExecutor.java:227)
	at com.kms.katalon.core.main.TestSuiteExecutor.accessTestCaseMainPhase(TestSuiteExecutor.java:129)
	at com.kms.katalon.core.main.TestSuiteExecutor.accessTestSuiteMainPhase(TestSuiteExecutor.java:112)
	at com.kms.katalon.core.main.TestSuiteExecutor.execute(TestSuiteExecutor.java:81)
	at com.kms.katalon.core.main.TestCaseMain.startTestSuite(TestCaseMain.java:157)
	at com.kms.katalon.core.main.TestCaseMain$startTestSuite$0.call(Unknown Source)
	at TempTestSuite1552016971986.run(TempTestSuite1552016971986.groovy:35)]]></system-err>
      </testcase>
      <testcase name="Test Cases/Perolehan/008 Posting Bayaran/002 Posting Bayaran - CEK" classname="Test Cases/Perolehan/008 Posting Bayaran/002 Posting Bayaran - CEK" status="FAILED">
         <failure type="FAILED" message="Test Cases/Perolehan/008 Posting Bayaran/002 Posting Bayaran - CEK FAILED.
Reason:
com.kms.katalon.core.exception.StepFailedException: Unable to click on object 'Object Repository/Perolehan/008 Post Bayaran/select_No_Baucar'
	at com.kms.katalon.core.keyword.internal.KeywordMain.stepFailed(KeywordMain.groovy:48)
	at com.kms.katalon.core.webui.keyword.internal.WebUIKeywordMain.stepFailed(WebUIKeywordMain.groovy:65)
	at com.kms.katalon.core.webui.keyword.internal.WebUIKeywordMain.runKeyword(WebUIKeywordMain.groovy:27)
	at com.kms.katalon.core.webui.keyword.builtin.ClickKeyword.click(ClickKeyword.groovy:86)
	at com.kms.katalon.core.webui.keyword.builtin.ClickKeyword.execute(ClickKeyword.groovy:67)
	at com.kms.katalon.core.keyword.internal.KeywordExecutor.executeKeywordForPlatform(KeywordExecutor.groovy:56)
	at com.kms.katalon.core.webui.keyword.WebUiBuiltInKeywords.click(WebUiBuiltInKeywords.groovy:616)
	at com.kms.katalon.core.webui.keyword.WebUiBuiltInKeywords$click$2.call(Unknown Source)
	at 002 Posting Bayaran - CEK.run(002 Posting Bayaran - CEK:66)
	at com.kms.katalon.core.main.ScriptEngine.run(ScriptEngine.java:194)
	at com.kms.katalon.core.main.ScriptEngine.runScriptAsRawText(ScriptEngine.java:119)
	at com.kms.katalon.core.main.TestCaseExecutor.runScript(TestCaseExecutor.java:331)
	at com.kms.katalon.core.main.TestCaseExecutor.doExecute(TestCaseExecutor.java:322)
	at com.kms.katalon.core.main.TestCaseExecutor.processExecutionPhase(TestCaseExecutor.java:301)
	at com.kms.katalon.core.main.TestCaseExecutor.accessMainPhase(TestCaseExecutor.java:293)
	at com.kms.katalon.core.main.TestCaseExecutor.execute(TestCaseExecutor.java:227)
	at com.kms.katalon.core.main.TestSuiteExecutor.accessTestCaseMainPhase(TestSuiteExecutor.java:129)
	at com.kms.katalon.core.main.TestSuiteExecutor.accessTestSuiteMainPhase(TestSuiteExecutor.java:112)
	at com.kms.katalon.core.main.TestSuiteExecutor.execute(TestSuiteExecutor.java:81)
	at com.kms.katalon.core.main.TestCaseMain.startTestSuite(TestCaseMain.java:157)
	at com.kms.katalon.core.main.TestCaseMain$startTestSuite$0.call(Unknown Source)
	at TempTestSuite1552016971986.run(TempTestSuite1552016971986.groovy:35)
"/>
         <system-out><![CDATA[2019-03-08 12:03:33 - [TEST_CASE][FAILED] - Test Cases/Perolehan/008 Posting Bayaran/002 Posting Bayaran - CEK: Test Cases/Perolehan/008 Posting Bayaran/002 Posting Bayaran - CEK FAILED.
Reason:
com.kms.katalon.core.exception.StepFailedException: Unable to click on object 'Object Repository/Perolehan/008 Post Bayaran/select_No_Baucar'
	at com.kms.katalon.core.keyword.internal.KeywordMain.stepFailed(KeywordMain.groovy:48)
	at com.kms.katalon.core.webui.keyword.internal.WebUIKeywordMain.stepFailed(WebUIKeywordMain.groovy:65)
	at com.kms.katalon.core.webui.keyword.internal.WebUIKeywordMain.runKeyword(WebUIKeywordMain.groovy:27)
	at com.kms.katalon.core.webui.keyword.builtin.ClickKeyword.click(ClickKeyword.groovy:86)
	at com.kms.katalon.core.webui.keyword.builtin.ClickKeyword.execute(ClickKeyword.groovy:67)
	at com.kms.katalon.core.keyword.internal.KeywordExecutor.executeKeywordForPlatform(KeywordExecutor.groovy:56)
	at com.kms.katalon.core.webui.keyword.WebUiBuiltInKeywords.click(WebUiBuiltInKeywords.groovy:616)
	at com.kms.katalon.core.webui.keyword.WebUiBuiltInKeywords$click$2.call(Unknown Source)
	at 002 Posting Bayaran - CEK.run(002 Posting Bayaran - CEK:66)
	at com.kms.katalon.core.main.ScriptEngine.run(ScriptEngine.java:194)
	at com.kms.katalon.core.main.ScriptEngine.runScriptAsRawText(ScriptEngine.java:119)
	at com.kms.katalon.core.main.TestCaseExecutor.runScript(TestCaseExecutor.java:331)
	at com.kms.katalon.core.main.TestCaseExecutor.doExecute(TestCaseExecutor.java:322)
	at com.kms.katalon.core.main.TestCaseExecutor.processExecutionPhase(TestCaseExecutor.java:301)
	at com.kms.katalon.core.main.TestCaseExecutor.accessMainPhase(TestCaseExecutor.java:293)
	at com.kms.katalon.core.main.TestCaseExecutor.execute(TestCaseExecutor.java:227)
	at com.kms.katalon.core.main.TestSuiteExecutor.accessTestCaseMainPhase(TestSuiteExecutor.java:129)
	at com.kms.katalon.core.main.TestSuiteExecutor.accessTestSuiteMainPhase(TestSuiteExecutor.java:112)
	at com.kms.katalon.core.main.TestSuiteExecutor.execute(TestSuiteExecutor.java:81)
	at com.kms.katalon.core.main.TestCaseMain.startTestSuite(TestCaseMain.java:157)
	at com.kms.katalon.core.main.TestCaseMain$startTestSuite$0.call(Unknown Source)
	at TempTestSuite1552016971986.run(TempTestSuite1552016971986.groovy:35)


2019-03-08 12:03:34 - [TEST_STEP][PASSED] - reusablefunctions.reusablefunctions.openbrowser(): reusablefunctions.reusablefunctions.openbrowser is PASSED

2019-03-08 12:03:34 - [MESSAGE][WARNING] - A browser is already opened. Closing browser and opening a new one

2019-03-08 12:03:34 - [MESSAGE][INFO] - Starting 'Chrome' driver

2019-03-08 12:03:38 - [MESSAGE][PASSED] - Browser is opened with url: 'https://175.143.52.101:7011/1SPEKSv2/'

2019-03-08 12:03:38 - [MESSAGE][PASSED] - reusablefunctions.reusablefunctions.openbrowser is PASSED

2019-03-08 12:03:38 - [TEST_STEP][PASSED] - reusablefunctions.reusablefunctions.Login(findTestData("ispekstestdata").getValue(1, 2), findTestData("ispekstestdata").getValue(2, 2)): reusablefunctions.reusablefunctions.Login is PASSED

2019-03-08 12:03:38 - [MESSAGE][PASSED] - Text '601101955194' is set on object 'Object Repository/Login/input_NoKadPengenalan'

2019-03-08 12:03:38 - [MESSAGE][PASSED] - Text ****** has been set on object 'Object Repository/Login/input_Password'

2019-03-08 12:03:40 - [MESSAGE][PASSED] - Object: 'Object Repository/Login/input_ButtonLogMasuk' is clicked on

2019-03-08 12:03:50 - [MESSAGE][PASSED] - Delayed 10 second(s)

2019-03-08 12:03:50 - [MESSAGE][PASSED] - reusablefunctions.reusablefunctions.Login is PASSED

2019-03-08 12:03:50 - [TEST_STEP][PASSED] - reusablefunctions.reusablefunctions.PerananPelulusBN(): reusablefunctions.reusablefunctions.PerananPelulusBN is PASSED

2019-03-08 12:03:50 - [MESSAGE][PASSED] - Object: 'Object Repository/Perolehan/TukarPeranan/IconTukarPeranan' is clicked on

2019-03-08 12:03:50 - [MESSAGE][PASSED] - Object: 'Object Repository/Perolehan/TukarPeranan/input_TukarPelulusBN' is clicked on

2019-03-08 12:03:50 - [MESSAGE][PASSED] - Object: 'Object Repository/Perolehan/TukarPeranan/button_Ya' is clicked on

2019-03-08 12:04:10 - [MESSAGE][PASSED] - Delayed 20 second(s)

2019-03-08 12:04:13 - [MESSAGE][PASSED] - Text 'Peranan : [Pelulus] Peringkat : [BN]' is present on page 

2019-03-08 12:04:13 - [MESSAGE][PASSED] - reusablefunctions.reusablefunctions.PerananPelulusBN is PASSED

2019-03-08 12:04:13 - [TEST_STEP][PASSED] - click(findTestObject("Perolehan/001 Left_Menu_Selection/a_ExpandMenuonLeft")): Object: 'Object Repository/Perolehan/001 Left_Menu_Selection/a_ExpandMenuonLeft' is clicked on

2019-03-08 12:04:19 - [MESSAGE][PASSED] - Object: 'Object Repository/Perolehan/001 Left_Menu_Selection/a_ExpandMenuonLeft' is clicked on

2019-03-08 12:04:19 - [TEST_STEP][PASSED] - delay(3): Delayed 3 second(s)

2019-03-08 12:04:22 - [MESSAGE][PASSED] - Delayed 3 second(s)

2019-03-08 12:04:22 - [TEST_STEP][PASSED] - click(findTestObject("Perolehan/001 Left_Menu_Selection/div_PanelTitlePengurusanTunai")): Object: 'Object Repository/Perolehan/001 Left_Menu_Selection/div_PanelTitlePengurusanTunai' is clicked on

2019-03-08 12:04:27 - [MESSAGE][PASSED] - Object: 'Object Repository/Perolehan/001 Left_Menu_Selection/div_PanelTitlePengurusanTunai' is clicked on

2019-03-08 12:04:27 - [TEST_STEP][PASSED] - delay(3): Delayed 3 second(s)

2019-03-08 12:04:30 - [MESSAGE][PASSED] - Delayed 3 second(s)

2019-03-08 12:04:30 - [TEST_STEP][PASSED] - click(findTestObject("Perolehan/001 Left_Menu_Selection/div_PostBayaran")): Object: 'Object Repository/Perolehan/001 Left_Menu_Selection/div_PostBayaran' is clicked on

2019-03-08 12:04:35 - [MESSAGE][PASSED] - Object: 'Object Repository/Perolehan/001 Left_Menu_Selection/div_PostBayaran' is clicked on

2019-03-08 12:04:35 - [TEST_STEP][PASSED] - delay(3): Delayed 3 second(s)

2019-03-08 12:04:38 - [MESSAGE][PASSED] - Delayed 3 second(s)

2019-03-08 12:04:38 - [TEST_STEP][PASSED] - click(findTestObject("Perolehan/008 Post Bayaran/Drop_Down_Cara_Bayaran")): Object: 'Object Repository/Perolehan/008 Post Bayaran/Drop_Down_Cara_Bayaran' is clicked on

2019-03-08 12:04:43 - [MESSAGE][PASSED] - Object: 'Object Repository/Perolehan/008 Post Bayaran/Drop_Down_Cara_Bayaran' is clicked on

2019-03-08 12:04:43 - [TEST_STEP][PASSED] - click(findTestObject("Perolehan/008 Post Bayaran/Select_Cara_Bayaran_CEK")): Object: 'Object Repository/Perolehan/008 Post Bayaran/Select_Cara_Bayaran_CEK' is clicked on

2019-03-08 12:04:48 - [MESSAGE][PASSED] - Object: 'Object Repository/Perolehan/008 Post Bayaran/Select_Cara_Bayaran_CEK' is clicked on

2019-03-08 12:04:48 - [TEST_STEP][PASSED] - delay(3): Delayed 3 second(s)

2019-03-08 12:04:51 - [MESSAGE][PASSED] - Delayed 3 second(s)

2019-03-08 12:04:51 - [TEST_STEP][PASSED] - click(findTestObject("Perolehan/008 Post Bayaran/Drop_down_No_Baucar")): Object: 'Object Repository/Perolehan/008 Post Bayaran/Drop_down_No_Baucar' is clicked on

2019-03-08 12:04:56 - [MESSAGE][PASSED] - Object: 'Object Repository/Perolehan/008 Post Bayaran/Drop_down_No_Baucar' is clicked on

2019-03-08 12:04:56 - [TEST_STEP][PASSED] - delay(3): Delayed 3 second(s)

2019-03-08 12:04:59 - [MESSAGE][PASSED] - Delayed 3 second(s)

2019-03-08 12:04:59 - [TEST_STEP][PASSED] - setText(findTestObject("Perolehan/008 Post Bayaran/input_No. Baucar_noBaucar"), Nombor_Baucar): Text '19DABB0400103' is set on object 'Object Repository/Perolehan/008 Post Bayaran/input_No. Baucar_noBaucar'

2019-03-08 12:05:00 - [MESSAGE][PASSED] - Text '19DABB0400103' is set on object 'Object Repository/Perolehan/008 Post Bayaran/input_No. Baucar_noBaucar'

2019-03-08 12:05:00 - [TEST_STEP][PASSED] - delay(3): Delayed 3 second(s)

2019-03-08 12:05:03 - [MESSAGE][PASSED] - Delayed 3 second(s)

2019-03-08 12:05:03 - [TEST_STEP][FAILED] - click(findTestObject("Perolehan/008 Post Bayaran/select_No_Baucar", ["text":Nombor_Baucar])): click(findTestObject("Perolehan/008 Post Bayaran/select_No_Baucar", ["text":Nombor_Baucar])) FAILED.
Reason:
com.kms.katalon.core.exception.StepFailedException: Unable to click on object 'Object Repository/Perolehan/008 Post Bayaran/select_No_Baucar'
	at com.kms.katalon.core.keyword.internal.KeywordMain.stepFailed(KeywordMain.groovy:48)
	at com.kms.katalon.core.webui.keyword.internal.WebUIKeywordMain.stepFailed(WebUIKeywordMain.groovy:65)
	at com.kms.katalon.core.webui.keyword.internal.WebUIKeywordMain.runKeyword(WebUIKeywordMain.groovy:27)
	at com.kms.katalon.core.webui.keyword.builtin.ClickKeyword.click(ClickKeyword.groovy:86)
	at com.kms.katalon.core.webui.keyword.builtin.ClickKeyword.execute(ClickKeyword.groovy:67)
	at com.kms.katalon.core.keyword.internal.KeywordExecutor.executeKeywordForPlatform(KeywordExecutor.groovy:56)
	at com.kms.katalon.core.webui.keyword.WebUiBuiltInKeywords.click(WebUiBuiltInKeywords.groovy:616)
	at com.kms.katalon.core.webui.keyword.WebUiBuiltInKeywords$click$2.call(Unknown Source)
	at 002 Posting Bayaran - CEK.run(002 Posting Bayaran - CEK:66)
	at com.kms.katalon.core.main.ScriptEngine.run(ScriptEngine.java:194)
	at com.kms.katalon.core.main.ScriptEngine.runScriptAsRawText(ScriptEngine.java:119)
	at com.kms.katalon.core.main.TestCaseExecutor.runScript(TestCaseExecutor.java:331)
	at com.kms.katalon.core.main.TestCaseExecutor.doExecute(TestCaseExecutor.java:322)
	at com.kms.katalon.core.main.TestCaseExecutor.processExecutionPhase(TestCaseExecutor.java:301)
	at com.kms.katalon.core.main.TestCaseExecutor.accessMainPhase(TestCaseExecutor.java:293)
	at com.kms.katalon.core.main.TestCaseExecutor.execute(TestCaseExecutor.java:227)
	at com.kms.katalon.core.main.TestSuiteExecutor.accessTestCaseMainPhase(TestSuiteExecutor.java:129)
	at com.kms.katalon.core.main.TestSuiteExecutor.accessTestSuiteMainPhase(TestSuiteExecutor.java:112)
	at com.kms.katalon.core.main.TestSuiteExecutor.execute(TestSuiteExecutor.java:81)
	at com.kms.katalon.core.main.TestCaseMain.startTestSuite(TestCaseMain.java:157)
	at com.kms.katalon.core.main.TestCaseMain$startTestSuite$0.call(Unknown Source)
	at TempTestSuite1552016971986.run(TempTestSuite1552016971986.groovy:35)


2019-03-08 12:08:11 - [MESSAGE][INFO] - Unable to find the element located by 'By.xpath: //div[contains(@class, 'datagrid-cell datagrid-cell-') and (text() = '19DABB0400103' or . = '19DABB0400103')]'. Please recheck the objects properties to make sure the desired element is located. 

2019-03-08 12:08:11 - [MESSAGE][FAILED] - Unable to click on object 'Object Repository/Perolehan/008 Post Bayaran/select_No_Baucar'
[[ATTACHMENT|C:\\Users\\Consultant_MSPHitect\\Katalon Studio\\TrainingonKatalon\\Reports\\Perolehan\\02 Pesanan Tempatan Cara Bayaran CEK Dengan Pemfaktoran\\20190308_114931\\1552018091241.png]]

2019-03-08 12:08:11 - [MESSAGE][FAILED] - click(findTestObject("Perolehan/008 Post Bayaran/select_No_Baucar", ["text":Nombor_Baucar])) FAILED.
Reason:
com.kms.katalon.core.exception.StepFailedException: Unable to click on object 'Object Repository/Perolehan/008 Post Bayaran/select_No_Baucar'
	at com.kms.katalon.core.keyword.internal.KeywordMain.stepFailed(KeywordMain.groovy:48)
	at com.kms.katalon.core.webui.keyword.internal.WebUIKeywordMain.stepFailed(WebUIKeywordMain.groovy:65)
	at com.kms.katalon.core.webui.keyword.internal.WebUIKeywordMain.runKeyword(WebUIKeywordMain.groovy:27)
	at com.kms.katalon.core.webui.keyword.builtin.ClickKeyword.click(ClickKeyword.groovy:86)
	at com.kms.katalon.core.webui.keyword.builtin.ClickKeyword.execute(ClickKeyword.groovy:67)
	at com.kms.katalon.core.keyword.internal.KeywordExecutor.executeKeywordForPlatform(KeywordExecutor.groovy:56)
	at com.kms.katalon.core.webui.keyword.WebUiBuiltInKeywords.click(WebUiBuiltInKeywords.groovy:616)
	at com.kms.katalon.core.webui.keyword.WebUiBuiltInKeywords$click$2.call(Unknown Source)
	at 002 Posting Bayaran - CEK.run(002 Posting Bayaran - CEK:66)
	at com.kms.katalon.core.main.ScriptEngine.run(ScriptEngine.java:194)
	at com.kms.katalon.core.main.ScriptEngine.runScriptAsRawText(ScriptEngine.java:119)
	at com.kms.katalon.core.main.TestCaseExecutor.runScript(TestCaseExecutor.java:331)
	at com.kms.katalon.core.main.TestCaseExecutor.doExecute(TestCaseExecutor.java:322)
	at com.kms.katalon.core.main.TestCaseExecutor.processExecutionPhase(TestCaseExecutor.java:301)
	at com.kms.katalon.core.main.TestCaseExecutor.accessMainPhase(TestCaseExecutor.java:293)
	at com.kms.katalon.core.main.TestCaseExecutor.execute(TestCaseExecutor.java:227)
	at com.kms.katalon.core.main.TestSuiteExecutor.accessTestCaseMainPhase(TestSuiteExecutor.java:129)
	at com.kms.katalon.core.main.TestSuiteExecutor.accessTestSuiteMainPhase(TestSuiteExecutor.java:112)
	at com.kms.katalon.core.main.TestSuiteExecutor.execute(TestSuiteExecutor.java:81)
	at com.kms.katalon.core.main.TestCaseMain.startTestSuite(TestCaseMain.java:157)
	at com.kms.katalon.core.main.TestCaseMain$startTestSuite$0.call(Unknown Source)
	at TempTestSuite1552016971986.run(TempTestSuite1552016971986.groovy:35)]]></system-out>
         <system-err><![CDATA[2019-03-08 12:03:33 - [TEST_CASE][FAILED] - Test Cases/Perolehan/008 Posting Bayaran/002 Posting Bayaran - CEK: Test Cases/Perolehan/008 Posting Bayaran/002 Posting Bayaran - CEK FAILED.
Reason:
com.kms.katalon.core.exception.StepFailedException: Unable to click on object 'Object Repository/Perolehan/008 Post Bayaran/select_No_Baucar'
	at com.kms.katalon.core.keyword.internal.KeywordMain.stepFailed(KeywordMain.groovy:48)
	at com.kms.katalon.core.webui.keyword.internal.WebUIKeywordMain.stepFailed(WebUIKeywordMain.groovy:65)
	at com.kms.katalon.core.webui.keyword.internal.WebUIKeywordMain.runKeyword(WebUIKeywordMain.groovy:27)
	at com.kms.katalon.core.webui.keyword.builtin.ClickKeyword.click(ClickKeyword.groovy:86)
	at com.kms.katalon.core.webui.keyword.builtin.ClickKeyword.execute(ClickKeyword.groovy:67)
	at com.kms.katalon.core.keyword.internal.KeywordExecutor.executeKeywordForPlatform(KeywordExecutor.groovy:56)
	at com.kms.katalon.core.webui.keyword.WebUiBuiltInKeywords.click(WebUiBuiltInKeywords.groovy:616)
	at com.kms.katalon.core.webui.keyword.WebUiBuiltInKeywords$click$2.call(Unknown Source)
	at 002 Posting Bayaran - CEK.run(002 Posting Bayaran - CEK:66)
	at com.kms.katalon.core.main.ScriptEngine.run(ScriptEngine.java:194)
	at com.kms.katalon.core.main.ScriptEngine.runScriptAsRawText(ScriptEngine.java:119)
	at com.kms.katalon.core.main.TestCaseExecutor.runScript(TestCaseExecutor.java:331)
	at com.kms.katalon.core.main.TestCaseExecutor.doExecute(TestCaseExecutor.java:322)
	at com.kms.katalon.core.main.TestCaseExecutor.processExecutionPhase(TestCaseExecutor.java:301)
	at com.kms.katalon.core.main.TestCaseExecutor.accessMainPhase(TestCaseExecutor.java:293)
	at com.kms.katalon.core.main.TestCaseExecutor.execute(TestCaseExecutor.java:227)
	at com.kms.katalon.core.main.TestSuiteExecutor.accessTestCaseMainPhase(TestSuiteExecutor.java:129)
	at com.kms.katalon.core.main.TestSuiteExecutor.accessTestSuiteMainPhase(TestSuiteExecutor.java:112)
	at com.kms.katalon.core.main.TestSuiteExecutor.execute(TestSuiteExecutor.java:81)
	at com.kms.katalon.core.main.TestCaseMain.startTestSuite(TestCaseMain.java:157)
	at com.kms.katalon.core.main.TestCaseMain$startTestSuite$0.call(Unknown Source)
	at TempTestSuite1552016971986.run(TempTestSuite1552016971986.groovy:35)]]></system-err>
      </testcase>
      <testcase name="Test Cases/Perolehan/009 Penyedia Cetak Baucar Bayaran/001 Penyedia Cetak Baucar Bayaran" classname="Test Cases/Perolehan/009 Penyedia Cetak Baucar Bayaran/001 Penyedia Cetak Baucar Bayaran" status="FAILED">
         <failure type="FAILED" message="Test Cases/Perolehan/009 Penyedia Cetak Baucar Bayaran/001 Penyedia Cetak Baucar Bayaran FAILED.
Reason:
com.kms.katalon.core.exception.StepFailedException: Unable to wait for page load
	at com.kms.katalon.core.keyword.internal.KeywordMain.stepFailed(KeywordMain.groovy:48)
	at com.kms.katalon.core.webui.keyword.internal.WebUIKeywordMain.stepFailed(WebUIKeywordMain.groovy:65)
	at com.kms.katalon.core.webui.keyword.internal.WebUIKeywordMain.runKeyword(WebUIKeywordMain.groovy:27)
	at com.kms.katalon.core.webui.keyword.builtin.WaitForPageLoadKeyword.waitForPageLoad(WaitForPageLoadKeyword.groovy:72)
	at com.kms.katalon.core.webui.keyword.builtin.WaitForPageLoadKeyword.execute(WaitForPageLoadKeyword.groovy:67)
	at com.kms.katalon.core.keyword.internal.KeywordExecutor.executeKeywordForPlatform(KeywordExecutor.groovy:56)
	at com.kms.katalon.core.webui.keyword.WebUiBuiltInKeywords.waitForPageLoad(WebUiBuiltInKeywords.groovy:2427)
	at com.kms.katalon.core.webui.keyword.WebUiBuiltInKeywords$waitForPageLoad$18.call(Unknown Source)
	at 001 Penyedia Cetak Baucar Bayaran.run(001 Penyedia Cetak Baucar Bayaran:72)
	at com.kms.katalon.core.main.ScriptEngine.run(ScriptEngine.java:194)
	at com.kms.katalon.core.main.ScriptEngine.runScriptAsRawText(ScriptEngine.java:119)
	at com.kms.katalon.core.main.TestCaseExecutor.runScript(TestCaseExecutor.java:331)
	at com.kms.katalon.core.main.TestCaseExecutor.doExecute(TestCaseExecutor.java:322)
	at com.kms.katalon.core.main.TestCaseExecutor.processExecutionPhase(TestCaseExecutor.java:301)
	at com.kms.katalon.core.main.TestCaseExecutor.accessMainPhase(TestCaseExecutor.java:293)
	at com.kms.katalon.core.main.TestCaseExecutor.execute(TestCaseExecutor.java:227)
	at com.kms.katalon.core.main.TestSuiteExecutor.accessTestCaseMainPhase(TestSuiteExecutor.java:129)
	at com.kms.katalon.core.main.TestSuiteExecutor.accessTestSuiteMainPhase(TestSuiteExecutor.java:112)
	at com.kms.katalon.core.main.TestSuiteExecutor.execute(TestSuiteExecutor.java:81)
	at com.kms.katalon.core.main.TestCaseMain.startTestSuite(TestCaseMain.java:157)
	at com.kms.katalon.core.main.TestCaseMain$startTestSuite$0.call(Unknown Source)
	at TempTestSuite1552016971986.run(TempTestSuite1552016971986.groovy:35)
"/>
         <system-out><![CDATA[2019-03-08 12:08:11 - [TEST_CASE][FAILED] - Test Cases/Perolehan/009 Penyedia Cetak Baucar Bayaran/001 Penyedia Cetak Baucar Bayaran: Test Cases/Perolehan/009 Penyedia Cetak Baucar Bayaran/001 Penyedia Cetak Baucar Bayaran FAILED.
Reason:
com.kms.katalon.core.exception.StepFailedException: Unable to wait for page load
	at com.kms.katalon.core.keyword.internal.KeywordMain.stepFailed(KeywordMain.groovy:48)
	at com.kms.katalon.core.webui.keyword.internal.WebUIKeywordMain.stepFailed(WebUIKeywordMain.groovy:65)
	at com.kms.katalon.core.webui.keyword.internal.WebUIKeywordMain.runKeyword(WebUIKeywordMain.groovy:27)
	at com.kms.katalon.core.webui.keyword.builtin.WaitForPageLoadKeyword.waitForPageLoad(WaitForPageLoadKeyword.groovy:72)
	at com.kms.katalon.core.webui.keyword.builtin.WaitForPageLoadKeyword.execute(WaitForPageLoadKeyword.groovy:67)
	at com.kms.katalon.core.keyword.internal.KeywordExecutor.executeKeywordForPlatform(KeywordExecutor.groovy:56)
	at com.kms.katalon.core.webui.keyword.WebUiBuiltInKeywords.waitForPageLoad(WebUiBuiltInKeywords.groovy:2427)
	at com.kms.katalon.core.webui.keyword.WebUiBuiltInKeywords$waitForPageLoad$18.call(Unknown Source)
	at 001 Penyedia Cetak Baucar Bayaran.run(001 Penyedia Cetak Baucar Bayaran:72)
	at com.kms.katalon.core.main.ScriptEngine.run(ScriptEngine.java:194)
	at com.kms.katalon.core.main.ScriptEngine.runScriptAsRawText(ScriptEngine.java:119)
	at com.kms.katalon.core.main.TestCaseExecutor.runScript(TestCaseExecutor.java:331)
	at com.kms.katalon.core.main.TestCaseExecutor.doExecute(TestCaseExecutor.java:322)
	at com.kms.katalon.core.main.TestCaseExecutor.processExecutionPhase(TestCaseExecutor.java:301)
	at com.kms.katalon.core.main.TestCaseExecutor.accessMainPhase(TestCaseExecutor.java:293)
	at com.kms.katalon.core.main.TestCaseExecutor.execute(TestCaseExecutor.java:227)
	at com.kms.katalon.core.main.TestSuiteExecutor.accessTestCaseMainPhase(TestSuiteExecutor.java:129)
	at com.kms.katalon.core.main.TestSuiteExecutor.accessTestSuiteMainPhase(TestSuiteExecutor.java:112)
	at com.kms.katalon.core.main.TestSuiteExecutor.execute(TestSuiteExecutor.java:81)
	at com.kms.katalon.core.main.TestCaseMain.startTestSuite(TestCaseMain.java:157)
	at com.kms.katalon.core.main.TestCaseMain$startTestSuite$0.call(Unknown Source)
	at TempTestSuite1552016971986.run(TempTestSuite1552016971986.groovy:35)


2019-03-08 12:08:11 - [TEST_STEP][PASSED] - reusablefunctions.reusablefunctions.openbrowser(): reusablefunctions.reusablefunctions.openbrowser is PASSED

2019-03-08 12:08:11 - [MESSAGE][WARNING] - A browser is already opened. Closing browser and opening a new one

2019-03-08 12:08:12 - [MESSAGE][INFO] - Starting 'Chrome' driver

2019-03-08 12:08:15 - [MESSAGE][PASSED] - Browser is opened with url: 'https://175.143.52.101:7011/1SPEKSv2/'

2019-03-08 12:08:15 - [MESSAGE][PASSED] - reusablefunctions.reusablefunctions.openbrowser is PASSED

2019-03-08 12:08:15 - [TEST_STEP][PASSED] - reusablefunctions.reusablefunctions.Login(findTestData("ispekstestdata").getValue(1, 2), findTestData("ispekstestdata").getValue(2, 2)): reusablefunctions.reusablefunctions.Login is PASSED

2019-03-08 12:08:16 - [MESSAGE][PASSED] - Text '601101955194' is set on object 'Object Repository/Login/input_NoKadPengenalan'

2019-03-08 12:08:16 - [MESSAGE][PASSED] - Text ****** has been set on object 'Object Repository/Login/input_Password'

2019-03-08 12:08:17 - [MESSAGE][PASSED] - Object: 'Object Repository/Login/input_ButtonLogMasuk' is clicked on

2019-03-08 12:08:27 - [MESSAGE][PASSED] - Delayed 10 second(s)

2019-03-08 12:08:27 - [MESSAGE][PASSED] - reusablefunctions.reusablefunctions.Login is PASSED

2019-03-08 12:08:27 - [TEST_STEP][PASSED] - reusablefunctions.reusablefunctions.PerananPenyediaPTJ(): reusablefunctions.reusablefunctions.PerananPenyediaPTJ is PASSED

2019-03-08 12:08:27 - [MESSAGE][PASSED] - Object: 'Object Repository/Perolehan/TukarPeranan/IconTukarPeranan' is clicked on

2019-03-08 12:08:27 - [MESSAGE][PASSED] - Object: 'Object Repository/Perolehan/TukarPeranan/input_TukarPenyediaPTJ' is clicked on

2019-03-08 12:08:27 - [MESSAGE][PASSED] - Object: 'Object Repository/Perolehan/TukarPeranan/button_Ya' is clicked on

2019-03-08 12:08:57 - [MESSAGE][PASSED] - Delayed 30 second(s)

2019-03-08 12:09:00 - [MESSAGE][PASSED] - Text 'Peranan : [Penyedia] Peringkat : [PTJ]' is present on page 

2019-03-08 12:09:00 - [MESSAGE][PASSED] - reusablefunctions.reusablefunctions.PerananPenyediaPTJ is PASSED

2019-03-08 12:09:00 - [TEST_STEP][PASSED] - click(findTestObject("Perolehan/001 Left_Menu_Selection/a_ExpandMenuonLeft")): Object: 'Object Repository/Perolehan/001 Left_Menu_Selection/a_ExpandMenuonLeft' is clicked on

2019-03-08 12:09:01 - [MESSAGE][PASSED] - Object: 'Object Repository/Perolehan/001 Left_Menu_Selection/a_ExpandMenuonLeft' is clicked on

2019-03-08 12:09:01 - [TEST_STEP][PASSED] - delay(3): Delayed 3 second(s)

2019-03-08 12:09:04 - [MESSAGE][PASSED] - Delayed 3 second(s)

2019-03-08 12:09:04 - [TEST_STEP][PASSED] - click(findTestObject("Perolehan/001 Left_Menu_Selection/Menu_Akaun Belum Bayar")): Object: 'Object Repository/Perolehan/001 Left_Menu_Selection/Menu_Akaun Belum Bayar' is clicked on

2019-03-08 12:09:04 - [MESSAGE][PASSED] - Object: 'Object Repository/Perolehan/001 Left_Menu_Selection/Menu_Akaun Belum Bayar' is clicked on

2019-03-08 12:09:04 - [TEST_STEP][PASSED] - delay(3): Delayed 3 second(s)

2019-03-08 12:09:07 - [MESSAGE][PASSED] - Delayed 3 second(s)

2019-03-08 12:09:07 - [TEST_STEP][PASSED] - click(findTestObject("Perolehan/001 Left_Menu_Selection/div_Carian_Akaun_Belum_Bayar")): Object: 'Object Repository/Perolehan/001 Left_Menu_Selection/div_Carian_Akaun_Belum_Bayar' is clicked on

2019-03-08 12:09:07 - [MESSAGE][PASSED] - Object: 'Object Repository/Perolehan/001 Left_Menu_Selection/div_Carian_Akaun_Belum_Bayar' is clicked on

2019-03-08 12:09:07 - [TEST_STEP][PASSED] - delay(3): Delayed 3 second(s)

2019-03-08 12:09:10 - [MESSAGE][PASSED] - Delayed 3 second(s)

2019-03-08 12:09:10 - [TEST_STEP][PASSED] - click(findTestObject("Perolehan/009 Penyedia Cetak Baucar Bayaran/Drop_down_Jenis_Carian")): Object: 'Object Repository/Perolehan/009 Penyedia Cetak Baucar Bayaran/Drop_down_Jenis_Carian' is clicked on

2019-03-08 12:09:10 - [MESSAGE][PASSED] - Object: 'Object Repository/Perolehan/009 Penyedia Cetak Baucar Bayaran/Drop_down_Jenis_Carian' is clicked on

2019-03-08 12:09:10 - [TEST_STEP][PASSED] - click(findTestObject("Perolehan/009 Penyedia Cetak Baucar Bayaran/Select_No_Baucar")): Object: 'Object Repository/Perolehan/009 Penyedia Cetak Baucar Bayaran/Select_No_Baucar' is clicked on

2019-03-08 12:09:10 - [MESSAGE][PASSED] - Object: 'Object Repository/Perolehan/009 Penyedia Cetak Baucar Bayaran/Select_No_Baucar' is clicked on

2019-03-08 12:09:10 - [TEST_STEP][PASSED] - setText(findTestObject("Perolehan/009 Penyedia Cetak Baucar Bayaran/Input_No_Baucar"), Nombor_Baucar): Text '19DABB0400103' is set on object 'Object Repository/Perolehan/009 Penyedia Cetak Baucar Bayaran/Input_No_Baucar'

2019-03-08 12:09:10 - [MESSAGE][PASSED] - Text '19DABB0400103' is set on object 'Object Repository/Perolehan/009 Penyedia Cetak Baucar Bayaran/Input_No_Baucar'

2019-03-08 12:09:10 - [TEST_STEP][PASSED] - click(findTestObject("Perolehan/009 Penyedia Cetak Baucar Bayaran/button_Cari")): Object: 'Object Repository/Perolehan/009 Penyedia Cetak Baucar Bayaran/button_Cari' is clicked on

2019-03-08 12:09:10 - [MESSAGE][PASSED] - Object: 'Object Repository/Perolehan/009 Penyedia Cetak Baucar Bayaran/button_Cari' is clicked on

2019-03-08 12:09:10 - [TEST_STEP][PASSED] - delay(15): Delayed 15 second(s)

2019-03-08 12:09:25 - [MESSAGE][PASSED] - Delayed 15 second(s)

2019-03-08 12:09:25 - [TEST_STEP][PASSED] - click(findTestObject("Perolehan/009 Penyedia Cetak Baucar Bayaran/button_Cetak")): Object: 'Object Repository/Perolehan/009 Penyedia Cetak Baucar Bayaran/button_Cetak' is clicked on

2019-03-08 12:09:26 - [MESSAGE][PASSED] - Object: 'Object Repository/Perolehan/009 Penyedia Cetak Baucar Bayaran/button_Cetak' is clicked on

2019-03-08 12:09:26 - [TEST_STEP][PASSED] - delay(10): Delayed 10 second(s)

2019-03-08 12:09:36 - [MESSAGE][PASSED] - Delayed 10 second(s)

2019-03-08 12:09:36 - [TEST_STEP][PASSED] - switchToWindowIndex(1): Switched to window with index: '1'

2019-03-08 12:09:36 - [MESSAGE][PASSED] - Switched to window with index: '1'

2019-03-08 12:09:36 - [TEST_STEP][PASSED] - delay(3): Delayed 3 second(s)

2019-03-08 12:09:39 - [MESSAGE][PASSED] - Delayed 3 second(s)

2019-03-08 12:09:39 - [TEST_STEP][FAILED] - waitForPageLoad(180): waitForPageLoad(180) FAILED.
Reason:
com.kms.katalon.core.exception.StepFailedException: Unable to wait for page load
	at com.kms.katalon.core.keyword.internal.KeywordMain.stepFailed(KeywordMain.groovy:48)
	at com.kms.katalon.core.webui.keyword.internal.WebUIKeywordMain.stepFailed(WebUIKeywordMain.groovy:65)
	at com.kms.katalon.core.webui.keyword.internal.WebUIKeywordMain.runKeyword(WebUIKeywordMain.groovy:27)
	at com.kms.katalon.core.webui.keyword.builtin.WaitForPageLoadKeyword.waitForPageLoad(WaitForPageLoadKeyword.groovy:72)
	at com.kms.katalon.core.webui.keyword.builtin.WaitForPageLoadKeyword.execute(WaitForPageLoadKeyword.groovy:67)
	at com.kms.katalon.core.keyword.internal.KeywordExecutor.executeKeywordForPlatform(KeywordExecutor.groovy:56)
	at com.kms.katalon.core.webui.keyword.WebUiBuiltInKeywords.waitForPageLoad(WebUiBuiltInKeywords.groovy:2427)
	at com.kms.katalon.core.webui.keyword.WebUiBuiltInKeywords$waitForPageLoad$18.call(Unknown Source)
	at 001 Penyedia Cetak Baucar Bayaran.run(001 Penyedia Cetak Baucar Bayaran:72)
	at com.kms.katalon.core.main.ScriptEngine.run(ScriptEngine.java:194)
	at com.kms.katalon.core.main.ScriptEngine.runScriptAsRawText(ScriptEngine.java:119)
	at com.kms.katalon.core.main.TestCaseExecutor.runScript(TestCaseExecutor.java:331)
	at com.kms.katalon.core.main.TestCaseExecutor.doExecute(TestCaseExecutor.java:322)
	at com.kms.katalon.core.main.TestCaseExecutor.processExecutionPhase(TestCaseExecutor.java:301)
	at com.kms.katalon.core.main.TestCaseExecutor.accessMainPhase(TestCaseExecutor.java:293)
	at com.kms.katalon.core.main.TestCaseExecutor.execute(TestCaseExecutor.java:227)
	at com.kms.katalon.core.main.TestSuiteExecutor.accessTestCaseMainPhase(TestSuiteExecutor.java:129)
	at com.kms.katalon.core.main.TestSuiteExecutor.accessTestSuiteMainPhase(TestSuiteExecutor.java:112)
	at com.kms.katalon.core.main.TestSuiteExecutor.execute(TestSuiteExecutor.java:81)
	at com.kms.katalon.core.main.TestCaseMain.startTestSuite(TestCaseMain.java:157)
	at com.kms.katalon.core.main.TestCaseMain$startTestSuite$0.call(Unknown Source)
	at TempTestSuite1552016971986.run(TempTestSuite1552016971986.groovy:35)


2019-03-08 12:12:39 - [MESSAGE][WARNING] - Cannot take screenshot

2019-03-08 12:12:39 - [MESSAGE][FAILED] - Unable to wait for page load

2019-03-08 12:12:39 - [MESSAGE][FAILED] - waitForPageLoad(180) FAILED.
Reason:
com.kms.katalon.core.exception.StepFailedException: Unable to wait for page load
	at com.kms.katalon.core.keyword.internal.KeywordMain.stepFailed(KeywordMain.groovy:48)
	at com.kms.katalon.core.webui.keyword.internal.WebUIKeywordMain.stepFailed(WebUIKeywordMain.groovy:65)
	at com.kms.katalon.core.webui.keyword.internal.WebUIKeywordMain.runKeyword(WebUIKeywordMain.groovy:27)
	at com.kms.katalon.core.webui.keyword.builtin.WaitForPageLoadKeyword.waitForPageLoad(WaitForPageLoadKeyword.groovy:72)
	at com.kms.katalon.core.webui.keyword.builtin.WaitForPageLoadKeyword.execute(WaitForPageLoadKeyword.groovy:67)
	at com.kms.katalon.core.keyword.internal.KeywordExecutor.executeKeywordForPlatform(KeywordExecutor.groovy:56)
	at com.kms.katalon.core.webui.keyword.WebUiBuiltInKeywords.waitForPageLoad(WebUiBuiltInKeywords.groovy:2427)
	at com.kms.katalon.core.webui.keyword.WebUiBuiltInKeywords$waitForPageLoad$18.call(Unknown Source)
	at 001 Penyedia Cetak Baucar Bayaran.run(001 Penyedia Cetak Baucar Bayaran:72)
	at com.kms.katalon.core.main.ScriptEngine.run(ScriptEngine.java:194)
	at com.kms.katalon.core.main.ScriptEngine.runScriptAsRawText(ScriptEngine.java:119)
	at com.kms.katalon.core.main.TestCaseExecutor.runScript(TestCaseExecutor.java:331)
	at com.kms.katalon.core.main.TestCaseExecutor.doExecute(TestCaseExecutor.java:322)
	at com.kms.katalon.core.main.TestCaseExecutor.processExecutionPhase(TestCaseExecutor.java:301)
	at com.kms.katalon.core.main.TestCaseExecutor.accessMainPhase(TestCaseExecutor.java:293)
	at com.kms.katalon.core.main.TestCaseExecutor.execute(TestCaseExecutor.java:227)
	at com.kms.katalon.core.main.TestSuiteExecutor.accessTestCaseMainPhase(TestSuiteExecutor.java:129)
	at com.kms.katalon.core.main.TestSuiteExecutor.accessTestSuiteMainPhase(TestSuiteExecutor.java:112)
	at com.kms.katalon.core.main.TestSuiteExecutor.execute(TestSuiteExecutor.java:81)
	at com.kms.katalon.core.main.TestCaseMain.startTestSuite(TestCaseMain.java:157)
	at com.kms.katalon.core.main.TestCaseMain$startTestSuite$0.call(Unknown Source)
	at TempTestSuite1552016971986.run(TempTestSuite1552016971986.groovy:35)]]></system-out>
         <system-err><![CDATA[2019-03-08 12:08:11 - [TEST_CASE][FAILED] - Test Cases/Perolehan/009 Penyedia Cetak Baucar Bayaran/001 Penyedia Cetak Baucar Bayaran: Test Cases/Perolehan/009 Penyedia Cetak Baucar Bayaran/001 Penyedia Cetak Baucar Bayaran FAILED.
Reason:
com.kms.katalon.core.exception.StepFailedException: Unable to wait for page load
	at com.kms.katalon.core.keyword.internal.KeywordMain.stepFailed(KeywordMain.groovy:48)
	at com.kms.katalon.core.webui.keyword.internal.WebUIKeywordMain.stepFailed(WebUIKeywordMain.groovy:65)
	at com.kms.katalon.core.webui.keyword.internal.WebUIKeywordMain.runKeyword(WebUIKeywordMain.groovy:27)
	at com.kms.katalon.core.webui.keyword.builtin.WaitForPageLoadKeyword.waitForPageLoad(WaitForPageLoadKeyword.groovy:72)
	at com.kms.katalon.core.webui.keyword.builtin.WaitForPageLoadKeyword.execute(WaitForPageLoadKeyword.groovy:67)
	at com.kms.katalon.core.keyword.internal.KeywordExecutor.executeKeywordForPlatform(KeywordExecutor.groovy:56)
	at com.kms.katalon.core.webui.keyword.WebUiBuiltInKeywords.waitForPageLoad(WebUiBuiltInKeywords.groovy:2427)
	at com.kms.katalon.core.webui.keyword.WebUiBuiltInKeywords$waitForPageLoad$18.call(Unknown Source)
	at 001 Penyedia Cetak Baucar Bayaran.run(001 Penyedia Cetak Baucar Bayaran:72)
	at com.kms.katalon.core.main.ScriptEngine.run(ScriptEngine.java:194)
	at com.kms.katalon.core.main.ScriptEngine.runScriptAsRawText(ScriptEngine.java:119)
	at com.kms.katalon.core.main.TestCaseExecutor.runScript(TestCaseExecutor.java:331)
	at com.kms.katalon.core.main.TestCaseExecutor.doExecute(TestCaseExecutor.java:322)
	at com.kms.katalon.core.main.TestCaseExecutor.processExecutionPhase(TestCaseExecutor.java:301)
	at com.kms.katalon.core.main.TestCaseExecutor.accessMainPhase(TestCaseExecutor.java:293)
	at com.kms.katalon.core.main.TestCaseExecutor.execute(TestCaseExecutor.java:227)
	at com.kms.katalon.core.main.TestSuiteExecutor.accessTestCaseMainPhase(TestSuiteExecutor.java:129)
	at com.kms.katalon.core.main.TestSuiteExecutor.accessTestSuiteMainPhase(TestSuiteExecutor.java:112)
	at com.kms.katalon.core.main.TestSuiteExecutor.execute(TestSuiteExecutor.java:81)
	at com.kms.katalon.core.main.TestCaseMain.startTestSuite(TestCaseMain.java:157)
	at com.kms.katalon.core.main.TestCaseMain$startTestSuite$0.call(Unknown Source)
	at TempTestSuite1552016971986.run(TempTestSuite1552016971986.groovy:35)]]></system-err>
      </testcase>
      <system-out><![CDATA[2019-03-08 11:49:41 - [TEST_SUITE][FAILED] - 02 Pesanan Tempatan Cara Bayaran CEK Dengan Pemfaktoran: Test Cases/Perolehan/007 Proses Baucar Bayaran/002 Pelulus Proses Baucar Bayaran - CEK FAILED.
Reason:
com.kms.katalon.core.exception.StepFailedException: Unable to click on object 'Object Repository/Perolehan/007 Proses Baucar Bayaran/Menu_Expand_Baucar_Bayaran'
	at com.kms.katalon.core.keyword.internal.KeywordMain.stepFailed(KeywordMain.groovy:48)
	at com.kms.katalon.core.webui.keyword.internal.WebUIKeywordMain.stepFailed(WebUIKeywordMain.groovy:65)
	at com.kms.katalon.core.webui.keyword.internal.WebUIKeywordMain.runKeyword(WebUIKeywordMain.groovy:27)
	at com.kms.katalon.core.webui.keyword.builtin.ClickKeyword.click(ClickKeyword.groovy:86)
	at com.kms.katalon.core.webui.keyword.builtin.ClickKeyword.execute(ClickKeyword.groovy:67)
	at com.kms.katalon.core.keyword.internal.KeywordExecutor.executeKeywordForPlatform(KeywordExecutor.groovy:56)
	at com.kms.katalon.core.webui.keyword.WebUiBuiltInKeywords.click(WebUiBuiltInKeywords.groovy:616)
	at com.kms.katalon.core.webui.keyword.WebUiBuiltInKeywords$click$2.call(Unknown Source)
	at 002 Pelulus Proses Baucar Bayaran - CEK.run(002 Pelulus Proses Baucar Bayaran - CEK:39)
	at com.kms.katalon.core.main.ScriptEngine.run(ScriptEngine.java:194)
	at com.kms.katalon.core.main.ScriptEngine.runScriptAsRawText(ScriptEngine.java:119)
	at com.kms.katalon.core.main.TestCaseExecutor.runScript(TestCaseExecutor.java:331)
	at com.kms.katalon.core.main.TestCaseExecutor.doExecute(TestCaseExecutor.java:322)
	at com.kms.katalon.core.main.TestCaseExecutor.processExecutionPhase(TestCaseExecutor.java:301)
	at com.kms.katalon.core.main.TestCaseExecutor.accessMainPhase(TestCaseExecutor.java:293)
	at com.kms.katalon.core.main.TestCaseExecutor.execute(TestCaseExecutor.java:227)
	at com.kms.katalon.core.main.TestSuiteExecutor.accessTestCaseMainPhase(TestSuiteExecutor.java:129)
	at com.kms.katalon.core.main.TestSuiteExecutor.accessTestSuiteMainPhase(TestSuiteExecutor.java:112)
	at com.kms.katalon.core.main.TestSuiteExecutor.execute(TestSuiteExecutor.java:81)
	at com.kms.katalon.core.main.TestCaseMain.startTestSuite(TestCaseMain.java:157)
	at com.kms.katalon.core.main.TestCaseMain$startTestSuite$0.call(Unknown Source)
	at TempTestSuite1552016971986.run(TempTestSuite1552016971986.groovy:35)]]></system-out>
      <system-err><![CDATA[2019-03-08 11:49:41 - [TEST_SUITE][FAILED] - 02 Pesanan Tempatan Cara Bayaran CEK Dengan Pemfaktoran: Test Cases/Perolehan/007 Proses Baucar Bayaran/002 Pelulus Proses Baucar Bayaran - CEK FAILED.
Reason:
com.kms.katalon.core.exception.StepFailedException: Unable to click on object 'Object Repository/Perolehan/007 Proses Baucar Bayaran/Menu_Expand_Baucar_Bayaran'
	at com.kms.katalon.core.keyword.internal.KeywordMain.stepFailed(KeywordMain.groovy:48)
	at com.kms.katalon.core.webui.keyword.internal.WebUIKeywordMain.stepFailed(WebUIKeywordMain.groovy:65)
	at com.kms.katalon.core.webui.keyword.internal.WebUIKeywordMain.runKeyword(WebUIKeywordMain.groovy:27)
	at com.kms.katalon.core.webui.keyword.builtin.ClickKeyword.click(ClickKeyword.groovy:86)
	at com.kms.katalon.core.webui.keyword.builtin.ClickKeyword.execute(ClickKeyword.groovy:67)
	at com.kms.katalon.core.keyword.internal.KeywordExecutor.executeKeywordForPlatform(KeywordExecutor.groovy:56)
	at com.kms.katalon.core.webui.keyword.WebUiBuiltInKeywords.click(WebUiBuiltInKeywords.groovy:616)
	at com.kms.katalon.core.webui.keyword.WebUiBuiltInKeywords$click$2.call(Unknown Source)
	at 002 Pelulus Proses Baucar Bayaran - CEK.run(002 Pelulus Proses Baucar Bayaran - CEK:39)
	at com.kms.katalon.core.main.ScriptEngine.run(ScriptEngine.java:194)
	at com.kms.katalon.core.main.ScriptEngine.runScriptAsRawText(ScriptEngine.java:119)
	at com.kms.katalon.core.main.TestCaseExecutor.runScript(TestCaseExecutor.java:331)
	at com.kms.katalon.core.main.TestCaseExecutor.doExecute(TestCaseExecutor.java:322)
	at com.kms.katalon.core.main.TestCaseExecutor.processExecutionPhase(TestCaseExecutor.java:301)
	at com.kms.katalon.core.main.TestCaseExecutor.accessMainPhase(TestCaseExecutor.java:293)
	at com.kms.katalon.core.main.TestCaseExecutor.execute(TestCaseExecutor.java:227)
	at com.kms.katalon.core.main.TestSuiteExecutor.accessTestCaseMainPhase(TestSuiteExecutor.java:129)
	at com.kms.katalon.core.main.TestSuiteExecutor.accessTestSuiteMainPhase(TestSuiteExecutor.java:112)
	at com.kms.katalon.core.main.TestSuiteExecutor.execute(TestSuiteExecutor.java:81)
	at com.kms.katalon.core.main.TestCaseMain.startTestSuite(TestCaseMain.java:157)
	at com.kms.katalon.core.main.TestCaseMain$startTestSuite$0.call(Unknown Source)
	at TempTestSuite1552016971986.run(TempTestSuite1552016971986.groovy:35)]]></system-err>
   </testsuite>
</testsuites>
