<?xml version="1.0" encoding="UTF-8"?>
<testsuites name="Perolehan" time="407" tests="2" failures="5" errors="0">
   <testsuite name="Perolehan" tests="2" failures="5" errors="0" time="407" timestamp="2019-02-15 11:10:58" hostname="Consultant_MSPHitect - DESKTOP-V9TS2EM" id="Test Suites/Perolehan/Perolehan">
      <properties>
         <property name="deviceName" value=""/>
         <property name="devicePlatform" value=""/>
         <property name="logFolder" value="C:\\Users\\Consultant_MSPHitect\\Katalon Studio\\TrainingonKatalon\\Reports\\Perolehan\\Perolehan\\20190215_111051"/>
         <property name="logFiles" value="C:\\Users\\Consultant_MSPHitect\\Katalon Studio\\TrainingonKatalon\\Reports\\Perolehan\\Perolehan\\20190215_111051\\execution0.log"/>
         <property name="attachments" value="C:\\Users\\Consultant_MSPHitect\\Katalon Studio\\TrainingonKatalon\\Reports\\Perolehan\\Perolehan\\20190215_111051\\1550200398747.png, C:\\Users\\Consultant_MSPHitect\\Katalon Studio\\TrainingonKatalon\\Reports\\Perolehan\\Perolehan\\20190215_111051\\1550200457679.png, C:\\Users\\Consultant_MSPHitect\\Katalon Studio\\TrainingonKatalon\\Reports\\Perolehan\\Perolehan\\20190215_111051\\1550200664678.png"/>
         <property name="hostName" value="Consultant_MSPHitect - DESKTOP-V9TS2EM"/>
         <property name="os" value="Windows 10 64bit"/>
         <property name="katalonVersion" value="5.10.1.1"/>
         <property name="browser" value="Chrome 71.0.3578.98"/>
         <property name="hostAddress" value="192.168.180.121"/>
         <property name="sessionId" value="b6a00727279751f8bf9ea7941720d986"/>
         <property name="seleniumVersion" value="3.7.1"/>
         <property name="proxyInformation" value="ProxyInformation{proxyOption=NO_PROXY, proxyServerType=HTTP, password=, proxyServerAddress=, proxyServerPort=0}"/>
         <property name="platform" value="Windows 10"/>
      </properties>
      <testcase name="Test Cases/Perolehan/001 Left Menu Selection/Select Menu Pesanan Tempatan" classname="Test Cases/Perolehan/001 Left Menu Selection/Select Menu Pesanan Tempatan" status="PASSED">
         <system-out><![CDATA[2019-02-15 11:10:58 - [TEST_CASE][PASSED] - Test Cases/Perolehan/001 Left Menu Selection/Select Menu Pesanan Tempatan: Test Cases/Perolehan/001 Left Menu Selection/Select Menu Pesanan Tempatan

2019-02-15 11:10:59 - [TEST_STEP][PASSED] - openBrowser("https://175.143.52.101:7011/1SPEKSv2/"): Browser is opened with url: 'https://175.143.52.101:7011/1SPEKSv2/'

2019-02-15 11:10:59 - [MESSAGE][INFO] - Starting 'Chrome' driver

2019-02-15 11:10:59 - [MESSAGE][INFO] - Action delay is set to 0 seconds

2019-02-15 11:11:04 - [MESSAGE][PASSED] - Browser is opened with url: 'https://175.143.52.101:7011/1SPEKSv2/'

2019-02-15 11:11:04 - [TEST_STEP][PASSED] - setText(findTestObject("Login/input_NoKadPengenalan"), findTestData("ispekstestdata").getValue(1, 2)): Text '601101955194' is set on object 'Object Repository/Login/input_NoKadPengenalan'

2019-02-15 11:11:04 - [MESSAGE][PASSED] - Text '601101955194' is set on object 'Object Repository/Login/input_NoKadPengenalan'

2019-02-15 11:11:04 - [TEST_STEP][PASSED] - setEncryptedText(findTestObject("Login/input_Password"), findTestData("ispekstestdata").getValue(2, 2)): Text ****** has been set on object 'Object Repository/Login/input_Password'

2019-02-15 11:11:05 - [MESSAGE][PASSED] - Text ****** has been set on object 'Object Repository/Login/input_Password'

2019-02-15 11:11:05 - [TEST_STEP][PASSED] - click(findTestObject("Login/input_ButtonLogMasuk")): Object: 'Object Repository/Login/input_ButtonLogMasuk' is clicked on

2019-02-15 11:11:07 - [MESSAGE][PASSED] - Object: 'Object Repository/Login/input_ButtonLogMasuk' is clicked on

2019-02-15 11:11:07 - [TEST_STEP][PASSED] - delay(10): Delayed 10 second(s)

2019-02-15 11:11:17 - [MESSAGE][PASSED] - Delayed 10 second(s)

2019-02-15 11:11:17 - [TEST_STEP][PASSED] - reusablefunctions.reusablefunctions.PerananPenyediaPTJ(): reusablefunctions.reusablefunctions.PerananPenyediaPTJ is PASSED

2019-02-15 11:11:17 - [MESSAGE][PASSED] - Object: 'Object Repository/Perolehan/TukarPeranan/IconTukarPeranan' is clicked on

2019-02-15 11:11:17 - [MESSAGE][PASSED] - Object: 'Object Repository/Perolehan/TukarPeranan/Radio_button_PenyediaPTJ' is clicked on

2019-02-15 11:11:17 - [MESSAGE][PASSED] - Object: 'Object Repository/Perolehan/TukarPeranan/button_Ya' is clicked on

2019-02-15 11:11:47 - [MESSAGE][PASSED] - Delayed 30 second(s)

2019-02-15 11:11:49 - [MESSAGE][PASSED] - Text 'Peranan : [Penyedia] Peringkat : [PTJ]' is present on page 

2019-02-15 11:11:49 - [MESSAGE][PASSED] - reusablefunctions.reusablefunctions.PerananPenyediaPTJ is PASSED

2019-02-15 11:11:49 - [TEST_STEP][PASSED] - click(findTestObject("Perolehan/Left_Menu_Selection/a_ExpandMenuonLeft")): Object: 'Object Repository/Perolehan/Left_Menu_Selection/a_ExpandMenuonLeft' is clicked on

2019-02-15 11:11:50 - [MESSAGE][PASSED] - Object: 'Object Repository/Perolehan/Left_Menu_Selection/a_ExpandMenuonLeft' is clicked on

2019-02-15 11:11:50 - [TEST_STEP][PASSED] - delay(3, STOP_ON_FAILURE): Delayed 3 second(s)

2019-02-15 11:11:53 - [MESSAGE][PASSED] - Delayed 3 second(s)

2019-02-15 11:11:53 - [TEST_STEP][PASSED] - click(findTestObject("Perolehan/Left_Menu_Selection/div_PanelTitlePerolehan")): Object: 'Object Repository/Perolehan/Left_Menu_Selection/div_PanelTitlePerolehan' is clicked on

2019-02-15 11:11:53 - [MESSAGE][PASSED] - Object: 'Object Repository/Perolehan/Left_Menu_Selection/div_PanelTitlePerolehan' is clicked on

2019-02-15 11:11:53 - [TEST_STEP][PASSED] - delay(3, STOP_ON_FAILURE): Delayed 3 second(s)

2019-02-15 11:11:56 - [MESSAGE][PASSED] - Delayed 3 second(s)

2019-02-15 11:11:56 - [TEST_STEP][PASSED] - click(findTestObject("Perolehan/Left_Menu_Selection/div_PesananTempatan")): Object: 'Object Repository/Perolehan/Left_Menu_Selection/div_PesananTempatan' is clicked on

2019-02-15 11:11:56 - [MESSAGE][PASSED] - Object: 'Object Repository/Perolehan/Left_Menu_Selection/div_PesananTempatan' is clicked on

2019-02-15 11:11:56 - [TEST_STEP][PASSED] - assert true: null

2019-02-15 11:11:56 - [TEST_STEP][PASSED] - delay(20): Delayed 20 second(s)

2019-02-15 11:12:16 - [MESSAGE][PASSED] - Delayed 20 second(s)]]></system-out>
         <system-err><![CDATA[]]></system-err>
      </testcase>
      <testcase name="Test Cases/Perolehan/002 Rekod Baru oleh Penyedia/001 Penyedia Rekod Baru" classname="Test Cases/Perolehan/002 Rekod Baru oleh Penyedia/001 Penyedia Rekod Baru" status="FAILED">
         <failure type="FAILED" message="Test Cases/Perolehan/002 Rekod Baru oleh Penyedia/001 Penyedia Rekod Baru FAILED.
Reason:
com.kms.katalon.core.exception.StepFailedException: Unable to click on object 'Object Repository/Perolehan/Penyedia_RekodBaru/select_master_PTJ' (Root cause: org.openqa.selenium.ElementNotVisibleException: element not interactable
  (Session info: chrome=71.0.3578.98)
  (Driver info: chromedriver=2.43.600210 (68dcf5eebde37173d4027fa8635e332711d2874a),platform=Windows NT 10.0.17134 x86_64) (WARNING: The server did not provide any stacktrace information)
Command duration or timeout: 0 milliseconds
Build info: version: '3.7.1', revision: '8a0099a', time: '2017-11-06T21:07:36.161Z'
System info: host: 'DESKTOP-V9TS2EM', ip: '192.168.180.121', os.name: 'Windows 10', os.arch: 'amd64', os.version: '10.0', java.version: '1.8.0_181'
Driver info: com.kms.katalon.selenium.driver.CChromeDriver
Capabilities {acceptInsecureCerts: false, acceptSslCerts: false, applicationCacheEnabled: false, browserConnectionEnabled: false, browserName: chrome, chrome: {chromedriverVersion: 2.43.600210 (68dcf5eebde371..., userDataDir: C:\Users\CONSUL~1\AppData\L...}, cssSelectorsEnabled: true, databaseEnabled: false, goog:chromeOptions: {debuggerAddress: localhost:60869}, handlesAlerts: true, hasTouchScreen: false, javascriptEnabled: true, locationContextEnabled: true, mobileEmulationEnabled: false, nativeEvents: true, networkConnectionEnabled: false, pageLoadStrategy: normal, platform: XP, platformName: XP, rotatable: false, setWindowRect: true, takesHeapSnapshot: true, takesScreenshot: true, unexpectedAlertBehaviour: , unhandledPromptBehavior: , version: 71.0.3578.98, webStorageEnabled: true}
Session ID: 174d6768403a79bb7f889825618407e0)
	at com.kms.katalon.core.keyword.internal.KeywordMain.stepFailed(KeywordMain.groovy:36)
	at com.kms.katalon.core.webui.keyword.internal.WebUIKeywordMain.stepFailed(WebUIKeywordMain.groovy:65)
	at com.kms.katalon.core.webui.keyword.internal.WebUIKeywordMain.runKeyword(WebUIKeywordMain.groovy:27)
	at com.kms.katalon.core.webui.keyword.builtin.ClickKeyword.click(ClickKeyword.groovy:86)
	at com.kms.katalon.core.webui.keyword.builtin.ClickKeyword.execute(ClickKeyword.groovy:67)
	at com.kms.katalon.core.keyword.internal.KeywordExecutor.executeKeywordForPlatform(KeywordExecutor.groovy:53)
	at com.kms.katalon.core.webui.keyword.WebUiBuiltInKeywords.click(WebUiBuiltInKeywords.groovy:616)
	at com.kms.katalon.core.webui.keyword.WebUiBuiltInKeywords$click$2.call(Unknown Source)
	at 001 Penyedia Rekod Baru.run(001 Penyedia Rekod Baru:226)
	at com.kms.katalon.core.main.ScriptEngine.run(ScriptEngine.java:194)
	at com.kms.katalon.core.main.ScriptEngine.runScriptAsRawText(ScriptEngine.java:119)
	at com.kms.katalon.core.main.TestCaseExecutor.runScript(TestCaseExecutor.java:328)
	at com.kms.katalon.core.main.TestCaseExecutor.doExecute(TestCaseExecutor.java:319)
	at com.kms.katalon.core.main.TestCaseExecutor.processExecutionPhase(TestCaseExecutor.java:298)
	at com.kms.katalon.core.main.TestCaseExecutor.accessMainPhase(TestCaseExecutor.java:290)
	at com.kms.katalon.core.main.TestCaseExecutor.execute(TestCaseExecutor.java:224)
	at com.kms.katalon.core.main.TestSuiteExecutor.accessTestCaseMainPhase(TestSuiteExecutor.java:129)
	at com.kms.katalon.core.main.TestSuiteExecutor.accessTestSuiteMainPhase(TestSuiteExecutor.java:112)
	at com.kms.katalon.core.main.TestSuiteExecutor.execute(TestSuiteExecutor.java:81)
	at com.kms.katalon.core.main.TestCaseMain.startTestSuite(TestCaseMain.java:149)
	at com.kms.katalon.core.main.TestCaseMain$startTestSuite$0.call(Unknown Source)
	at TempTestSuite1550200251338.run(TempTestSuite1550200251338.groovy:36)
"/>
         <system-out><![CDATA[2019-02-15 11:12:16 - [TEST_CASE][FAILED] - Test Cases/Perolehan/002 Rekod Baru oleh Penyedia/001 Penyedia Rekod Baru: Test Cases/Perolehan/002 Rekod Baru oleh Penyedia/001 Penyedia Rekod Baru FAILED.
Reason:
com.kms.katalon.core.exception.StepFailedException: Unable to click on object 'Object Repository/Perolehan/Penyedia_RekodBaru/select_master_PTJ' (Root cause: org.openqa.selenium.ElementNotVisibleException: element not interactable
  (Session info: chrome=71.0.3578.98)
  (Driver info: chromedriver=2.43.600210 (68dcf5eebde37173d4027fa8635e332711d2874a),platform=Windows NT 10.0.17134 x86_64) (WARNING: The server did not provide any stacktrace information)
Command duration or timeout: 0 milliseconds
Build info: version: '3.7.1', revision: '8a0099a', time: '2017-11-06T21:07:36.161Z'
System info: host: 'DESKTOP-V9TS2EM', ip: '192.168.180.121', os.name: 'Windows 10', os.arch: 'amd64', os.version: '10.0', java.version: '1.8.0_181'
Driver info: com.kms.katalon.selenium.driver.CChromeDriver
Capabilities {acceptInsecureCerts: false, acceptSslCerts: false, applicationCacheEnabled: false, browserConnectionEnabled: false, browserName: chrome, chrome: {chromedriverVersion: 2.43.600210 (68dcf5eebde371..., userDataDir: C:\Users\CONSUL~1\AppData\L...}, cssSelectorsEnabled: true, databaseEnabled: false, goog:chromeOptions: {debuggerAddress: localhost:60869}, handlesAlerts: true, hasTouchScreen: false, javascriptEnabled: true, locationContextEnabled: true, mobileEmulationEnabled: false, nativeEvents: true, networkConnectionEnabled: false, pageLoadStrategy: normal, platform: XP, platformName: XP, rotatable: false, setWindowRect: true, takesHeapSnapshot: true, takesScreenshot: true, unexpectedAlertBehaviour: , unhandledPromptBehavior: , version: 71.0.3578.98, webStorageEnabled: true}
Session ID: 174d6768403a79bb7f889825618407e0)
	at com.kms.katalon.core.keyword.internal.KeywordMain.stepFailed(KeywordMain.groovy:36)
	at com.kms.katalon.core.webui.keyword.internal.WebUIKeywordMain.stepFailed(WebUIKeywordMain.groovy:65)
	at com.kms.katalon.core.webui.keyword.internal.WebUIKeywordMain.runKeyword(WebUIKeywordMain.groovy:27)
	at com.kms.katalon.core.webui.keyword.builtin.ClickKeyword.click(ClickKeyword.groovy:86)
	at com.kms.katalon.core.webui.keyword.builtin.ClickKeyword.execute(ClickKeyword.groovy:67)
	at com.kms.katalon.core.keyword.internal.KeywordExecutor.executeKeywordForPlatform(KeywordExecutor.groovy:53)
	at com.kms.katalon.core.webui.keyword.WebUiBuiltInKeywords.click(WebUiBuiltInKeywords.groovy:616)
	at com.kms.katalon.core.webui.keyword.WebUiBuiltInKeywords$click$2.call(Unknown Source)
	at 001 Penyedia Rekod Baru.run(001 Penyedia Rekod Baru:226)
	at com.kms.katalon.core.main.ScriptEngine.run(ScriptEngine.java:194)
	at com.kms.katalon.core.main.ScriptEngine.runScriptAsRawText(ScriptEngine.java:119)
	at com.kms.katalon.core.main.TestCaseExecutor.runScript(TestCaseExecutor.java:328)
	at com.kms.katalon.core.main.TestCaseExecutor.doExecute(TestCaseExecutor.java:319)
	at com.kms.katalon.core.main.TestCaseExecutor.processExecutionPhase(TestCaseExecutor.java:298)
	at com.kms.katalon.core.main.TestCaseExecutor.accessMainPhase(TestCaseExecutor.java:290)
	at com.kms.katalon.core.main.TestCaseExecutor.execute(TestCaseExecutor.java:224)
	at com.kms.katalon.core.main.TestSuiteExecutor.accessTestCaseMainPhase(TestSuiteExecutor.java:129)
	at com.kms.katalon.core.main.TestSuiteExecutor.accessTestSuiteMainPhase(TestSuiteExecutor.java:112)
	at com.kms.katalon.core.main.TestSuiteExecutor.execute(TestSuiteExecutor.java:81)
	at com.kms.katalon.core.main.TestCaseMain.startTestSuite(TestCaseMain.java:149)
	at com.kms.katalon.core.main.TestCaseMain$startTestSuite$0.call(Unknown Source)
	at TempTestSuite1550200251338.run(TempTestSuite1550200251338.groovy:36)


2019-02-15 11:12:16 - [TEST_STEP][PASSED] - click(findTestObject("Perolehan/Penyedia_RekodBaru/button_REKODBARU")): Object: 'Object Repository/Perolehan/Penyedia_RekodBaru/button_REKODBARU' is clicked on

2019-02-15 11:12:17 - [MESSAGE][PASSED] - Object: 'Object Repository/Perolehan/Penyedia_RekodBaru/button_REKODBARU' is clicked on

2019-02-15 11:12:17 - [TEST_STEP][PASSED] - delay(10): Delayed 10 second(s)

2019-02-15 11:12:27 - [MESSAGE][PASSED] - Delayed 10 second(s)

2019-02-15 11:12:27 - [TEST_STEP][PASSED] - mydate = new java.util.Date(): null

2019-02-15 11:12:27 - [TEST_STEP][PASSED] - formattedDate = mydate.format("dd/MM/yyyy"): null

2019-02-15 11:12:27 - [TEST_STEP][PASSED] - formattedYear = mydate.format("yyyy"): null

2019-02-15 11:12:27 - [TEST_STEP][PASSED] - println(formattedDate): null

2019-02-15 11:12:27 - [TEST_STEP][PASSED] - println(formattedYear): null

2019-02-15 11:12:27 - [TEST_STEP][PASSED] - TahunKewangan = getText(findTestObject("Perolehan/Penyedia_RekodBaru/span_tahun_kewangan")): Text of object 'Object Repository/Perolehan/Penyedia_RekodBaru/span_tahun_kewangan' is: '2019'

2019-02-15 11:12:27 - [MESSAGE][PASSED] - Text of object 'Object Repository/Perolehan/Penyedia_RekodBaru/span_tahun_kewangan' is: '2019'

2019-02-15 11:12:27 - [TEST_STEP][PASSED] - verifyMatch(TahunKewangan, formattedYear, false): Actual text '2019' and expected text '2019' are matched 

2019-02-15 11:12:27 - [MESSAGE][PASSED] - Actual text '2019' and expected text '2019' are matched 

2019-02-15 11:12:27 - [TEST_STEP][PASSED] - assert true: null

2019-02-15 11:12:27 - [TEST_STEP][PASSED] - TarikhSemasa = getText(findTestObject("Perolehan/Penyedia_RekodBaru/span_tarikhSemasa")): Text of object 'Object Repository/Perolehan/Penyedia_RekodBaru/span_tarikhSemasa' is: '15/02/2019'

2019-02-15 11:12:27 - [MESSAGE][PASSED] - Text of object 'Object Repository/Perolehan/Penyedia_RekodBaru/span_tarikhSemasa' is: '15/02/2019'

2019-02-15 11:12:27 - [TEST_STEP][PASSED] - verifyMatch(formattedDate, TarikhSemasa, false): Actual text '15/02/2019' and expected text '15/02/2019' are matched 

2019-02-15 11:12:27 - [MESSAGE][PASSED] - Actual text '15/02/2019' and expected text '15/02/2019' are matched 

2019-02-15 11:12:27 - [TEST_STEP][PASSED] - verifyElementVisible(findTestObject("Perolehan/Penyedia_RekodBaru/label_Jenis Urusniaga")): Object 'Object Repository/Perolehan/Penyedia_RekodBaru/label_Jenis Urusniaga' is visible

2019-02-15 11:12:27 - [MESSAGE][PASSED] - Object 'Object Repository/Perolehan/Penyedia_RekodBaru/label_Jenis Urusniaga' is visible

2019-02-15 11:12:27 - [TEST_STEP][PASSED] - click(findTestObject("Perolehan/Penyedia_RekodBaru/a_Jenis Urusniaga _textbox-ico")): Object: 'Object Repository/Perolehan/Penyedia_RekodBaru/a_Jenis Urusniaga _textbox-ico' is clicked on

2019-02-15 11:12:27 - [MESSAGE][PASSED] - Object: 'Object Repository/Perolehan/Penyedia_RekodBaru/a_Jenis Urusniaga _textbox-ico' is clicked on

2019-02-15 11:12:27 - [TEST_STEP][PASSED] - delay(2): Delayed 2 second(s)

2019-02-15 11:12:29 - [MESSAGE][PASSED] - Delayed 2 second(s)

2019-02-15 11:12:29 - [TEST_STEP][PASSED] - click(findTestObject("Perolehan/Penyedia_RekodBaru/div_Pesanan_Tempatan_Auto")): Object: 'Object Repository/Perolehan/Penyedia_RekodBaru/div_Pesanan_Tempatan_Auto' is clicked on

2019-02-15 11:12:29 - [MESSAGE][PASSED] - Object: 'Object Repository/Perolehan/Penyedia_RekodBaru/div_Pesanan_Tempatan_Auto' is clicked on

2019-02-15 11:12:29 - [TEST_STEP][PASSED] - verifyElementPresent(findTestObject("Perolehan/Penyedia_RekodBaru/label_No. Dokumen"), 0): Object 'Object Repository/Perolehan/Penyedia_RekodBaru/label_No. Dokumen' is present

2019-02-15 11:12:29 - [MESSAGE][WARNING] - Timeout '0' is invalid. Using default page load timeout: '30'

2019-02-15 11:12:29 - [MESSAGE][PASSED] - Object 'Object Repository/Perolehan/Penyedia_RekodBaru/label_No. Dokumen' is present

2019-02-15 11:12:29 - [TEST_STEP][PASSED] - verifyElementPresent(findTestObject("Perolehan/Penyedia_RekodBaru/label_Tarikh Dokumen"), 0): Object 'Object Repository/Perolehan/Penyedia_RekodBaru/label_Tarikh Dokumen' is present

2019-02-15 11:12:29 - [MESSAGE][WARNING] - Timeout '0' is invalid. Using default page load timeout: '30'

2019-02-15 11:12:29 - [MESSAGE][PASSED] - Object 'Object Repository/Perolehan/Penyedia_RekodBaru/label_Tarikh Dokumen' is present

2019-02-15 11:12:29 - [TEST_STEP][PASSED] - verifyElementPresent(findTestObject("Perolehan/Penyedia_RekodBaru/label_Pembekal"), 0): Object 'Object Repository/Perolehan/Penyedia_RekodBaru/label_Pembekal' is present

2019-02-15 11:12:29 - [MESSAGE][WARNING] - Timeout '0' is invalid. Using default page load timeout: '30'

2019-02-15 11:12:29 - [MESSAGE][PASSED] - Object 'Object Repository/Perolehan/Penyedia_RekodBaru/label_Pembekal' is present

2019-02-15 11:12:29 - [TEST_STEP][PASSED] - verifyElementPresent(findTestObject("Perolehan/Penyedia_RekodBaru/label_Cawangan Pembekal"), 0): Object 'Object Repository/Perolehan/Penyedia_RekodBaru/label_Cawangan Pembekal' is present

2019-02-15 11:12:29 - [MESSAGE][WARNING] - Timeout '0' is invalid. Using default page load timeout: '30'

2019-02-15 11:12:29 - [MESSAGE][PASSED] - Object 'Object Repository/Perolehan/Penyedia_RekodBaru/label_Cawangan Pembekal' is present

2019-02-15 11:12:29 - [TEST_STEP][PASSED] - verifyElementPresent(findTestObject("Perolehan/Penyedia_RekodBaru/label_Sila Bekalkan Sebelum at"), 0): Object 'Object Repository/Perolehan/Penyedia_RekodBaru/label_Sila Bekalkan Sebelum at' is present

2019-02-15 11:12:29 - [MESSAGE][WARNING] - Timeout '0' is invalid. Using default page load timeout: '30'

2019-02-15 11:12:29 - [MESSAGE][PASSED] - Object 'Object Repository/Perolehan/Penyedia_RekodBaru/label_Sila Bekalkan Sebelum at' is present

2019-02-15 11:12:29 - [TEST_STEP][PASSED] - click(findTestObject("Perolehan/Penyedia_RekodBaru/a_Pembekal _textbox-icon combo")): Object: 'Object Repository/Perolehan/Penyedia_RekodBaru/a_Pembekal _textbox-icon combo' is clicked on

2019-02-15 11:12:29 - [MESSAGE][PASSED] - Object: 'Object Repository/Perolehan/Penyedia_RekodBaru/a_Pembekal _textbox-icon combo' is clicked on

2019-02-15 11:12:29 - [TEST_STEP][PASSED] - click(findTestObject("Perolehan/Penyedia_RekodBaru/Select_Pembekal_AA_DUA")): Object: 'Object Repository/Perolehan/Penyedia_RekodBaru/Select_Pembekal_AA_DUA' is clicked on

2019-02-15 11:12:29 - [MESSAGE][PASSED] - Object: 'Object Repository/Perolehan/Penyedia_RekodBaru/Select_Pembekal_AA_DUA' is clicked on

2019-02-15 11:12:29 - [TEST_STEP][PASSED] - getText(findTestObject("Perolehan/Penyedia_RekodBaru/input_No.Akaun Pembekal _textb"), STOP_ON_FAILURE): Text of object 'Object Repository/Perolehan/Penyedia_RekodBaru/input_No.Akaun Pembekal _textb' is: ''

2019-02-15 11:12:29 - [MESSAGE][PASSED] - Text of object 'Object Repository/Perolehan/Penyedia_RekodBaru/input_No.Akaun Pembekal _textb' is: ''

2019-02-15 11:12:29 - [TEST_STEP][PASSED] - getText(findTestObject("Perolehan/Penyedia_RekodBaru/input_Cawangan Pembekal _textb"), STOP_ON_FAILURE): Text of object 'Object Repository/Perolehan/Penyedia_RekodBaru/input_Cawangan Pembekal _textb' is: ''

2019-02-15 11:12:29 - [MESSAGE][PASSED] - Text of object 'Object Repository/Perolehan/Penyedia_RekodBaru/input_Cawangan Pembekal _textb' is: ''

2019-02-15 11:12:29 - [TEST_STEP][PASSED] - click(findTestObject("Perolehan/Penyedia_RekodBaru/Date_Picker_Bekal_Kerja")): Object: 'Object Repository/Perolehan/Penyedia_RekodBaru/Date_Picker_Bekal_Kerja' is clicked on

2019-02-15 11:12:30 - [MESSAGE][PASSED] - Object: 'Object Repository/Perolehan/Penyedia_RekodBaru/Date_Picker_Bekal_Kerja' is clicked on

2019-02-15 11:12:30 - [TEST_STEP][PASSED] - delay(1): Delayed 1 second(s)

2019-02-15 11:12:31 - [MESSAGE][PASSED] - Delayed 1 second(s)

2019-02-15 11:12:31 - [TEST_STEP][PASSED] - click(findTestObject("Perolehan/Penyedia_RekodBaru/Date_Picker_Bekal_Kerja_Next_Month")): Object: 'Object Repository/Perolehan/Penyedia_RekodBaru/Date_Picker_Bekal_Kerja_Next_Month' is clicked on

2019-02-15 11:12:31 - [MESSAGE][PASSED] - Object: 'Object Repository/Perolehan/Penyedia_RekodBaru/Date_Picker_Bekal_Kerja_Next_Month' is clicked on

2019-02-15 11:12:31 - [TEST_STEP][PASSED] - delay(1): Delayed 1 second(s)

2019-02-15 11:12:32 - [MESSAGE][PASSED] - Delayed 1 second(s)

2019-02-15 11:12:32 - [TEST_STEP][PASSED] - click(findTestObject("Perolehan/Penyedia_RekodBaru/Date_Picker_Bekal_Kerja_Date")): Object: 'Object Repository/Perolehan/Penyedia_RekodBaru/Date_Picker_Bekal_Kerja_Date' is clicked on

2019-02-15 11:12:32 - [MESSAGE][PASSED] - Object: 'Object Repository/Perolehan/Penyedia_RekodBaru/Date_Picker_Bekal_Kerja_Date' is clicked on

2019-02-15 11:12:32 - [TEST_STEP][PASSED] - setText(findTestObject("Perolehan/Penyedia_RekodBaru/Text_box_Perihal"), "This is a test for automation scripts - Julia"): Text 'This is a test for automation scripts - Julia' is set on object 'Object Repository/Perolehan/Penyedia_RekodBaru/Text_box_Perihal'

2019-02-15 11:12:32 - [MESSAGE][PASSED] - Text 'This is a test for automation scripts - Julia' is set on object 'Object Repository/Perolehan/Penyedia_RekodBaru/Text_box_Perihal'

2019-02-15 11:12:32 - [TEST_STEP][PASSED] - click(findTestObject("Perolehan/Penyedia_RekodBaru/button_TambahCajLine")): Object: 'Object Repository/Perolehan/Penyedia_RekodBaru/button_TambahCajLine' is clicked on

2019-02-15 11:12:32 - [MESSAGE][PASSED] - Object: 'Object Repository/Perolehan/Penyedia_RekodBaru/button_TambahCajLine' is clicked on

2019-02-15 11:12:32 - [TEST_STEP][PASSED] - click(findTestObject("Perolehan/Penyedia_RekodBaru/Drop_down_Vot_Dana")): Object: 'Object Repository/Perolehan/Penyedia_RekodBaru/Drop_down_Vot_Dana' is clicked on

2019-02-15 11:12:32 - [MESSAGE][PASSED] - Object: 'Object Repository/Perolehan/Penyedia_RekodBaru/Drop_down_Vot_Dana' is clicked on

2019-02-15 11:12:32 - [TEST_STEP][PASSED] - delay(1): Delayed 1 second(s)

2019-02-15 11:12:33 - [MESSAGE][PASSED] - Delayed 1 second(s)

2019-02-15 11:12:33 - [TEST_STEP][PASSED] - setText(findTestObject("Perolehan/Penyedia_RekodBaru/Input_Vot_Dana"), "B31"): Text 'B31' is set on object 'Object Repository/Perolehan/Penyedia_RekodBaru/Input_Vot_Dana'

2019-02-15 11:12:33 - [MESSAGE][PASSED] - Text 'B31' is set on object 'Object Repository/Perolehan/Penyedia_RekodBaru/Input_Vot_Dana'

2019-02-15 11:12:33 - [TEST_STEP][PASSED] - click(findTestObject("Perolehan/Penyedia_RekodBaru/Select_Vot_Dana_B31")): Object: 'Object Repository/Perolehan/Penyedia_RekodBaru/Select_Vot_Dana_B31' is clicked on

2019-02-15 11:12:34 - [MESSAGE][PASSED] - Object: 'Object Repository/Perolehan/Penyedia_RekodBaru/Select_Vot_Dana_B31' is clicked on

2019-02-15 11:12:34 - [TEST_STEP][PASSED] - click(findTestObject("Perolehan/Penyedia_RekodBaru/Drop_down_Program_Aktiviti")): Object: 'Object Repository/Perolehan/Penyedia_RekodBaru/Drop_down_Program_Aktiviti' is clicked on

2019-02-15 11:12:34 - [MESSAGE][PASSED] - Object: 'Object Repository/Perolehan/Penyedia_RekodBaru/Drop_down_Program_Aktiviti' is clicked on

2019-02-15 11:12:34 - [TEST_STEP][PASSED] - delay(3): Delayed 3 second(s)

2019-02-15 11:12:37 - [MESSAGE][PASSED] - Delayed 3 second(s)

2019-02-15 11:12:37 - [TEST_STEP][PASSED] - click(findTestObject("Perolehan/Penyedia_RekodBaru/Select_Program_Aktiviti_010080")): Object: 'Object Repository/Perolehan/Penyedia_RekodBaru/Select_Program_Aktiviti_010080' is clicked on

2019-02-15 11:12:37 - [MESSAGE][PASSED] - Object: 'Object Repository/Perolehan/Penyedia_RekodBaru/Select_Program_Aktiviti_010080' is clicked on

2019-02-15 11:12:37 - [TEST_STEP][PASSED] - click(findTestObject("Perolehan/Penyedia_RekodBaru/Drop_down_Kod_Akaun")): Object: 'Object Repository/Perolehan/Penyedia_RekodBaru/Drop_down_Kod_Akaun' is clicked on

2019-02-15 11:12:37 - [MESSAGE][PASSED] - Object: 'Object Repository/Perolehan/Penyedia_RekodBaru/Drop_down_Kod_Akaun' is clicked on

2019-02-15 11:12:37 - [TEST_STEP][PASSED] - delay(1): Delayed 1 second(s)

2019-02-15 11:12:38 - [MESSAGE][PASSED] - Delayed 1 second(s)

2019-02-15 11:12:38 - [TEST_STEP][PASSED] - setText(findTestObject("Perolehan/Penyedia_RekodBaru/input_kod_akaun"), "B0221101"): Text 'B0221101' is set on object 'Object Repository/Perolehan/Penyedia_RekodBaru/input_kod_akaun'

2019-02-15 11:12:38 - [MESSAGE][PASSED] - Text 'B0221101' is set on object 'Object Repository/Perolehan/Penyedia_RekodBaru/input_kod_akaun'

2019-02-15 11:12:38 - [TEST_STEP][PASSED] - delay(1): Delayed 1 second(s)

2019-02-15 11:12:39 - [MESSAGE][PASSED] - Delayed 1 second(s)

2019-02-15 11:12:39 - [TEST_STEP][PASSED] - click(findTestObject("Perolehan/Penyedia_RekodBaru/Select_Kod_Akaun_B0221101")): Object: 'Object Repository/Perolehan/Penyedia_RekodBaru/Select_Kod_Akaun_B0221101' is clicked on

2019-02-15 11:12:39 - [MESSAGE][PASSED] - Object: 'Object Repository/Perolehan/Penyedia_RekodBaru/Select_Kod_Akaun_B0221101' is clicked on

2019-02-15 11:12:39 - [TEST_STEP][PASSED] - click(findTestObject("Perolehan/Penyedia_RekodBaru/Drop_down_Kod_Barang")): Object: 'Object Repository/Perolehan/Penyedia_RekodBaru/Drop_down_Kod_Barang' is clicked on

2019-02-15 11:12:39 - [MESSAGE][PASSED] - Object: 'Object Repository/Perolehan/Penyedia_RekodBaru/Drop_down_Kod_Barang' is clicked on

2019-02-15 11:12:39 - [TEST_STEP][PASSED] - click(findTestObject("Perolehan/Penyedia_RekodBaru/SelectKod_Barang_2110100000000000000")): Object: 'Object Repository/Perolehan/Penyedia_RekodBaru/SelectKod_Barang_2110100000000000000' is clicked on

2019-02-15 11:12:40 - [MESSAGE][PASSED] - Object: 'Object Repository/Perolehan/Penyedia_RekodBaru/SelectKod_Barang_2110100000000000000' is clicked on

2019-02-15 11:12:40 - [TEST_STEP][PASSED] - click(findTestObject("Perolehan/Penyedia_RekodBaru/Drop_down_Kategori_Pesanan_Tempatan")): Object: 'Object Repository/Perolehan/Penyedia_RekodBaru/Drop_down_Kategori_Pesanan_Tempatan' is clicked on

2019-02-15 11:12:40 - [MESSAGE][PASSED] - Object: 'Object Repository/Perolehan/Penyedia_RekodBaru/Drop_down_Kategori_Pesanan_Tempatan' is clicked on

2019-02-15 11:12:40 - [TEST_STEP][PASSED] - click(findTestObject("Perolehan/Penyedia_RekodBaru/Select_Kategori_Pesanan_BARANG")): Object: 'Object Repository/Perolehan/Penyedia_RekodBaru/Select_Kategori_Pesanan_BARANG' is clicked on

2019-02-15 11:12:40 - [MESSAGE][PASSED] - Object: 'Object Repository/Perolehan/Penyedia_RekodBaru/Select_Kategori_Pesanan_BARANG' is clicked on

2019-02-15 11:12:40 - [TEST_STEP][PASSED] - setText(findTestObject("Perolehan/Penyedia_RekodBaru/input_kuantiti"), "5"): Text '5' is set on object 'Object Repository/Perolehan/Penyedia_RekodBaru/input_kuantiti'

2019-02-15 11:12:40 - [MESSAGE][PASSED] - Text '5' is set on object 'Object Repository/Perolehan/Penyedia_RekodBaru/input_kuantiti'

2019-02-15 11:12:40 - [TEST_STEP][PASSED] - click(findTestObject("Perolehan/Penyedia_RekodBaru/Drop_down_Unit_Ukuran")): Object: 'Object Repository/Perolehan/Penyedia_RekodBaru/Drop_down_Unit_Ukuran' is clicked on

2019-02-15 11:12:40 - [MESSAGE][PASSED] - Object: 'Object Repository/Perolehan/Penyedia_RekodBaru/Drop_down_Unit_Ukuran' is clicked on

2019-02-15 11:12:40 - [TEST_STEP][PASSED] - delay(2): Delayed 2 second(s)

2019-02-15 11:12:42 - [MESSAGE][PASSED] - Delayed 2 second(s)

2019-02-15 11:12:42 - [TEST_STEP][PASSED] - click(findTestObject("Perolehan/Penyedia_RekodBaru/select_unit_ukuran_buah")): Object: 'Object Repository/Perolehan/Penyedia_RekodBaru/select_unit_ukuran_buah' is clicked on

2019-02-15 11:12:42 - [MESSAGE][PASSED] - Object: 'Object Repository/Perolehan/Penyedia_RekodBaru/select_unit_ukuran_buah' is clicked on

2019-02-15 11:12:42 - [TEST_STEP][PASSED] - setText(findTestObject("Perolehan/Penyedia_RekodBaru/input_harga_seunit"), "1.25"): Text '1.25' is set on object 'Object Repository/Perolehan/Penyedia_RekodBaru/input_harga_seunit'

2019-02-15 11:12:42 - [MESSAGE][PASSED] - Text '1.25' is set on object 'Object Repository/Perolehan/Penyedia_RekodBaru/input_harga_seunit'

2019-02-15 11:12:42 - [TEST_STEP][PASSED] - click(findTestObject("Perolehan/Penyedia_RekodBaru/button_simpan_caj_line")): Object: 'Object Repository/Perolehan/Penyedia_RekodBaru/button_simpan_caj_line' is clicked on

2019-02-15 11:12:43 - [MESSAGE][PASSED] - Object: 'Object Repository/Perolehan/Penyedia_RekodBaru/button_simpan_caj_line' is clicked on

2019-02-15 11:12:43 - [TEST_STEP][PASSED] - delay(10): Delayed 10 second(s)

2019-02-15 11:12:53 - [MESSAGE][PASSED] - Delayed 10 second(s)

2019-02-15 11:12:53 - [TEST_STEP][PASSED] - click(findTestObject("Perolehan/Penyedia_RekodBaru/button_OK_Peruntukan_cukup")): Object: 'Object Repository/Perolehan/Penyedia_RekodBaru/button_OK_Peruntukan_cukup' is clicked on

2019-02-15 11:12:53 - [MESSAGE][PASSED] - Object: 'Object Repository/Perolehan/Penyedia_RekodBaru/button_OK_Peruntukan_cukup' is clicked on

2019-02-15 11:12:53 - [TEST_STEP][PASSED] - click(findTestObject("Perolehan/Penyedia_RekodBaru/button_Simpan_Rekod")): Object: 'Object Repository/Perolehan/Penyedia_RekodBaru/button_Simpan_Rekod' is clicked on

2019-02-15 11:12:53 - [MESSAGE][PASSED] - Object: 'Object Repository/Perolehan/Penyedia_RekodBaru/button_Simpan_Rekod' is clicked on

2019-02-15 11:12:53 - [TEST_STEP][PASSED] - delay(20): Delayed 20 second(s)

2019-02-15 11:13:13 - [MESSAGE][PASSED] - Delayed 20 second(s)

2019-02-15 11:13:13 - [TEST_STEP][PASSED] - click(findTestObject("Perolehan/Penyedia_RekodBaru/button_OK_Rekod_Berjaya_disimpan")): Object: 'Object Repository/Perolehan/Penyedia_RekodBaru/button_OK_Rekod_Berjaya_disimpan' is clicked on

2019-02-15 11:13:13 - [MESSAGE][PASSED] - Object: 'Object Repository/Perolehan/Penyedia_RekodBaru/button_OK_Rekod_Berjaya_disimpan' is clicked on

2019-02-15 11:13:13 - [TEST_STEP][PASSED] - JumlahPesananTempatan = getText(findTestObject("Perolehan/Penyedia_RekodBaru/Jumlah_pesanan_tempatan")): Text of object 'Object Repository/Perolehan/Penyedia_RekodBaru/Jumlah_pesanan_tempatan' is: '6.25'

2019-02-15 11:13:13 - [MESSAGE][PASSED] - Text of object 'Object Repository/Perolehan/Penyedia_RekodBaru/Jumlah_pesanan_tempatan' is: '6.25'

2019-02-15 11:13:13 - [TEST_STEP][PASSED] - println(JumlahPesananTempatan): null

2019-02-15 11:13:13 - [TEST_STEP][PASSED] - click(findTestObject("Perolehan/Penyedia_RekodBaru/Tab_Penghantaran_Barang")): Object: 'Object Repository/Perolehan/Penyedia_RekodBaru/Tab_Penghantaran_Barang' is clicked on

2019-02-15 11:13:13 - [MESSAGE][PASSED] - Object: 'Object Repository/Perolehan/Penyedia_RekodBaru/Tab_Penghantaran_Barang' is clicked on

2019-02-15 11:13:13 - [TEST_STEP][PASSED] - click(findTestObject("Perolehan/Penyedia_RekodBaru/button_tambah_master_barang")): Object: 'Object Repository/Perolehan/Penyedia_RekodBaru/button_tambah_master_barang' is clicked on

2019-02-15 11:13:13 - [MESSAGE][PASSED] - Object: 'Object Repository/Perolehan/Penyedia_RekodBaru/button_tambah_master_barang' is clicked on

2019-02-15 11:13:13 - [TEST_STEP][PASSED] - setText(findTestObject("Perolehan/Penyedia_RekodBaru/input_untuk_perhatian"), "Yang Berkenaan"): Text 'Yang Berkenaan' is set on object 'Object Repository/Perolehan/Penyedia_RekodBaru/input_untuk_perhatian'

2019-02-15 11:13:14 - [MESSAGE][PASSED] - Text 'Yang Berkenaan' is set on object 'Object Repository/Perolehan/Penyedia_RekodBaru/input_untuk_perhatian'

2019-02-15 11:13:14 - [TEST_STEP][PASSED] - click(findTestObject("Perolehan/Penyedia_RekodBaru/Drop_down_bekal_kepada_Jabatan")): Object: 'Object Repository/Perolehan/Penyedia_RekodBaru/Drop_down_bekal_kepada_Jabatan' is clicked on

2019-02-15 11:13:14 - [MESSAGE][PASSED] - Object: 'Object Repository/Perolehan/Penyedia_RekodBaru/Drop_down_bekal_kepada_Jabatan' is clicked on

2019-02-15 11:13:14 - [TEST_STEP][PASSED] - setText(findTestObject("Perolehan/Penyedia_RekodBaru/input_bekal_kepada_jabatan"), "004000"): Text '004000' is set on object 'Object Repository/Perolehan/Penyedia_RekodBaru/input_bekal_kepada_jabatan'

2019-02-15 11:13:14 - [MESSAGE][PASSED] - Text '004000' is set on object 'Object Repository/Perolehan/Penyedia_RekodBaru/input_bekal_kepada_jabatan'

2019-02-15 11:13:14 - [TEST_STEP][PASSED] - delay(2): Delayed 2 second(s)

2019-02-15 11:13:16 - [MESSAGE][PASSED] - Delayed 2 second(s)

2019-02-15 11:13:16 - [TEST_STEP][PASSED] - click(findTestObject("Perolehan/Penyedia_RekodBaru/select_jabatan_004000")): Object: 'Object Repository/Perolehan/Penyedia_RekodBaru/select_jabatan_004000' is clicked on

2019-02-15 11:13:16 - [MESSAGE][PASSED] - Object: 'Object Repository/Perolehan/Penyedia_RekodBaru/select_jabatan_004000' is clicked on

2019-02-15 11:13:16 - [TEST_STEP][PASSED] - click(findTestObject("Perolehan/Penyedia_RekodBaru/Drop_down_master_PTJ")): Object: 'Object Repository/Perolehan/Penyedia_RekodBaru/Drop_down_master_PTJ' is clicked on

2019-02-15 11:13:16 - [MESSAGE][PASSED] - Object: 'Object Repository/Perolehan/Penyedia_RekodBaru/Drop_down_master_PTJ' is clicked on

2019-02-15 11:13:16 - [TEST_STEP][PASSED] - delay(2): Delayed 2 second(s)

2019-02-15 11:13:18 - [MESSAGE][PASSED] - Delayed 2 second(s)

2019-02-15 11:13:18 - [TEST_STEP][FAILED] - click(findTestObject("Perolehan/Penyedia_RekodBaru/select_master_PTJ")): click(findTestObject("Perolehan/Penyedia_RekodBaru/select_master_PTJ")) FAILED.
Reason:
com.kms.katalon.core.exception.StepFailedException: Unable to click on object 'Object Repository/Perolehan/Penyedia_RekodBaru/select_master_PTJ' (Root cause: org.openqa.selenium.ElementNotVisibleException: element not interactable
  (Session info: chrome=71.0.3578.98)
  (Driver info: chromedriver=2.43.600210 (68dcf5eebde37173d4027fa8635e332711d2874a),platform=Windows NT 10.0.17134 x86_64) (WARNING: The server did not provide any stacktrace information)
Command duration or timeout: 0 milliseconds
Build info: version: '3.7.1', revision: '8a0099a', time: '2017-11-06T21:07:36.161Z'
System info: host: 'DESKTOP-V9TS2EM', ip: '192.168.180.121', os.name: 'Windows 10', os.arch: 'amd64', os.version: '10.0', java.version: '1.8.0_181'
Driver info: com.kms.katalon.selenium.driver.CChromeDriver
Capabilities {acceptInsecureCerts: false, acceptSslCerts: false, applicationCacheEnabled: false, browserConnectionEnabled: false, browserName: chrome, chrome: {chromedriverVersion: 2.43.600210 (68dcf5eebde371..., userDataDir: C:\Users\CONSUL~1\AppData\L...}, cssSelectorsEnabled: true, databaseEnabled: false, goog:chromeOptions: {debuggerAddress: localhost:60869}, handlesAlerts: true, hasTouchScreen: false, javascriptEnabled: true, locationContextEnabled: true, mobileEmulationEnabled: false, nativeEvents: true, networkConnectionEnabled: false, pageLoadStrategy: normal, platform: XP, platformName: XP, rotatable: false, setWindowRect: true, takesHeapSnapshot: true, takesScreenshot: true, unexpectedAlertBehaviour: , unhandledPromptBehavior: , version: 71.0.3578.98, webStorageEnabled: true}
Session ID: 174d6768403a79bb7f889825618407e0)
	at com.kms.katalon.core.keyword.internal.KeywordMain.stepFailed(KeywordMain.groovy:36)
	at com.kms.katalon.core.webui.keyword.internal.WebUIKeywordMain.stepFailed(WebUIKeywordMain.groovy:65)
	at com.kms.katalon.core.webui.keyword.internal.WebUIKeywordMain.runKeyword(WebUIKeywordMain.groovy:27)
	at com.kms.katalon.core.webui.keyword.builtin.ClickKeyword.click(ClickKeyword.groovy:86)
	at com.kms.katalon.core.webui.keyword.builtin.ClickKeyword.execute(ClickKeyword.groovy:67)
	at com.kms.katalon.core.keyword.internal.KeywordExecutor.executeKeywordForPlatform(KeywordExecutor.groovy:53)
	at com.kms.katalon.core.webui.keyword.WebUiBuiltInKeywords.click(WebUiBuiltInKeywords.groovy:616)
	at com.kms.katalon.core.webui.keyword.WebUiBuiltInKeywords$click$2.call(Unknown Source)
	at 001 Penyedia Rekod Baru.run(001 Penyedia Rekod Baru:226)
	at com.kms.katalon.core.main.ScriptEngine.run(ScriptEngine.java:194)
	at com.kms.katalon.core.main.ScriptEngine.runScriptAsRawText(ScriptEngine.java:119)
	at com.kms.katalon.core.main.TestCaseExecutor.runScript(TestCaseExecutor.java:328)
	at com.kms.katalon.core.main.TestCaseExecutor.doExecute(TestCaseExecutor.java:319)
	at com.kms.katalon.core.main.TestCaseExecutor.processExecutionPhase(TestCaseExecutor.java:298)
	at com.kms.katalon.core.main.TestCaseExecutor.accessMainPhase(TestCaseExecutor.java:290)
	at com.kms.katalon.core.main.TestCaseExecutor.execute(TestCaseExecutor.java:224)
	at com.kms.katalon.core.main.TestSuiteExecutor.accessTestCaseMainPhase(TestSuiteExecutor.java:129)
	at com.kms.katalon.core.main.TestSuiteExecutor.accessTestSuiteMainPhase(TestSuiteExecutor.java:112)
	at com.kms.katalon.core.main.TestSuiteExecutor.execute(TestSuiteExecutor.java:81)
	at com.kms.katalon.core.main.TestCaseMain.startTestSuite(TestCaseMain.java:149)
	at com.kms.katalon.core.main.TestCaseMain$startTestSuite$0.call(Unknown Source)
	at TempTestSuite1550200251338.run(TempTestSuite1550200251338.groovy:36)


2019-02-15 11:13:19 - [MESSAGE][FAILED] - Unable to click on object 'Object Repository/Perolehan/Penyedia_RekodBaru/select_master_PTJ' (Root cause: org.openqa.selenium.ElementNotVisibleException: element not interactable
  (Session info: chrome=71.0.3578.98)
  (Driver info: chromedriver=2.43.600210 (68dcf5eebde37173d4027fa8635e332711d2874a),platform=Windows NT 10.0.17134 x86_64) (WARNING: The server did not provide any stacktrace information)
Command duration or timeout: 0 milliseconds
Build info: version: '3.7.1', revision: '8a0099a', time: '2017-11-06T21:07:36.161Z'
System info: host: 'DESKTOP-V9TS2EM', ip: '192.168.180.121', os.name: 'Windows 10', os.arch: 'amd64', os.version: '10.0', java.version: '1.8.0_181'
Driver info: com.kms.katalon.selenium.driver.CChromeDriver
Capabilities {acceptInsecureCerts: false, acceptSslCerts: false, applicationCacheEnabled: false, browserConnectionEnabled: false, browserName: chrome, chrome: {chromedriverVersion: 2.43.600210 (68dcf5eebde371..., userDataDir: C:\Users\CONSUL~1\AppData\L...}, cssSelectorsEnabled: true, databaseEnabled: false, goog:chromeOptions: {debuggerAddress: localhost:60869}, handlesAlerts: true, hasTouchScreen: false, javascriptEnabled: true, locationContextEnabled: true, mobileEmulationEnabled: false, nativeEvents: true, networkConnectionEnabled: false, pageLoadStrategy: normal, platform: XP, platformName: XP, rotatable: false, setWindowRect: true, takesHeapSnapshot: true, takesScreenshot: true, unexpectedAlertBehaviour: , unhandledPromptBehavior: , version: 71.0.3578.98, webStorageEnabled: true}
Session ID: 174d6768403a79bb7f889825618407e0)
[[ATTACHMENT|C:\\Users\\Consultant_MSPHitect\\Katalon Studio\\TrainingonKatalon\\Reports\\Perolehan\\Perolehan\\20190215_111051\\1550200398747.png]]

2019-02-15 11:13:19 - [MESSAGE][FAILED] - click(findTestObject("Perolehan/Penyedia_RekodBaru/select_master_PTJ")) FAILED.
Reason:
com.kms.katalon.core.exception.StepFailedException: Unable to click on object 'Object Repository/Perolehan/Penyedia_RekodBaru/select_master_PTJ' (Root cause: org.openqa.selenium.ElementNotVisibleException: element not interactable
  (Session info: chrome=71.0.3578.98)
  (Driver info: chromedriver=2.43.600210 (68dcf5eebde37173d4027fa8635e332711d2874a),platform=Windows NT 10.0.17134 x86_64) (WARNING: The server did not provide any stacktrace information)
Command duration or timeout: 0 milliseconds
Build info: version: '3.7.1', revision: '8a0099a', time: '2017-11-06T21:07:36.161Z'
System info: host: 'DESKTOP-V9TS2EM', ip: '192.168.180.121', os.name: 'Windows 10', os.arch: 'amd64', os.version: '10.0', java.version: '1.8.0_181'
Driver info: com.kms.katalon.selenium.driver.CChromeDriver
Capabilities {acceptInsecureCerts: false, acceptSslCerts: false, applicationCacheEnabled: false, browserConnectionEnabled: false, browserName: chrome, chrome: {chromedriverVersion: 2.43.600210 (68dcf5eebde371..., userDataDir: C:\Users\CONSUL~1\AppData\L...}, cssSelectorsEnabled: true, databaseEnabled: false, goog:chromeOptions: {debuggerAddress: localhost:60869}, handlesAlerts: true, hasTouchScreen: false, javascriptEnabled: true, locationContextEnabled: true, mobileEmulationEnabled: false, nativeEvents: true, networkConnectionEnabled: false, pageLoadStrategy: normal, platform: XP, platformName: XP, rotatable: false, setWindowRect: true, takesHeapSnapshot: true, takesScreenshot: true, unexpectedAlertBehaviour: , unhandledPromptBehavior: , version: 71.0.3578.98, webStorageEnabled: true}
Session ID: 174d6768403a79bb7f889825618407e0)
	at com.kms.katalon.core.keyword.internal.KeywordMain.stepFailed(KeywordMain.groovy:36)
	at com.kms.katalon.core.webui.keyword.internal.WebUIKeywordMain.stepFailed(WebUIKeywordMain.groovy:65)
	at com.kms.katalon.core.webui.keyword.internal.WebUIKeywordMain.runKeyword(WebUIKeywordMain.groovy:27)
	at com.kms.katalon.core.webui.keyword.builtin.ClickKeyword.click(ClickKeyword.groovy:86)
	at com.kms.katalon.core.webui.keyword.builtin.ClickKeyword.execute(ClickKeyword.groovy:67)
	at com.kms.katalon.core.keyword.internal.KeywordExecutor.executeKeywordForPlatform(KeywordExecutor.groovy:53)
	at com.kms.katalon.core.webui.keyword.WebUiBuiltInKeywords.click(WebUiBuiltInKeywords.groovy:616)
	at com.kms.katalon.core.webui.keyword.WebUiBuiltInKeywords$click$2.call(Unknown Source)
	at 001 Penyedia Rekod Baru.run(001 Penyedia Rekod Baru:226)
	at com.kms.katalon.core.main.ScriptEngine.run(ScriptEngine.java:194)
	at com.kms.katalon.core.main.ScriptEngine.runScriptAsRawText(ScriptEngine.java:119)
	at com.kms.katalon.core.main.TestCaseExecutor.runScript(TestCaseExecutor.java:328)
	at com.kms.katalon.core.main.TestCaseExecutor.doExecute(TestCaseExecutor.java:319)
	at com.kms.katalon.core.main.TestCaseExecutor.processExecutionPhase(TestCaseExecutor.java:298)
	at com.kms.katalon.core.main.TestCaseExecutor.accessMainPhase(TestCaseExecutor.java:290)
	at com.kms.katalon.core.main.TestCaseExecutor.execute(TestCaseExecutor.java:224)
	at com.kms.katalon.core.main.TestSuiteExecutor.accessTestCaseMainPhase(TestSuiteExecutor.java:129)
	at com.kms.katalon.core.main.TestSuiteExecutor.accessTestSuiteMainPhase(TestSuiteExecutor.java:112)
	at com.kms.katalon.core.main.TestSuiteExecutor.execute(TestSuiteExecutor.java:81)
	at com.kms.katalon.core.main.TestCaseMain.startTestSuite(TestCaseMain.java:149)
	at com.kms.katalon.core.main.TestCaseMain$startTestSuite$0.call(Unknown Source)
	at TempTestSuite1550200251338.run(TempTestSuite1550200251338.groovy:36)]]></system-out>
         <system-err><![CDATA[2019-02-15 11:12:16 - [TEST_CASE][FAILED] - Test Cases/Perolehan/002 Rekod Baru oleh Penyedia/001 Penyedia Rekod Baru: Test Cases/Perolehan/002 Rekod Baru oleh Penyedia/001 Penyedia Rekod Baru FAILED.
Reason:
com.kms.katalon.core.exception.StepFailedException: Unable to click on object 'Object Repository/Perolehan/Penyedia_RekodBaru/select_master_PTJ' (Root cause: org.openqa.selenium.ElementNotVisibleException: element not interactable
  (Session info: chrome=71.0.3578.98)
  (Driver info: chromedriver=2.43.600210 (68dcf5eebde37173d4027fa8635e332711d2874a),platform=Windows NT 10.0.17134 x86_64) (WARNING: The server did not provide any stacktrace information)
Command duration or timeout: 0 milliseconds
Build info: version: '3.7.1', revision: '8a0099a', time: '2017-11-06T21:07:36.161Z'
System info: host: 'DESKTOP-V9TS2EM', ip: '192.168.180.121', os.name: 'Windows 10', os.arch: 'amd64', os.version: '10.0', java.version: '1.8.0_181'
Driver info: com.kms.katalon.selenium.driver.CChromeDriver
Capabilities {acceptInsecureCerts: false, acceptSslCerts: false, applicationCacheEnabled: false, browserConnectionEnabled: false, browserName: chrome, chrome: {chromedriverVersion: 2.43.600210 (68dcf5eebde371..., userDataDir: C:\Users\CONSUL~1\AppData\L...}, cssSelectorsEnabled: true, databaseEnabled: false, goog:chromeOptions: {debuggerAddress: localhost:60869}, handlesAlerts: true, hasTouchScreen: false, javascriptEnabled: true, locationContextEnabled: true, mobileEmulationEnabled: false, nativeEvents: true, networkConnectionEnabled: false, pageLoadStrategy: normal, platform: XP, platformName: XP, rotatable: false, setWindowRect: true, takesHeapSnapshot: true, takesScreenshot: true, unexpectedAlertBehaviour: , unhandledPromptBehavior: , version: 71.0.3578.98, webStorageEnabled: true}
Session ID: 174d6768403a79bb7f889825618407e0)
	at com.kms.katalon.core.keyword.internal.KeywordMain.stepFailed(KeywordMain.groovy:36)
	at com.kms.katalon.core.webui.keyword.internal.WebUIKeywordMain.stepFailed(WebUIKeywordMain.groovy:65)
	at com.kms.katalon.core.webui.keyword.internal.WebUIKeywordMain.runKeyword(WebUIKeywordMain.groovy:27)
	at com.kms.katalon.core.webui.keyword.builtin.ClickKeyword.click(ClickKeyword.groovy:86)
	at com.kms.katalon.core.webui.keyword.builtin.ClickKeyword.execute(ClickKeyword.groovy:67)
	at com.kms.katalon.core.keyword.internal.KeywordExecutor.executeKeywordForPlatform(KeywordExecutor.groovy:53)
	at com.kms.katalon.core.webui.keyword.WebUiBuiltInKeywords.click(WebUiBuiltInKeywords.groovy:616)
	at com.kms.katalon.core.webui.keyword.WebUiBuiltInKeywords$click$2.call(Unknown Source)
	at 001 Penyedia Rekod Baru.run(001 Penyedia Rekod Baru:226)
	at com.kms.katalon.core.main.ScriptEngine.run(ScriptEngine.java:194)
	at com.kms.katalon.core.main.ScriptEngine.runScriptAsRawText(ScriptEngine.java:119)
	at com.kms.katalon.core.main.TestCaseExecutor.runScript(TestCaseExecutor.java:328)
	at com.kms.katalon.core.main.TestCaseExecutor.doExecute(TestCaseExecutor.java:319)
	at com.kms.katalon.core.main.TestCaseExecutor.processExecutionPhase(TestCaseExecutor.java:298)
	at com.kms.katalon.core.main.TestCaseExecutor.accessMainPhase(TestCaseExecutor.java:290)
	at com.kms.katalon.core.main.TestCaseExecutor.execute(TestCaseExecutor.java:224)
	at com.kms.katalon.core.main.TestSuiteExecutor.accessTestCaseMainPhase(TestSuiteExecutor.java:129)
	at com.kms.katalon.core.main.TestSuiteExecutor.accessTestSuiteMainPhase(TestSuiteExecutor.java:112)
	at com.kms.katalon.core.main.TestSuiteExecutor.execute(TestSuiteExecutor.java:81)
	at com.kms.katalon.core.main.TestCaseMain.startTestSuite(TestCaseMain.java:149)
	at com.kms.katalon.core.main.TestCaseMain$startTestSuite$0.call(Unknown Source)
	at TempTestSuite1550200251338.run(TempTestSuite1550200251338.groovy:36)]]></system-err>
      </testcase>
      <testcase name="Test Cases/Perolehan/002 Rekod Baru oleh Penyedia/002 Senarai Semak" classname="Test Cases/Perolehan/002 Rekod Baru oleh Penyedia/002 Senarai Semak" status="PASSED">
         <system-out><![CDATA[2019-02-15 11:13:19 - [TEST_CASE][PASSED] - Test Cases/Perolehan/002 Rekod Baru oleh Penyedia/002 Senarai Semak: Test Cases/Perolehan/002 Rekod Baru oleh Penyedia/002 Senarai Semak

2019-02-15 11:13:19 - [TEST_STEP][PASSED] - delay(5): Delayed 5 second(s)

2019-02-15 11:13:24 - [MESSAGE][PASSED] - Delayed 5 second(s)

2019-02-15 11:13:24 - [TEST_STEP][PASSED] - click(findTestObject("Perolehan/Senarai Semak/button_Senarai Semak")): Object: 'Object Repository/Perolehan/Senarai Semak/button_Senarai Semak' is clicked on

2019-02-15 11:13:24 - [MESSAGE][PASSED] - Object: 'Object Repository/Perolehan/Senarai Semak/button_Senarai Semak' is clicked on

2019-02-15 11:13:24 - [TEST_STEP][PASSED] - delay(5): Delayed 5 second(s)

2019-02-15 11:13:29 - [MESSAGE][PASSED] - Delayed 5 second(s)

2019-02-15 11:13:29 - [TEST_STEP][PASSED] - check(findTestObject("Perolehan/Senarai Semak/Senarai_semak_IC")): Object 'Object Repository/Perolehan/Senarai Semak/Senarai_semak_IC' is checked

2019-02-15 11:13:29 - [MESSAGE][PASSED] - Object 'Object Repository/Perolehan/Senarai Semak/Senarai_semak_IC' is checked

2019-02-15 11:13:29 - [TEST_STEP][PASSED] - check(findTestObject("Perolehan/Senarai Semak/Senarai_semak_Pesanan_Tempatan")): Object 'Object Repository/Perolehan/Senarai Semak/Senarai_semak_Pesanan_Tempatan' is checked

2019-02-15 11:13:29 - [MESSAGE][PASSED] - Object 'Object Repository/Perolehan/Senarai Semak/Senarai_semak_Pesanan_Tempatan' is checked

2019-02-15 11:13:29 - [TEST_STEP][PASSED] - check(findTestObject("Perolehan/Senarai Semak/Senarai_semak_Perihal_Perolehan")): Object 'Object Repository/Perolehan/Senarai Semak/Senarai_semak_Perihal_Perolehan' is checked

2019-02-15 11:13:29 - [MESSAGE][PASSED] - Object 'Object Repository/Perolehan/Senarai Semak/Senarai_semak_Perihal_Perolehan' is checked

2019-02-15 11:13:29 - [TEST_STEP][PASSED] - click(findTestObject("Perolehan/Senarai Semak/button_simpan_senarai_semak")): Object: 'Object Repository/Perolehan/Senarai Semak/button_simpan_senarai_semak' is clicked on

2019-02-15 11:13:29 - [MESSAGE][PASSED] - Object: 'Object Repository/Perolehan/Senarai Semak/button_simpan_senarai_semak' is clicked on

2019-02-15 11:13:29 - [TEST_STEP][PASSED] - click(findTestObject("Perolehan/Senarai Semak/button_OK_Senarai_Semak_berjaya_disimpan")): Object: 'Object Repository/Perolehan/Senarai Semak/button_OK_Senarai_Semak_berjaya_disimpan' is clicked on

2019-02-15 11:13:30 - [MESSAGE][PASSED] - Object: 'Object Repository/Perolehan/Senarai Semak/button_OK_Senarai_Semak_berjaya_disimpan' is clicked on

2019-02-15 11:13:30 - [TEST_STEP][PASSED] - click(findTestObject("Perolehan/Senarai Semak/Senarai_semak_close_X")): Object: 'Object Repository/Perolehan/Senarai Semak/Senarai_semak_close_X' is clicked on

2019-02-15 11:13:30 - [MESSAGE][PASSED] - Object: 'Object Repository/Perolehan/Senarai Semak/Senarai_semak_close_X' is clicked on

2019-02-15 11:13:30 - [TEST_STEP][PASSED] - click(findTestObject("Perolehan/Penyedia_RekodBaru/button_Simpan_Rekod")): Object: 'Object Repository/Perolehan/Penyedia_RekodBaru/button_Simpan_Rekod' is clicked on

2019-02-15 11:13:30 - [MESSAGE][PASSED] - Object: 'Object Repository/Perolehan/Penyedia_RekodBaru/button_Simpan_Rekod' is clicked on

2019-02-15 11:13:30 - [TEST_STEP][PASSED] - delay(10): Delayed 10 second(s)

2019-02-15 11:13:40 - [MESSAGE][PASSED] - Delayed 10 second(s)

2019-02-15 11:13:40 - [TEST_STEP][PASSED] - click(findTestObject("Perolehan/Penyedia_RekodBaru/button_OK_Rekod_Berjaya_disimpan")): Object: 'Object Repository/Perolehan/Penyedia_RekodBaru/button_OK_Rekod_Berjaya_disimpan' is clicked on

2019-02-15 11:13:40 - [MESSAGE][PASSED] - Object: 'Object Repository/Perolehan/Penyedia_RekodBaru/button_OK_Rekod_Berjaya_disimpan' is clicked on]]></system-out>
         <system-err><![CDATA[]]></system-err>
      </testcase>
      <testcase name="Test Cases/Perolehan/002 Rekod Baru oleh Penyedia/003 Sah Simpan" classname="Test Cases/Perolehan/002 Rekod Baru oleh Penyedia/003 Sah Simpan" status="FAILED">
         <failure type="FAILED" message="Test Cases/Perolehan/002 Rekod Baru oleh Penyedia/003 Sah Simpan FAILED.
Reason:
com.kms.katalon.core.exception.StepFailedException: Unable to click on object 'Object Repository/Perolehan/Sah_Simpan/button_Ya_Sah_Simpan' (Root cause: com.kms.katalon.core.webui.exception.WebElementNotFoundException: Web element with id: 'Object Repository/Perolehan/Sah_Simpan/button_Ya_Sah_Simpan' located by 'By.xpath: //span[contains(text(),'Ya')]' not found)
	at com.kms.katalon.core.keyword.internal.KeywordMain.stepFailed(KeywordMain.groovy:36)
	at com.kms.katalon.core.webui.keyword.internal.WebUIKeywordMain.stepFailed(WebUIKeywordMain.groovy:65)
	at com.kms.katalon.core.webui.keyword.internal.WebUIKeywordMain.runKeyword(WebUIKeywordMain.groovy:27)
	at com.kms.katalon.core.webui.keyword.builtin.ClickKeyword.click(ClickKeyword.groovy:86)
	at com.kms.katalon.core.webui.keyword.builtin.ClickKeyword.execute(ClickKeyword.groovy:67)
	at com.kms.katalon.core.keyword.internal.KeywordExecutor.executeKeywordForPlatform(KeywordExecutor.groovy:53)
	at com.kms.katalon.core.webui.keyword.WebUiBuiltInKeywords.click(WebUiBuiltInKeywords.groovy:616)
	at com.kms.katalon.core.webui.keyword.WebUiBuiltInKeywords$click$2.call(Unknown Source)
	at 003 Sah Simpan.run(003 Sah Simpan:22)
	at com.kms.katalon.core.main.ScriptEngine.run(ScriptEngine.java:194)
	at com.kms.katalon.core.main.ScriptEngine.runScriptAsRawText(ScriptEngine.java:119)
	at com.kms.katalon.core.main.TestCaseExecutor.runScript(TestCaseExecutor.java:328)
	at com.kms.katalon.core.main.TestCaseExecutor.doExecute(TestCaseExecutor.java:319)
	at com.kms.katalon.core.main.TestCaseExecutor.processExecutionPhase(TestCaseExecutor.java:298)
	at com.kms.katalon.core.main.TestCaseExecutor.accessMainPhase(TestCaseExecutor.java:290)
	at com.kms.katalon.core.main.TestCaseExecutor.execute(TestCaseExecutor.java:224)
	at com.kms.katalon.core.main.TestSuiteExecutor.accessTestCaseMainPhase(TestSuiteExecutor.java:129)
	at com.kms.katalon.core.main.TestSuiteExecutor.accessTestSuiteMainPhase(TestSuiteExecutor.java:112)
	at com.kms.katalon.core.main.TestSuiteExecutor.execute(TestSuiteExecutor.java:81)
	at com.kms.katalon.core.main.TestCaseMain.startTestSuite(TestCaseMain.java:149)
	at com.kms.katalon.core.main.TestCaseMain$startTestSuite$0.call(Unknown Source)
	at TempTestSuite1550200251338.run(TempTestSuite1550200251338.groovy:36)
"/>
         <system-out><![CDATA[2019-02-15 11:13:40 - [TEST_CASE][FAILED] - Test Cases/Perolehan/002 Rekod Baru oleh Penyedia/003 Sah Simpan: Test Cases/Perolehan/002 Rekod Baru oleh Penyedia/003 Sah Simpan FAILED.
Reason:
com.kms.katalon.core.exception.StepFailedException: Unable to click on object 'Object Repository/Perolehan/Sah_Simpan/button_Ya_Sah_Simpan' (Root cause: com.kms.katalon.core.webui.exception.WebElementNotFoundException: Web element with id: 'Object Repository/Perolehan/Sah_Simpan/button_Ya_Sah_Simpan' located by 'By.xpath: //span[contains(text(),'Ya')]' not found)
	at com.kms.katalon.core.keyword.internal.KeywordMain.stepFailed(KeywordMain.groovy:36)
	at com.kms.katalon.core.webui.keyword.internal.WebUIKeywordMain.stepFailed(WebUIKeywordMain.groovy:65)
	at com.kms.katalon.core.webui.keyword.internal.WebUIKeywordMain.runKeyword(WebUIKeywordMain.groovy:27)
	at com.kms.katalon.core.webui.keyword.builtin.ClickKeyword.click(ClickKeyword.groovy:86)
	at com.kms.katalon.core.webui.keyword.builtin.ClickKeyword.execute(ClickKeyword.groovy:67)
	at com.kms.katalon.core.keyword.internal.KeywordExecutor.executeKeywordForPlatform(KeywordExecutor.groovy:53)
	at com.kms.katalon.core.webui.keyword.WebUiBuiltInKeywords.click(WebUiBuiltInKeywords.groovy:616)
	at com.kms.katalon.core.webui.keyword.WebUiBuiltInKeywords$click$2.call(Unknown Source)
	at 003 Sah Simpan.run(003 Sah Simpan:22)
	at com.kms.katalon.core.main.ScriptEngine.run(ScriptEngine.java:194)
	at com.kms.katalon.core.main.ScriptEngine.runScriptAsRawText(ScriptEngine.java:119)
	at com.kms.katalon.core.main.TestCaseExecutor.runScript(TestCaseExecutor.java:328)
	at com.kms.katalon.core.main.TestCaseExecutor.doExecute(TestCaseExecutor.java:319)
	at com.kms.katalon.core.main.TestCaseExecutor.processExecutionPhase(TestCaseExecutor.java:298)
	at com.kms.katalon.core.main.TestCaseExecutor.accessMainPhase(TestCaseExecutor.java:290)
	at com.kms.katalon.core.main.TestCaseExecutor.execute(TestCaseExecutor.java:224)
	at com.kms.katalon.core.main.TestSuiteExecutor.accessTestCaseMainPhase(TestSuiteExecutor.java:129)
	at com.kms.katalon.core.main.TestSuiteExecutor.accessTestSuiteMainPhase(TestSuiteExecutor.java:112)
	at com.kms.katalon.core.main.TestSuiteExecutor.execute(TestSuiteExecutor.java:81)
	at com.kms.katalon.core.main.TestCaseMain.startTestSuite(TestCaseMain.java:149)
	at com.kms.katalon.core.main.TestCaseMain$startTestSuite$0.call(Unknown Source)
	at TempTestSuite1550200251338.run(TempTestSuite1550200251338.groovy:36)


2019-02-15 11:13:40 - [TEST_STEP][PASSED] - delay(5): Delayed 5 second(s)

2019-02-15 11:13:45 - [MESSAGE][PASSED] - Delayed 5 second(s)

2019-02-15 11:13:45 - [TEST_STEP][PASSED] - click(findTestObject("Perolehan/Sah_Simpan/button_Sah Simpan")): Object: 'Object Repository/Perolehan/Sah_Simpan/button_Sah Simpan' is clicked on

2019-02-15 11:13:45 - [MESSAGE][PASSED] - Object: 'Object Repository/Perolehan/Sah_Simpan/button_Sah Simpan' is clicked on

2019-02-15 11:13:45 - [TEST_STEP][FAILED] - click(findTestObject("Perolehan/Sah_Simpan/button_Ya_Sah_Simpan")): click(findTestObject("Perolehan/Sah_Simpan/button_Ya_Sah_Simpan")) FAILED.
Reason:
com.kms.katalon.core.exception.StepFailedException: Unable to click on object 'Object Repository/Perolehan/Sah_Simpan/button_Ya_Sah_Simpan' (Root cause: com.kms.katalon.core.webui.exception.WebElementNotFoundException: Web element with id: 'Object Repository/Perolehan/Sah_Simpan/button_Ya_Sah_Simpan' located by 'By.xpath: //span[contains(text(),'Ya')]' not found)
	at com.kms.katalon.core.keyword.internal.KeywordMain.stepFailed(KeywordMain.groovy:36)
	at com.kms.katalon.core.webui.keyword.internal.WebUIKeywordMain.stepFailed(WebUIKeywordMain.groovy:65)
	at com.kms.katalon.core.webui.keyword.internal.WebUIKeywordMain.runKeyword(WebUIKeywordMain.groovy:27)
	at com.kms.katalon.core.webui.keyword.builtin.ClickKeyword.click(ClickKeyword.groovy:86)
	at com.kms.katalon.core.webui.keyword.builtin.ClickKeyword.execute(ClickKeyword.groovy:67)
	at com.kms.katalon.core.keyword.internal.KeywordExecutor.executeKeywordForPlatform(KeywordExecutor.groovy:53)
	at com.kms.katalon.core.webui.keyword.WebUiBuiltInKeywords.click(WebUiBuiltInKeywords.groovy:616)
	at com.kms.katalon.core.webui.keyword.WebUiBuiltInKeywords$click$2.call(Unknown Source)
	at 003 Sah Simpan.run(003 Sah Simpan:22)
	at com.kms.katalon.core.main.ScriptEngine.run(ScriptEngine.java:194)
	at com.kms.katalon.core.main.ScriptEngine.runScriptAsRawText(ScriptEngine.java:119)
	at com.kms.katalon.core.main.TestCaseExecutor.runScript(TestCaseExecutor.java:328)
	at com.kms.katalon.core.main.TestCaseExecutor.doExecute(TestCaseExecutor.java:319)
	at com.kms.katalon.core.main.TestCaseExecutor.processExecutionPhase(TestCaseExecutor.java:298)
	at com.kms.katalon.core.main.TestCaseExecutor.accessMainPhase(TestCaseExecutor.java:290)
	at com.kms.katalon.core.main.TestCaseExecutor.execute(TestCaseExecutor.java:224)
	at com.kms.katalon.core.main.TestSuiteExecutor.accessTestCaseMainPhase(TestSuiteExecutor.java:129)
	at com.kms.katalon.core.main.TestSuiteExecutor.accessTestSuiteMainPhase(TestSuiteExecutor.java:112)
	at com.kms.katalon.core.main.TestSuiteExecutor.execute(TestSuiteExecutor.java:81)
	at com.kms.katalon.core.main.TestCaseMain.startTestSuite(TestCaseMain.java:149)
	at com.kms.katalon.core.main.TestCaseMain$startTestSuite$0.call(Unknown Source)
	at TempTestSuite1550200251338.run(TempTestSuite1550200251338.groovy:36)


2019-02-15 11:14:17 - [MESSAGE][INFO] - Unable to find the element located by 'By.xpath: //span[contains(text(),'Ya')]'. Please recheck the objects properties to make sure the desired element is located. 

2019-02-15 11:14:17 - [MESSAGE][FAILED] - Unable to click on object 'Object Repository/Perolehan/Sah_Simpan/button_Ya_Sah_Simpan' (Root cause: com.kms.katalon.core.webui.exception.WebElementNotFoundException: Web element with id: 'Object Repository/Perolehan/Sah_Simpan/button_Ya_Sah_Simpan' located by 'By.xpath: //span[contains(text(),'Ya')]' not found)
[[ATTACHMENT|C:\\Users\\Consultant_MSPHitect\\Katalon Studio\\TrainingonKatalon\\Reports\\Perolehan\\Perolehan\\20190215_111051\\1550200457679.png]]

2019-02-15 11:14:17 - [MESSAGE][FAILED] - click(findTestObject("Perolehan/Sah_Simpan/button_Ya_Sah_Simpan")) FAILED.
Reason:
com.kms.katalon.core.exception.StepFailedException: Unable to click on object 'Object Repository/Perolehan/Sah_Simpan/button_Ya_Sah_Simpan' (Root cause: com.kms.katalon.core.webui.exception.WebElementNotFoundException: Web element with id: 'Object Repository/Perolehan/Sah_Simpan/button_Ya_Sah_Simpan' located by 'By.xpath: //span[contains(text(),'Ya')]' not found)
	at com.kms.katalon.core.keyword.internal.KeywordMain.stepFailed(KeywordMain.groovy:36)
	at com.kms.katalon.core.webui.keyword.internal.WebUIKeywordMain.stepFailed(WebUIKeywordMain.groovy:65)
	at com.kms.katalon.core.webui.keyword.internal.WebUIKeywordMain.runKeyword(WebUIKeywordMain.groovy:27)
	at com.kms.katalon.core.webui.keyword.builtin.ClickKeyword.click(ClickKeyword.groovy:86)
	at com.kms.katalon.core.webui.keyword.builtin.ClickKeyword.execute(ClickKeyword.groovy:67)
	at com.kms.katalon.core.keyword.internal.KeywordExecutor.executeKeywordForPlatform(KeywordExecutor.groovy:53)
	at com.kms.katalon.core.webui.keyword.WebUiBuiltInKeywords.click(WebUiBuiltInKeywords.groovy:616)
	at com.kms.katalon.core.webui.keyword.WebUiBuiltInKeywords$click$2.call(Unknown Source)
	at 003 Sah Simpan.run(003 Sah Simpan:22)
	at com.kms.katalon.core.main.ScriptEngine.run(ScriptEngine.java:194)
	at com.kms.katalon.core.main.ScriptEngine.runScriptAsRawText(ScriptEngine.java:119)
	at com.kms.katalon.core.main.TestCaseExecutor.runScript(TestCaseExecutor.java:328)
	at com.kms.katalon.core.main.TestCaseExecutor.doExecute(TestCaseExecutor.java:319)
	at com.kms.katalon.core.main.TestCaseExecutor.processExecutionPhase(TestCaseExecutor.java:298)
	at com.kms.katalon.core.main.TestCaseExecutor.accessMainPhase(TestCaseExecutor.java:290)
	at com.kms.katalon.core.main.TestCaseExecutor.execute(TestCaseExecutor.java:224)
	at com.kms.katalon.core.main.TestSuiteExecutor.accessTestCaseMainPhase(TestSuiteExecutor.java:129)
	at com.kms.katalon.core.main.TestSuiteExecutor.accessTestSuiteMainPhase(TestSuiteExecutor.java:112)
	at com.kms.katalon.core.main.TestSuiteExecutor.execute(TestSuiteExecutor.java:81)
	at com.kms.katalon.core.main.TestCaseMain.startTestSuite(TestCaseMain.java:149)
	at com.kms.katalon.core.main.TestCaseMain$startTestSuite$0.call(Unknown Source)
	at TempTestSuite1550200251338.run(TempTestSuite1550200251338.groovy:36)]]></system-out>
         <system-err><![CDATA[2019-02-15 11:13:40 - [TEST_CASE][FAILED] - Test Cases/Perolehan/002 Rekod Baru oleh Penyedia/003 Sah Simpan: Test Cases/Perolehan/002 Rekod Baru oleh Penyedia/003 Sah Simpan FAILED.
Reason:
com.kms.katalon.core.exception.StepFailedException: Unable to click on object 'Object Repository/Perolehan/Sah_Simpan/button_Ya_Sah_Simpan' (Root cause: com.kms.katalon.core.webui.exception.WebElementNotFoundException: Web element with id: 'Object Repository/Perolehan/Sah_Simpan/button_Ya_Sah_Simpan' located by 'By.xpath: //span[contains(text(),'Ya')]' not found)
	at com.kms.katalon.core.keyword.internal.KeywordMain.stepFailed(KeywordMain.groovy:36)
	at com.kms.katalon.core.webui.keyword.internal.WebUIKeywordMain.stepFailed(WebUIKeywordMain.groovy:65)
	at com.kms.katalon.core.webui.keyword.internal.WebUIKeywordMain.runKeyword(WebUIKeywordMain.groovy:27)
	at com.kms.katalon.core.webui.keyword.builtin.ClickKeyword.click(ClickKeyword.groovy:86)
	at com.kms.katalon.core.webui.keyword.builtin.ClickKeyword.execute(ClickKeyword.groovy:67)
	at com.kms.katalon.core.keyword.internal.KeywordExecutor.executeKeywordForPlatform(KeywordExecutor.groovy:53)
	at com.kms.katalon.core.webui.keyword.WebUiBuiltInKeywords.click(WebUiBuiltInKeywords.groovy:616)
	at com.kms.katalon.core.webui.keyword.WebUiBuiltInKeywords$click$2.call(Unknown Source)
	at 003 Sah Simpan.run(003 Sah Simpan:22)
	at com.kms.katalon.core.main.ScriptEngine.run(ScriptEngine.java:194)
	at com.kms.katalon.core.main.ScriptEngine.runScriptAsRawText(ScriptEngine.java:119)
	at com.kms.katalon.core.main.TestCaseExecutor.runScript(TestCaseExecutor.java:328)
	at com.kms.katalon.core.main.TestCaseExecutor.doExecute(TestCaseExecutor.java:319)
	at com.kms.katalon.core.main.TestCaseExecutor.processExecutionPhase(TestCaseExecutor.java:298)
	at com.kms.katalon.core.main.TestCaseExecutor.accessMainPhase(TestCaseExecutor.java:290)
	at com.kms.katalon.core.main.TestCaseExecutor.execute(TestCaseExecutor.java:224)
	at com.kms.katalon.core.main.TestSuiteExecutor.accessTestCaseMainPhase(TestSuiteExecutor.java:129)
	at com.kms.katalon.core.main.TestSuiteExecutor.accessTestSuiteMainPhase(TestSuiteExecutor.java:112)
	at com.kms.katalon.core.main.TestSuiteExecutor.execute(TestSuiteExecutor.java:81)
	at com.kms.katalon.core.main.TestCaseMain.startTestSuite(TestCaseMain.java:149)
	at com.kms.katalon.core.main.TestCaseMain$startTestSuite$0.call(Unknown Source)
	at TempTestSuite1550200251338.run(TempTestSuite1550200251338.groovy:36)]]></system-err>
      </testcase>
      <testcase name="Test Cases/Perolehan/003 Pengesahan Pesanan Tempatan/Pengesahan" classname="Test Cases/Perolehan/003 Pengesahan Pesanan Tempatan/Pengesahan" status="FAILED">
         <failure type="FAILED" message="Test Cases/Perolehan/003 Pengesahan Pesanan Tempatan/Pengesahan FAILED.
Reason:
com.kms.katalon.core.exception.StepFailedException: Unable to verify match between actual text '5.00' and expected text '6.25' (Root cause: com.kms.katalon.core.exception.StepFailedException: Actual text '5.00' and expected text '6.25' are not matched)
	at com.kms.katalon.core.keyword.internal.KeywordMain.stepFailed(KeywordMain.groovy:36)
	at com.kms.katalon.core.keyword.internal.KeywordMain.stepFailed(KeywordMain.groovy)
	at com.kms.katalon.core.keyword.internal.KeywordMain.runKeyword(KeywordMain.groovy:56)
	at com.kms.katalon.core.keyword.builtin.VerifyMatchKeyword.verifyMatch(VerifyMatchKeyword.groovy:60)
	at com.kms.katalon.core.keyword.builtin.VerifyMatchKeyword.execute(VerifyMatchKeyword.groovy:45)
	at com.kms.katalon.core.keyword.internal.KeywordExecutor.executeKeywordForPlatform(KeywordExecutor.groovy:53)
	at com.kms.katalon.core.keyword.BuiltinKeywords.verifyMatch(BuiltinKeywords.groovy:73)
	at Pengesahan.run(Pengesahan:70)
	at com.kms.katalon.core.main.ScriptEngine.run(ScriptEngine.java:194)
	at com.kms.katalon.core.main.ScriptEngine.runScriptAsRawText(ScriptEngine.java:119)
	at com.kms.katalon.core.main.TestCaseExecutor.runScript(TestCaseExecutor.java:328)
	at com.kms.katalon.core.main.TestCaseExecutor.doExecute(TestCaseExecutor.java:319)
	at com.kms.katalon.core.main.TestCaseExecutor.processExecutionPhase(TestCaseExecutor.java:298)
	at com.kms.katalon.core.main.TestCaseExecutor.accessMainPhase(TestCaseExecutor.java:290)
	at com.kms.katalon.core.main.TestCaseExecutor.execute(TestCaseExecutor.java:224)
	at com.kms.katalon.core.main.TestSuiteExecutor.accessTestCaseMainPhase(TestSuiteExecutor.java:129)
	at com.kms.katalon.core.main.TestSuiteExecutor.accessTestSuiteMainPhase(TestSuiteExecutor.java:112)
	at com.kms.katalon.core.main.TestSuiteExecutor.execute(TestSuiteExecutor.java:81)
	at com.kms.katalon.core.main.TestCaseMain.startTestSuite(TestCaseMain.java:149)
	at com.kms.katalon.core.main.TestCaseMain$startTestSuite$0.call(Unknown Source)
	at TempTestSuite1550200251338.run(TempTestSuite1550200251338.groovy:36)
"/>
         <system-out><![CDATA[2019-02-15 11:14:17 - [TEST_CASE][FAILED] - Test Cases/Perolehan/003 Pengesahan Pesanan Tempatan/Pengesahan: Test Cases/Perolehan/003 Pengesahan Pesanan Tempatan/Pengesahan FAILED.
Reason:
com.kms.katalon.core.exception.StepFailedException: Unable to verify match between actual text '5.00' and expected text '6.25' (Root cause: com.kms.katalon.core.exception.StepFailedException: Actual text '5.00' and expected text '6.25' are not matched)
	at com.kms.katalon.core.keyword.internal.KeywordMain.stepFailed(KeywordMain.groovy:36)
	at com.kms.katalon.core.keyword.internal.KeywordMain.stepFailed(KeywordMain.groovy)
	at com.kms.katalon.core.keyword.internal.KeywordMain.runKeyword(KeywordMain.groovy:56)
	at com.kms.katalon.core.keyword.builtin.VerifyMatchKeyword.verifyMatch(VerifyMatchKeyword.groovy:60)
	at com.kms.katalon.core.keyword.builtin.VerifyMatchKeyword.execute(VerifyMatchKeyword.groovy:45)
	at com.kms.katalon.core.keyword.internal.KeywordExecutor.executeKeywordForPlatform(KeywordExecutor.groovy:53)
	at com.kms.katalon.core.keyword.BuiltinKeywords.verifyMatch(BuiltinKeywords.groovy:73)
	at Pengesahan.run(Pengesahan:70)
	at com.kms.katalon.core.main.ScriptEngine.run(ScriptEngine.java:194)
	at com.kms.katalon.core.main.ScriptEngine.runScriptAsRawText(ScriptEngine.java:119)
	at com.kms.katalon.core.main.TestCaseExecutor.runScript(TestCaseExecutor.java:328)
	at com.kms.katalon.core.main.TestCaseExecutor.doExecute(TestCaseExecutor.java:319)
	at com.kms.katalon.core.main.TestCaseExecutor.processExecutionPhase(TestCaseExecutor.java:298)
	at com.kms.katalon.core.main.TestCaseExecutor.accessMainPhase(TestCaseExecutor.java:290)
	at com.kms.katalon.core.main.TestCaseExecutor.execute(TestCaseExecutor.java:224)
	at com.kms.katalon.core.main.TestSuiteExecutor.accessTestCaseMainPhase(TestSuiteExecutor.java:129)
	at com.kms.katalon.core.main.TestSuiteExecutor.accessTestSuiteMainPhase(TestSuiteExecutor.java:112)
	at com.kms.katalon.core.main.TestSuiteExecutor.execute(TestSuiteExecutor.java:81)
	at com.kms.katalon.core.main.TestCaseMain.startTestSuite(TestCaseMain.java:149)
	at com.kms.katalon.core.main.TestCaseMain$startTestSuite$0.call(Unknown Source)
	at TempTestSuite1550200251338.run(TempTestSuite1550200251338.groovy:36)


2019-02-15 11:14:18 - [TEST_STEP][PASSED] - reusablefunctions.reusablefunctions.openbrowser(): reusablefunctions.reusablefunctions.openbrowser is PASSED

2019-02-15 11:14:18 - [MESSAGE][WARNING] - A browser is already opened. Closing browser and opening a new one

2019-02-15 11:14:18 - [MESSAGE][INFO] - Starting 'Chrome' driver

2019-02-15 11:14:22 - [MESSAGE][PASSED] - Browser is opened with url: 'https://175.143.52.101:7011/1SPEKSv2/'

2019-02-15 11:14:22 - [MESSAGE][PASSED] - reusablefunctions.reusablefunctions.openbrowser is PASSED

2019-02-15 11:14:22 - [TEST_STEP][PASSED] - reusablefunctions.reusablefunctions.Login(findTestData("ispekstestdata").getValue(1, 2), findTestData("ispekstestdata").getValue(2, 2)): reusablefunctions.reusablefunctions.Login is PASSED

2019-02-15 11:14:22 - [MESSAGE][PASSED] - Text '601101955194' is set on object 'Object Repository/Login/input_NoKadPengenalan'

2019-02-15 11:14:22 - [MESSAGE][PASSED] - Text ****** has been set on object 'Object Repository/Login/input_Password'

2019-02-15 11:14:24 - [MESSAGE][PASSED] - Object: 'Object Repository/Login/input_ButtonLogMasuk' is clicked on

2019-02-15 11:14:34 - [MESSAGE][PASSED] - Delayed 10 second(s)

2019-02-15 11:14:34 - [MESSAGE][PASSED] - reusablefunctions.reusablefunctions.Login is PASSED

2019-02-15 11:14:34 - [TEST_STEP][PASSED] - reusablefunctions.reusablefunctions.PerananPengesahBN(): reusablefunctions.reusablefunctions.PerananPengesahBN is PASSED

2019-02-15 11:14:34 - [MESSAGE][PASSED] - Object: 'Object Repository/Perolehan/TukarPeranan/IconTukarPeranan' is clicked on

2019-02-15 11:14:34 - [MESSAGE][PASSED] - Object: 'Object Repository/Perolehan/TukarPeranan/Radio_button_PengesahBN' is clicked on

2019-02-15 11:14:35 - [MESSAGE][PASSED] - Object: 'Object Repository/Perolehan/TukarPeranan/button_Ya' is clicked on

2019-02-15 11:15:05 - [MESSAGE][PASSED] - Delayed 30 second(s)

2019-02-15 11:15:07 - [MESSAGE][PASSED] - Text 'Peranan : [Pengesah] Peringkat : [BN]' is present on page 

2019-02-15 11:15:07 - [MESSAGE][PASSED] - reusablefunctions.reusablefunctions.PerananPengesahBN is PASSED

2019-02-15 11:15:07 - [TEST_STEP][PASSED] - doubleClick(findTestObject("Perolehan/Penyemak/Dashboard_To_Sah")): Object: 'Object Repository/Perolehan/Penyemak/Dashboard_To_Sah' is double clicked on

2019-02-15 11:15:07 - [MESSAGE][PASSED] - Object: 'Object Repository/Perolehan/Penyemak/Dashboard_To_Sah' is double clicked on

2019-02-15 11:15:07 - [TEST_STEP][PASSED] - delay(5): Delayed 5 second(s)

2019-02-15 11:15:12 - [MESSAGE][PASSED] - Delayed 5 second(s)

2019-02-15 11:15:12 - [TEST_STEP][PASSED] - doubleClick(findTestObject("Perolehan/Penyemak/Senarai_Tugas_Item_No_1")): Object: 'Object Repository/Perolehan/Penyemak/Senarai_Tugas_Item_No_1' is double clicked on

2019-02-15 11:15:13 - [MESSAGE][PASSED] - Object: 'Object Repository/Perolehan/Penyemak/Senarai_Tugas_Item_No_1' is double clicked on

2019-02-15 11:15:13 - [TEST_STEP][PASSED] - delay(5): Delayed 5 second(s)

2019-02-15 11:15:18 - [MESSAGE][PASSED] - Delayed 5 second(s)

2019-02-15 11:15:18 - [TEST_STEP][PASSED] - mydate = new java.util.Date(): null

2019-02-15 11:15:18 - [TEST_STEP][PASSED] - formattedDate = mydate.format("dd/MM/yyyy"): null

2019-02-15 11:15:18 - [TEST_STEP][PASSED] - formattedYear = mydate.format("yyyy"): null

2019-02-15 11:15:18 - [TEST_STEP][PASSED] - println(formattedDate): null

2019-02-15 11:15:18 - [TEST_STEP][PASSED] - println(formattedYear): null

2019-02-15 11:15:18 - [TEST_STEP][PASSED] - TahunKewangan = getText(findTestObject("Perolehan/Penyemak/Label_tahun_kewangan")): Text of object 'Object Repository/Perolehan/Penyemak/Label_tahun_kewangan' is: '2019'

2019-02-15 11:15:18 - [MESSAGE][PASSED] - Text of object 'Object Repository/Perolehan/Penyemak/Label_tahun_kewangan' is: '2019'

2019-02-15 11:15:18 - [TEST_STEP][PASSED] - verifyMatch(TahunKewangan, formattedYear, false): Actual text '2019' and expected text '2019' are matched 

2019-02-15 11:15:18 - [MESSAGE][PASSED] - Actual text '2019' and expected text '2019' are matched 

2019-02-15 11:15:18 - [TEST_STEP][PASSED] - TarikhSemasa = getText(findTestObject("Perolehan/Penyemak/Label_Tarikh_semasa")): Text of object 'Object Repository/Perolehan/Penyemak/Label_Tarikh_semasa' is: '15/02/2019'

2019-02-15 11:15:18 - [MESSAGE][PASSED] - Text of object 'Object Repository/Perolehan/Penyemak/Label_Tarikh_semasa' is: '15/02/2019'

2019-02-15 11:15:18 - [TEST_STEP][PASSED] - verifyMatch(TarikhSemasa, formattedDate, false): Actual text '15/02/2019' and expected text '15/02/2019' are matched 

2019-02-15 11:15:18 - [MESSAGE][PASSED] - Actual text '15/02/2019' and expected text '15/02/2019' are matched 

2019-02-15 11:15:18 - [TEST_STEP][PASSED] - jumlah = getText(findTestObject("Perolehan/Penyemak/label_Jumlah_pesanan_tempatan")): Text of object 'Object Repository/Perolehan/Penyemak/label_Jumlah_pesanan_tempatan' is: '5.00'

2019-02-15 11:15:18 - [MESSAGE][PASSED] - Text of object 'Object Repository/Perolehan/Penyemak/label_Jumlah_pesanan_tempatan' is: '5.00'

2019-02-15 11:15:18 - [TEST_STEP][PASSED] - println(jumlah): null

2019-02-15 11:15:18 - [TEST_STEP][FAILED] - verifyMatch(jumlah, "6.25", false): verifyMatch(jumlah, "6.25", false) FAILED.
Reason:
com.kms.katalon.core.exception.StepFailedException: Unable to verify match between actual text '5.00' and expected text '6.25' (Root cause: com.kms.katalon.core.exception.StepFailedException: Actual text '5.00' and expected text '6.25' are not matched)
	at com.kms.katalon.core.keyword.internal.KeywordMain.stepFailed(KeywordMain.groovy:36)
	at com.kms.katalon.core.keyword.internal.KeywordMain.stepFailed(KeywordMain.groovy)
	at com.kms.katalon.core.keyword.internal.KeywordMain.runKeyword(KeywordMain.groovy:56)
	at com.kms.katalon.core.keyword.builtin.VerifyMatchKeyword.verifyMatch(VerifyMatchKeyword.groovy:60)
	at com.kms.katalon.core.keyword.builtin.VerifyMatchKeyword.execute(VerifyMatchKeyword.groovy:45)
	at com.kms.katalon.core.keyword.internal.KeywordExecutor.executeKeywordForPlatform(KeywordExecutor.groovy:53)
	at com.kms.katalon.core.keyword.BuiltinKeywords.verifyMatch(BuiltinKeywords.groovy:73)
	at Pengesahan.run(Pengesahan:70)
	at com.kms.katalon.core.main.ScriptEngine.run(ScriptEngine.java:194)
	at com.kms.katalon.core.main.ScriptEngine.runScriptAsRawText(ScriptEngine.java:119)
	at com.kms.katalon.core.main.TestCaseExecutor.runScript(TestCaseExecutor.java:328)
	at com.kms.katalon.core.main.TestCaseExecutor.doExecute(TestCaseExecutor.java:319)
	at com.kms.katalon.core.main.TestCaseExecutor.processExecutionPhase(TestCaseExecutor.java:298)
	at com.kms.katalon.core.main.TestCaseExecutor.accessMainPhase(TestCaseExecutor.java:290)
	at com.kms.katalon.core.main.TestCaseExecutor.execute(TestCaseExecutor.java:224)
	at com.kms.katalon.core.main.TestSuiteExecutor.accessTestCaseMainPhase(TestSuiteExecutor.java:129)
	at com.kms.katalon.core.main.TestSuiteExecutor.accessTestSuiteMainPhase(TestSuiteExecutor.java:112)
	at com.kms.katalon.core.main.TestSuiteExecutor.execute(TestSuiteExecutor.java:81)
	at com.kms.katalon.core.main.TestCaseMain.startTestSuite(TestCaseMain.java:149)
	at com.kms.katalon.core.main.TestCaseMain$startTestSuite$0.call(Unknown Source)
	at TempTestSuite1550200251338.run(TempTestSuite1550200251338.groovy:36)


2019-02-15 11:15:18 - [MESSAGE][FAILED] - Unable to verify match between actual text '5.00' and expected text '6.25' (Root cause: com.kms.katalon.core.exception.StepFailedException: Actual text '5.00' and expected text '6.25' are not matched)

2019-02-15 11:15:18 - [MESSAGE][FAILED] - verifyMatch(jumlah, "6.25", false) FAILED.
Reason:
com.kms.katalon.core.exception.StepFailedException: Unable to verify match between actual text '5.00' and expected text '6.25' (Root cause: com.kms.katalon.core.exception.StepFailedException: Actual text '5.00' and expected text '6.25' are not matched)
	at com.kms.katalon.core.keyword.internal.KeywordMain.stepFailed(KeywordMain.groovy:36)
	at com.kms.katalon.core.keyword.internal.KeywordMain.stepFailed(KeywordMain.groovy)
	at com.kms.katalon.core.keyword.internal.KeywordMain.runKeyword(KeywordMain.groovy:56)
	at com.kms.katalon.core.keyword.builtin.VerifyMatchKeyword.verifyMatch(VerifyMatchKeyword.groovy:60)
	at com.kms.katalon.core.keyword.builtin.VerifyMatchKeyword.execute(VerifyMatchKeyword.groovy:45)
	at com.kms.katalon.core.keyword.internal.KeywordExecutor.executeKeywordForPlatform(KeywordExecutor.groovy:53)
	at com.kms.katalon.core.keyword.BuiltinKeywords.verifyMatch(BuiltinKeywords.groovy:73)
	at Pengesahan.run(Pengesahan:70)
	at com.kms.katalon.core.main.ScriptEngine.run(ScriptEngine.java:194)
	at com.kms.katalon.core.main.ScriptEngine.runScriptAsRawText(ScriptEngine.java:119)
	at com.kms.katalon.core.main.TestCaseExecutor.runScript(TestCaseExecutor.java:328)
	at com.kms.katalon.core.main.TestCaseExecutor.doExecute(TestCaseExecutor.java:319)
	at com.kms.katalon.core.main.TestCaseExecutor.processExecutionPhase(TestCaseExecutor.java:298)
	at com.kms.katalon.core.main.TestCaseExecutor.accessMainPhase(TestCaseExecutor.java:290)
	at com.kms.katalon.core.main.TestCaseExecutor.execute(TestCaseExecutor.java:224)
	at com.kms.katalon.core.main.TestSuiteExecutor.accessTestCaseMainPhase(TestSuiteExecutor.java:129)
	at com.kms.katalon.core.main.TestSuiteExecutor.accessTestSuiteMainPhase(TestSuiteExecutor.java:112)
	at com.kms.katalon.core.main.TestSuiteExecutor.execute(TestSuiteExecutor.java:81)
	at com.kms.katalon.core.main.TestCaseMain.startTestSuite(TestCaseMain.java:149)
	at com.kms.katalon.core.main.TestCaseMain$startTestSuite$0.call(Unknown Source)
	at TempTestSuite1550200251338.run(TempTestSuite1550200251338.groovy:36)]]></system-out>
         <system-err><![CDATA[2019-02-15 11:14:17 - [TEST_CASE][FAILED] - Test Cases/Perolehan/003 Pengesahan Pesanan Tempatan/Pengesahan: Test Cases/Perolehan/003 Pengesahan Pesanan Tempatan/Pengesahan FAILED.
Reason:
com.kms.katalon.core.exception.StepFailedException: Unable to verify match between actual text '5.00' and expected text '6.25' (Root cause: com.kms.katalon.core.exception.StepFailedException: Actual text '5.00' and expected text '6.25' are not matched)
	at com.kms.katalon.core.keyword.internal.KeywordMain.stepFailed(KeywordMain.groovy:36)
	at com.kms.katalon.core.keyword.internal.KeywordMain.stepFailed(KeywordMain.groovy)
	at com.kms.katalon.core.keyword.internal.KeywordMain.runKeyword(KeywordMain.groovy:56)
	at com.kms.katalon.core.keyword.builtin.VerifyMatchKeyword.verifyMatch(VerifyMatchKeyword.groovy:60)
	at com.kms.katalon.core.keyword.builtin.VerifyMatchKeyword.execute(VerifyMatchKeyword.groovy:45)
	at com.kms.katalon.core.keyword.internal.KeywordExecutor.executeKeywordForPlatform(KeywordExecutor.groovy:53)
	at com.kms.katalon.core.keyword.BuiltinKeywords.verifyMatch(BuiltinKeywords.groovy:73)
	at Pengesahan.run(Pengesahan:70)
	at com.kms.katalon.core.main.ScriptEngine.run(ScriptEngine.java:194)
	at com.kms.katalon.core.main.ScriptEngine.runScriptAsRawText(ScriptEngine.java:119)
	at com.kms.katalon.core.main.TestCaseExecutor.runScript(TestCaseExecutor.java:328)
	at com.kms.katalon.core.main.TestCaseExecutor.doExecute(TestCaseExecutor.java:319)
	at com.kms.katalon.core.main.TestCaseExecutor.processExecutionPhase(TestCaseExecutor.java:298)
	at com.kms.katalon.core.main.TestCaseExecutor.accessMainPhase(TestCaseExecutor.java:290)
	at com.kms.katalon.core.main.TestCaseExecutor.execute(TestCaseExecutor.java:224)
	at com.kms.katalon.core.main.TestSuiteExecutor.accessTestCaseMainPhase(TestSuiteExecutor.java:129)
	at com.kms.katalon.core.main.TestSuiteExecutor.accessTestSuiteMainPhase(TestSuiteExecutor.java:112)
	at com.kms.katalon.core.main.TestSuiteExecutor.execute(TestSuiteExecutor.java:81)
	at com.kms.katalon.core.main.TestCaseMain.startTestSuite(TestCaseMain.java:149)
	at com.kms.katalon.core.main.TestCaseMain$startTestSuite$0.call(Unknown Source)
	at TempTestSuite1550200251338.run(TempTestSuite1550200251338.groovy:36)]]></system-err>
      </testcase>
      <testcase name="Test Cases/Perolehan/004 Pelulus Pesanan Tempatan/Pelulus" classname="Test Cases/Perolehan/004 Pelulus Pesanan Tempatan/Pelulus" status="FAILED">
         <failure type="FAILED" message="Test Cases/Perolehan/004 Pelulus Pesanan Tempatan/Pelulus FAILED.
Reason:
com.kms.katalon.core.exception.StepFailedException: Unable to verify match between actual text '47,000.00' and expected text '6.25' (Root cause: com.kms.katalon.core.exception.StepFailedException: Actual text '47,000.00' and expected text '6.25' are not matched)
	at com.kms.katalon.core.keyword.internal.KeywordMain.stepFailed(KeywordMain.groovy:36)
	at com.kms.katalon.core.keyword.internal.KeywordMain.stepFailed(KeywordMain.groovy)
	at com.kms.katalon.core.keyword.internal.KeywordMain.runKeyword(KeywordMain.groovy:56)
	at com.kms.katalon.core.keyword.builtin.VerifyMatchKeyword.verifyMatch(VerifyMatchKeyword.groovy:60)
	at com.kms.katalon.core.keyword.builtin.VerifyMatchKeyword.execute(VerifyMatchKeyword.groovy:45)
	at com.kms.katalon.core.keyword.internal.KeywordExecutor.executeKeywordForPlatform(KeywordExecutor.groovy:53)
	at com.kms.katalon.core.keyword.BuiltinKeywords.verifyMatch(BuiltinKeywords.groovy:73)
	at Pelulus.run(Pelulus:89)
	at com.kms.katalon.core.main.ScriptEngine.run(ScriptEngine.java:194)
	at com.kms.katalon.core.main.ScriptEngine.runScriptAsRawText(ScriptEngine.java:119)
	at com.kms.katalon.core.main.TestCaseExecutor.runScript(TestCaseExecutor.java:328)
	at com.kms.katalon.core.main.TestCaseExecutor.doExecute(TestCaseExecutor.java:319)
	at com.kms.katalon.core.main.TestCaseExecutor.processExecutionPhase(TestCaseExecutor.java:298)
	at com.kms.katalon.core.main.TestCaseExecutor.accessMainPhase(TestCaseExecutor.java:290)
	at com.kms.katalon.core.main.TestCaseExecutor.execute(TestCaseExecutor.java:224)
	at com.kms.katalon.core.main.TestSuiteExecutor.accessTestCaseMainPhase(TestSuiteExecutor.java:129)
	at com.kms.katalon.core.main.TestSuiteExecutor.accessTestSuiteMainPhase(TestSuiteExecutor.java:112)
	at com.kms.katalon.core.main.TestSuiteExecutor.execute(TestSuiteExecutor.java:81)
	at com.kms.katalon.core.main.TestCaseMain.startTestSuite(TestCaseMain.java:149)
	at com.kms.katalon.core.main.TestCaseMain$startTestSuite$0.call(Unknown Source)
	at TempTestSuite1550200251338.run(TempTestSuite1550200251338.groovy:36)
"/>
         <system-out><![CDATA[2019-02-15 11:15:18 - [TEST_CASE][FAILED] - Test Cases/Perolehan/004 Pelulus Pesanan Tempatan/Pelulus: Test Cases/Perolehan/004 Pelulus Pesanan Tempatan/Pelulus FAILED.
Reason:
com.kms.katalon.core.exception.StepFailedException: Unable to verify match between actual text '47,000.00' and expected text '6.25' (Root cause: com.kms.katalon.core.exception.StepFailedException: Actual text '47,000.00' and expected text '6.25' are not matched)
	at com.kms.katalon.core.keyword.internal.KeywordMain.stepFailed(KeywordMain.groovy:36)
	at com.kms.katalon.core.keyword.internal.KeywordMain.stepFailed(KeywordMain.groovy)
	at com.kms.katalon.core.keyword.internal.KeywordMain.runKeyword(KeywordMain.groovy:56)
	at com.kms.katalon.core.keyword.builtin.VerifyMatchKeyword.verifyMatch(VerifyMatchKeyword.groovy:60)
	at com.kms.katalon.core.keyword.builtin.VerifyMatchKeyword.execute(VerifyMatchKeyword.groovy:45)
	at com.kms.katalon.core.keyword.internal.KeywordExecutor.executeKeywordForPlatform(KeywordExecutor.groovy:53)
	at com.kms.katalon.core.keyword.BuiltinKeywords.verifyMatch(BuiltinKeywords.groovy:73)
	at Pelulus.run(Pelulus:89)
	at com.kms.katalon.core.main.ScriptEngine.run(ScriptEngine.java:194)
	at com.kms.katalon.core.main.ScriptEngine.runScriptAsRawText(ScriptEngine.java:119)
	at com.kms.katalon.core.main.TestCaseExecutor.runScript(TestCaseExecutor.java:328)
	at com.kms.katalon.core.main.TestCaseExecutor.doExecute(TestCaseExecutor.java:319)
	at com.kms.katalon.core.main.TestCaseExecutor.processExecutionPhase(TestCaseExecutor.java:298)
	at com.kms.katalon.core.main.TestCaseExecutor.accessMainPhase(TestCaseExecutor.java:290)
	at com.kms.katalon.core.main.TestCaseExecutor.execute(TestCaseExecutor.java:224)
	at com.kms.katalon.core.main.TestSuiteExecutor.accessTestCaseMainPhase(TestSuiteExecutor.java:129)
	at com.kms.katalon.core.main.TestSuiteExecutor.accessTestSuiteMainPhase(TestSuiteExecutor.java:112)
	at com.kms.katalon.core.main.TestSuiteExecutor.execute(TestSuiteExecutor.java:81)
	at com.kms.katalon.core.main.TestCaseMain.startTestSuite(TestCaseMain.java:149)
	at com.kms.katalon.core.main.TestCaseMain$startTestSuite$0.call(Unknown Source)
	at TempTestSuite1550200251338.run(TempTestSuite1550200251338.groovy:36)


2019-02-15 11:15:18 - [TEST_STEP][PASSED] - reusablefunctions.reusablefunctions.openbrowser(): reusablefunctions.reusablefunctions.openbrowser is PASSED

2019-02-15 11:15:18 - [MESSAGE][WARNING] - A browser is already opened. Closing browser and opening a new one

2019-02-15 11:15:19 - [MESSAGE][INFO] - Starting 'Chrome' driver

2019-02-15 11:15:22 - [MESSAGE][PASSED] - Browser is opened with url: 'https://175.143.52.101:7011/1SPEKSv2/'

2019-02-15 11:15:22 - [MESSAGE][PASSED] - reusablefunctions.reusablefunctions.openbrowser is PASSED

2019-02-15 11:15:22 - [TEST_STEP][PASSED] - reusablefunctions.reusablefunctions.Login(findTestData("ispekstestdata").getValue(1, 2), findTestData("ispekstestdata").getValue(2, 2)): reusablefunctions.reusablefunctions.Login is PASSED

2019-02-15 11:15:22 - [MESSAGE][PASSED] - Text '601101955194' is set on object 'Object Repository/Login/input_NoKadPengenalan'

2019-02-15 11:15:22 - [MESSAGE][PASSED] - Text ****** has been set on object 'Object Repository/Login/input_Password'

2019-02-15 11:15:25 - [MESSAGE][PASSED] - Object: 'Object Repository/Login/input_ButtonLogMasuk' is clicked on

2019-02-15 11:15:35 - [MESSAGE][PASSED] - Delayed 10 second(s)

2019-02-15 11:15:35 - [MESSAGE][PASSED] - reusablefunctions.reusablefunctions.Login is PASSED

2019-02-15 11:15:35 - [TEST_STEP][PASSED] - reusablefunctions.reusablefunctions.PerananPelulusPTJ(): reusablefunctions.reusablefunctions.PerananPelulusPTJ is PASSED

2019-02-15 11:15:35 - [MESSAGE][PASSED] - Object: 'Object Repository/Perolehan/TukarPeranan/IconTukarPeranan' is clicked on

2019-02-15 11:15:35 - [MESSAGE][PASSED] - Object: 'Object Repository/Perolehan/TukarPeranan/Radio_button_PelulusPTJ' is clicked on

2019-02-15 11:15:35 - [MESSAGE][PASSED] - Object: 'Object Repository/Perolehan/TukarPeranan/button_Ya' is clicked on

2019-02-15 11:16:05 - [MESSAGE][PASSED] - Delayed 30 second(s)

2019-02-15 11:16:08 - [MESSAGE][PASSED] - Text 'Peranan : [Pelulus] Peringkat : [PTJ]' is present on page 

2019-02-15 11:16:08 - [MESSAGE][PASSED] - reusablefunctions.reusablefunctions.PerananPelulusPTJ is PASSED

2019-02-15 11:16:08 - [TEST_STEP][PASSED] - doubleClick(findTestObject("Perolehan/Pelulus/Dashboard_To_Lulus")): Object: 'Object Repository/Perolehan/Pelulus/Dashboard_To_Lulus' is double clicked on

2019-02-15 11:16:08 - [MESSAGE][PASSED] - Object: 'Object Repository/Perolehan/Pelulus/Dashboard_To_Lulus' is double clicked on

2019-02-15 11:16:08 - [TEST_STEP][PASSED] - delay(5): Delayed 5 second(s)

2019-02-15 11:16:13 - [MESSAGE][PASSED] - Delayed 5 second(s)

2019-02-15 11:16:13 - [TEST_STEP][PASSED] - doubleClick(findTestObject("Perolehan/Pelulus/Senarai_Tugas_Item_No_1")): Object: 'Object Repository/Perolehan/Pelulus/Senarai_Tugas_Item_No_1' is double clicked on

2019-02-15 11:16:13 - [MESSAGE][PASSED] - Object: 'Object Repository/Perolehan/Pelulus/Senarai_Tugas_Item_No_1' is double clicked on

2019-02-15 11:16:13 - [TEST_STEP][PASSED] - delay(5): Delayed 5 second(s)

2019-02-15 11:16:18 - [MESSAGE][PASSED] - Delayed 5 second(s)

2019-02-15 11:16:18 - [TEST_STEP][PASSED] - mydate = new java.util.Date(): null

2019-02-15 11:16:18 - [TEST_STEP][PASSED] - formattedDate = mydate.format("dd/MM/yyyy"): null

2019-02-15 11:16:18 - [TEST_STEP][PASSED] - formattedYear = mydate.format("yyyy"): null

2019-02-15 11:16:18 - [TEST_STEP][PASSED] - println(formattedDate): null

2019-02-15 11:16:18 - [TEST_STEP][PASSED] - println(formattedYear): null

2019-02-15 11:16:18 - [TEST_STEP][PASSED] - TahunKewangan = getText(findTestObject("Perolehan/Penyemak/Label_tahun_kewangan")): Text of object 'Object Repository/Perolehan/Penyemak/Label_tahun_kewangan' is: '2019'

2019-02-15 11:16:18 - [MESSAGE][PASSED] - Text of object 'Object Repository/Perolehan/Penyemak/Label_tahun_kewangan' is: '2019'

2019-02-15 11:16:18 - [TEST_STEP][PASSED] - verifyMatch(TahunKewangan, formattedYear, false): Actual text '2019' and expected text '2019' are matched 

2019-02-15 11:16:18 - [MESSAGE][PASSED] - Actual text '2019' and expected text '2019' are matched 

2019-02-15 11:16:18 - [TEST_STEP][PASSED] - TarikhSemasa = getText(findTestObject("Perolehan/Penyemak/Label_Tarikh_semasa")): Text of object 'Object Repository/Perolehan/Penyemak/Label_Tarikh_semasa' is: '15/02/2019'

2019-02-15 11:16:18 - [MESSAGE][PASSED] - Text of object 'Object Repository/Perolehan/Penyemak/Label_Tarikh_semasa' is: '15/02/2019'

2019-02-15 11:16:18 - [TEST_STEP][PASSED] - verifyMatch(TarikhSemasa, formattedDate, false): Actual text '15/02/2019' and expected text '15/02/2019' are matched 

2019-02-15 11:16:18 - [MESSAGE][PASSED] - Actual text '15/02/2019' and expected text '15/02/2019' are matched 

2019-02-15 11:16:18 - [TEST_STEP][PASSED] - RekodberjayaRekodID = getText(findTestObject("Perolehan/Pelulus/NO_REKOD")): Text of object 'Object Repository/Perolehan/Pelulus/NO_REKOD' is: 'PESANAN TEMPATAN [ NO REKOD: 18DAPT030100208 ]'

2019-02-15 11:16:18 - [MESSAGE][PASSED] - Text of object 'Object Repository/Perolehan/Pelulus/NO_REKOD' is: 'PESANAN TEMPATAN [ NO REKOD: 18DAPT030100208 ]'

2019-02-15 11:16:18 - [TEST_STEP][PASSED] - println(RekodberjayaRekodID): null

2019-02-15 11:16:18 - [TEST_STEP][PASSED] - RekodNo = RekodberjayaRekodID[(29..44)]: null

2019-02-15 11:16:18 - [TEST_STEP][PASSED] - println(RekodNo): null

2019-02-15 11:16:18 - [TEST_STEP][PASSED] - RekodID = RekodNo: null

2019-02-15 11:16:18 - [TEST_STEP][PASSED] - println(RekodID): null

2019-02-15 11:16:18 - [TEST_STEP][PASSED] - jumlah = getText(findTestObject("Perolehan/Penyemak/label_Jumlah_pesanan_tempatan")): Text of object 'Object Repository/Perolehan/Penyemak/label_Jumlah_pesanan_tempatan' is: '47,000.00'

2019-02-15 11:16:18 - [MESSAGE][PASSED] - Text of object 'Object Repository/Perolehan/Penyemak/label_Jumlah_pesanan_tempatan' is: '47,000.00'

2019-02-15 11:16:18 - [TEST_STEP][PASSED] - println(jumlah): null

2019-02-15 11:16:18 - [TEST_STEP][FAILED] - verifyMatch(jumlah, "6.25", false): verifyMatch(jumlah, "6.25", false) FAILED.
Reason:
com.kms.katalon.core.exception.StepFailedException: Unable to verify match between actual text '47,000.00' and expected text '6.25' (Root cause: com.kms.katalon.core.exception.StepFailedException: Actual text '47,000.00' and expected text '6.25' are not matched)
	at com.kms.katalon.core.keyword.internal.KeywordMain.stepFailed(KeywordMain.groovy:36)
	at com.kms.katalon.core.keyword.internal.KeywordMain.stepFailed(KeywordMain.groovy)
	at com.kms.katalon.core.keyword.internal.KeywordMain.runKeyword(KeywordMain.groovy:56)
	at com.kms.katalon.core.keyword.builtin.VerifyMatchKeyword.verifyMatch(VerifyMatchKeyword.groovy:60)
	at com.kms.katalon.core.keyword.builtin.VerifyMatchKeyword.execute(VerifyMatchKeyword.groovy:45)
	at com.kms.katalon.core.keyword.internal.KeywordExecutor.executeKeywordForPlatform(KeywordExecutor.groovy:53)
	at com.kms.katalon.core.keyword.BuiltinKeywords.verifyMatch(BuiltinKeywords.groovy:73)
	at Pelulus.run(Pelulus:89)
	at com.kms.katalon.core.main.ScriptEngine.run(ScriptEngine.java:194)
	at com.kms.katalon.core.main.ScriptEngine.runScriptAsRawText(ScriptEngine.java:119)
	at com.kms.katalon.core.main.TestCaseExecutor.runScript(TestCaseExecutor.java:328)
	at com.kms.katalon.core.main.TestCaseExecutor.doExecute(TestCaseExecutor.java:319)
	at com.kms.katalon.core.main.TestCaseExecutor.processExecutionPhase(TestCaseExecutor.java:298)
	at com.kms.katalon.core.main.TestCaseExecutor.accessMainPhase(TestCaseExecutor.java:290)
	at com.kms.katalon.core.main.TestCaseExecutor.execute(TestCaseExecutor.java:224)
	at com.kms.katalon.core.main.TestSuiteExecutor.accessTestCaseMainPhase(TestSuiteExecutor.java:129)
	at com.kms.katalon.core.main.TestSuiteExecutor.accessTestSuiteMainPhase(TestSuiteExecutor.java:112)
	at com.kms.katalon.core.main.TestSuiteExecutor.execute(TestSuiteExecutor.java:81)
	at com.kms.katalon.core.main.TestCaseMain.startTestSuite(TestCaseMain.java:149)
	at com.kms.katalon.core.main.TestCaseMain$startTestSuite$0.call(Unknown Source)
	at TempTestSuite1550200251338.run(TempTestSuite1550200251338.groovy:36)


2019-02-15 11:16:18 - [MESSAGE][FAILED] - Unable to verify match between actual text '47,000.00' and expected text '6.25' (Root cause: com.kms.katalon.core.exception.StepFailedException: Actual text '47,000.00' and expected text '6.25' are not matched)

2019-02-15 11:16:18 - [MESSAGE][FAILED] - verifyMatch(jumlah, "6.25", false) FAILED.
Reason:
com.kms.katalon.core.exception.StepFailedException: Unable to verify match between actual text '47,000.00' and expected text '6.25' (Root cause: com.kms.katalon.core.exception.StepFailedException: Actual text '47,000.00' and expected text '6.25' are not matched)
	at com.kms.katalon.core.keyword.internal.KeywordMain.stepFailed(KeywordMain.groovy:36)
	at com.kms.katalon.core.keyword.internal.KeywordMain.stepFailed(KeywordMain.groovy)
	at com.kms.katalon.core.keyword.internal.KeywordMain.runKeyword(KeywordMain.groovy:56)
	at com.kms.katalon.core.keyword.builtin.VerifyMatchKeyword.verifyMatch(VerifyMatchKeyword.groovy:60)
	at com.kms.katalon.core.keyword.builtin.VerifyMatchKeyword.execute(VerifyMatchKeyword.groovy:45)
	at com.kms.katalon.core.keyword.internal.KeywordExecutor.executeKeywordForPlatform(KeywordExecutor.groovy:53)
	at com.kms.katalon.core.keyword.BuiltinKeywords.verifyMatch(BuiltinKeywords.groovy:73)
	at Pelulus.run(Pelulus:89)
	at com.kms.katalon.core.main.ScriptEngine.run(ScriptEngine.java:194)
	at com.kms.katalon.core.main.ScriptEngine.runScriptAsRawText(ScriptEngine.java:119)
	at com.kms.katalon.core.main.TestCaseExecutor.runScript(TestCaseExecutor.java:328)
	at com.kms.katalon.core.main.TestCaseExecutor.doExecute(TestCaseExecutor.java:319)
	at com.kms.katalon.core.main.TestCaseExecutor.processExecutionPhase(TestCaseExecutor.java:298)
	at com.kms.katalon.core.main.TestCaseExecutor.accessMainPhase(TestCaseExecutor.java:290)
	at com.kms.katalon.core.main.TestCaseExecutor.execute(TestCaseExecutor.java:224)
	at com.kms.katalon.core.main.TestSuiteExecutor.accessTestCaseMainPhase(TestSuiteExecutor.java:129)
	at com.kms.katalon.core.main.TestSuiteExecutor.accessTestSuiteMainPhase(TestSuiteExecutor.java:112)
	at com.kms.katalon.core.main.TestSuiteExecutor.execute(TestSuiteExecutor.java:81)
	at com.kms.katalon.core.main.TestCaseMain.startTestSuite(TestCaseMain.java:149)
	at com.kms.katalon.core.main.TestCaseMain$startTestSuite$0.call(Unknown Source)
	at TempTestSuite1550200251338.run(TempTestSuite1550200251338.groovy:36)]]></system-out>
         <system-err><![CDATA[2019-02-15 11:15:18 - [TEST_CASE][FAILED] - Test Cases/Perolehan/004 Pelulus Pesanan Tempatan/Pelulus: Test Cases/Perolehan/004 Pelulus Pesanan Tempatan/Pelulus FAILED.
Reason:
com.kms.katalon.core.exception.StepFailedException: Unable to verify match between actual text '47,000.00' and expected text '6.25' (Root cause: com.kms.katalon.core.exception.StepFailedException: Actual text '47,000.00' and expected text '6.25' are not matched)
	at com.kms.katalon.core.keyword.internal.KeywordMain.stepFailed(KeywordMain.groovy:36)
	at com.kms.katalon.core.keyword.internal.KeywordMain.stepFailed(KeywordMain.groovy)
	at com.kms.katalon.core.keyword.internal.KeywordMain.runKeyword(KeywordMain.groovy:56)
	at com.kms.katalon.core.keyword.builtin.VerifyMatchKeyword.verifyMatch(VerifyMatchKeyword.groovy:60)
	at com.kms.katalon.core.keyword.builtin.VerifyMatchKeyword.execute(VerifyMatchKeyword.groovy:45)
	at com.kms.katalon.core.keyword.internal.KeywordExecutor.executeKeywordForPlatform(KeywordExecutor.groovy:53)
	at com.kms.katalon.core.keyword.BuiltinKeywords.verifyMatch(BuiltinKeywords.groovy:73)
	at Pelulus.run(Pelulus:89)
	at com.kms.katalon.core.main.ScriptEngine.run(ScriptEngine.java:194)
	at com.kms.katalon.core.main.ScriptEngine.runScriptAsRawText(ScriptEngine.java:119)
	at com.kms.katalon.core.main.TestCaseExecutor.runScript(TestCaseExecutor.java:328)
	at com.kms.katalon.core.main.TestCaseExecutor.doExecute(TestCaseExecutor.java:319)
	at com.kms.katalon.core.main.TestCaseExecutor.processExecutionPhase(TestCaseExecutor.java:298)
	at com.kms.katalon.core.main.TestCaseExecutor.accessMainPhase(TestCaseExecutor.java:290)
	at com.kms.katalon.core.main.TestCaseExecutor.execute(TestCaseExecutor.java:224)
	at com.kms.katalon.core.main.TestSuiteExecutor.accessTestCaseMainPhase(TestSuiteExecutor.java:129)
	at com.kms.katalon.core.main.TestSuiteExecutor.accessTestSuiteMainPhase(TestSuiteExecutor.java:112)
	at com.kms.katalon.core.main.TestSuiteExecutor.execute(TestSuiteExecutor.java:81)
	at com.kms.katalon.core.main.TestCaseMain.startTestSuite(TestCaseMain.java:149)
	at com.kms.katalon.core.main.TestCaseMain$startTestSuite$0.call(Unknown Source)
	at TempTestSuite1550200251338.run(TempTestSuite1550200251338.groovy:36)]]></system-err>
      </testcase>
      <testcase name="Test Cases/Perolehan/005 Terimaan Barang Perkhidmatan/001 Proses Kemasukan Terimaan Barang" classname="Test Cases/Perolehan/005 Terimaan Barang Perkhidmatan/001 Proses Kemasukan Terimaan Barang" status="FAILED">
         <failure type="FAILED" message="Test Cases/Perolehan/005 Terimaan Barang Perkhidmatan/001 Proses Kemasukan Terimaan Barang FAILED.
Reason:
com.kms.katalon.core.exception.StepFailedException: Unable to click on object 'Object Repository/Perolehan/Kemasukan Terimaan/Drop_down_Jenis_Terimaan' (Root cause: org.openqa.selenium.ElementNotVisibleException: element not interactable
  (Session info: chrome=71.0.3578.98)
  (Driver info: chromedriver=2.43.600210 (68dcf5eebde37173d4027fa8635e332711d2874a),platform=Windows NT 10.0.17134 x86_64) (WARNING: The server did not provide any stacktrace information)
Command duration or timeout: 0 milliseconds
Build info: version: '3.7.1', revision: '8a0099a', time: '2017-11-06T21:07:36.161Z'
System info: host: 'DESKTOP-V9TS2EM', ip: '192.168.180.121', os.name: 'Windows 10', os.arch: 'amd64', os.version: '10.0', java.version: '1.8.0_181'
Driver info: com.kms.katalon.selenium.driver.CChromeDriver
Capabilities {acceptInsecureCerts: false, acceptSslCerts: false, applicationCacheEnabled: false, browserConnectionEnabled: false, browserName: chrome, chrome: {chromedriverVersion: 2.43.600210 (68dcf5eebde371..., userDataDir: C:\Users\CONSUL~1\AppData\L...}, cssSelectorsEnabled: true, databaseEnabled: false, goog:chromeOptions: {debuggerAddress: localhost:61539}, handlesAlerts: true, hasTouchScreen: false, javascriptEnabled: true, locationContextEnabled: true, mobileEmulationEnabled: false, nativeEvents: true, networkConnectionEnabled: false, pageLoadStrategy: normal, platform: XP, platformName: XP, rotatable: false, setWindowRect: true, takesHeapSnapshot: true, takesScreenshot: true, unexpectedAlertBehaviour: , unhandledPromptBehavior: , version: 71.0.3578.98, webStorageEnabled: true}
Session ID: b6a00727279751f8bf9ea7941720d986)
	at com.kms.katalon.core.keyword.internal.KeywordMain.stepFailed(KeywordMain.groovy:36)
	at com.kms.katalon.core.webui.keyword.internal.WebUIKeywordMain.stepFailed(WebUIKeywordMain.groovy:65)
	at com.kms.katalon.core.webui.keyword.internal.WebUIKeywordMain.runKeyword(WebUIKeywordMain.groovy:27)
	at com.kms.katalon.core.webui.keyword.builtin.ClickKeyword.click(ClickKeyword.groovy:86)
	at com.kms.katalon.core.webui.keyword.builtin.ClickKeyword.execute(ClickKeyword.groovy:67)
	at com.kms.katalon.core.keyword.internal.KeywordExecutor.executeKeywordForPlatform(KeywordExecutor.groovy:53)
	at com.kms.katalon.core.webui.keyword.WebUiBuiltInKeywords.click(WebUiBuiltInKeywords.groovy:616)
	at com.kms.katalon.core.webui.keyword.WebUiBuiltInKeywords$click$2.call(Unknown Source)
	at 001 Proses Kemasukan Terimaan Barang.run(001 Proses Kemasukan Terimaan Barang:75)
	at com.kms.katalon.core.main.ScriptEngine.run(ScriptEngine.java:194)
	at com.kms.katalon.core.main.ScriptEngine.runScriptAsRawText(ScriptEngine.java:119)
	at com.kms.katalon.core.main.TestCaseExecutor.runScript(TestCaseExecutor.java:328)
	at com.kms.katalon.core.main.TestCaseExecutor.doExecute(TestCaseExecutor.java:319)
	at com.kms.katalon.core.main.TestCaseExecutor.processExecutionPhase(TestCaseExecutor.java:298)
	at com.kms.katalon.core.main.TestCaseExecutor.accessMainPhase(TestCaseExecutor.java:290)
	at com.kms.katalon.core.main.TestCaseExecutor.execute(TestCaseExecutor.java:224)
	at com.kms.katalon.core.main.TestSuiteExecutor.accessTestCaseMainPhase(TestSuiteExecutor.java:129)
	at com.kms.katalon.core.main.TestSuiteExecutor.accessTestSuiteMainPhase(TestSuiteExecutor.java:112)
	at com.kms.katalon.core.main.TestSuiteExecutor.execute(TestSuiteExecutor.java:81)
	at com.kms.katalon.core.main.TestCaseMain.startTestSuite(TestCaseMain.java:149)
	at com.kms.katalon.core.main.TestCaseMain$startTestSuite$0.call(Unknown Source)
	at TempTestSuite1550200251338.run(TempTestSuite1550200251338.groovy:36)
"/>
         <system-out><![CDATA[2019-02-15 11:16:18 - [TEST_CASE][FAILED] - Test Cases/Perolehan/005 Terimaan Barang Perkhidmatan/001 Proses Kemasukan Terimaan Barang: Test Cases/Perolehan/005 Terimaan Barang Perkhidmatan/001 Proses Kemasukan Terimaan Barang FAILED.
Reason:
com.kms.katalon.core.exception.StepFailedException: Unable to click on object 'Object Repository/Perolehan/Kemasukan Terimaan/Drop_down_Jenis_Terimaan' (Root cause: org.openqa.selenium.ElementNotVisibleException: element not interactable
  (Session info: chrome=71.0.3578.98)
  (Driver info: chromedriver=2.43.600210 (68dcf5eebde37173d4027fa8635e332711d2874a),platform=Windows NT 10.0.17134 x86_64) (WARNING: The server did not provide any stacktrace information)
Command duration or timeout: 0 milliseconds
Build info: version: '3.7.1', revision: '8a0099a', time: '2017-11-06T21:07:36.161Z'
System info: host: 'DESKTOP-V9TS2EM', ip: '192.168.180.121', os.name: 'Windows 10', os.arch: 'amd64', os.version: '10.0', java.version: '1.8.0_181'
Driver info: com.kms.katalon.selenium.driver.CChromeDriver
Capabilities {acceptInsecureCerts: false, acceptSslCerts: false, applicationCacheEnabled: false, browserConnectionEnabled: false, browserName: chrome, chrome: {chromedriverVersion: 2.43.600210 (68dcf5eebde371..., userDataDir: C:\Users\CONSUL~1\AppData\L...}, cssSelectorsEnabled: true, databaseEnabled: false, goog:chromeOptions: {debuggerAddress: localhost:61539}, handlesAlerts: true, hasTouchScreen: false, javascriptEnabled: true, locationContextEnabled: true, mobileEmulationEnabled: false, nativeEvents: true, networkConnectionEnabled: false, pageLoadStrategy: normal, platform: XP, platformName: XP, rotatable: false, setWindowRect: true, takesHeapSnapshot: true, takesScreenshot: true, unexpectedAlertBehaviour: , unhandledPromptBehavior: , version: 71.0.3578.98, webStorageEnabled: true}
Session ID: b6a00727279751f8bf9ea7941720d986)
	at com.kms.katalon.core.keyword.internal.KeywordMain.stepFailed(KeywordMain.groovy:36)
	at com.kms.katalon.core.webui.keyword.internal.WebUIKeywordMain.stepFailed(WebUIKeywordMain.groovy:65)
	at com.kms.katalon.core.webui.keyword.internal.WebUIKeywordMain.runKeyword(WebUIKeywordMain.groovy:27)
	at com.kms.katalon.core.webui.keyword.builtin.ClickKeyword.click(ClickKeyword.groovy:86)
	at com.kms.katalon.core.webui.keyword.builtin.ClickKeyword.execute(ClickKeyword.groovy:67)
	at com.kms.katalon.core.keyword.internal.KeywordExecutor.executeKeywordForPlatform(KeywordExecutor.groovy:53)
	at com.kms.katalon.core.webui.keyword.WebUiBuiltInKeywords.click(WebUiBuiltInKeywords.groovy:616)
	at com.kms.katalon.core.webui.keyword.WebUiBuiltInKeywords$click$2.call(Unknown Source)
	at 001 Proses Kemasukan Terimaan Barang.run(001 Proses Kemasukan Terimaan Barang:75)
	at com.kms.katalon.core.main.ScriptEngine.run(ScriptEngine.java:194)
	at com.kms.katalon.core.main.ScriptEngine.runScriptAsRawText(ScriptEngine.java:119)
	at com.kms.katalon.core.main.TestCaseExecutor.runScript(TestCaseExecutor.java:328)
	at com.kms.katalon.core.main.TestCaseExecutor.doExecute(TestCaseExecutor.java:319)
	at com.kms.katalon.core.main.TestCaseExecutor.processExecutionPhase(TestCaseExecutor.java:298)
	at com.kms.katalon.core.main.TestCaseExecutor.accessMainPhase(TestCaseExecutor.java:290)
	at com.kms.katalon.core.main.TestCaseExecutor.execute(TestCaseExecutor.java:224)
	at com.kms.katalon.core.main.TestSuiteExecutor.accessTestCaseMainPhase(TestSuiteExecutor.java:129)
	at com.kms.katalon.core.main.TestSuiteExecutor.accessTestSuiteMainPhase(TestSuiteExecutor.java:112)
	at com.kms.katalon.core.main.TestSuiteExecutor.execute(TestSuiteExecutor.java:81)
	at com.kms.katalon.core.main.TestCaseMain.startTestSuite(TestCaseMain.java:149)
	at com.kms.katalon.core.main.TestCaseMain$startTestSuite$0.call(Unknown Source)
	at TempTestSuite1550200251338.run(TempTestSuite1550200251338.groovy:36)


2019-02-15 11:16:19 - [TEST_STEP][PASSED] - reusablefunctions.reusablefunctions.openbrowser(): reusablefunctions.reusablefunctions.openbrowser is PASSED

2019-02-15 11:16:19 - [MESSAGE][WARNING] - A browser is already opened. Closing browser and opening a new one

2019-02-15 11:16:19 - [MESSAGE][INFO] - Starting 'Chrome' driver

2019-02-15 11:16:23 - [MESSAGE][PASSED] - Browser is opened with url: 'https://175.143.52.101:7011/1SPEKSv2/'

2019-02-15 11:16:23 - [MESSAGE][PASSED] - reusablefunctions.reusablefunctions.openbrowser is PASSED

2019-02-15 11:16:23 - [TEST_STEP][PASSED] - reusablefunctions.reusablefunctions.Login(findTestData("ispekstestdata").getValue(1, 2), findTestData("ispekstestdata").getValue(2, 2)): reusablefunctions.reusablefunctions.Login is PASSED

2019-02-15 11:16:23 - [MESSAGE][PASSED] - Text '601101955194' is set on object 'Object Repository/Login/input_NoKadPengenalan'

2019-02-15 11:16:23 - [MESSAGE][PASSED] - Text ****** has been set on object 'Object Repository/Login/input_Password'

2019-02-15 11:16:25 - [MESSAGE][PASSED] - Object: 'Object Repository/Login/input_ButtonLogMasuk' is clicked on

2019-02-15 11:16:35 - [MESSAGE][PASSED] - Delayed 10 second(s)

2019-02-15 11:16:35 - [MESSAGE][PASSED] - reusablefunctions.reusablefunctions.Login is PASSED

2019-02-15 11:16:35 - [TEST_STEP][PASSED] - reusablefunctions.reusablefunctions.PerananPenyediaPTJ(): reusablefunctions.reusablefunctions.PerananPenyediaPTJ is PASSED

2019-02-15 11:16:35 - [MESSAGE][PASSED] - Object: 'Object Repository/Perolehan/TukarPeranan/IconTukarPeranan' is clicked on

2019-02-15 11:16:35 - [MESSAGE][PASSED] - Object: 'Object Repository/Perolehan/TukarPeranan/Radio_button_PenyediaPTJ' is clicked on

2019-02-15 11:16:35 - [MESSAGE][PASSED] - Object: 'Object Repository/Perolehan/TukarPeranan/button_Ya' is clicked on

2019-02-15 11:17:05 - [MESSAGE][PASSED] - Delayed 30 second(s)

2019-02-15 11:17:08 - [MESSAGE][PASSED] - Text 'Peranan : [Penyedia] Peringkat : [PTJ]' is present on page 

2019-02-15 11:17:08 - [MESSAGE][PASSED] - reusablefunctions.reusablefunctions.PerananPenyediaPTJ is PASSED

2019-02-15 11:17:08 - [TEST_STEP][PASSED] - click(findTestObject("Perolehan/Left_Menu_Selection/a_ExpandMenuonLeft")): Object: 'Object Repository/Perolehan/Left_Menu_Selection/a_ExpandMenuonLeft' is clicked on

2019-02-15 11:17:08 - [MESSAGE][PASSED] - Object: 'Object Repository/Perolehan/Left_Menu_Selection/a_ExpandMenuonLeft' is clicked on

2019-02-15 11:17:08 - [TEST_STEP][PASSED] - delay(3, STOP_ON_FAILURE): Delayed 3 second(s)

2019-02-15 11:17:11 - [MESSAGE][PASSED] - Delayed 3 second(s)

2019-02-15 11:17:11 - [TEST_STEP][PASSED] - click(findTestObject("Perolehan/Left_Menu_Selection/div_PanelTitlePerolehan")): Object: 'Object Repository/Perolehan/Left_Menu_Selection/div_PanelTitlePerolehan' is clicked on

2019-02-15 11:17:11 - [MESSAGE][PASSED] - Object: 'Object Repository/Perolehan/Left_Menu_Selection/div_PanelTitlePerolehan' is clicked on

2019-02-15 11:17:11 - [TEST_STEP][PASSED] - delay(3, STOP_ON_FAILURE): Delayed 3 second(s)

2019-02-15 11:17:14 - [MESSAGE][PASSED] - Delayed 3 second(s)

2019-02-15 11:17:14 - [TEST_STEP][PASSED] - click(findTestObject("Perolehan/Left_Menu_Selection/div_Kemasukan_Terimaan_Barang")): Object: 'Object Repository/Perolehan/Left_Menu_Selection/div_Kemasukan_Terimaan_Barang' is clicked on

2019-02-15 11:17:15 - [MESSAGE][PASSED] - Object: 'Object Repository/Perolehan/Left_Menu_Selection/div_Kemasukan_Terimaan_Barang' is clicked on

2019-02-15 11:17:15 - [TEST_STEP][PASSED] - assert true: null

2019-02-15 11:17:15 - [TEST_STEP][PASSED] - delay(20): Delayed 20 second(s)

2019-02-15 11:17:35 - [MESSAGE][PASSED] - Delayed 20 second(s)

2019-02-15 11:17:35 - [TEST_STEP][PASSED] - click(findTestObject("Perolehan/Kemasukan Terimaan/button_REKOD BARU")): Object: 'Object Repository/Perolehan/Kemasukan Terimaan/button_REKOD BARU' is clicked on

2019-02-15 11:17:35 - [MESSAGE][PASSED] - Object: 'Object Repository/Perolehan/Kemasukan Terimaan/button_REKOD BARU' is clicked on

2019-02-15 11:17:35 - [TEST_STEP][PASSED] - click(findTestObject("Perolehan/Kemasukan Terimaan/Drop_down_No_Dokumen")): Object: 'Object Repository/Perolehan/Kemasukan Terimaan/Drop_down_No_Dokumen' is clicked on

2019-02-15 11:17:36 - [MESSAGE][PASSED] - Object: 'Object Repository/Perolehan/Kemasukan Terimaan/Drop_down_No_Dokumen' is clicked on

2019-02-15 11:17:36 - [TEST_STEP][PASSED] - setText(findTestObject("Perolehan/Kemasukan Terimaan/input_No_Dokumen"), RekodID): Text '18DAPT030100208 ' is set on object 'Object Repository/Perolehan/Kemasukan Terimaan/input_No_Dokumen'

2019-02-15 11:17:36 - [MESSAGE][PASSED] - Text '18DAPT030100208 ' is set on object 'Object Repository/Perolehan/Kemasukan Terimaan/input_No_Dokumen'

2019-02-15 11:17:36 - [TEST_STEP][PASSED] - delay(2): Delayed 2 second(s)

2019-02-15 11:17:38 - [MESSAGE][PASSED] - Delayed 2 second(s)

2019-02-15 11:17:38 - [TEST_STEP][PASSED] - click(findTestObject("Perolehan/Kemasukan Terimaan/select_No_Dokumen")): Object: 'Object Repository/Perolehan/Kemasukan Terimaan/select_No_Dokumen' is clicked on

2019-02-15 11:17:38 - [MESSAGE][PASSED] - Object: 'Object Repository/Perolehan/Kemasukan Terimaan/select_No_Dokumen' is clicked on

2019-02-15 11:17:38 - [TEST_STEP][PASSED] - click(findTestObject("Perolehan/Kemasukan Terimaan/button_Cari")): Object: 'Object Repository/Perolehan/Kemasukan Terimaan/button_Cari' is clicked on

2019-02-15 11:17:38 - [MESSAGE][PASSED] - Object: 'Object Repository/Perolehan/Kemasukan Terimaan/button_Cari' is clicked on

2019-02-15 11:17:38 - [TEST_STEP][PASSED] - delay(3): Delayed 3 second(s)

2019-02-15 11:17:41 - [MESSAGE][PASSED] - Delayed 3 second(s)

2019-02-15 11:17:41 - [TEST_STEP][PASSED] - click(findTestObject("Perolehan/Kemasukan Terimaan/OK_Rekod_Wujud")): Object: 'Object Repository/Perolehan/Kemasukan Terimaan/OK_Rekod_Wujud' is clicked on

2019-02-15 11:17:41 - [MESSAGE][PASSED] - Object: 'Object Repository/Perolehan/Kemasukan Terimaan/OK_Rekod_Wujud' is clicked on

2019-02-15 11:17:41 - [TEST_STEP][PASSED] - delay(3): Delayed 3 second(s)

2019-02-15 11:17:44 - [MESSAGE][PASSED] - Delayed 3 second(s)

2019-02-15 11:17:44 - [TEST_STEP][FAILED] - click(findTestObject("Perolehan/Kemasukan Terimaan/Drop_down_Jenis_Terimaan")): click(findTestObject("Perolehan/Kemasukan Terimaan/Drop_down_Jenis_Terimaan")) FAILED.
Reason:
com.kms.katalon.core.exception.StepFailedException: Unable to click on object 'Object Repository/Perolehan/Kemasukan Terimaan/Drop_down_Jenis_Terimaan' (Root cause: org.openqa.selenium.ElementNotVisibleException: element not interactable
  (Session info: chrome=71.0.3578.98)
  (Driver info: chromedriver=2.43.600210 (68dcf5eebde37173d4027fa8635e332711d2874a),platform=Windows NT 10.0.17134 x86_64) (WARNING: The server did not provide any stacktrace information)
Command duration or timeout: 0 milliseconds
Build info: version: '3.7.1', revision: '8a0099a', time: '2017-11-06T21:07:36.161Z'
System info: host: 'DESKTOP-V9TS2EM', ip: '192.168.180.121', os.name: 'Windows 10', os.arch: 'amd64', os.version: '10.0', java.version: '1.8.0_181'
Driver info: com.kms.katalon.selenium.driver.CChromeDriver
Capabilities {acceptInsecureCerts: false, acceptSslCerts: false, applicationCacheEnabled: false, browserConnectionEnabled: false, browserName: chrome, chrome: {chromedriverVersion: 2.43.600210 (68dcf5eebde371..., userDataDir: C:\Users\CONSUL~1\AppData\L...}, cssSelectorsEnabled: true, databaseEnabled: false, goog:chromeOptions: {debuggerAddress: localhost:61539}, handlesAlerts: true, hasTouchScreen: false, javascriptEnabled: true, locationContextEnabled: true, mobileEmulationEnabled: false, nativeEvents: true, networkConnectionEnabled: false, pageLoadStrategy: normal, platform: XP, platformName: XP, rotatable: false, setWindowRect: true, takesHeapSnapshot: true, takesScreenshot: true, unexpectedAlertBehaviour: , unhandledPromptBehavior: , version: 71.0.3578.98, webStorageEnabled: true}
Session ID: b6a00727279751f8bf9ea7941720d986)
	at com.kms.katalon.core.keyword.internal.KeywordMain.stepFailed(KeywordMain.groovy:36)
	at com.kms.katalon.core.webui.keyword.internal.WebUIKeywordMain.stepFailed(WebUIKeywordMain.groovy:65)
	at com.kms.katalon.core.webui.keyword.internal.WebUIKeywordMain.runKeyword(WebUIKeywordMain.groovy:27)
	at com.kms.katalon.core.webui.keyword.builtin.ClickKeyword.click(ClickKeyword.groovy:86)
	at com.kms.katalon.core.webui.keyword.builtin.ClickKeyword.execute(ClickKeyword.groovy:67)
	at com.kms.katalon.core.keyword.internal.KeywordExecutor.executeKeywordForPlatform(KeywordExecutor.groovy:53)
	at com.kms.katalon.core.webui.keyword.WebUiBuiltInKeywords.click(WebUiBuiltInKeywords.groovy:616)
	at com.kms.katalon.core.webui.keyword.WebUiBuiltInKeywords$click$2.call(Unknown Source)
	at 001 Proses Kemasukan Terimaan Barang.run(001 Proses Kemasukan Terimaan Barang:75)
	at com.kms.katalon.core.main.ScriptEngine.run(ScriptEngine.java:194)
	at com.kms.katalon.core.main.ScriptEngine.runScriptAsRawText(ScriptEngine.java:119)
	at com.kms.katalon.core.main.TestCaseExecutor.runScript(TestCaseExecutor.java:328)
	at com.kms.katalon.core.main.TestCaseExecutor.doExecute(TestCaseExecutor.java:319)
	at com.kms.katalon.core.main.TestCaseExecutor.processExecutionPhase(TestCaseExecutor.java:298)
	at com.kms.katalon.core.main.TestCaseExecutor.accessMainPhase(TestCaseExecutor.java:290)
	at com.kms.katalon.core.main.TestCaseExecutor.execute(TestCaseExecutor.java:224)
	at com.kms.katalon.core.main.TestSuiteExecutor.accessTestCaseMainPhase(TestSuiteExecutor.java:129)
	at com.kms.katalon.core.main.TestSuiteExecutor.accessTestSuiteMainPhase(TestSuiteExecutor.java:112)
	at com.kms.katalon.core.main.TestSuiteExecutor.execute(TestSuiteExecutor.java:81)
	at com.kms.katalon.core.main.TestCaseMain.startTestSuite(TestCaseMain.java:149)
	at com.kms.katalon.core.main.TestCaseMain$startTestSuite$0.call(Unknown Source)
	at TempTestSuite1550200251338.run(TempTestSuite1550200251338.groovy:36)


2019-02-15 11:17:44 - [MESSAGE][FAILED] - Unable to click on object 'Object Repository/Perolehan/Kemasukan Terimaan/Drop_down_Jenis_Terimaan' (Root cause: org.openqa.selenium.ElementNotVisibleException: element not interactable
  (Session info: chrome=71.0.3578.98)
  (Driver info: chromedriver=2.43.600210 (68dcf5eebde37173d4027fa8635e332711d2874a),platform=Windows NT 10.0.17134 x86_64) (WARNING: The server did not provide any stacktrace information)
Command duration or timeout: 0 milliseconds
Build info: version: '3.7.1', revision: '8a0099a', time: '2017-11-06T21:07:36.161Z'
System info: host: 'DESKTOP-V9TS2EM', ip: '192.168.180.121', os.name: 'Windows 10', os.arch: 'amd64', os.version: '10.0', java.version: '1.8.0_181'
Driver info: com.kms.katalon.selenium.driver.CChromeDriver
Capabilities {acceptInsecureCerts: false, acceptSslCerts: false, applicationCacheEnabled: false, browserConnectionEnabled: false, browserName: chrome, chrome: {chromedriverVersion: 2.43.600210 (68dcf5eebde371..., userDataDir: C:\Users\CONSUL~1\AppData\L...}, cssSelectorsEnabled: true, databaseEnabled: false, goog:chromeOptions: {debuggerAddress: localhost:61539}, handlesAlerts: true, hasTouchScreen: false, javascriptEnabled: true, locationContextEnabled: true, mobileEmulationEnabled: false, nativeEvents: true, networkConnectionEnabled: false, pageLoadStrategy: normal, platform: XP, platformName: XP, rotatable: false, setWindowRect: true, takesHeapSnapshot: true, takesScreenshot: true, unexpectedAlertBehaviour: , unhandledPromptBehavior: , version: 71.0.3578.98, webStorageEnabled: true}
Session ID: b6a00727279751f8bf9ea7941720d986)
[[ATTACHMENT|C:\\Users\\Consultant_MSPHitect\\Katalon Studio\\TrainingonKatalon\\Reports\\Perolehan\\Perolehan\\20190215_111051\\1550200664678.png]]

2019-02-15 11:17:44 - [MESSAGE][FAILED] - click(findTestObject("Perolehan/Kemasukan Terimaan/Drop_down_Jenis_Terimaan")) FAILED.
Reason:
com.kms.katalon.core.exception.StepFailedException: Unable to click on object 'Object Repository/Perolehan/Kemasukan Terimaan/Drop_down_Jenis_Terimaan' (Root cause: org.openqa.selenium.ElementNotVisibleException: element not interactable
  (Session info: chrome=71.0.3578.98)
  (Driver info: chromedriver=2.43.600210 (68dcf5eebde37173d4027fa8635e332711d2874a),platform=Windows NT 10.0.17134 x86_64) (WARNING: The server did not provide any stacktrace information)
Command duration or timeout: 0 milliseconds
Build info: version: '3.7.1', revision: '8a0099a', time: '2017-11-06T21:07:36.161Z'
System info: host: 'DESKTOP-V9TS2EM', ip: '192.168.180.121', os.name: 'Windows 10', os.arch: 'amd64', os.version: '10.0', java.version: '1.8.0_181'
Driver info: com.kms.katalon.selenium.driver.CChromeDriver
Capabilities {acceptInsecureCerts: false, acceptSslCerts: false, applicationCacheEnabled: false, browserConnectionEnabled: false, browserName: chrome, chrome: {chromedriverVersion: 2.43.600210 (68dcf5eebde371..., userDataDir: C:\Users\CONSUL~1\AppData\L...}, cssSelectorsEnabled: true, databaseEnabled: false, goog:chromeOptions: {debuggerAddress: localhost:61539}, handlesAlerts: true, hasTouchScreen: false, javascriptEnabled: true, locationContextEnabled: true, mobileEmulationEnabled: false, nativeEvents: true, networkConnectionEnabled: false, pageLoadStrategy: normal, platform: XP, platformName: XP, rotatable: false, setWindowRect: true, takesHeapSnapshot: true, takesScreenshot: true, unexpectedAlertBehaviour: , unhandledPromptBehavior: , version: 71.0.3578.98, webStorageEnabled: true}
Session ID: b6a00727279751f8bf9ea7941720d986)
	at com.kms.katalon.core.keyword.internal.KeywordMain.stepFailed(KeywordMain.groovy:36)
	at com.kms.katalon.core.webui.keyword.internal.WebUIKeywordMain.stepFailed(WebUIKeywordMain.groovy:65)
	at com.kms.katalon.core.webui.keyword.internal.WebUIKeywordMain.runKeyword(WebUIKeywordMain.groovy:27)
	at com.kms.katalon.core.webui.keyword.builtin.ClickKeyword.click(ClickKeyword.groovy:86)
	at com.kms.katalon.core.webui.keyword.builtin.ClickKeyword.execute(ClickKeyword.groovy:67)
	at com.kms.katalon.core.keyword.internal.KeywordExecutor.executeKeywordForPlatform(KeywordExecutor.groovy:53)
	at com.kms.katalon.core.webui.keyword.WebUiBuiltInKeywords.click(WebUiBuiltInKeywords.groovy:616)
	at com.kms.katalon.core.webui.keyword.WebUiBuiltInKeywords$click$2.call(Unknown Source)
	at 001 Proses Kemasukan Terimaan Barang.run(001 Proses Kemasukan Terimaan Barang:75)
	at com.kms.katalon.core.main.ScriptEngine.run(ScriptEngine.java:194)
	at com.kms.katalon.core.main.ScriptEngine.runScriptAsRawText(ScriptEngine.java:119)
	at com.kms.katalon.core.main.TestCaseExecutor.runScript(TestCaseExecutor.java:328)
	at com.kms.katalon.core.main.TestCaseExecutor.doExecute(TestCaseExecutor.java:319)
	at com.kms.katalon.core.main.TestCaseExecutor.processExecutionPhase(TestCaseExecutor.java:298)
	at com.kms.katalon.core.main.TestCaseExecutor.accessMainPhase(TestCaseExecutor.java:290)
	at com.kms.katalon.core.main.TestCaseExecutor.execute(TestCaseExecutor.java:224)
	at com.kms.katalon.core.main.TestSuiteExecutor.accessTestCaseMainPhase(TestSuiteExecutor.java:129)
	at com.kms.katalon.core.main.TestSuiteExecutor.accessTestSuiteMainPhase(TestSuiteExecutor.java:112)
	at com.kms.katalon.core.main.TestSuiteExecutor.execute(TestSuiteExecutor.java:81)
	at com.kms.katalon.core.main.TestCaseMain.startTestSuite(TestCaseMain.java:149)
	at com.kms.katalon.core.main.TestCaseMain$startTestSuite$0.call(Unknown Source)
	at TempTestSuite1550200251338.run(TempTestSuite1550200251338.groovy:36)]]></system-out>
         <system-err><![CDATA[2019-02-15 11:16:18 - [TEST_CASE][FAILED] - Test Cases/Perolehan/005 Terimaan Barang Perkhidmatan/001 Proses Kemasukan Terimaan Barang: Test Cases/Perolehan/005 Terimaan Barang Perkhidmatan/001 Proses Kemasukan Terimaan Barang FAILED.
Reason:
com.kms.katalon.core.exception.StepFailedException: Unable to click on object 'Object Repository/Perolehan/Kemasukan Terimaan/Drop_down_Jenis_Terimaan' (Root cause: org.openqa.selenium.ElementNotVisibleException: element not interactable
  (Session info: chrome=71.0.3578.98)
  (Driver info: chromedriver=2.43.600210 (68dcf5eebde37173d4027fa8635e332711d2874a),platform=Windows NT 10.0.17134 x86_64) (WARNING: The server did not provide any stacktrace information)
Command duration or timeout: 0 milliseconds
Build info: version: '3.7.1', revision: '8a0099a', time: '2017-11-06T21:07:36.161Z'
System info: host: 'DESKTOP-V9TS2EM', ip: '192.168.180.121', os.name: 'Windows 10', os.arch: 'amd64', os.version: '10.0', java.version: '1.8.0_181'
Driver info: com.kms.katalon.selenium.driver.CChromeDriver
Capabilities {acceptInsecureCerts: false, acceptSslCerts: false, applicationCacheEnabled: false, browserConnectionEnabled: false, browserName: chrome, chrome: {chromedriverVersion: 2.43.600210 (68dcf5eebde371..., userDataDir: C:\Users\CONSUL~1\AppData\L...}, cssSelectorsEnabled: true, databaseEnabled: false, goog:chromeOptions: {debuggerAddress: localhost:61539}, handlesAlerts: true, hasTouchScreen: false, javascriptEnabled: true, locationContextEnabled: true, mobileEmulationEnabled: false, nativeEvents: true, networkConnectionEnabled: false, pageLoadStrategy: normal, platform: XP, platformName: XP, rotatable: false, setWindowRect: true, takesHeapSnapshot: true, takesScreenshot: true, unexpectedAlertBehaviour: , unhandledPromptBehavior: , version: 71.0.3578.98, webStorageEnabled: true}
Session ID: b6a00727279751f8bf9ea7941720d986)
	at com.kms.katalon.core.keyword.internal.KeywordMain.stepFailed(KeywordMain.groovy:36)
	at com.kms.katalon.core.webui.keyword.internal.WebUIKeywordMain.stepFailed(WebUIKeywordMain.groovy:65)
	at com.kms.katalon.core.webui.keyword.internal.WebUIKeywordMain.runKeyword(WebUIKeywordMain.groovy:27)
	at com.kms.katalon.core.webui.keyword.builtin.ClickKeyword.click(ClickKeyword.groovy:86)
	at com.kms.katalon.core.webui.keyword.builtin.ClickKeyword.execute(ClickKeyword.groovy:67)
	at com.kms.katalon.core.keyword.internal.KeywordExecutor.executeKeywordForPlatform(KeywordExecutor.groovy:53)
	at com.kms.katalon.core.webui.keyword.WebUiBuiltInKeywords.click(WebUiBuiltInKeywords.groovy:616)
	at com.kms.katalon.core.webui.keyword.WebUiBuiltInKeywords$click$2.call(Unknown Source)
	at 001 Proses Kemasukan Terimaan Barang.run(001 Proses Kemasukan Terimaan Barang:75)
	at com.kms.katalon.core.main.ScriptEngine.run(ScriptEngine.java:194)
	at com.kms.katalon.core.main.ScriptEngine.runScriptAsRawText(ScriptEngine.java:119)
	at com.kms.katalon.core.main.TestCaseExecutor.runScript(TestCaseExecutor.java:328)
	at com.kms.katalon.core.main.TestCaseExecutor.doExecute(TestCaseExecutor.java:319)
	at com.kms.katalon.core.main.TestCaseExecutor.processExecutionPhase(TestCaseExecutor.java:298)
	at com.kms.katalon.core.main.TestCaseExecutor.accessMainPhase(TestCaseExecutor.java:290)
	at com.kms.katalon.core.main.TestCaseExecutor.execute(TestCaseExecutor.java:224)
	at com.kms.katalon.core.main.TestSuiteExecutor.accessTestCaseMainPhase(TestSuiteExecutor.java:129)
	at com.kms.katalon.core.main.TestSuiteExecutor.accessTestSuiteMainPhase(TestSuiteExecutor.java:112)
	at com.kms.katalon.core.main.TestSuiteExecutor.execute(TestSuiteExecutor.java:81)
	at com.kms.katalon.core.main.TestCaseMain.startTestSuite(TestCaseMain.java:149)
	at com.kms.katalon.core.main.TestCaseMain$startTestSuite$0.call(Unknown Source)
	at TempTestSuite1550200251338.run(TempTestSuite1550200251338.groovy:36)]]></system-err>
      </testcase>
      <system-out><![CDATA[2019-02-15 11:10:58 - [TEST_SUITE][FAILED] - Perolehan: Test Cases/Perolehan/002 Rekod Baru oleh Penyedia/001 Penyedia Rekod Baru FAILED.
Reason:
com.kms.katalon.core.exception.StepFailedException: Unable to click on object 'Object Repository/Perolehan/Penyedia_RekodBaru/select_master_PTJ' (Root cause: org.openqa.selenium.ElementNotVisibleException: element not interactable
  (Session info: chrome=71.0.3578.98)
  (Driver info: chromedriver=2.43.600210 (68dcf5eebde37173d4027fa8635e332711d2874a),platform=Windows NT 10.0.17134 x86_64) (WARNING: The server did not provide any stacktrace information)
Command duration or timeout: 0 milliseconds
Build info: version: '3.7.1', revision: '8a0099a', time: '2017-11-06T21:07:36.161Z'
System info: host: 'DESKTOP-V9TS2EM', ip: '192.168.180.121', os.name: 'Windows 10', os.arch: 'amd64', os.version: '10.0', java.version: '1.8.0_181'
Driver info: com.kms.katalon.selenium.driver.CChromeDriver
Capabilities {acceptInsecureCerts: false, acceptSslCerts: false, applicationCacheEnabled: false, browserConnectionEnabled: false, browserName: chrome, chrome: {chromedriverVersion: 2.43.600210 (68dcf5eebde371..., userDataDir: C:\Users\CONSUL~1\AppData\L...}, cssSelectorsEnabled: true, databaseEnabled: false, goog:chromeOptions: {debuggerAddress: localhost:60869}, handlesAlerts: true, hasTouchScreen: false, javascriptEnabled: true, locationContextEnabled: true, mobileEmulationEnabled: false, nativeEvents: true, networkConnectionEnabled: false, pageLoadStrategy: normal, platform: XP, platformName: XP, rotatable: false, setWindowRect: true, takesHeapSnapshot: true, takesScreenshot: true, unexpectedAlertBehaviour: , unhandledPromptBehavior: , version: 71.0.3578.98, webStorageEnabled: true}
Session ID: 174d6768403a79bb7f889825618407e0)
	at com.kms.katalon.core.keyword.internal.KeywordMain.stepFailed(KeywordMain.groovy:36)
	at com.kms.katalon.core.webui.keyword.internal.WebUIKeywordMain.stepFailed(WebUIKeywordMain.groovy:65)
	at com.kms.katalon.core.webui.keyword.internal.WebUIKeywordMain.runKeyword(WebUIKeywordMain.groovy:27)
	at com.kms.katalon.core.webui.keyword.builtin.ClickKeyword.click(ClickKeyword.groovy:86)
	at com.kms.katalon.core.webui.keyword.builtin.ClickKeyword.execute(ClickKeyword.groovy:67)
	at com.kms.katalon.core.keyword.internal.KeywordExecutor.executeKeywordForPlatform(KeywordExecutor.groovy:53)
	at com.kms.katalon.core.webui.keyword.WebUiBuiltInKeywords.click(WebUiBuiltInKeywords.groovy:616)
	at com.kms.katalon.core.webui.keyword.WebUiBuiltInKeywords$click$2.call(Unknown Source)
	at 001 Penyedia Rekod Baru.run(001 Penyedia Rekod Baru:226)
	at com.kms.katalon.core.main.ScriptEngine.run(ScriptEngine.java:194)
	at com.kms.katalon.core.main.ScriptEngine.runScriptAsRawText(ScriptEngine.java:119)
	at com.kms.katalon.core.main.TestCaseExecutor.runScript(TestCaseExecutor.java:328)
	at com.kms.katalon.core.main.TestCaseExecutor.doExecute(TestCaseExecutor.java:319)
	at com.kms.katalon.core.main.TestCaseExecutor.processExecutionPhase(TestCaseExecutor.java:298)
	at com.kms.katalon.core.main.TestCaseExecutor.accessMainPhase(TestCaseExecutor.java:290)
	at com.kms.katalon.core.main.TestCaseExecutor.execute(TestCaseExecutor.java:224)
	at com.kms.katalon.core.main.TestSuiteExecutor.accessTestCaseMainPhase(TestSuiteExecutor.java:129)
	at com.kms.katalon.core.main.TestSuiteExecutor.accessTestSuiteMainPhase(TestSuiteExecutor.java:112)
	at com.kms.katalon.core.main.TestSuiteExecutor.execute(TestSuiteExecutor.java:81)
	at com.kms.katalon.core.main.TestCaseMain.startTestSuite(TestCaseMain.java:149)
	at com.kms.katalon.core.main.TestCaseMain$startTestSuite$0.call(Unknown Source)
	at TempTestSuite1550200251338.run(TempTestSuite1550200251338.groovy:36)]]></system-out>
      <system-err><![CDATA[2019-02-15 11:10:58 - [TEST_SUITE][FAILED] - Perolehan: Test Cases/Perolehan/002 Rekod Baru oleh Penyedia/001 Penyedia Rekod Baru FAILED.
Reason:
com.kms.katalon.core.exception.StepFailedException: Unable to click on object 'Object Repository/Perolehan/Penyedia_RekodBaru/select_master_PTJ' (Root cause: org.openqa.selenium.ElementNotVisibleException: element not interactable
  (Session info: chrome=71.0.3578.98)
  (Driver info: chromedriver=2.43.600210 (68dcf5eebde37173d4027fa8635e332711d2874a),platform=Windows NT 10.0.17134 x86_64) (WARNING: The server did not provide any stacktrace information)
Command duration or timeout: 0 milliseconds
Build info: version: '3.7.1', revision: '8a0099a', time: '2017-11-06T21:07:36.161Z'
System info: host: 'DESKTOP-V9TS2EM', ip: '192.168.180.121', os.name: 'Windows 10', os.arch: 'amd64', os.version: '10.0', java.version: '1.8.0_181'
Driver info: com.kms.katalon.selenium.driver.CChromeDriver
Capabilities {acceptInsecureCerts: false, acceptSslCerts: false, applicationCacheEnabled: false, browserConnectionEnabled: false, browserName: chrome, chrome: {chromedriverVersion: 2.43.600210 (68dcf5eebde371..., userDataDir: C:\Users\CONSUL~1\AppData\L...}, cssSelectorsEnabled: true, databaseEnabled: false, goog:chromeOptions: {debuggerAddress: localhost:60869}, handlesAlerts: true, hasTouchScreen: false, javascriptEnabled: true, locationContextEnabled: true, mobileEmulationEnabled: false, nativeEvents: true, networkConnectionEnabled: false, pageLoadStrategy: normal, platform: XP, platformName: XP, rotatable: false, setWindowRect: true, takesHeapSnapshot: true, takesScreenshot: true, unexpectedAlertBehaviour: , unhandledPromptBehavior: , version: 71.0.3578.98, webStorageEnabled: true}
Session ID: 174d6768403a79bb7f889825618407e0)
	at com.kms.katalon.core.keyword.internal.KeywordMain.stepFailed(KeywordMain.groovy:36)
	at com.kms.katalon.core.webui.keyword.internal.WebUIKeywordMain.stepFailed(WebUIKeywordMain.groovy:65)
	at com.kms.katalon.core.webui.keyword.internal.WebUIKeywordMain.runKeyword(WebUIKeywordMain.groovy:27)
	at com.kms.katalon.core.webui.keyword.builtin.ClickKeyword.click(ClickKeyword.groovy:86)
	at com.kms.katalon.core.webui.keyword.builtin.ClickKeyword.execute(ClickKeyword.groovy:67)
	at com.kms.katalon.core.keyword.internal.KeywordExecutor.executeKeywordForPlatform(KeywordExecutor.groovy:53)
	at com.kms.katalon.core.webui.keyword.WebUiBuiltInKeywords.click(WebUiBuiltInKeywords.groovy:616)
	at com.kms.katalon.core.webui.keyword.WebUiBuiltInKeywords$click$2.call(Unknown Source)
	at 001 Penyedia Rekod Baru.run(001 Penyedia Rekod Baru:226)
	at com.kms.katalon.core.main.ScriptEngine.run(ScriptEngine.java:194)
	at com.kms.katalon.core.main.ScriptEngine.runScriptAsRawText(ScriptEngine.java:119)
	at com.kms.katalon.core.main.TestCaseExecutor.runScript(TestCaseExecutor.java:328)
	at com.kms.katalon.core.main.TestCaseExecutor.doExecute(TestCaseExecutor.java:319)
	at com.kms.katalon.core.main.TestCaseExecutor.processExecutionPhase(TestCaseExecutor.java:298)
	at com.kms.katalon.core.main.TestCaseExecutor.accessMainPhase(TestCaseExecutor.java:290)
	at com.kms.katalon.core.main.TestCaseExecutor.execute(TestCaseExecutor.java:224)
	at com.kms.katalon.core.main.TestSuiteExecutor.accessTestCaseMainPhase(TestSuiteExecutor.java:129)
	at com.kms.katalon.core.main.TestSuiteExecutor.accessTestSuiteMainPhase(TestSuiteExecutor.java:112)
	at com.kms.katalon.core.main.TestSuiteExecutor.execute(TestSuiteExecutor.java:81)
	at com.kms.katalon.core.main.TestCaseMain.startTestSuite(TestCaseMain.java:149)
	at com.kms.katalon.core.main.TestCaseMain$startTestSuite$0.call(Unknown Source)
	at TempTestSuite1550200251338.run(TempTestSuite1550200251338.groovy:36)]]></system-err>
   </testsuite>
</testsuites>
