<?xml version="1.0" encoding="UTF-8"?>
<testsuites name="Functional Test" time="351" tests="2" failures="1" errors="0">
   <testsuite name="Functional Test" tests="2" failures="1" errors="0" time="351" timestamp="2019-01-31 10:48:08" hostname="Consultant_MSPHitect - DESKTOP-V9TS2EM" id="Test Suites/Terimaan/Functional Test">
      <properties>
         <property name="deviceName" value=""/>
         <property name="devicePlatform" value=""/>
         <property name="logFolder" value="C:\\Users\\Consultant_MSPHitect\\Katalon Studio\\TrainingonKatalon\\Reports\\Terimaan\\Functional Test\\20190131_104800"/>
         <property name="logFiles" value="C:\\Users\\Consultant_MSPHitect\\Katalon Studio\\TrainingonKatalon\\Reports\\Terimaan\\Functional Test\\20190131_104800\\execution0.log"/>
         <property name="attachments" value="C:\\Users\\Consultant_MSPHitect\\Katalon Studio\\TrainingonKatalon\\Reports\\Terimaan\\Functional Test\\20190131_104800\\1548903069863.png"/>
         <property name="hostName" value="Consultant_MSPHitect - DESKTOP-V9TS2EM"/>
         <property name="os" value="Windows 10 64bit"/>
         <property name="katalonVersion" value="5.10.1.1"/>
         <property name="browser" value="Chrome 71.0.3578.98"/>
         <property name="hostAddress" value="192.168.180.121"/>
         <property name="sessionId" value="b3889071d1402632af7a04d4a5c10322"/>
         <property name="seleniumVersion" value="3.7.1"/>
         <property name="proxyInformation" value="ProxyInformation{proxyOption=NO_PROXY, proxyServerType=HTTP, password=, proxyServerAddress=, proxyServerPort=0}"/>
         <property name="platform" value="Windows 10"/>
      </properties>
      <testcase name="Test Cases/Terimaan/Terimaan Pelbagai" classname="Test Cases/Terimaan/Terimaan Pelbagai" status="FAILED">
         <failure type="FAILED" message="Test Cases/Terimaan/Terimaan Pelbagai FAILED.
Reason:
com.kms.katalon.core.exception.StepFailedException: Unable to click on object 'Object Repository/RecordandPlay/div_TUNAI' (Root cause: org.openqa.selenium.ElementNotVisibleException: element not interactable
  (Session info: chrome=71.0.3578.98)
  (Driver info: chromedriver=2.43.600210 (68dcf5eebde37173d4027fa8635e332711d2874a),platform=Windows NT 10.0.17134 x86_64) (WARNING: The server did not provide any stacktrace information)
Command duration or timeout: 0 milliseconds
Build info: version: '3.7.1', revision: '8a0099a', time: '2017-11-06T21:07:36.161Z'
System info: host: 'DESKTOP-V9TS2EM', ip: '192.168.180.121', os.name: 'Windows 10', os.arch: 'amd64', os.version: '10.0', java.version: '1.8.0_181'
Driver info: com.kms.katalon.selenium.driver.CChromeDriver
Capabilities {acceptInsecureCerts: false, acceptSslCerts: false, applicationCacheEnabled: false, browserConnectionEnabled: false, browserName: chrome, chrome: {chromedriverVersion: 2.43.600210 (68dcf5eebde371..., userDataDir: C:\Users\CONSUL~1\AppData\L...}, cssSelectorsEnabled: true, databaseEnabled: false, goog:chromeOptions: {debuggerAddress: localhost:62418}, handlesAlerts: true, hasTouchScreen: false, javascriptEnabled: true, locationContextEnabled: true, mobileEmulationEnabled: false, nativeEvents: true, networkConnectionEnabled: false, pageLoadStrategy: normal, platform: XP, platformName: XP, rotatable: false, setWindowRect: true, takesHeapSnapshot: true, takesScreenshot: true, unexpectedAlertBehaviour: , unhandledPromptBehavior: , version: 71.0.3578.98, webStorageEnabled: true}
Session ID: a9c080c8a2c06c2bfff36136000718f9)
	at com.kms.katalon.core.keyword.internal.KeywordMain.stepFailed(KeywordMain.groovy:36)
	at com.kms.katalon.core.webui.keyword.internal.WebUIKeywordMain.stepFailed(WebUIKeywordMain.groovy:65)
	at com.kms.katalon.core.webui.keyword.internal.WebUIKeywordMain.runKeyword(WebUIKeywordMain.groovy:27)
	at com.kms.katalon.core.webui.keyword.builtin.ClickKeyword.click(ClickKeyword.groovy:86)
	at com.kms.katalon.core.webui.keyword.builtin.ClickKeyword.execute(ClickKeyword.groovy:67)
	at com.kms.katalon.core.keyword.internal.KeywordExecutor.executeKeywordForPlatform(KeywordExecutor.groovy:53)
	at com.kms.katalon.core.webui.keyword.WebUiBuiltInKeywords.click(WebUiBuiltInKeywords.groovy:616)
	at com.kms.katalon.core.webui.keyword.WebUiBuiltInKeywords$click$3.call(Unknown Source)
	at Terimaan Pelbagai.run(Terimaan Pelbagai:92)
	at com.kms.katalon.core.main.ScriptEngine.run(ScriptEngine.java:194)
	at com.kms.katalon.core.main.ScriptEngine.runScriptAsRawText(ScriptEngine.java:119)
	at com.kms.katalon.core.main.TestCaseExecutor.runScript(TestCaseExecutor.java:328)
	at com.kms.katalon.core.main.TestCaseExecutor.doExecute(TestCaseExecutor.java:319)
	at com.kms.katalon.core.main.TestCaseExecutor.processExecutionPhase(TestCaseExecutor.java:298)
	at com.kms.katalon.core.main.TestCaseExecutor.accessMainPhase(TestCaseExecutor.java:290)
	at com.kms.katalon.core.main.TestCaseExecutor.execute(TestCaseExecutor.java:224)
	at com.kms.katalon.core.main.TestSuiteExecutor.accessTestCaseMainPhase(TestSuiteExecutor.java:129)
	at com.kms.katalon.core.main.TestSuiteExecutor.accessTestSuiteMainPhase(TestSuiteExecutor.java:112)
	at com.kms.katalon.core.main.TestSuiteExecutor.execute(TestSuiteExecutor.java:81)
	at com.kms.katalon.core.main.TestCaseMain.startTestSuite(TestCaseMain.java:149)
	at com.kms.katalon.core.main.TestCaseMain$startTestSuite$0.call(Unknown Source)
	at TempTestSuite1548902880766.run(TempTestSuite1548902880766.groovy:36)
"/>
         <system-out><![CDATA[2019-01-31 10:48:09 - [TEST_CASE][FAILED] - Test Cases/Terimaan/Terimaan Pelbagai: Test Cases/Terimaan/Terimaan Pelbagai FAILED.
Reason:
com.kms.katalon.core.exception.StepFailedException: Unable to click on object 'Object Repository/RecordandPlay/div_TUNAI' (Root cause: org.openqa.selenium.ElementNotVisibleException: element not interactable
  (Session info: chrome=71.0.3578.98)
  (Driver info: chromedriver=2.43.600210 (68dcf5eebde37173d4027fa8635e332711d2874a),platform=Windows NT 10.0.17134 x86_64) (WARNING: The server did not provide any stacktrace information)
Command duration or timeout: 0 milliseconds
Build info: version: '3.7.1', revision: '8a0099a', time: '2017-11-06T21:07:36.161Z'
System info: host: 'DESKTOP-V9TS2EM', ip: '192.168.180.121', os.name: 'Windows 10', os.arch: 'amd64', os.version: '10.0', java.version: '1.8.0_181'
Driver info: com.kms.katalon.selenium.driver.CChromeDriver
Capabilities {acceptInsecureCerts: false, acceptSslCerts: false, applicationCacheEnabled: false, browserConnectionEnabled: false, browserName: chrome, chrome: {chromedriverVersion: 2.43.600210 (68dcf5eebde371..., userDataDir: C:\Users\CONSUL~1\AppData\L...}, cssSelectorsEnabled: true, databaseEnabled: false, goog:chromeOptions: {debuggerAddress: localhost:62418}, handlesAlerts: true, hasTouchScreen: false, javascriptEnabled: true, locationContextEnabled: true, mobileEmulationEnabled: false, nativeEvents: true, networkConnectionEnabled: false, pageLoadStrategy: normal, platform: XP, platformName: XP, rotatable: false, setWindowRect: true, takesHeapSnapshot: true, takesScreenshot: true, unexpectedAlertBehaviour: , unhandledPromptBehavior: , version: 71.0.3578.98, webStorageEnabled: true}
Session ID: a9c080c8a2c06c2bfff36136000718f9)
	at com.kms.katalon.core.keyword.internal.KeywordMain.stepFailed(KeywordMain.groovy:36)
	at com.kms.katalon.core.webui.keyword.internal.WebUIKeywordMain.stepFailed(WebUIKeywordMain.groovy:65)
	at com.kms.katalon.core.webui.keyword.internal.WebUIKeywordMain.runKeyword(WebUIKeywordMain.groovy:27)
	at com.kms.katalon.core.webui.keyword.builtin.ClickKeyword.click(ClickKeyword.groovy:86)
	at com.kms.katalon.core.webui.keyword.builtin.ClickKeyword.execute(ClickKeyword.groovy:67)
	at com.kms.katalon.core.keyword.internal.KeywordExecutor.executeKeywordForPlatform(KeywordExecutor.groovy:53)
	at com.kms.katalon.core.webui.keyword.WebUiBuiltInKeywords.click(WebUiBuiltInKeywords.groovy:616)
	at com.kms.katalon.core.webui.keyword.WebUiBuiltInKeywords$click$3.call(Unknown Source)
	at Terimaan Pelbagai.run(Terimaan Pelbagai:92)
	at com.kms.katalon.core.main.ScriptEngine.run(ScriptEngine.java:194)
	at com.kms.katalon.core.main.ScriptEngine.runScriptAsRawText(ScriptEngine.java:119)
	at com.kms.katalon.core.main.TestCaseExecutor.runScript(TestCaseExecutor.java:328)
	at com.kms.katalon.core.main.TestCaseExecutor.doExecute(TestCaseExecutor.java:319)
	at com.kms.katalon.core.main.TestCaseExecutor.processExecutionPhase(TestCaseExecutor.java:298)
	at com.kms.katalon.core.main.TestCaseExecutor.accessMainPhase(TestCaseExecutor.java:290)
	at com.kms.katalon.core.main.TestCaseExecutor.execute(TestCaseExecutor.java:224)
	at com.kms.katalon.core.main.TestSuiteExecutor.accessTestCaseMainPhase(TestSuiteExecutor.java:129)
	at com.kms.katalon.core.main.TestSuiteExecutor.accessTestSuiteMainPhase(TestSuiteExecutor.java:112)
	at com.kms.katalon.core.main.TestSuiteExecutor.execute(TestSuiteExecutor.java:81)
	at com.kms.katalon.core.main.TestCaseMain.startTestSuite(TestCaseMain.java:149)
	at com.kms.katalon.core.main.TestCaseMain$startTestSuite$0.call(Unknown Source)
	at TempTestSuite1548902880766.run(TempTestSuite1548902880766.groovy:36)


2019-01-31 10:48:09 - [TEST_STEP][PASSED] - openBrowser(""): Browser is opened with url: ''

2019-01-31 10:48:10 - [MESSAGE][INFO] - Starting 'Chrome' driver

2019-01-31 10:48:10 - [MESSAGE][INFO] - Action delay is set to 1 seconds

2019-01-31 10:48:16 - [MESSAGE][PASSED] - Browser is opened with url: ''

2019-01-31 10:48:16 - [TEST_STEP][PASSED] - navigateToUrl("https://175.143.52.101:7011/1SPEKSv2/"): Navigate to 'https://175.143.52.101:7011/1SPEKSv2/' successfully

2019-01-31 10:48:18 - [MESSAGE][PASSED] - Navigate to 'https://175.143.52.101:7011/1SPEKSv2/' successfully

2019-01-31 10:48:18 - [TEST_STEP][PASSED] - setText(findTestObject("Object Repository/RecordandPlay/input_LOG Masuk_textbox-text v"), "790214108888"): Text '790214108888' is set on object 'Object Repository/RecordandPlay/input_LOG Masuk_textbox-text v'

2019-01-31 10:48:23 - [MESSAGE][PASSED] - Text '790214108888' is set on object 'Object Repository/RecordandPlay/input_LOG Masuk_textbox-text v'

2019-01-31 10:48:23 - [TEST_STEP][PASSED] - setEncryptedText(findTestObject("RecordandPlay/input_LOG Masuk_textbox-text v_1"), "8SQVv/p9jVScEs4/2CZsLw=="): Text ****** has been set on object 'Object Repository/RecordandPlay/input_LOG Masuk_textbox-text v_1'

2019-01-31 10:48:26 - [MESSAGE][PASSED] - Text ****** has been set on object 'Object Repository/RecordandPlay/input_LOG Masuk_textbox-text v_1'

2019-01-31 10:48:26 - [TEST_STEP][PASSED] - click(findTestObject("Object Repository/RecordandPlay/input_LOG Masuk_button large b")): Object: 'Object Repository/RecordandPlay/input_LOG Masuk_button large b' is clicked on

2019-01-31 10:48:29 - [MESSAGE][PASSED] - Object: 'Object Repository/RecordandPlay/input_LOG Masuk_button large b' is clicked on

2019-01-31 10:48:29 - [TEST_STEP][PASSED] - delay(15): Delayed 15 second(s)

2019-01-31 10:48:44 - [MESSAGE][PASSED] - Delayed 15 second(s)

2019-01-31 10:48:44 - [TEST_STEP][PASSED] - click(findTestObject("Object Repository/RecordandPlay/a_Housekeeping_layout-button-r")): Object: 'Object Repository/RecordandPlay/a_Housekeeping_layout-button-r' is clicked on

2019-01-31 10:48:47 - [MESSAGE][PASSED] - Object: 'Object Repository/RecordandPlay/a_Housekeeping_layout-button-r' is clicked on

2019-01-31 10:48:47 - [TEST_STEP][PASSED] - delay(5): Delayed 5 second(s)

2019-01-31 10:48:52 - [MESSAGE][PASSED] - Delayed 5 second(s)

2019-01-31 10:48:52 - [TEST_STEP][PASSED] - click(findTestObject("Object Repository/RecordandPlay/div_Akaun Belum Terima")): Object: 'Object Repository/RecordandPlay/div_Akaun Belum Terima' is clicked on

2019-01-31 10:48:54 - [MESSAGE][PASSED] - Object: 'Object Repository/RecordandPlay/div_Akaun Belum Terima' is clicked on

2019-01-31 10:48:54 - [TEST_STEP][PASSED] - delay(5): Delayed 5 second(s)

2019-01-31 10:48:59 - [MESSAGE][PASSED] - Delayed 5 second(s)

2019-01-31 10:48:59 - [TEST_STEP][PASSED] - click(findTestObject("Object Repository/RecordandPlay/a_Tanpa Bil")): Object: 'Object Repository/RecordandPlay/a_Tanpa Bil' is clicked on

2019-01-31 10:49:01 - [MESSAGE][PASSED] - Object: 'Object Repository/RecordandPlay/a_Tanpa Bil' is clicked on

2019-01-31 10:49:01 - [TEST_STEP][PASSED] - delay(10): Delayed 10 second(s)

2019-01-31 10:49:11 - [MESSAGE][PASSED] - Delayed 10 second(s)

2019-01-31 10:49:11 - [TEST_STEP][PASSED] - click(findTestObject("RecordandPlay/img_TukarPeranan")): Object: 'Object Repository/RecordandPlay/img_TukarPeranan' is clicked on

2019-01-31 10:49:13 - [MESSAGE][PASSED] - Object: 'Object Repository/RecordandPlay/img_TukarPeranan' is clicked on

2019-01-31 10:49:13 - [TEST_STEP][PASSED] - verifyTextPresent("Tukar Jabatan, PTJ, Peringkat & Peranan", false): Text 'Tukar Jabatan, PTJ, Peringkat & Peranan' is present on page 

2019-01-31 10:49:16 - [MESSAGE][PASSED] - Text 'Tukar Jabatan, PTJ, Peringkat & Peranan' is present on page 

2019-01-31 10:49:16 - [TEST_STEP][PASSED] - click(findTestObject("Object Repository/RecordandPlay/input_BN_pengguna")): Object: 'Object Repository/RecordandPlay/input_BN_pengguna' is clicked on

2019-01-31 10:49:18 - [MESSAGE][PASSED] - Object: 'Object Repository/RecordandPlay/input_BN_pengguna' is clicked on

2019-01-31 10:49:18 - [TEST_STEP][PASSED] - click(findTestObject("RecordandPlay/a_YaTukarPeranan")): Object: 'Object Repository/RecordandPlay/a_YaTukarPeranan' is clicked on

2019-01-31 10:49:20 - [MESSAGE][PASSED] - Object: 'Object Repository/RecordandPlay/a_YaTukarPeranan' is clicked on

2019-01-31 10:49:20 - [TEST_STEP][PASSED] - delay(5): Delayed 5 second(s)

2019-01-31 10:49:25 - [MESSAGE][PASSED] - Delayed 5 second(s)

2019-01-31 10:49:25 - [TEST_STEP][PASSED] - verifyTextPresent("JABATAN KERJA RAYA [021000]", false): Text 'JABATAN KERJA RAYA [021000]' is present on page 

2019-01-31 10:49:28 - [MESSAGE][PASSED] - Text 'JABATAN KERJA RAYA [021000]' is present on page 

2019-01-31 10:49:28 - [TEST_STEP][PASSED] - click(findTestObject("Object Repository/RecordandPlay/div_Peranan  Penyedia Peringka")): Object: 'Object Repository/RecordandPlay/div_Peranan  Penyedia Peringka' is clicked on

2019-01-31 10:49:31 - [MESSAGE][PASSED] - Object: 'Object Repository/RecordandPlay/div_Peranan  Penyedia Peringka' is clicked on

2019-01-31 10:49:31 - [TEST_STEP][PASSED] - verifyTextPresent("Peranan : [Penyedia] Peringkat : [PTJ]", false): Text 'Peranan : [Penyedia] Peringkat : [PTJ]' is present on page 

2019-01-31 10:49:36 - [MESSAGE][PASSED] - Text 'Peranan : [Penyedia] Peringkat : [PTJ]' is present on page 

2019-01-31 10:49:36 - [TEST_STEP][PASSED] - click(findTestObject("Object Repository/RecordandPlay/a_Housekeeping_layout-button-r")): Object: 'Object Repository/RecordandPlay/a_Housekeeping_layout-button-r' is clicked on

2019-01-31 10:49:38 - [MESSAGE][PASSED] - Object: 'Object Repository/RecordandPlay/a_Housekeeping_layout-button-r' is clicked on

2019-01-31 10:49:38 - [TEST_STEP][PASSED] - delay(5): Delayed 5 second(s)

2019-01-31 10:49:43 - [MESSAGE][PASSED] - Delayed 5 second(s)

2019-01-31 10:49:43 - [TEST_STEP][PASSED] - click(findTestObject("Object Repository/RecordandPlay/div_Akaun Belum Terima")): Object: 'Object Repository/RecordandPlay/div_Akaun Belum Terima' is clicked on

2019-01-31 10:49:46 - [MESSAGE][PASSED] - Object: 'Object Repository/RecordandPlay/div_Akaun Belum Terima' is clicked on

2019-01-31 10:49:46 - [TEST_STEP][PASSED] - delay(5): Delayed 5 second(s)

2019-01-31 10:49:51 - [MESSAGE][PASSED] - Delayed 5 second(s)

2019-01-31 10:49:51 - [TEST_STEP][PASSED] - click(findTestObject("Object Repository/RecordandPlay/a_Tanpa Bil")): Object: 'Object Repository/RecordandPlay/a_Tanpa Bil' is clicked on

2019-01-31 10:49:53 - [MESSAGE][PASSED] - Object: 'Object Repository/RecordandPlay/a_Tanpa Bil' is clicked on

2019-01-31 10:49:53 - [TEST_STEP][PASSED] - delay(20): Delayed 20 second(s)

2019-01-31 10:50:13 - [MESSAGE][PASSED] - Delayed 20 second(s)

2019-01-31 10:50:13 - [TEST_STEP][PASSED] - click(findTestObject("Object Repository/RecordandPlay/span_REKOD BARU")): Object: 'Object Repository/RecordandPlay/span_REKOD BARU' is clicked on

2019-01-31 10:50:15 - [MESSAGE][PASSED] - Object: 'Object Repository/RecordandPlay/span_REKOD BARU' is clicked on

2019-01-31 10:50:15 - [TEST_STEP][PASSED] - delay(20): Delayed 20 second(s)

2019-01-31 10:50:35 - [MESSAGE][PASSED] - Delayed 20 second(s)

2019-01-31 10:50:35 - [TEST_STEP][PASSED] - click(findTestObject("Object Repository/RecordandPlay/a_OkSimpan")): Object: 'Object Repository/RecordandPlay/a_OkSimpan' is clicked on

2019-01-31 10:50:37 - [MESSAGE][PASSED] - Object: 'Object Repository/RecordandPlay/a_OkSimpan' is clicked on

2019-01-31 10:50:37 - [TEST_STEP][PASSED] - click(findTestObject("Object Repository/RecordandPlay/a__dropdownJenisterimaan")): Object: 'Object Repository/RecordandPlay/a__dropdownJenisterimaan' is clicked on

2019-01-31 10:50:39 - [MESSAGE][PASSED] - Object: 'Object Repository/RecordandPlay/a__dropdownJenisterimaan' is clicked on

2019-01-31 10:50:39 - [TEST_STEP][PASSED] - click(findTestObject("Object Repository/RecordandPlay/div_TERIMAAN BAYARAN PELBAGAI")): Object: 'Object Repository/RecordandPlay/div_TERIMAAN BAYARAN PELBAGAI' is clicked on

2019-01-31 10:50:42 - [MESSAGE][PASSED] - Object: 'Object Repository/RecordandPlay/div_TERIMAAN BAYARAN PELBAGAI' is clicked on

2019-01-31 10:50:42 - [TEST_STEP][PASSED] - setText(findTestObject("RecordandPlay/input__nodaftarsyarikat"), "123123999"): Text '123123999' is set on object 'Object Repository/RecordandPlay/input__nodaftarsyarikat'

2019-01-31 10:50:46 - [MESSAGE][PASSED] - Text '123123999' is set on object 'Object Repository/RecordandPlay/input__nodaftarsyarikat'

2019-01-31 10:50:46 - [TEST_STEP][PASSED] - setText(findTestObject("RecordandPlay/input__namapembayar"), "julia kadri"): Text 'julia kadri' is set on object 'Object Repository/RecordandPlay/input__namapembayar'

2019-01-31 10:50:50 - [MESSAGE][PASSED] - Text 'julia kadri' is set on object 'Object Repository/RecordandPlay/input__namapembayar'

2019-01-31 10:50:50 - [TEST_STEP][PASSED] - setText(findTestObject("RecordandPlay/input__alamat"), "sepang"): Text 'sepang' is set on object 'Object Repository/RecordandPlay/input__alamat'

2019-01-31 10:50:54 - [MESSAGE][PASSED] - Text 'sepang' is set on object 'Object Repository/RecordandPlay/input__alamat'

2019-01-31 10:50:54 - [TEST_STEP][PASSED] - setText(findTestObject("RecordandPlay/input__poskod"), "43000"): Text '43000' is set on object 'Object Repository/RecordandPlay/input__poskod'

2019-01-31 10:50:59 - [MESSAGE][PASSED] - Text '43000' is set on object 'Object Repository/RecordandPlay/input__poskod'

2019-01-31 10:50:59 - [TEST_STEP][PASSED] - setText(findTestObject("RecordandPlay/input__perihal"), "this is a test for Terimaan"): Text 'this is a test for Terimaan' is set on object 'Object Repository/RecordandPlay/input__perihal'

2019-01-31 10:51:03 - [MESSAGE][PASSED] - Text 'this is a test for Terimaan' is set on object 'Object Repository/RecordandPlay/input__perihal'

2019-01-31 10:51:03 - [TEST_STEP][PASSED] - getText(findTestObject("Object Repository/RecordandPlay/span_29012019")): Text of object 'Object Repository/RecordandPlay/span_29012019' is: '31/01/2019'

2019-01-31 10:51:05 - [MESSAGE][PASSED] - Text of object 'Object Repository/RecordandPlay/span_29012019' is: '31/01/2019'

2019-01-31 10:51:05 - [TEST_STEP][PASSED] - click(findTestObject("RecordandPlay/a__tambahmaklumatterperinci")): Object: 'Object Repository/RecordandPlay/a__tambahmaklumatterperinci' is clicked on

2019-01-31 10:51:07 - [MESSAGE][PASSED] - Object: 'Object Repository/RecordandPlay/a__tambahmaklumatterperinci' is clicked on

2019-01-31 10:51:07 - [TEST_STEP][FAILED] - click(findTestObject("Object Repository/RecordandPlay/div_TUNAI")): click(findTestObject("Object Repository/RecordandPlay/div_TUNAI")) FAILED.
Reason:
com.kms.katalon.core.exception.StepFailedException: Unable to click on object 'Object Repository/RecordandPlay/div_TUNAI' (Root cause: org.openqa.selenium.ElementNotVisibleException: element not interactable
  (Session info: chrome=71.0.3578.98)
  (Driver info: chromedriver=2.43.600210 (68dcf5eebde37173d4027fa8635e332711d2874a),platform=Windows NT 10.0.17134 x86_64) (WARNING: The server did not provide any stacktrace information)
Command duration or timeout: 0 milliseconds
Build info: version: '3.7.1', revision: '8a0099a', time: '2017-11-06T21:07:36.161Z'
System info: host: 'DESKTOP-V9TS2EM', ip: '192.168.180.121', os.name: 'Windows 10', os.arch: 'amd64', os.version: '10.0', java.version: '1.8.0_181'
Driver info: com.kms.katalon.selenium.driver.CChromeDriver
Capabilities {acceptInsecureCerts: false, acceptSslCerts: false, applicationCacheEnabled: false, browserConnectionEnabled: false, browserName: chrome, chrome: {chromedriverVersion: 2.43.600210 (68dcf5eebde371..., userDataDir: C:\Users\CONSUL~1\AppData\L...}, cssSelectorsEnabled: true, databaseEnabled: false, goog:chromeOptions: {debuggerAddress: localhost:62418}, handlesAlerts: true, hasTouchScreen: false, javascriptEnabled: true, locationContextEnabled: true, mobileEmulationEnabled: false, nativeEvents: true, networkConnectionEnabled: false, pageLoadStrategy: normal, platform: XP, platformName: XP, rotatable: false, setWindowRect: true, takesHeapSnapshot: true, takesScreenshot: true, unexpectedAlertBehaviour: , unhandledPromptBehavior: , version: 71.0.3578.98, webStorageEnabled: true}
Session ID: a9c080c8a2c06c2bfff36136000718f9)
	at com.kms.katalon.core.keyword.internal.KeywordMain.stepFailed(KeywordMain.groovy:36)
	at com.kms.katalon.core.webui.keyword.internal.WebUIKeywordMain.stepFailed(WebUIKeywordMain.groovy:65)
	at com.kms.katalon.core.webui.keyword.internal.WebUIKeywordMain.runKeyword(WebUIKeywordMain.groovy:27)
	at com.kms.katalon.core.webui.keyword.builtin.ClickKeyword.click(ClickKeyword.groovy:86)
	at com.kms.katalon.core.webui.keyword.builtin.ClickKeyword.execute(ClickKeyword.groovy:67)
	at com.kms.katalon.core.keyword.internal.KeywordExecutor.executeKeywordForPlatform(KeywordExecutor.groovy:53)
	at com.kms.katalon.core.webui.keyword.WebUiBuiltInKeywords.click(WebUiBuiltInKeywords.groovy:616)
	at com.kms.katalon.core.webui.keyword.WebUiBuiltInKeywords$click$3.call(Unknown Source)
	at Terimaan Pelbagai.run(Terimaan Pelbagai:92)
	at com.kms.katalon.core.main.ScriptEngine.run(ScriptEngine.java:194)
	at com.kms.katalon.core.main.ScriptEngine.runScriptAsRawText(ScriptEngine.java:119)
	at com.kms.katalon.core.main.TestCaseExecutor.runScript(TestCaseExecutor.java:328)
	at com.kms.katalon.core.main.TestCaseExecutor.doExecute(TestCaseExecutor.java:319)
	at com.kms.katalon.core.main.TestCaseExecutor.processExecutionPhase(TestCaseExecutor.java:298)
	at com.kms.katalon.core.main.TestCaseExecutor.accessMainPhase(TestCaseExecutor.java:290)
	at com.kms.katalon.core.main.TestCaseExecutor.execute(TestCaseExecutor.java:224)
	at com.kms.katalon.core.main.TestSuiteExecutor.accessTestCaseMainPhase(TestSuiteExecutor.java:129)
	at com.kms.katalon.core.main.TestSuiteExecutor.accessTestSuiteMainPhase(TestSuiteExecutor.java:112)
	at com.kms.katalon.core.main.TestSuiteExecutor.execute(TestSuiteExecutor.java:81)
	at com.kms.katalon.core.main.TestCaseMain.startTestSuite(TestCaseMain.java:149)
	at com.kms.katalon.core.main.TestCaseMain$startTestSuite$0.call(Unknown Source)
	at TempTestSuite1548902880766.run(TempTestSuite1548902880766.groovy:36)


2019-01-31 10:51:11 - [MESSAGE][FAILED] - Unable to click on object 'Object Repository/RecordandPlay/div_TUNAI' (Root cause: org.openqa.selenium.ElementNotVisibleException: element not interactable
  (Session info: chrome=71.0.3578.98)
  (Driver info: chromedriver=2.43.600210 (68dcf5eebde37173d4027fa8635e332711d2874a),platform=Windows NT 10.0.17134 x86_64) (WARNING: The server did not provide any stacktrace information)
Command duration or timeout: 0 milliseconds
Build info: version: '3.7.1', revision: '8a0099a', time: '2017-11-06T21:07:36.161Z'
System info: host: 'DESKTOP-V9TS2EM', ip: '192.168.180.121', os.name: 'Windows 10', os.arch: 'amd64', os.version: '10.0', java.version: '1.8.0_181'
Driver info: com.kms.katalon.selenium.driver.CChromeDriver
Capabilities {acceptInsecureCerts: false, acceptSslCerts: false, applicationCacheEnabled: false, browserConnectionEnabled: false, browserName: chrome, chrome: {chromedriverVersion: 2.43.600210 (68dcf5eebde371..., userDataDir: C:\Users\CONSUL~1\AppData\L...}, cssSelectorsEnabled: true, databaseEnabled: false, goog:chromeOptions: {debuggerAddress: localhost:62418}, handlesAlerts: true, hasTouchScreen: false, javascriptEnabled: true, locationContextEnabled: true, mobileEmulationEnabled: false, nativeEvents: true, networkConnectionEnabled: false, pageLoadStrategy: normal, platform: XP, platformName: XP, rotatable: false, setWindowRect: true, takesHeapSnapshot: true, takesScreenshot: true, unexpectedAlertBehaviour: , unhandledPromptBehavior: , version: 71.0.3578.98, webStorageEnabled: true}
Session ID: a9c080c8a2c06c2bfff36136000718f9)
[[ATTACHMENT|C:\\Users\\Consultant_MSPHitect\\Katalon Studio\\TrainingonKatalon\\Reports\\Terimaan\\Functional Test\\20190131_104800\\1548903069863.png]]

2019-01-31 10:51:11 - [MESSAGE][FAILED] - click(findTestObject("Object Repository/RecordandPlay/div_TUNAI")) FAILED.
Reason:
com.kms.katalon.core.exception.StepFailedException: Unable to click on object 'Object Repository/RecordandPlay/div_TUNAI' (Root cause: org.openqa.selenium.ElementNotVisibleException: element not interactable
  (Session info: chrome=71.0.3578.98)
  (Driver info: chromedriver=2.43.600210 (68dcf5eebde37173d4027fa8635e332711d2874a),platform=Windows NT 10.0.17134 x86_64) (WARNING: The server did not provide any stacktrace information)
Command duration or timeout: 0 milliseconds
Build info: version: '3.7.1', revision: '8a0099a', time: '2017-11-06T21:07:36.161Z'
System info: host: 'DESKTOP-V9TS2EM', ip: '192.168.180.121', os.name: 'Windows 10', os.arch: 'amd64', os.version: '10.0', java.version: '1.8.0_181'
Driver info: com.kms.katalon.selenium.driver.CChromeDriver
Capabilities {acceptInsecureCerts: false, acceptSslCerts: false, applicationCacheEnabled: false, browserConnectionEnabled: false, browserName: chrome, chrome: {chromedriverVersion: 2.43.600210 (68dcf5eebde371..., userDataDir: C:\Users\CONSUL~1\AppData\L...}, cssSelectorsEnabled: true, databaseEnabled: false, goog:chromeOptions: {debuggerAddress: localhost:62418}, handlesAlerts: true, hasTouchScreen: false, javascriptEnabled: true, locationContextEnabled: true, mobileEmulationEnabled: false, nativeEvents: true, networkConnectionEnabled: false, pageLoadStrategy: normal, platform: XP, platformName: XP, rotatable: false, setWindowRect: true, takesHeapSnapshot: true, takesScreenshot: true, unexpectedAlertBehaviour: , unhandledPromptBehavior: , version: 71.0.3578.98, webStorageEnabled: true}
Session ID: a9c080c8a2c06c2bfff36136000718f9)
	at com.kms.katalon.core.keyword.internal.KeywordMain.stepFailed(KeywordMain.groovy:36)
	at com.kms.katalon.core.webui.keyword.internal.WebUIKeywordMain.stepFailed(WebUIKeywordMain.groovy:65)
	at com.kms.katalon.core.webui.keyword.internal.WebUIKeywordMain.runKeyword(WebUIKeywordMain.groovy:27)
	at com.kms.katalon.core.webui.keyword.builtin.ClickKeyword.click(ClickKeyword.groovy:86)
	at com.kms.katalon.core.webui.keyword.builtin.ClickKeyword.execute(ClickKeyword.groovy:67)
	at com.kms.katalon.core.keyword.internal.KeywordExecutor.executeKeywordForPlatform(KeywordExecutor.groovy:53)
	at com.kms.katalon.core.webui.keyword.WebUiBuiltInKeywords.click(WebUiBuiltInKeywords.groovy:616)
	at com.kms.katalon.core.webui.keyword.WebUiBuiltInKeywords$click$3.call(Unknown Source)
	at Terimaan Pelbagai.run(Terimaan Pelbagai:92)
	at com.kms.katalon.core.main.ScriptEngine.run(ScriptEngine.java:194)
	at com.kms.katalon.core.main.ScriptEngine.runScriptAsRawText(ScriptEngine.java:119)
	at com.kms.katalon.core.main.TestCaseExecutor.runScript(TestCaseExecutor.java:328)
	at com.kms.katalon.core.main.TestCaseExecutor.doExecute(TestCaseExecutor.java:319)
	at com.kms.katalon.core.main.TestCaseExecutor.processExecutionPhase(TestCaseExecutor.java:298)
	at com.kms.katalon.core.main.TestCaseExecutor.accessMainPhase(TestCaseExecutor.java:290)
	at com.kms.katalon.core.main.TestCaseExecutor.execute(TestCaseExecutor.java:224)
	at com.kms.katalon.core.main.TestSuiteExecutor.accessTestCaseMainPhase(TestSuiteExecutor.java:129)
	at com.kms.katalon.core.main.TestSuiteExecutor.accessTestSuiteMainPhase(TestSuiteExecutor.java:112)
	at com.kms.katalon.core.main.TestSuiteExecutor.execute(TestSuiteExecutor.java:81)
	at com.kms.katalon.core.main.TestCaseMain.startTestSuite(TestCaseMain.java:149)
	at com.kms.katalon.core.main.TestCaseMain$startTestSuite$0.call(Unknown Source)
	at TempTestSuite1548902880766.run(TempTestSuite1548902880766.groovy:36)]]></system-out>
         <system-err><![CDATA[2019-01-31 10:48:09 - [TEST_CASE][FAILED] - Test Cases/Terimaan/Terimaan Pelbagai: Test Cases/Terimaan/Terimaan Pelbagai FAILED.
Reason:
com.kms.katalon.core.exception.StepFailedException: Unable to click on object 'Object Repository/RecordandPlay/div_TUNAI' (Root cause: org.openqa.selenium.ElementNotVisibleException: element not interactable
  (Session info: chrome=71.0.3578.98)
  (Driver info: chromedriver=2.43.600210 (68dcf5eebde37173d4027fa8635e332711d2874a),platform=Windows NT 10.0.17134 x86_64) (WARNING: The server did not provide any stacktrace information)
Command duration or timeout: 0 milliseconds
Build info: version: '3.7.1', revision: '8a0099a', time: '2017-11-06T21:07:36.161Z'
System info: host: 'DESKTOP-V9TS2EM', ip: '192.168.180.121', os.name: 'Windows 10', os.arch: 'amd64', os.version: '10.0', java.version: '1.8.0_181'
Driver info: com.kms.katalon.selenium.driver.CChromeDriver
Capabilities {acceptInsecureCerts: false, acceptSslCerts: false, applicationCacheEnabled: false, browserConnectionEnabled: false, browserName: chrome, chrome: {chromedriverVersion: 2.43.600210 (68dcf5eebde371..., userDataDir: C:\Users\CONSUL~1\AppData\L...}, cssSelectorsEnabled: true, databaseEnabled: false, goog:chromeOptions: {debuggerAddress: localhost:62418}, handlesAlerts: true, hasTouchScreen: false, javascriptEnabled: true, locationContextEnabled: true, mobileEmulationEnabled: false, nativeEvents: true, networkConnectionEnabled: false, pageLoadStrategy: normal, platform: XP, platformName: XP, rotatable: false, setWindowRect: true, takesHeapSnapshot: true, takesScreenshot: true, unexpectedAlertBehaviour: , unhandledPromptBehavior: , version: 71.0.3578.98, webStorageEnabled: true}
Session ID: a9c080c8a2c06c2bfff36136000718f9)
	at com.kms.katalon.core.keyword.internal.KeywordMain.stepFailed(KeywordMain.groovy:36)
	at com.kms.katalon.core.webui.keyword.internal.WebUIKeywordMain.stepFailed(WebUIKeywordMain.groovy:65)
	at com.kms.katalon.core.webui.keyword.internal.WebUIKeywordMain.runKeyword(WebUIKeywordMain.groovy:27)
	at com.kms.katalon.core.webui.keyword.builtin.ClickKeyword.click(ClickKeyword.groovy:86)
	at com.kms.katalon.core.webui.keyword.builtin.ClickKeyword.execute(ClickKeyword.groovy:67)
	at com.kms.katalon.core.keyword.internal.KeywordExecutor.executeKeywordForPlatform(KeywordExecutor.groovy:53)
	at com.kms.katalon.core.webui.keyword.WebUiBuiltInKeywords.click(WebUiBuiltInKeywords.groovy:616)
	at com.kms.katalon.core.webui.keyword.WebUiBuiltInKeywords$click$3.call(Unknown Source)
	at Terimaan Pelbagai.run(Terimaan Pelbagai:92)
	at com.kms.katalon.core.main.ScriptEngine.run(ScriptEngine.java:194)
	at com.kms.katalon.core.main.ScriptEngine.runScriptAsRawText(ScriptEngine.java:119)
	at com.kms.katalon.core.main.TestCaseExecutor.runScript(TestCaseExecutor.java:328)
	at com.kms.katalon.core.main.TestCaseExecutor.doExecute(TestCaseExecutor.java:319)
	at com.kms.katalon.core.main.TestCaseExecutor.processExecutionPhase(TestCaseExecutor.java:298)
	at com.kms.katalon.core.main.TestCaseExecutor.accessMainPhase(TestCaseExecutor.java:290)
	at com.kms.katalon.core.main.TestCaseExecutor.execute(TestCaseExecutor.java:224)
	at com.kms.katalon.core.main.TestSuiteExecutor.accessTestCaseMainPhase(TestSuiteExecutor.java:129)
	at com.kms.katalon.core.main.TestSuiteExecutor.accessTestSuiteMainPhase(TestSuiteExecutor.java:112)
	at com.kms.katalon.core.main.TestSuiteExecutor.execute(TestSuiteExecutor.java:81)
	at com.kms.katalon.core.main.TestCaseMain.startTestSuite(TestCaseMain.java:149)
	at com.kms.katalon.core.main.TestCaseMain$startTestSuite$0.call(Unknown Source)
	at TempTestSuite1548902880766.run(TempTestSuite1548902880766.groovy:36)]]></system-err>
      </testcase>
      <testcase name="Test Cases/Perolehan/Left Menu Selection/Select Menu Pesanan Tempatan" classname="Test Cases/Perolehan/Left Menu Selection/Select Menu Pesanan Tempatan" status="PASSED">
         <system-out><![CDATA[2019-01-31 10:51:11 - [TEST_CASE][PASSED] - Test Cases/Perolehan/Left Menu Selection/Select Menu Pesanan Tempatan: Test Cases/Perolehan/Left Menu Selection/Select Menu Pesanan Tempatan

2019-01-31 10:51:11 - [TEST_STEP][PASSED] - openBrowser("https://175.143.52.101:7011/1SPEKSv2/"): Browser is opened with url: 'https://175.143.52.101:7011/1SPEKSv2/'

2019-01-31 10:51:11 - [MESSAGE][WARNING] - A browser is already opened. Closing browser and opening a new one

2019-01-31 10:51:13 - [MESSAGE][INFO] - Starting 'Chrome' driver

2019-01-31 10:51:19 - [MESSAGE][PASSED] - Browser is opened with url: 'https://175.143.52.101:7011/1SPEKSv2/'

2019-01-31 10:51:19 - [TEST_STEP][PASSED] - setText(findTestObject("Login/input_NoKadPengenalan"), "601101955194"): Text '601101955194' is set on object 'Object Repository/Login/input_NoKadPengenalan'

2019-01-31 10:51:24 - [MESSAGE][PASSED] - Text '601101955194' is set on object 'Object Repository/Login/input_NoKadPengenalan'

2019-01-31 10:51:24 - [TEST_STEP][PASSED] - setText(findTestObject("Login/input_Password"), "password"): Text 'password' is set on object 'Object Repository/Login/input_Password'

2019-01-31 10:51:28 - [MESSAGE][PASSED] - Text 'password' is set on object 'Object Repository/Login/input_Password'

2019-01-31 10:51:28 - [TEST_STEP][PASSED] - click(findTestObject("Login/input_ButtonLogMasuk")): Object: 'Object Repository/Login/input_ButtonLogMasuk' is clicked on

2019-01-31 10:51:31 - [MESSAGE][PASSED] - Object: 'Object Repository/Login/input_ButtonLogMasuk' is clicked on

2019-01-31 10:51:31 - [TEST_STEP][PASSED] - delay(10): Delayed 10 second(s)

2019-01-31 10:51:41 - [MESSAGE][PASSED] - Delayed 10 second(s)

2019-01-31 10:51:41 - [TEST_STEP][PASSED] - click(findTestObject("Perolehan/Left_Menu_Selection/a_ExpandMenuonLeft")): Object: 'Object Repository/Perolehan/Left_Menu_Selection/a_ExpandMenuonLeft' is clicked on

2019-01-31 10:51:44 - [MESSAGE][PASSED] - Object: 'Object Repository/Perolehan/Left_Menu_Selection/a_ExpandMenuonLeft' is clicked on

2019-01-31 10:51:44 - [TEST_STEP][PASSED] - delay(5, STOP_ON_FAILURE): Delayed 5 second(s)

2019-01-31 10:51:49 - [MESSAGE][PASSED] - Delayed 5 second(s)

2019-01-31 10:51:49 - [TEST_STEP][PASSED] - click(findTestObject("Perolehan/Left_Menu_Selection/div_PanelTitlePerolehan")): Object: 'Object Repository/Perolehan/Left_Menu_Selection/div_PanelTitlePerolehan' is clicked on

2019-01-31 10:51:51 - [MESSAGE][PASSED] - Object: 'Object Repository/Perolehan/Left_Menu_Selection/div_PanelTitlePerolehan' is clicked on

2019-01-31 10:51:51 - [TEST_STEP][PASSED] - delay(5, STOP_ON_FAILURE): Delayed 5 second(s)

2019-01-31 10:51:56 - [MESSAGE][PASSED] - Delayed 5 second(s)

2019-01-31 10:51:56 - [TEST_STEP][PASSED] - click(findTestObject("Perolehan/Left_Menu_Selection/div_FolderPesananTempatan")): Object: 'Object Repository/Perolehan/Left_Menu_Selection/div_FolderPesananTempatan' is clicked on

2019-01-31 10:51:58 - [MESSAGE][PASSED] - Object: 'Object Repository/Perolehan/Left_Menu_Selection/div_FolderPesananTempatan' is clicked on

2019-01-31 10:51:58 - [TEST_STEP][PASSED] - delay(20): Delayed 20 second(s)

2019-01-31 10:52:18 - [MESSAGE][PASSED] - Delayed 20 second(s)]]></system-out>
         <system-err><![CDATA[]]></system-err>
      </testcase>
      <testcase name="Test Cases/Perolehan/Rekod Baru oleh Penyedia/Penyedia Rekod Baru" classname="Test Cases/Perolehan/Rekod Baru oleh Penyedia/Penyedia Rekod Baru" status="PASSED">
         <system-out><![CDATA[2019-01-31 10:52:18 - [TEST_CASE][PASSED] - Test Cases/Perolehan/Rekod Baru oleh Penyedia/Penyedia Rekod Baru: Test Cases/Perolehan/Rekod Baru oleh Penyedia/Penyedia Rekod Baru

2019-01-31 10:52:18 - [TEST_STEP][PASSED] - callTestCase(findTestCase("Perolehan/Left Menu Selection/Select Menu Pesanan Tempatan"), [:], STOP_ON_FAILURE): Call Test Case 'Test Cases/Perolehan/Left Menu Selection/Select Menu Pesanan Tempatan' successfully

2019-01-31 10:52:18 - [TEST_CASE][PASSED] - Test Cases/Perolehan/Left Menu Selection/Select Menu Pesanan Tempatan: Test Cases/Perolehan/Left Menu Selection/Select Menu Pesanan Tempatan

2019-01-31 10:52:18 - [TEST_STEP][PASSED] - openBrowser("https://175.143.52.101:7011/1SPEKSv2/"): Browser is opened with url: 'https://175.143.52.101:7011/1SPEKSv2/'

2019-01-31 10:52:18 - [MESSAGE][WARNING] - A browser is already opened. Closing browser and opening a new one

2019-01-31 10:52:20 - [MESSAGE][INFO] - Starting 'Chrome' driver

2019-01-31 10:52:27 - [MESSAGE][PASSED] - Browser is opened with url: 'https://175.143.52.101:7011/1SPEKSv2/'

2019-01-31 10:52:27 - [TEST_STEP][PASSED] - setText(findTestObject("Login/input_NoKadPengenalan"), "601101955194"): Text '601101955194' is set on object 'Object Repository/Login/input_NoKadPengenalan'

2019-01-31 10:52:31 - [MESSAGE][PASSED] - Text '601101955194' is set on object 'Object Repository/Login/input_NoKadPengenalan'

2019-01-31 10:52:31 - [TEST_STEP][PASSED] - setText(findTestObject("Login/input_Password"), "password"): Text 'password' is set on object 'Object Repository/Login/input_Password'

2019-01-31 10:52:35 - [MESSAGE][PASSED] - Text 'password' is set on object 'Object Repository/Login/input_Password'

2019-01-31 10:52:35 - [TEST_STEP][PASSED] - click(findTestObject("Login/input_ButtonLogMasuk")): Object: 'Object Repository/Login/input_ButtonLogMasuk' is clicked on

2019-01-31 10:52:38 - [MESSAGE][PASSED] - Object: 'Object Repository/Login/input_ButtonLogMasuk' is clicked on

2019-01-31 10:52:38 - [TEST_STEP][PASSED] - delay(10): Delayed 10 second(s)

2019-01-31 10:52:48 - [MESSAGE][PASSED] - Delayed 10 second(s)

2019-01-31 10:52:48 - [TEST_STEP][PASSED] - click(findTestObject("Perolehan/Left_Menu_Selection/a_ExpandMenuonLeft")): Object: 'Object Repository/Perolehan/Left_Menu_Selection/a_ExpandMenuonLeft' is clicked on

2019-01-31 10:52:51 - [MESSAGE][PASSED] - Object: 'Object Repository/Perolehan/Left_Menu_Selection/a_ExpandMenuonLeft' is clicked on

2019-01-31 10:52:51 - [TEST_STEP][PASSED] - delay(5, STOP_ON_FAILURE): Delayed 5 second(s)

2019-01-31 10:52:56 - [MESSAGE][PASSED] - Delayed 5 second(s)

2019-01-31 10:52:56 - [TEST_STEP][PASSED] - click(findTestObject("Perolehan/Left_Menu_Selection/div_PanelTitlePerolehan")): Object: 'Object Repository/Perolehan/Left_Menu_Selection/div_PanelTitlePerolehan' is clicked on

2019-01-31 10:52:58 - [MESSAGE][PASSED] - Object: 'Object Repository/Perolehan/Left_Menu_Selection/div_PanelTitlePerolehan' is clicked on

2019-01-31 10:52:58 - [TEST_STEP][PASSED] - delay(5, STOP_ON_FAILURE): Delayed 5 second(s)

2019-01-31 10:53:03 - [MESSAGE][PASSED] - Delayed 5 second(s)

2019-01-31 10:53:03 - [TEST_STEP][PASSED] - click(findTestObject("Perolehan/Left_Menu_Selection/div_FolderPesananTempatan")): Object: 'Object Repository/Perolehan/Left_Menu_Selection/div_FolderPesananTempatan' is clicked on

2019-01-31 10:53:05 - [MESSAGE][PASSED] - Object: 'Object Repository/Perolehan/Left_Menu_Selection/div_FolderPesananTempatan' is clicked on

2019-01-31 10:53:05 - [TEST_STEP][PASSED] - delay(20): Delayed 20 second(s)

2019-01-31 10:53:25 - [MESSAGE][PASSED] - Delayed 20 second(s)

2019-01-31 10:53:25 - [MESSAGE][PASSED] - Call Test Case 'Test Cases/Perolehan/Left Menu Selection/Select Menu Pesanan Tempatan' successfully

2019-01-31 10:53:25 - [TEST_STEP][PASSED] - click(findTestObject("Perolehan/Penyedia_RekodBaru/button_REKODBARU")): Object: 'Object Repository/Perolehan/Penyedia_RekodBaru/button_REKODBARU' is clicked on

2019-01-31 10:53:28 - [MESSAGE][PASSED] - Object: 'Object Repository/Perolehan/Penyedia_RekodBaru/button_REKODBARU' is clicked on

2019-01-31 10:53:28 - [TEST_STEP][PASSED] - delay(10): Delayed 10 second(s)

2019-01-31 10:53:38 - [MESSAGE][PASSED] - Delayed 10 second(s)

2019-01-31 10:53:38 - [TEST_STEP][PASSED] - verifyElementVisible(findTestObject("Perolehan/Penyedia_RekodBaru/label_Jenis Urusniaga")): Object 'Object Repository/Perolehan/Penyedia_RekodBaru/label_Jenis Urusniaga' is visible

2019-01-31 10:53:40 - [MESSAGE][PASSED] - Object 'Object Repository/Perolehan/Penyedia_RekodBaru/label_Jenis Urusniaga' is visible

2019-01-31 10:53:40 - [TEST_STEP][PASSED] - click(findTestObject("Perolehan/Penyedia_RekodBaru/a_Jenis Urusniaga _textbox-ico")): Object: 'Object Repository/Perolehan/Penyedia_RekodBaru/a_Jenis Urusniaga _textbox-ico' is clicked on

2019-01-31 10:53:42 - [MESSAGE][PASSED] - Object: 'Object Repository/Perolehan/Penyedia_RekodBaru/a_Jenis Urusniaga _textbox-ico' is clicked on

2019-01-31 10:53:42 - [TEST_STEP][PASSED] - click(findTestObject("Perolehan/Penyedia_RekodBaru/div_PESANAN TEMPATAN AUTO")): Object: 'Object Repository/Perolehan/Penyedia_RekodBaru/div_PESANAN TEMPATAN AUTO' is clicked on

2019-01-31 10:53:44 - [MESSAGE][PASSED] - Object: 'Object Repository/Perolehan/Penyedia_RekodBaru/div_PESANAN TEMPATAN AUTO' is clicked on

2019-01-31 10:53:44 - [TEST_STEP][PASSED] - verifyElementPresent(findTestObject("Perolehan/Penyedia_RekodBaru/label_No. Dokumen"), 0): Object 'Object Repository/Perolehan/Penyedia_RekodBaru/label_No. Dokumen' is present

2019-01-31 10:53:44 - [MESSAGE][WARNING] - Timeout '0' is invalid. Using default page load timeout: '30'

2019-01-31 10:53:45 - [MESSAGE][PASSED] - Object 'Object Repository/Perolehan/Penyedia_RekodBaru/label_No. Dokumen' is present

2019-01-31 10:53:45 - [TEST_STEP][PASSED] - verifyElementPresent(findTestObject("Perolehan/Penyedia_RekodBaru/label_Tarikh Dokumen"), 0): Object 'Object Repository/Perolehan/Penyedia_RekodBaru/label_Tarikh Dokumen' is present

2019-01-31 10:53:45 - [MESSAGE][WARNING] - Timeout '0' is invalid. Using default page load timeout: '30'

2019-01-31 10:53:46 - [MESSAGE][PASSED] - Object 'Object Repository/Perolehan/Penyedia_RekodBaru/label_Tarikh Dokumen' is present

2019-01-31 10:53:46 - [TEST_STEP][PASSED] - verifyElementPresent(findTestObject("Perolehan/Penyedia_RekodBaru/label_Pembekal"), 0): Object 'Object Repository/Perolehan/Penyedia_RekodBaru/label_Pembekal' is present

2019-01-31 10:53:46 - [MESSAGE][WARNING] - Timeout '0' is invalid. Using default page load timeout: '30'

2019-01-31 10:53:47 - [MESSAGE][PASSED] - Object 'Object Repository/Perolehan/Penyedia_RekodBaru/label_Pembekal' is present

2019-01-31 10:53:47 - [TEST_STEP][PASSED] - verifyElementPresent(findTestObject("Perolehan/Penyedia_RekodBaru/label_Cawangan Pembekal"), 0): Object 'Object Repository/Perolehan/Penyedia_RekodBaru/label_Cawangan Pembekal' is present

2019-01-31 10:53:47 - [MESSAGE][WARNING] - Timeout '0' is invalid. Using default page load timeout: '30'

2019-01-31 10:53:48 - [MESSAGE][PASSED] - Object 'Object Repository/Perolehan/Penyedia_RekodBaru/label_Cawangan Pembekal' is present

2019-01-31 10:53:48 - [TEST_STEP][PASSED] - verifyElementPresent(findTestObject("Perolehan/Penyedia_RekodBaru/label_Sila Bekalkan Sebelum at"), 0): Object 'Object Repository/Perolehan/Penyedia_RekodBaru/label_Sila Bekalkan Sebelum at' is present

2019-01-31 10:53:48 - [MESSAGE][WARNING] - Timeout '0' is invalid. Using default page load timeout: '30'

2019-01-31 10:53:49 - [MESSAGE][PASSED] - Object 'Object Repository/Perolehan/Penyedia_RekodBaru/label_Sila Bekalkan Sebelum at' is present

2019-01-31 10:53:49 - [TEST_STEP][PASSED] - click(findTestObject("Perolehan/Penyedia_RekodBaru/a_Pembekal _textbox-icon combo")): Object: 'Object Repository/Perolehan/Penyedia_RekodBaru/a_Pembekal _textbox-icon combo' is clicked on

2019-01-31 10:53:51 - [MESSAGE][PASSED] - Object: 'Object Repository/Perolehan/Penyedia_RekodBaru/a_Pembekal _textbox-icon combo' is clicked on

2019-01-31 10:53:51 - [TEST_STEP][PASSED] - click(findTestObject("Perolehan/Penyedia_RekodBaru/div_KIN SENG IRON WORKS")): Object: 'Object Repository/Perolehan/Penyedia_RekodBaru/div_KIN SENG IRON WORKS' is clicked on

2019-01-31 10:53:54 - [MESSAGE][PASSED] - Object: 'Object Repository/Perolehan/Penyedia_RekodBaru/div_KIN SENG IRON WORKS' is clicked on

2019-01-31 10:53:54 - [TEST_STEP][PASSED] - getText(findTestObject("Perolehan/Penyedia_RekodBaru/input_No.Akaun Pembekal _textb"), STOP_ON_FAILURE): Text of object 'Object Repository/Perolehan/Penyedia_RekodBaru/input_No.Akaun Pembekal _textb' is: ''

2019-01-31 10:53:56 - [MESSAGE][PASSED] - Text of object 'Object Repository/Perolehan/Penyedia_RekodBaru/input_No.Akaun Pembekal _textb' is: ''

2019-01-31 10:53:56 - [TEST_STEP][PASSED] - getText(findTestObject("Perolehan/Penyedia_RekodBaru/input_Cawangan Pembekal _textb"), STOP_ON_FAILURE): Text of object 'Object Repository/Perolehan/Penyedia_RekodBaru/input_Cawangan Pembekal _textb' is: ''

2019-01-31 10:53:58 - [MESSAGE][PASSED] - Text of object 'Object Repository/Perolehan/Penyedia_RekodBaru/input_Cawangan Pembekal _textb' is: '']]></system-out>
         <system-err><![CDATA[]]></system-err>
      </testcase>
      <system-out><![CDATA[2019-01-31 10:48:08 - [TEST_SUITE][FAILED] - Functional Test: Test Cases/Terimaan/Terimaan Pelbagai FAILED.
Reason:
com.kms.katalon.core.exception.StepFailedException: Unable to click on object 'Object Repository/RecordandPlay/div_TUNAI' (Root cause: org.openqa.selenium.ElementNotVisibleException: element not interactable
  (Session info: chrome=71.0.3578.98)
  (Driver info: chromedriver=2.43.600210 (68dcf5eebde37173d4027fa8635e332711d2874a),platform=Windows NT 10.0.17134 x86_64) (WARNING: The server did not provide any stacktrace information)
Command duration or timeout: 0 milliseconds
Build info: version: '3.7.1', revision: '8a0099a', time: '2017-11-06T21:07:36.161Z'
System info: host: 'DESKTOP-V9TS2EM', ip: '192.168.180.121', os.name: 'Windows 10', os.arch: 'amd64', os.version: '10.0', java.version: '1.8.0_181'
Driver info: com.kms.katalon.selenium.driver.CChromeDriver
Capabilities {acceptInsecureCerts: false, acceptSslCerts: false, applicationCacheEnabled: false, browserConnectionEnabled: false, browserName: chrome, chrome: {chromedriverVersion: 2.43.600210 (68dcf5eebde371..., userDataDir: C:\Users\CONSUL~1\AppData\L...}, cssSelectorsEnabled: true, databaseEnabled: false, goog:chromeOptions: {debuggerAddress: localhost:62418}, handlesAlerts: true, hasTouchScreen: false, javascriptEnabled: true, locationContextEnabled: true, mobileEmulationEnabled: false, nativeEvents: true, networkConnectionEnabled: false, pageLoadStrategy: normal, platform: XP, platformName: XP, rotatable: false, setWindowRect: true, takesHeapSnapshot: true, takesScreenshot: true, unexpectedAlertBehaviour: , unhandledPromptBehavior: , version: 71.0.3578.98, webStorageEnabled: true}
Session ID: a9c080c8a2c06c2bfff36136000718f9)
	at com.kms.katalon.core.keyword.internal.KeywordMain.stepFailed(KeywordMain.groovy:36)
	at com.kms.katalon.core.webui.keyword.internal.WebUIKeywordMain.stepFailed(WebUIKeywordMain.groovy:65)
	at com.kms.katalon.core.webui.keyword.internal.WebUIKeywordMain.runKeyword(WebUIKeywordMain.groovy:27)
	at com.kms.katalon.core.webui.keyword.builtin.ClickKeyword.click(ClickKeyword.groovy:86)
	at com.kms.katalon.core.webui.keyword.builtin.ClickKeyword.execute(ClickKeyword.groovy:67)
	at com.kms.katalon.core.keyword.internal.KeywordExecutor.executeKeywordForPlatform(KeywordExecutor.groovy:53)
	at com.kms.katalon.core.webui.keyword.WebUiBuiltInKeywords.click(WebUiBuiltInKeywords.groovy:616)
	at com.kms.katalon.core.webui.keyword.WebUiBuiltInKeywords$click$3.call(Unknown Source)
	at Terimaan Pelbagai.run(Terimaan Pelbagai:92)
	at com.kms.katalon.core.main.ScriptEngine.run(ScriptEngine.java:194)
	at com.kms.katalon.core.main.ScriptEngine.runScriptAsRawText(ScriptEngine.java:119)
	at com.kms.katalon.core.main.TestCaseExecutor.runScript(TestCaseExecutor.java:328)
	at com.kms.katalon.core.main.TestCaseExecutor.doExecute(TestCaseExecutor.java:319)
	at com.kms.katalon.core.main.TestCaseExecutor.processExecutionPhase(TestCaseExecutor.java:298)
	at com.kms.katalon.core.main.TestCaseExecutor.accessMainPhase(TestCaseExecutor.java:290)
	at com.kms.katalon.core.main.TestCaseExecutor.execute(TestCaseExecutor.java:224)
	at com.kms.katalon.core.main.TestSuiteExecutor.accessTestCaseMainPhase(TestSuiteExecutor.java:129)
	at com.kms.katalon.core.main.TestSuiteExecutor.accessTestSuiteMainPhase(TestSuiteExecutor.java:112)
	at com.kms.katalon.core.main.TestSuiteExecutor.execute(TestSuiteExecutor.java:81)
	at com.kms.katalon.core.main.TestCaseMain.startTestSuite(TestCaseMain.java:149)
	at com.kms.katalon.core.main.TestCaseMain$startTestSuite$0.call(Unknown Source)
	at TempTestSuite1548902880766.run(TempTestSuite1548902880766.groovy:36)]]></system-out>
      <system-err><![CDATA[2019-01-31 10:48:08 - [TEST_SUITE][FAILED] - Functional Test: Test Cases/Terimaan/Terimaan Pelbagai FAILED.
Reason:
com.kms.katalon.core.exception.StepFailedException: Unable to click on object 'Object Repository/RecordandPlay/div_TUNAI' (Root cause: org.openqa.selenium.ElementNotVisibleException: element not interactable
  (Session info: chrome=71.0.3578.98)
  (Driver info: chromedriver=2.43.600210 (68dcf5eebde37173d4027fa8635e332711d2874a),platform=Windows NT 10.0.17134 x86_64) (WARNING: The server did not provide any stacktrace information)
Command duration or timeout: 0 milliseconds
Build info: version: '3.7.1', revision: '8a0099a', time: '2017-11-06T21:07:36.161Z'
System info: host: 'DESKTOP-V9TS2EM', ip: '192.168.180.121', os.name: 'Windows 10', os.arch: 'amd64', os.version: '10.0', java.version: '1.8.0_181'
Driver info: com.kms.katalon.selenium.driver.CChromeDriver
Capabilities {acceptInsecureCerts: false, acceptSslCerts: false, applicationCacheEnabled: false, browserConnectionEnabled: false, browserName: chrome, chrome: {chromedriverVersion: 2.43.600210 (68dcf5eebde371..., userDataDir: C:\Users\CONSUL~1\AppData\L...}, cssSelectorsEnabled: true, databaseEnabled: false, goog:chromeOptions: {debuggerAddress: localhost:62418}, handlesAlerts: true, hasTouchScreen: false, javascriptEnabled: true, locationContextEnabled: true, mobileEmulationEnabled: false, nativeEvents: true, networkConnectionEnabled: false, pageLoadStrategy: normal, platform: XP, platformName: XP, rotatable: false, setWindowRect: true, takesHeapSnapshot: true, takesScreenshot: true, unexpectedAlertBehaviour: , unhandledPromptBehavior: , version: 71.0.3578.98, webStorageEnabled: true}
Session ID: a9c080c8a2c06c2bfff36136000718f9)
	at com.kms.katalon.core.keyword.internal.KeywordMain.stepFailed(KeywordMain.groovy:36)
	at com.kms.katalon.core.webui.keyword.internal.WebUIKeywordMain.stepFailed(WebUIKeywordMain.groovy:65)
	at com.kms.katalon.core.webui.keyword.internal.WebUIKeywordMain.runKeyword(WebUIKeywordMain.groovy:27)
	at com.kms.katalon.core.webui.keyword.builtin.ClickKeyword.click(ClickKeyword.groovy:86)
	at com.kms.katalon.core.webui.keyword.builtin.ClickKeyword.execute(ClickKeyword.groovy:67)
	at com.kms.katalon.core.keyword.internal.KeywordExecutor.executeKeywordForPlatform(KeywordExecutor.groovy:53)
	at com.kms.katalon.core.webui.keyword.WebUiBuiltInKeywords.click(WebUiBuiltInKeywords.groovy:616)
	at com.kms.katalon.core.webui.keyword.WebUiBuiltInKeywords$click$3.call(Unknown Source)
	at Terimaan Pelbagai.run(Terimaan Pelbagai:92)
	at com.kms.katalon.core.main.ScriptEngine.run(ScriptEngine.java:194)
	at com.kms.katalon.core.main.ScriptEngine.runScriptAsRawText(ScriptEngine.java:119)
	at com.kms.katalon.core.main.TestCaseExecutor.runScript(TestCaseExecutor.java:328)
	at com.kms.katalon.core.main.TestCaseExecutor.doExecute(TestCaseExecutor.java:319)
	at com.kms.katalon.core.main.TestCaseExecutor.processExecutionPhase(TestCaseExecutor.java:298)
	at com.kms.katalon.core.main.TestCaseExecutor.accessMainPhase(TestCaseExecutor.java:290)
	at com.kms.katalon.core.main.TestCaseExecutor.execute(TestCaseExecutor.java:224)
	at com.kms.katalon.core.main.TestSuiteExecutor.accessTestCaseMainPhase(TestSuiteExecutor.java:129)
	at com.kms.katalon.core.main.TestSuiteExecutor.accessTestSuiteMainPhase(TestSuiteExecutor.java:112)
	at com.kms.katalon.core.main.TestSuiteExecutor.execute(TestSuiteExecutor.java:81)
	at com.kms.katalon.core.main.TestCaseMain.startTestSuite(TestCaseMain.java:149)
	at com.kms.katalon.core.main.TestCaseMain$startTestSuite$0.call(Unknown Source)
	at TempTestSuite1548902880766.run(TempTestSuite1548902880766.groovy:36)]]></system-err>
   </testsuite>
</testsuites>
