<?xml version="1.0" encoding="UTF-8"?>
<testsuites name="01 Pesanan Tempatan Cara Bayaran EFT Tiada Pemfaktoran" time="1087" tests="8" failures="4" errors="0">
   <testsuite name="01 Pesanan Tempatan Cara Bayaran EFT Tiada Pemfaktoran" tests="8" failures="4" errors="0" time="1087" timestamp="2019-03-18 12:06:35" hostname="DESKTOP-V9TS2EM$ - DESKTOP-V9TS2EM" id="Test Suites/Perolehan/01 Pesanan Tempatan Cara Bayaran EFT Tiada Pemfaktoran">
      <properties>
         <property name="deviceName" value=""/>
         <property name="devicePlatform" value=""/>
         <property name="logFolder" value="C:\\Users\\Consultant_MSPHitect\\Katalon Studio\\TrainingonKatalon\\Reports\\Perolehan\\01 Pesanan Tempatan Cara Bayaran EFT Tiada Pemfaktoran\\20190318_120624"/>
         <property name="logFiles" value="C:\\Users\\Consultant_MSPHitect\\Katalon Studio\\TrainingonKatalon\\Reports\\Perolehan\\01 Pesanan Tempatan Cara Bayaran EFT Tiada Pemfaktoran\\20190318_120624\\execution0.log"/>
         <property name="attachments" value="C:\\Users\\Consultant_MSPHitect\\Katalon Studio\\TrainingonKatalon\\Reports\\Perolehan\\01 Pesanan Tempatan Cara Bayaran EFT Tiada Pemfaktoran\\20190318_120624\\1552882125196.png, C:\\Users\\Consultant_MSPHitect\\Katalon Studio\\TrainingonKatalon\\Reports\\Perolehan\\01 Pesanan Tempatan Cara Bayaran EFT Tiada Pemfaktoran\\20190318_120624\\1552882147996.png, C:\\Users\\Consultant_MSPHitect\\Katalon Studio\\TrainingonKatalon\\Reports\\Perolehan\\01 Pesanan Tempatan Cara Bayaran EFT Tiada Pemfaktoran\\20190318_120624\\1552882390116.png, C:\\Users\\Consultant_MSPHitect\\Katalon Studio\\TrainingonKatalon\\Reports\\Perolehan\\01 Pesanan Tempatan Cara Bayaran EFT Tiada Pemfaktoran\\20190318_120624\\1552882458761.png, C:\\Users\\Consultant_MSPHitect\\Katalon Studio\\TrainingonKatalon\\Reports\\Perolehan\\01 Pesanan Tempatan Cara Bayaran EFT Tiada Pemfaktoran\\20190318_120624\\1552882634003.png, C:\\Users\\Consultant_MSPHitect\\Katalon Studio\\TrainingonKatalon\\Reports\\Perolehan\\01 Pesanan Tempatan Cara Bayaran EFT Tiada Pemfaktoran\\20190318_120624\\1552882817073.png, C:\\Users\\Consultant_MSPHitect\\Katalon Studio\\TrainingonKatalon\\Reports\\Perolehan\\01 Pesanan Tempatan Cara Bayaran EFT Tiada Pemfaktoran\\20190318_120624\\1552883004052.png, C:\\Users\\Consultant_MSPHitect\\Katalon Studio\\TrainingonKatalon\\Reports\\Perolehan\\01 Pesanan Tempatan Cara Bayaran EFT Tiada Pemfaktoran\\20190318_120624\\1552883079247.png"/>
         <property name="hostName" value="DESKTOP-V9TS2EM$ - DESKTOP-V9TS2EM"/>
         <property name="os" value="Windows 10 64bit"/>
         <property name="katalonVersion" value="6.0.5.10"/>
         <property name="browser" value="Chrome 72.0.3626.121"/>
         <property name="hostAddress" value="192.168.172.132"/>
         <property name="sessionId" value="bd0f4a8afe847ad2cb8256e0a0cbfba3"/>
         <property name="seleniumVersion" value="3.7.1"/>
         <property name="proxyInformation" value="ProxyInformation{proxyOption=NO_PROXY, proxyServerType=HTTP, password=, proxyServerAddress=, proxyServerPort=0}"/>
         <property name="platform" value="Windows 10"/>
      </properties>
      <testcase name="Test Cases/Perolehan/001 Left Menu Selection/Select Menu Pesanan Tempatan" classname="Test Cases/Perolehan/001 Left Menu Selection/Select Menu Pesanan Tempatan" status="PASSED">
         <system-out><![CDATA[2019-03-18 12:06:35 - [TEST_CASE][PASSED] - Test Cases/Perolehan/001 Left Menu Selection/Select Menu Pesanan Tempatan: Test Cases/Perolehan/001 Left Menu Selection/Select Menu Pesanan Tempatan

2019-03-18 12:06:35 - [TEST_STEP][PASSED] - openBrowser("https://175.143.52.101:7011/1SPEKSv2/"): Browser is opened with url: 'https://175.143.52.101:7011/1SPEKSv2/'

2019-03-18 12:06:36 - [MESSAGE][INFO] - Starting 'Chrome' driver

2019-03-18 12:06:36 - [MESSAGE][INFO] - Action delay is set to 0 seconds

2019-03-18 12:06:39 - [MESSAGE][PASSED] - Browser is opened with url: 'https://175.143.52.101:7011/1SPEKSv2/'

2019-03-18 12:06:39 - [TEST_STEP][PASSED] - setText(findTestObject("Login/input_NoKadPengenalan"), findTestData("ispekstestdata").getValue(1, 2)): Text '601101955194' is set on object 'Object Repository/Login/input_NoKadPengenalan'

2019-03-18 12:06:40 - [MESSAGE][PASSED] - Text '601101955194' is set on object 'Object Repository/Login/input_NoKadPengenalan'

2019-03-18 12:06:40 - [TEST_STEP][PASSED] - setEncryptedText(findTestObject("Login/input_Password"), findTestData("ispekstestdata").getValue(2, 2)): Text ****** has been set on object 'Object Repository/Login/input_Password'

2019-03-18 12:06:40 - [MESSAGE][PASSED] - Text ****** has been set on object 'Object Repository/Login/input_Password'

2019-03-18 12:06:40 - [TEST_STEP][PASSED] - click(findTestObject("Login/input_ButtonLogMasuk")): Object: 'Object Repository/Login/input_ButtonLogMasuk' is clicked on

2019-03-18 12:06:46 - [MESSAGE][PASSED] - Object: 'Object Repository/Login/input_ButtonLogMasuk' is clicked on

2019-03-18 12:06:46 - [TEST_STEP][PASSED] - delay(3): Delayed 3 second(s)

2019-03-18 12:06:49 - [MESSAGE][PASSED] - Delayed 3 second(s)

2019-03-18 12:06:49 - [TEST_STEP][PASSED] - reusablefunctions.reusablefunctions.PerananPenyediaPTJ(): reusablefunctions.reusablefunctions.PerananPenyediaPTJ is PASSED

2019-03-18 12:06:49 - [MESSAGE][PASSED] - Object: 'Object Repository/Perolehan/TukarPeranan/IconTukarPeranan' is clicked on

2019-03-18 12:06:49 - [MESSAGE][PASSED] - Object: 'Object Repository/Perolehan/TukarPeranan/input_TukarPenyediaPTJ' is clicked on

2019-03-18 12:06:50 - [MESSAGE][PASSED] - Object: 'Object Repository/Perolehan/TukarPeranan/button_Ya' is clicked on

2019-03-18 12:07:10 - [MESSAGE][PASSED] - Delayed 20 second(s)

2019-03-18 12:07:12 - [MESSAGE][PASSED] - Text 'Peranan : [Penyedia] Peringkat : [PTJ]' is present on page 

2019-03-18 12:07:12 - [MESSAGE][PASSED] - reusablefunctions.reusablefunctions.PerananPenyediaPTJ is PASSED

2019-03-18 12:07:12 - [TEST_STEP][PASSED] - click(findTestObject("Perolehan/001 Left_Menu_Selection/a_ExpandMenuonLeft")): Object: 'Object Repository/Perolehan/001 Left_Menu_Selection/a_ExpandMenuonLeft' is clicked on

2019-03-18 12:07:13 - [MESSAGE][PASSED] - Object: 'Object Repository/Perolehan/001 Left_Menu_Selection/a_ExpandMenuonLeft' is clicked on

2019-03-18 12:07:13 - [TEST_STEP][PASSED] - delay(3, STOP_ON_FAILURE): Delayed 3 second(s)

2019-03-18 12:07:16 - [MESSAGE][PASSED] - Delayed 3 second(s)

2019-03-18 12:07:16 - [TEST_STEP][PASSED] - click(findTestObject("Perolehan/001 Left_Menu_Selection/div_PanelTitlePerolehan")): Object: 'Object Repository/Perolehan/001 Left_Menu_Selection/div_PanelTitlePerolehan' is clicked on

2019-03-18 12:07:16 - [MESSAGE][PASSED] - Object: 'Object Repository/Perolehan/001 Left_Menu_Selection/div_PanelTitlePerolehan' is clicked on

2019-03-18 12:07:16 - [TEST_STEP][PASSED] - delay(3, STOP_ON_FAILURE): Delayed 3 second(s)

2019-03-18 12:07:19 - [MESSAGE][PASSED] - Delayed 3 second(s)

2019-03-18 12:07:19 - [TEST_STEP][PASSED] - click(findTestObject("Perolehan/001 Left_Menu_Selection/div_PesananTempatan")): Object: 'Object Repository/Perolehan/001 Left_Menu_Selection/div_PesananTempatan' is clicked on

2019-03-18 12:07:19 - [MESSAGE][PASSED] - Object: 'Object Repository/Perolehan/001 Left_Menu_Selection/div_PesananTempatan' is clicked on

2019-03-18 12:07:19 - [TEST_STEP][PASSED] - assert true: null

2019-03-18 12:07:19 - [TEST_STEP][PASSED] - delay(3): Delayed 3 second(s)

2019-03-18 12:07:22 - [MESSAGE][PASSED] - Delayed 3 second(s)]]></system-out>
         <system-err><![CDATA[]]></system-err>
      </testcase>
      <testcase name="Test Cases/Perolehan/002 Rekod Baru oleh Penyedia/001 Penyedia Rekod Baru - EFT" classname="Test Cases/Perolehan/002 Rekod Baru oleh Penyedia/001 Penyedia Rekod Baru - EFT" status="PASSED">
         <system-out><![CDATA[2019-03-18 12:07:22 - [TEST_CASE][PASSED] - Test Cases/Perolehan/002 Rekod Baru oleh Penyedia/001 Penyedia Rekod Baru - EFT: Test Cases/Perolehan/002 Rekod Baru oleh Penyedia/001 Penyedia Rekod Baru - EFT

2019-03-18 12:07:22 - [TEST_STEP][PASSED] - click(findTestObject("Perolehan/002 Penyedia_RekodBaru/button_REKODBARU")): Object: 'Object Repository/Perolehan/002 Penyedia_RekodBaru/button_REKODBARU' is clicked on

2019-03-18 12:07:22 - [MESSAGE][PASSED] - Object: 'Object Repository/Perolehan/002 Penyedia_RekodBaru/button_REKODBARU' is clicked on

2019-03-18 12:07:22 - [TEST_STEP][PASSED] - delay(3): Delayed 3 second(s)

2019-03-18 12:07:25 - [MESSAGE][PASSED] - Delayed 3 second(s)

2019-03-18 12:07:25 - [TEST_STEP][PASSED] - mydate = new java.util.Date(): null

2019-03-18 12:07:25 - [TEST_STEP][PASSED] - formattedDate = mydate.format("dd/MM/yyyy"): null

2019-03-18 12:07:25 - [TEST_STEP][PASSED] - formattedYear = mydate.format("yyyy"): null

2019-03-18 12:07:25 - [TEST_STEP][PASSED] - println(formattedDate): null

2019-03-18 12:07:25 - [TEST_STEP][PASSED] - println(formattedYear): null

2019-03-18 12:07:25 - [TEST_STEP][PASSED] - TahunKewangan = getText(findTestObject("Perolehan/002 Penyedia_RekodBaru/span_tahun_kewangan")): Text of object 'Object Repository/Perolehan/002 Penyedia_RekodBaru/span_tahun_kewangan' is: '2019'

2019-03-18 12:07:25 - [MESSAGE][PASSED] - Text of object 'Object Repository/Perolehan/002 Penyedia_RekodBaru/span_tahun_kewangan' is: '2019'

2019-03-18 12:07:25 - [TEST_STEP][PASSED] - verifyMatch(TahunKewangan, formattedYear, false): Actual text '2019' and expected text '2019' are matched 

2019-03-18 12:07:25 - [MESSAGE][PASSED] - Actual text '2019' and expected text '2019' are matched 

2019-03-18 12:07:25 - [TEST_STEP][PASSED] - assert true: null

2019-03-18 12:07:25 - [TEST_STEP][PASSED] - TarikhSemasa = getText(findTestObject("Perolehan/002 Penyedia_RekodBaru/span_tarikhSemasa")): Text of object 'Object Repository/Perolehan/002 Penyedia_RekodBaru/span_tarikhSemasa' is: '18/03/2019'

2019-03-18 12:07:25 - [MESSAGE][PASSED] - Text of object 'Object Repository/Perolehan/002 Penyedia_RekodBaru/span_tarikhSemasa' is: '18/03/2019'

2019-03-18 12:07:25 - [TEST_STEP][PASSED] - verifyMatch(formattedDate, TarikhSemasa, false): Actual text '18/03/2019' and expected text '18/03/2019' are matched 

2019-03-18 12:07:25 - [MESSAGE][PASSED] - Actual text '18/03/2019' and expected text '18/03/2019' are matched 

2019-03-18 12:07:25 - [TEST_STEP][PASSED] - verifyElementVisible(findTestObject("Perolehan/002 Penyedia_RekodBaru/label_Jenis Urusniaga")): Object 'Object Repository/Perolehan/002 Penyedia_RekodBaru/label_Jenis Urusniaga' is visible

2019-03-18 12:07:25 - [MESSAGE][PASSED] - Object 'Object Repository/Perolehan/002 Penyedia_RekodBaru/label_Jenis Urusniaga' is visible

2019-03-18 12:07:25 - [TEST_STEP][PASSED] - click(findTestObject("Perolehan/002 Penyedia_RekodBaru/a_Jenis Urusniaga _textbox-ico")): Object: 'Object Repository/Perolehan/002 Penyedia_RekodBaru/a_Jenis Urusniaga _textbox-ico' is clicked on

2019-03-18 12:07:25 - [MESSAGE][PASSED] - Object: 'Object Repository/Perolehan/002 Penyedia_RekodBaru/a_Jenis Urusniaga _textbox-ico' is clicked on

2019-03-18 12:07:25 - [TEST_STEP][PASSED] - delay(2): Delayed 2 second(s)

2019-03-18 12:07:27 - [MESSAGE][PASSED] - Delayed 2 second(s)

2019-03-18 12:07:27 - [TEST_STEP][PASSED] - click(findTestObject("Perolehan/002 Penyedia_RekodBaru/div_Pesanan_Tempatan_Auto")): Object: 'Object Repository/Perolehan/002 Penyedia_RekodBaru/div_Pesanan_Tempatan_Auto' is clicked on

2019-03-18 12:07:27 - [MESSAGE][PASSED] - Object: 'Object Repository/Perolehan/002 Penyedia_RekodBaru/div_Pesanan_Tempatan_Auto' is clicked on

2019-03-18 12:07:27 - [TEST_STEP][PASSED] - verifyElementPresent(findTestObject("Perolehan/002 Penyedia_RekodBaru/label_No. Dokumen"), 0): Object 'Object Repository/Perolehan/002 Penyedia_RekodBaru/label_No. Dokumen' is present

2019-03-18 12:07:28 - [MESSAGE][WARNING] - Timeout '0' is invalid. Using default page load timeout: '120'

2019-03-18 12:07:28 - [MESSAGE][PASSED] - Object 'Object Repository/Perolehan/002 Penyedia_RekodBaru/label_No. Dokumen' is present

2019-03-18 12:07:28 - [TEST_STEP][PASSED] - verifyElementPresent(findTestObject("Perolehan/002 Penyedia_RekodBaru/label_Tarikh Dokumen"), 0): Object 'Object Repository/Perolehan/002 Penyedia_RekodBaru/label_Tarikh Dokumen' is present

2019-03-18 12:07:28 - [MESSAGE][WARNING] - Timeout '0' is invalid. Using default page load timeout: '120'

2019-03-18 12:07:28 - [MESSAGE][PASSED] - Object 'Object Repository/Perolehan/002 Penyedia_RekodBaru/label_Tarikh Dokumen' is present

2019-03-18 12:07:28 - [TEST_STEP][PASSED] - verifyElementPresent(findTestObject("Perolehan/002 Penyedia_RekodBaru/label_Pembekal"), 0): Object 'Object Repository/Perolehan/002 Penyedia_RekodBaru/label_Pembekal' is present

2019-03-18 12:07:28 - [MESSAGE][WARNING] - Timeout '0' is invalid. Using default page load timeout: '120'

2019-03-18 12:07:28 - [MESSAGE][PASSED] - Object 'Object Repository/Perolehan/002 Penyedia_RekodBaru/label_Pembekal' is present

2019-03-18 12:07:28 - [TEST_STEP][PASSED] - verifyElementPresent(findTestObject("Perolehan/002 Penyedia_RekodBaru/label_Cawangan Pembekal"), 0): Object 'Object Repository/Perolehan/002 Penyedia_RekodBaru/label_Cawangan Pembekal' is present

2019-03-18 12:07:28 - [MESSAGE][WARNING] - Timeout '0' is invalid. Using default page load timeout: '120'

2019-03-18 12:07:28 - [MESSAGE][PASSED] - Object 'Object Repository/Perolehan/002 Penyedia_RekodBaru/label_Cawangan Pembekal' is present

2019-03-18 12:07:28 - [TEST_STEP][PASSED] - verifyElementPresent(findTestObject("Perolehan/002 Penyedia_RekodBaru/label_Sila Bekalkan Sebelum at"), 0): Object 'Object Repository/Perolehan/002 Penyedia_RekodBaru/label_Sila Bekalkan Sebelum at' is present

2019-03-18 12:07:28 - [MESSAGE][WARNING] - Timeout '0' is invalid. Using default page load timeout: '120'

2019-03-18 12:07:28 - [MESSAGE][PASSED] - Object 'Object Repository/Perolehan/002 Penyedia_RekodBaru/label_Sila Bekalkan Sebelum at' is present

2019-03-18 12:07:28 - [TEST_STEP][PASSED] - click(findTestObject("Perolehan/002 Penyedia_RekodBaru/a_Pembekal _textbox-icon combo")): Object: 'Object Repository/Perolehan/002 Penyedia_RekodBaru/a_Pembekal _textbox-icon combo' is clicked on

2019-03-18 12:07:28 - [MESSAGE][PASSED] - Object: 'Object Repository/Perolehan/002 Penyedia_RekodBaru/a_Pembekal _textbox-icon combo' is clicked on

2019-03-18 12:07:28 - [TEST_STEP][PASSED] - click(findTestObject("Perolehan/002 Penyedia_RekodBaru/Select_Pembekal_AA_DUA")): Object: 'Object Repository/Perolehan/002 Penyedia_RekodBaru/Select_Pembekal_AA_DUA' is clicked on

2019-03-18 12:07:28 - [MESSAGE][PASSED] - Object: 'Object Repository/Perolehan/002 Penyedia_RekodBaru/Select_Pembekal_AA_DUA' is clicked on

2019-03-18 12:07:28 - [TEST_STEP][PASSED] - delay(5): Delayed 5 second(s)

2019-03-18 12:07:33 - [MESSAGE][PASSED] - Delayed 5 second(s)

2019-03-18 12:07:33 - [TEST_STEP][PASSED] - getText(findTestObject("Perolehan/002 Penyedia_RekodBaru/input_No.Akaun Pembekal _textb"), STOP_ON_FAILURE): Text of object 'Object Repository/Perolehan/002 Penyedia_RekodBaru/input_No.Akaun Pembekal _textb' is: ''

2019-03-18 12:07:33 - [MESSAGE][PASSED] - Text of object 'Object Repository/Perolehan/002 Penyedia_RekodBaru/input_No.Akaun Pembekal _textb' is: ''

2019-03-18 12:07:33 - [TEST_STEP][PASSED] - getText(findTestObject("Perolehan/002 Penyedia_RekodBaru/input_Cawangan Pembekal _textb"), STOP_ON_FAILURE): Text of object 'Object Repository/Perolehan/002 Penyedia_RekodBaru/input_Cawangan Pembekal _textb' is: ''

2019-03-18 12:07:33 - [MESSAGE][PASSED] - Text of object 'Object Repository/Perolehan/002 Penyedia_RekodBaru/input_Cawangan Pembekal _textb' is: ''

2019-03-18 12:07:33 - [TEST_STEP][PASSED] - click(findTestObject("Perolehan/002 Penyedia_RekodBaru/Date_Picker_Bekal_Kerja")): Object: 'Object Repository/Perolehan/002 Penyedia_RekodBaru/Date_Picker_Bekal_Kerja' is clicked on

2019-03-18 12:07:33 - [MESSAGE][PASSED] - Object: 'Object Repository/Perolehan/002 Penyedia_RekodBaru/Date_Picker_Bekal_Kerja' is clicked on

2019-03-18 12:07:33 - [TEST_STEP][PASSED] - delay(1): Delayed 1 second(s)

2019-03-18 12:07:34 - [MESSAGE][PASSED] - Delayed 1 second(s)

2019-03-18 12:07:34 - [TEST_STEP][PASSED] - click(findTestObject("Perolehan/002 Penyedia_RekodBaru/Date_Picker_Bekal_Kerja_Next_Month")): Object: 'Object Repository/Perolehan/002 Penyedia_RekodBaru/Date_Picker_Bekal_Kerja_Next_Month' is clicked on

2019-03-18 12:07:34 - [MESSAGE][PASSED] - Object: 'Object Repository/Perolehan/002 Penyedia_RekodBaru/Date_Picker_Bekal_Kerja_Next_Month' is clicked on

2019-03-18 12:07:34 - [TEST_STEP][PASSED] - delay(1): Delayed 1 second(s)

2019-03-18 12:07:35 - [MESSAGE][PASSED] - Delayed 1 second(s)

2019-03-18 12:07:35 - [TEST_STEP][PASSED] - click(findTestObject("Perolehan/002 Penyedia_RekodBaru/Date_Picker_Bekal_Kerja_Date")): Object: 'Object Repository/Perolehan/002 Penyedia_RekodBaru/Date_Picker_Bekal_Kerja_Date' is clicked on

2019-03-18 12:07:35 - [MESSAGE][PASSED] - Object: 'Object Repository/Perolehan/002 Penyedia_RekodBaru/Date_Picker_Bekal_Kerja_Date' is clicked on

2019-03-18 12:07:35 - [TEST_STEP][PASSED] - setText(findTestObject("Perolehan/002 Penyedia_RekodBaru/Text_box_Perihal"), "This is a test for PT - EFT automation scripts - Julia " + mydate): Text 'This is a test for PT - EFT automation scripts - Julia Mon Mar 18 12:07:25 SGT 2019' is set on object 'Object Repository/Perolehan/002 Penyedia_RekodBaru/Text_box_Perihal'

2019-03-18 12:07:35 - [MESSAGE][PASSED] - Text 'This is a test for PT - EFT automation scripts - Julia Mon Mar 18 12:07:25 SGT 2019' is set on object 'Object Repository/Perolehan/002 Penyedia_RekodBaru/Text_box_Perihal'

2019-03-18 12:07:35 - [TEST_STEP][PASSED] - delay(3): Delayed 3 second(s)

2019-03-18 12:07:38 - [MESSAGE][PASSED] - Delayed 3 second(s)

2019-03-18 12:07:38 - [TEST_STEP][PASSED] - click(findTestObject("Perolehan/002 Penyedia_RekodBaru/button_TambahCajLine")): Object: 'Object Repository/Perolehan/002 Penyedia_RekodBaru/button_TambahCajLine' is clicked on

2019-03-18 12:07:38 - [MESSAGE][PASSED] - Object: 'Object Repository/Perolehan/002 Penyedia_RekodBaru/button_TambahCajLine' is clicked on

2019-03-18 12:07:38 - [TEST_STEP][PASSED] - delay(3): Delayed 3 second(s)

2019-03-18 12:07:41 - [MESSAGE][PASSED] - Delayed 3 second(s)

2019-03-18 12:07:41 - [TEST_STEP][PASSED] - click(findTestObject("Perolehan/002 Penyedia_RekodBaru/Drop_down_Vot_Dana")): Object: 'Object Repository/Perolehan/002 Penyedia_RekodBaru/Drop_down_Vot_Dana' is clicked on

2019-03-18 12:07:42 - [MESSAGE][PASSED] - Object: 'Object Repository/Perolehan/002 Penyedia_RekodBaru/Drop_down_Vot_Dana' is clicked on

2019-03-18 12:07:42 - [TEST_STEP][PASSED] - delay(8): Delayed 8 second(s)

2019-03-18 12:07:50 - [MESSAGE][PASSED] - Delayed 8 second(s)

2019-03-18 12:07:50 - [TEST_STEP][PASSED] - waitForElementVisible(findTestObject("Perolehan/002 Penyedia_RekodBaru/Input_Vot_Dana"), 60): Object 'Object Repository/Perolehan/002 Penyedia_RekodBaru/Input_Vot_Dana' is visible

2019-03-18 12:07:50 - [MESSAGE][PASSED] - Object 'Object Repository/Perolehan/002 Penyedia_RekodBaru/Input_Vot_Dana' is visible

2019-03-18 12:07:50 - [TEST_STEP][PASSED] - setText(findTestObject("Perolehan/002 Penyedia_RekodBaru/Input_Vot_Dana"), "B31"): Text 'B31' is set on object 'Object Repository/Perolehan/002 Penyedia_RekodBaru/Input_Vot_Dana'

2019-03-18 12:07:50 - [MESSAGE][PASSED] - Text 'B31' is set on object 'Object Repository/Perolehan/002 Penyedia_RekodBaru/Input_Vot_Dana'

2019-03-18 12:07:50 - [TEST_STEP][PASSED] - waitForElementVisible(findTestObject("Perolehan/002 Penyedia_RekodBaru/Select_Vot_Dana_B31"), 60): Object 'Object Repository/Perolehan/002 Penyedia_RekodBaru/Select_Vot_Dana_B31' is visible

2019-03-18 12:07:50 - [MESSAGE][PASSED] - Object 'Object Repository/Perolehan/002 Penyedia_RekodBaru/Select_Vot_Dana_B31' is visible

2019-03-18 12:07:50 - [TEST_STEP][PASSED] - click(findTestObject("Perolehan/002 Penyedia_RekodBaru/Select_Vot_Dana_B31")): Object: 'Object Repository/Perolehan/002 Penyedia_RekodBaru/Select_Vot_Dana_B31' is clicked on

2019-03-18 12:07:50 - [MESSAGE][PASSED] - Object: 'Object Repository/Perolehan/002 Penyedia_RekodBaru/Select_Vot_Dana_B31' is clicked on

2019-03-18 12:07:50 - [TEST_STEP][PASSED] - delay(3): Delayed 3 second(s)

2019-03-18 12:07:53 - [MESSAGE][PASSED] - Delayed 3 second(s)

2019-03-18 12:07:53 - [TEST_STEP][PASSED] - click(findTestObject("Perolehan/002 Penyedia_RekodBaru/Drop_down_Program_Aktiviti")): Object: 'Object Repository/Perolehan/002 Penyedia_RekodBaru/Drop_down_Program_Aktiviti' is clicked on

2019-03-18 12:07:53 - [MESSAGE][PASSED] - Object: 'Object Repository/Perolehan/002 Penyedia_RekodBaru/Drop_down_Program_Aktiviti' is clicked on

2019-03-18 12:07:53 - [TEST_STEP][PASSED] - delay(3): Delayed 3 second(s)

2019-03-18 12:07:56 - [MESSAGE][PASSED] - Delayed 3 second(s)

2019-03-18 12:07:56 - [TEST_STEP][PASSED] - click(findTestObject("Perolehan/002 Penyedia_RekodBaru/Select_Program_010080")): Object: 'Object Repository/Perolehan/002 Penyedia_RekodBaru/Select_Program_010080' is clicked on

2019-03-18 12:07:56 - [MESSAGE][PASSED] - Object: 'Object Repository/Perolehan/002 Penyedia_RekodBaru/Select_Program_010080' is clicked on

2019-03-18 12:07:56 - [TEST_STEP][PASSED] - delay(3): Delayed 3 second(s)

2019-03-18 12:07:59 - [MESSAGE][PASSED] - Delayed 3 second(s)

2019-03-18 12:07:59 - [TEST_STEP][PASSED] - click(findTestObject("Perolehan/002 Penyedia_RekodBaru/Drop_down_Kod_Akaun")): Object: 'Object Repository/Perolehan/002 Penyedia_RekodBaru/Drop_down_Kod_Akaun' is clicked on

2019-03-18 12:07:59 - [MESSAGE][PASSED] - Object: 'Object Repository/Perolehan/002 Penyedia_RekodBaru/Drop_down_Kod_Akaun' is clicked on

2019-03-18 12:07:59 - [TEST_STEP][PASSED] - delay(3): Delayed 3 second(s)

2019-03-18 12:08:02 - [MESSAGE][PASSED] - Delayed 3 second(s)

2019-03-18 12:08:02 - [TEST_STEP][PASSED] - setText(findTestObject("Perolehan/002 Penyedia_RekodBaru/input_kod_akaun"), "B0221101"): Text 'B0221101' is set on object 'Object Repository/Perolehan/002 Penyedia_RekodBaru/input_kod_akaun'

2019-03-18 12:08:03 - [MESSAGE][PASSED] - Text 'B0221101' is set on object 'Object Repository/Perolehan/002 Penyedia_RekodBaru/input_kod_akaun'

2019-03-18 12:08:03 - [TEST_STEP][PASSED] - delay(3): Delayed 3 second(s)

2019-03-18 12:08:06 - [MESSAGE][PASSED] - Delayed 3 second(s)

2019-03-18 12:08:06 - [TEST_STEP][PASSED] - click(findTestObject("Perolehan/002 Penyedia_RekodBaru/Select_Kod_Akaun_B0221101")): Object: 'Object Repository/Perolehan/002 Penyedia_RekodBaru/Select_Kod_Akaun_B0221101' is clicked on

2019-03-18 12:08:06 - [MESSAGE][PASSED] - Object: 'Object Repository/Perolehan/002 Penyedia_RekodBaru/Select_Kod_Akaun_B0221101' is clicked on

2019-03-18 12:08:06 - [TEST_STEP][PASSED] - click(findTestObject("Perolehan/002 Penyedia_RekodBaru/Drop_down_Kod_Barang")): Object: 'Object Repository/Perolehan/002 Penyedia_RekodBaru/Drop_down_Kod_Barang' is clicked on

2019-03-18 12:08:06 - [MESSAGE][PASSED] - Object: 'Object Repository/Perolehan/002 Penyedia_RekodBaru/Drop_down_Kod_Barang' is clicked on

2019-03-18 12:08:06 - [TEST_STEP][PASSED] - delay(3): Delayed 3 second(s)

2019-03-18 12:08:09 - [MESSAGE][PASSED] - Delayed 3 second(s)

2019-03-18 12:08:09 - [TEST_STEP][PASSED] - click(findTestObject("Perolehan/002 Penyedia_RekodBaru/SelectKod_Barang")): Object: 'Object Repository/Perolehan/002 Penyedia_RekodBaru/SelectKod_Barang' is clicked on

2019-03-18 12:08:09 - [MESSAGE][PASSED] - Object: 'Object Repository/Perolehan/002 Penyedia_RekodBaru/SelectKod_Barang' is clicked on

2019-03-18 12:08:09 - [TEST_STEP][PASSED] - click(findTestObject("Perolehan/002 Penyedia_RekodBaru/Drop_down_Kategori_Pesanan_Tempatan")): Object: 'Object Repository/Perolehan/002 Penyedia_RekodBaru/Drop_down_Kategori_Pesanan_Tempatan' is clicked on

2019-03-18 12:08:09 - [MESSAGE][PASSED] - Object: 'Object Repository/Perolehan/002 Penyedia_RekodBaru/Drop_down_Kategori_Pesanan_Tempatan' is clicked on

2019-03-18 12:08:09 - [TEST_STEP][PASSED] - click(findTestObject("Perolehan/002 Penyedia_RekodBaru/Select_Kategori_Pesanan_BARANG")): Object: 'Object Repository/Perolehan/002 Penyedia_RekodBaru/Select_Kategori_Pesanan_BARANG' is clicked on

2019-03-18 12:08:09 - [MESSAGE][PASSED] - Object: 'Object Repository/Perolehan/002 Penyedia_RekodBaru/Select_Kategori_Pesanan_BARANG' is clicked on

2019-03-18 12:08:09 - [TEST_STEP][PASSED] - setText(findTestObject("Perolehan/002 Penyedia_RekodBaru/input_kuantiti"), "4"): Text '4' is set on object 'Object Repository/Perolehan/002 Penyedia_RekodBaru/input_kuantiti'

2019-03-18 12:08:09 - [MESSAGE][PASSED] - Text '4' is set on object 'Object Repository/Perolehan/002 Penyedia_RekodBaru/input_kuantiti'

2019-03-18 12:08:09 - [TEST_STEP][PASSED] - click(findTestObject("Perolehan/002 Penyedia_RekodBaru/Drop_down_Unit_Ukuran")): Object: 'Object Repository/Perolehan/002 Penyedia_RekodBaru/Drop_down_Unit_Ukuran' is clicked on

2019-03-18 12:08:09 - [MESSAGE][PASSED] - Object: 'Object Repository/Perolehan/002 Penyedia_RekodBaru/Drop_down_Unit_Ukuran' is clicked on

2019-03-18 12:08:09 - [TEST_STEP][PASSED] - delay(3): Delayed 3 second(s)

2019-03-18 12:08:12 - [MESSAGE][PASSED] - Delayed 3 second(s)

2019-03-18 12:08:12 - [TEST_STEP][PASSED] - click(findTestObject("Perolehan/002 Penyedia_RekodBaru/select_unit_ukuran_buah")): Object: 'Object Repository/Perolehan/002 Penyedia_RekodBaru/select_unit_ukuran_buah' is clicked on

2019-03-18 12:08:12 - [MESSAGE][PASSED] - Object: 'Object Repository/Perolehan/002 Penyedia_RekodBaru/select_unit_ukuran_buah' is clicked on

2019-03-18 12:08:12 - [TEST_STEP][PASSED] - setText(findTestObject("Perolehan/002 Penyedia_RekodBaru/input_harga_seunit"), "1.22"): Text '1.22' is set on object 'Object Repository/Perolehan/002 Penyedia_RekodBaru/input_harga_seunit'

2019-03-18 12:08:13 - [MESSAGE][PASSED] - Text '1.22' is set on object 'Object Repository/Perolehan/002 Penyedia_RekodBaru/input_harga_seunit'

2019-03-18 12:08:13 - [TEST_STEP][PASSED] - click(findTestObject("Perolehan/002 Penyedia_RekodBaru/button_simpan_caj_line")): Object: 'Object Repository/Perolehan/002 Penyedia_RekodBaru/button_simpan_caj_line' is clicked on

2019-03-18 12:08:13 - [MESSAGE][PASSED] - Object: 'Object Repository/Perolehan/002 Penyedia_RekodBaru/button_simpan_caj_line' is clicked on

2019-03-18 12:08:13 - [TEST_STEP][PASSED] - delay(3): Delayed 3 second(s)

2019-03-18 12:08:16 - [MESSAGE][PASSED] - Delayed 3 second(s)

2019-03-18 12:08:16 - [TEST_STEP][PASSED] - waitForElementClickable(findTestObject("Perolehan/002 Penyedia_RekodBaru/button_OK_Peruntukan_cukup"), 3): Object 'Object Repository/Perolehan/002 Penyedia_RekodBaru/button_OK_Peruntukan_cukup' is clickable

2019-03-18 12:08:18 - [MESSAGE][PASSED] - Object 'Object Repository/Perolehan/002 Penyedia_RekodBaru/button_OK_Peruntukan_cukup' is clickable

2019-03-18 12:08:18 - [TEST_STEP][PASSED] - click(findTestObject("Perolehan/002 Penyedia_RekodBaru/button_OK_Peruntukan_cukup")): Object: 'Object Repository/Perolehan/002 Penyedia_RekodBaru/button_OK_Peruntukan_cukup' is clicked on

2019-03-18 12:08:18 - [MESSAGE][PASSED] - Object: 'Object Repository/Perolehan/002 Penyedia_RekodBaru/button_OK_Peruntukan_cukup' is clicked on

2019-03-18 12:08:18 - [TEST_STEP][PASSED] - click(findTestObject("Perolehan/002 Penyedia_RekodBaru/button_Simpan_Rekod")): Object: 'Object Repository/Perolehan/002 Penyedia_RekodBaru/button_Simpan_Rekod' is clicked on

2019-03-18 12:08:18 - [MESSAGE][PASSED] - Object: 'Object Repository/Perolehan/002 Penyedia_RekodBaru/button_Simpan_Rekod' is clicked on

2019-03-18 12:08:18 - [TEST_STEP][PASSED] - delay(3): Delayed 3 second(s)

2019-03-18 12:08:21 - [MESSAGE][PASSED] - Delayed 3 second(s)

2019-03-18 12:08:21 - [TEST_STEP][PASSED] - waitForElementClickable(findTestObject("Perolehan/002 Penyedia_RekodBaru/button_OK_Rekod_Berjaya_disimpan"), 60): Object 'Object Repository/Perolehan/002 Penyedia_RekodBaru/button_OK_Rekod_Berjaya_disimpan' is clickable

2019-03-18 12:08:21 - [MESSAGE][PASSED] - Object 'Object Repository/Perolehan/002 Penyedia_RekodBaru/button_OK_Rekod_Berjaya_disimpan' is clickable

2019-03-18 12:08:21 - [TEST_STEP][PASSED] - click(findTestObject("Perolehan/002 Penyedia_RekodBaru/button_OK_Rekod_Berjaya_disimpan")): Object: 'Object Repository/Perolehan/002 Penyedia_RekodBaru/button_OK_Rekod_Berjaya_disimpan' is clicked on

2019-03-18 12:08:21 - [MESSAGE][PASSED] - Object: 'Object Repository/Perolehan/002 Penyedia_RekodBaru/button_OK_Rekod_Berjaya_disimpan' is clicked on

2019-03-18 12:08:21 - [TEST_STEP][PASSED] - JumlahPesananTempatan = getText(findTestObject("Perolehan/002 Penyedia_RekodBaru/Jumlah_pesanan_tempatan")): Text of object 'Object Repository/Perolehan/002 Penyedia_RekodBaru/Jumlah_pesanan_tempatan' is: '4.88'

2019-03-18 12:08:21 - [MESSAGE][PASSED] - Text of object 'Object Repository/Perolehan/002 Penyedia_RekodBaru/Jumlah_pesanan_tempatan' is: '4.88'

2019-03-18 12:08:21 - [TEST_STEP][PASSED] - println(JumlahPesananTempatan): null

2019-03-18 12:08:21 - [TEST_STEP][PASSED] - click(findTestObject("Perolehan/002 Penyedia_RekodBaru/Tab_Penghantaran_Barang")): Object: 'Object Repository/Perolehan/002 Penyedia_RekodBaru/Tab_Penghantaran_Barang' is clicked on

2019-03-18 12:08:21 - [MESSAGE][PASSED] - Object: 'Object Repository/Perolehan/002 Penyedia_RekodBaru/Tab_Penghantaran_Barang' is clicked on

2019-03-18 12:08:21 - [TEST_STEP][PASSED] - click(findTestObject("Perolehan/002 Penyedia_RekodBaru/button_tambah_master_barang")): Object: 'Object Repository/Perolehan/002 Penyedia_RekodBaru/button_tambah_master_barang' is clicked on

2019-03-18 12:08:21 - [MESSAGE][PASSED] - Object: 'Object Repository/Perolehan/002 Penyedia_RekodBaru/button_tambah_master_barang' is clicked on

2019-03-18 12:08:21 - [TEST_STEP][PASSED] - setText(findTestObject("Perolehan/002 Penyedia_RekodBaru/input_untuk_perhatian"), "Yang Berkenaan"): Text 'Yang Berkenaan' is set on object 'Object Repository/Perolehan/002 Penyedia_RekodBaru/input_untuk_perhatian'

2019-03-18 12:08:22 - [MESSAGE][PASSED] - Text 'Yang Berkenaan' is set on object 'Object Repository/Perolehan/002 Penyedia_RekodBaru/input_untuk_perhatian'

2019-03-18 12:08:22 - [TEST_STEP][PASSED] - click(findTestObject("Perolehan/002 Penyedia_RekodBaru/Drop_down_bekal_kepada_Jabatan")): Object: 'Object Repository/Perolehan/002 Penyedia_RekodBaru/Drop_down_bekal_kepada_Jabatan' is clicked on

2019-03-18 12:08:22 - [MESSAGE][PASSED] - Object: 'Object Repository/Perolehan/002 Penyedia_RekodBaru/Drop_down_bekal_kepada_Jabatan' is clicked on

2019-03-18 12:08:22 - [TEST_STEP][PASSED] - setText(findTestObject("Perolehan/002 Penyedia_RekodBaru/input_bekal_kepada_jabatan"), "004000"): Text '004000' is set on object 'Object Repository/Perolehan/002 Penyedia_RekodBaru/input_bekal_kepada_jabatan'

2019-03-18 12:08:22 - [MESSAGE][PASSED] - Text '004000' is set on object 'Object Repository/Perolehan/002 Penyedia_RekodBaru/input_bekal_kepada_jabatan'

2019-03-18 12:08:22 - [TEST_STEP][PASSED] - delay(3): Delayed 3 second(s)

2019-03-18 12:08:25 - [MESSAGE][PASSED] - Delayed 3 second(s)

2019-03-18 12:08:25 - [TEST_STEP][PASSED] - click(findTestObject("Perolehan/002 Penyedia_RekodBaru/select_jabatan_004000")): Object: 'Object Repository/Perolehan/002 Penyedia_RekodBaru/select_jabatan_004000' is clicked on

2019-03-18 12:08:25 - [MESSAGE][PASSED] - Object: 'Object Repository/Perolehan/002 Penyedia_RekodBaru/select_jabatan_004000' is clicked on

2019-03-18 12:08:25 - [TEST_STEP][PASSED] - delay(3): Delayed 3 second(s)

2019-03-18 12:08:28 - [MESSAGE][PASSED] - Delayed 3 second(s)

2019-03-18 12:08:28 - [TEST_STEP][PASSED] - click(findTestObject("Perolehan/002 Penyedia_RekodBaru/Drop_down_master_PTJ")): Object: 'Object Repository/Perolehan/002 Penyedia_RekodBaru/Drop_down_master_PTJ' is clicked on

2019-03-18 12:08:28 - [MESSAGE][PASSED] - Object: 'Object Repository/Perolehan/002 Penyedia_RekodBaru/Drop_down_master_PTJ' is clicked on

2019-03-18 12:08:28 - [TEST_STEP][PASSED] - delay(3): Delayed 3 second(s)

2019-03-18 12:08:31 - [MESSAGE][PASSED] - Delayed 3 second(s)

2019-03-18 12:08:31 - [TEST_STEP][PASSED] - waitForElementVisible(findTestObject("Perolehan/002 Penyedia_RekodBaru/select_master_PTJ"), 60): Object 'Object Repository/Perolehan/002 Penyedia_RekodBaru/select_master_PTJ' is visible

2019-03-18 12:08:31 - [MESSAGE][PASSED] - Object 'Object Repository/Perolehan/002 Penyedia_RekodBaru/select_master_PTJ' is visible

2019-03-18 12:08:31 - [TEST_STEP][PASSED] - click(findTestObject("Perolehan/002 Penyedia_RekodBaru/select_master_PTJ")): Object: 'Object Repository/Perolehan/002 Penyedia_RekodBaru/select_master_PTJ' is clicked on

2019-03-18 12:08:32 - [MESSAGE][PASSED] - Object: 'Object Repository/Perolehan/002 Penyedia_RekodBaru/select_master_PTJ' is clicked on

2019-03-18 12:08:32 - [TEST_STEP][PASSED] - delay(3): Delayed 3 second(s)

2019-03-18 12:08:35 - [MESSAGE][PASSED] - Delayed 3 second(s)

2019-03-18 12:08:35 - [TEST_STEP][PASSED] - check(findTestObject("Perolehan/002 Penyedia_RekodBaru/checkbox_alamat_utama")): Object 'Object Repository/Perolehan/002 Penyedia_RekodBaru/checkbox_alamat_utama' is checked

2019-03-18 12:08:35 - [MESSAGE][PASSED] - Object 'Object Repository/Perolehan/002 Penyedia_RekodBaru/checkbox_alamat_utama' is checked

2019-03-18 12:08:35 - [TEST_STEP][PASSED] - click(findTestObject("Perolehan/002 Penyedia_RekodBaru/button_tambah_senarai_barang")): Object: 'Object Repository/Perolehan/002 Penyedia_RekodBaru/button_tambah_senarai_barang' is clicked on

2019-03-18 12:08:35 - [MESSAGE][PASSED] - Object: 'Object Repository/Perolehan/002 Penyedia_RekodBaru/button_tambah_senarai_barang' is clicked on

2019-03-18 12:08:35 - [TEST_STEP][PASSED] - delay(3): Delayed 3 second(s)

2019-03-18 12:08:38 - [MESSAGE][PASSED] - Delayed 3 second(s)

2019-03-18 12:08:38 - [TEST_STEP][PASSED] - click(findTestObject("Perolehan/002 Penyedia_RekodBaru/Drop_down_senarai_barang")): Object: 'Object Repository/Perolehan/002 Penyedia_RekodBaru/Drop_down_senarai_barang' is clicked on

2019-03-18 12:08:38 - [MESSAGE][PASSED] - Object: 'Object Repository/Perolehan/002 Penyedia_RekodBaru/Drop_down_senarai_barang' is clicked on

2019-03-18 12:08:38 - [TEST_STEP][PASSED] - delay(3): Delayed 3 second(s)

2019-03-18 12:08:41 - [MESSAGE][PASSED] - Delayed 3 second(s)

2019-03-18 12:08:41 - [TEST_STEP][PASSED] - click(findTestObject("Perolehan/002 Penyedia_RekodBaru/Drop_down_Barang_1")): Object: 'Object Repository/Perolehan/002 Penyedia_RekodBaru/Drop_down_Barang_1' is clicked on

2019-03-18 12:08:41 - [MESSAGE][PASSED] - Object: 'Object Repository/Perolehan/002 Penyedia_RekodBaru/Drop_down_Barang_1' is clicked on

2019-03-18 12:08:41 - [TEST_STEP][PASSED] - setText(findTestObject("Perolehan/002 Penyedia_RekodBaru/input_Kuantiti_senarai_barang"), "4"): Text '4' is set on object 'Object Repository/Perolehan/002 Penyedia_RekodBaru/input_Kuantiti_senarai_barang'

2019-03-18 12:08:41 - [MESSAGE][PASSED] - Text '4' is set on object 'Object Repository/Perolehan/002 Penyedia_RekodBaru/input_Kuantiti_senarai_barang'

2019-03-18 12:08:41 - [TEST_STEP][PASSED] - click(findTestObject("Perolehan/002 Penyedia_RekodBaru/button_save_senarai_barang")): Object: 'Object Repository/Perolehan/002 Penyedia_RekodBaru/button_save_senarai_barang' is clicked on

2019-03-18 12:08:41 - [MESSAGE][PASSED] - Object: 'Object Repository/Perolehan/002 Penyedia_RekodBaru/button_save_senarai_barang' is clicked on

2019-03-18 12:08:41 - [TEST_STEP][PASSED] - click(findTestObject("Perolehan/002 Penyedia_RekodBaru/button_simpan_maklumat_bekalan")): Object: 'Object Repository/Perolehan/002 Penyedia_RekodBaru/button_simpan_maklumat_bekalan' is clicked on

2019-03-18 12:08:41 - [MESSAGE][PASSED] - Object: 'Object Repository/Perolehan/002 Penyedia_RekodBaru/button_simpan_maklumat_bekalan' is clicked on

2019-03-18 12:08:41 - [TEST_STEP][PASSED] - click(findTestObject("Perolehan/002 Penyedia_RekodBaru/Tab_Pesanan_Tempatan")): Object: 'Object Repository/Perolehan/002 Penyedia_RekodBaru/Tab_Pesanan_Tempatan' is clicked on

2019-03-18 12:08:42 - [MESSAGE][PASSED] - Object: 'Object Repository/Perolehan/002 Penyedia_RekodBaru/Tab_Pesanan_Tempatan' is clicked on

2019-03-18 12:08:42 - [TEST_STEP][PASSED] - click(findTestObject("Perolehan/002 Penyedia_RekodBaru/button_Simpan_Rekod")): Object: 'Object Repository/Perolehan/002 Penyedia_RekodBaru/button_Simpan_Rekod' is clicked on

2019-03-18 12:08:42 - [MESSAGE][PASSED] - Object: 'Object Repository/Perolehan/002 Penyedia_RekodBaru/button_Simpan_Rekod' is clicked on

2019-03-18 12:08:42 - [TEST_STEP][PASSED] - delay(3): Delayed 3 second(s)

2019-03-18 12:08:45 - [MESSAGE][PASSED] - Delayed 3 second(s)

2019-03-18 12:08:45 - [TEST_STEP][PASSED] - waitForElementClickable(findTestObject("Perolehan/002 Penyedia_RekodBaru/button_OK_Rekod_Berjaya_disimpan"), 60): Object 'Object Repository/Perolehan/002 Penyedia_RekodBaru/button_OK_Rekod_Berjaya_disimpan' is clickable

2019-03-18 12:08:45 - [MESSAGE][PASSED] - Object 'Object Repository/Perolehan/002 Penyedia_RekodBaru/button_OK_Rekod_Berjaya_disimpan' is clickable

2019-03-18 12:08:45 - [TEST_STEP][PASSED] - takeScreenshot(): Taking screenshot successfully

2019-03-18 12:08:45 - [MESSAGE][PASSED] - Taking screenshot successfully
[[ATTACHMENT|C:\\Users\\Consultant_MSPHitect\\Katalon Studio\\TrainingonKatalon\\Reports\\Perolehan\\01 Pesanan Tempatan Cara Bayaran EFT Tiada Pemfaktoran\\20190318_120624\\1552882125196.png]]

2019-03-18 12:08:45 - [TEST_STEP][PASSED] - click(findTestObject("Perolehan/002 Penyedia_RekodBaru/button_OK_Rekod_Berjaya_disimpan")): Object: 'Object Repository/Perolehan/002 Penyedia_RekodBaru/button_OK_Rekod_Berjaya_disimpan' is clicked on

2019-03-18 12:08:45 - [MESSAGE][PASSED] - Object: 'Object Repository/Perolehan/002 Penyedia_RekodBaru/button_OK_Rekod_Berjaya_disimpan' is clicked on]]></system-out>
         <system-err><![CDATA[]]></system-err>
      </testcase>
      <testcase name="Test Cases/Perolehan/002 Rekod Baru oleh Penyedia/002 Senarai Semak" classname="Test Cases/Perolehan/002 Rekod Baru oleh Penyedia/002 Senarai Semak" status="PASSED">
         <system-out><![CDATA[2019-03-18 12:08:45 - [TEST_CASE][PASSED] - Test Cases/Perolehan/002 Rekod Baru oleh Penyedia/002 Senarai Semak: Test Cases/Perolehan/002 Rekod Baru oleh Penyedia/002 Senarai Semak

2019-03-18 12:08:45 - [TEST_STEP][PASSED] - delay(3): Delayed 3 second(s)

2019-03-18 12:08:48 - [MESSAGE][PASSED] - Delayed 3 second(s)

2019-03-18 12:08:48 - [TEST_STEP][PASSED] - click(findTestObject("Perolehan/002 Penyedia_RekodBaru/0021 Senarai Semak/button_Senarai Semak")): Object: 'Object Repository/Perolehan/002 Penyedia_RekodBaru/0021 Senarai Semak/button_Senarai Semak' is clicked on

2019-03-18 12:08:48 - [MESSAGE][PASSED] - Object: 'Object Repository/Perolehan/002 Penyedia_RekodBaru/0021 Senarai Semak/button_Senarai Semak' is clicked on

2019-03-18 12:08:48 - [TEST_STEP][PASSED] - delay(3): Delayed 3 second(s)

2019-03-18 12:08:51 - [MESSAGE][PASSED] - Delayed 3 second(s)

2019-03-18 12:08:51 - [TEST_STEP][PASSED] - check(findTestObject("Perolehan/002 Penyedia_RekodBaru/0021 Senarai Semak/Senarai_semak_IC")): Object 'Object Repository/Perolehan/002 Penyedia_RekodBaru/0021 Senarai Semak/Senarai_semak_IC' is checked

2019-03-18 12:08:51 - [MESSAGE][PASSED] - Object 'Object Repository/Perolehan/002 Penyedia_RekodBaru/0021 Senarai Semak/Senarai_semak_IC' is checked

2019-03-18 12:08:51 - [TEST_STEP][PASSED] - check(findTestObject("Perolehan/002 Penyedia_RekodBaru/0021 Senarai Semak/Senarai_semak_Pesanan_Tempatan")): Object 'Object Repository/Perolehan/002 Penyedia_RekodBaru/0021 Senarai Semak/Senarai_semak_Pesanan_Tempatan' is checked

2019-03-18 12:08:52 - [MESSAGE][PASSED] - Object 'Object Repository/Perolehan/002 Penyedia_RekodBaru/0021 Senarai Semak/Senarai_semak_Pesanan_Tempatan' is checked

2019-03-18 12:08:52 - [TEST_STEP][PASSED] - check(findTestObject("Perolehan/002 Penyedia_RekodBaru/0021 Senarai Semak/Senarai_semak_Perihal_Perolehan")): Object 'Object Repository/Perolehan/002 Penyedia_RekodBaru/0021 Senarai Semak/Senarai_semak_Perihal_Perolehan' is checked

2019-03-18 12:08:52 - [MESSAGE][PASSED] - Object 'Object Repository/Perolehan/002 Penyedia_RekodBaru/0021 Senarai Semak/Senarai_semak_Perihal_Perolehan' is checked

2019-03-18 12:08:52 - [TEST_STEP][PASSED] - click(findTestObject("Perolehan/002 Penyedia_RekodBaru/0021 Senarai Semak/button_simpan_senarai_semak")): Object: 'Object Repository/Perolehan/002 Penyedia_RekodBaru/0021 Senarai Semak/button_simpan_senarai_semak' is clicked on

2019-03-18 12:08:52 - [MESSAGE][PASSED] - Object: 'Object Repository/Perolehan/002 Penyedia_RekodBaru/0021 Senarai Semak/button_simpan_senarai_semak' is clicked on

2019-03-18 12:08:52 - [TEST_STEP][PASSED] - waitForElementClickable(findTestObject("Perolehan/002 Penyedia_RekodBaru/0021 Senarai Semak/button_OK_Senarai_Semak_berjaya_disimpan"), 60): Object 'Object Repository/Perolehan/002 Penyedia_RekodBaru/0021 Senarai Semak/button_OK_Senarai_Semak_berjaya_disimpan' is clickable

2019-03-18 12:08:52 - [MESSAGE][PASSED] - Object 'Object Repository/Perolehan/002 Penyedia_RekodBaru/0021 Senarai Semak/button_OK_Senarai_Semak_berjaya_disimpan' is clickable

2019-03-18 12:08:52 - [TEST_STEP][PASSED] - click(findTestObject("Perolehan/002 Penyedia_RekodBaru/0021 Senarai Semak/button_OK_Senarai_Semak_berjaya_disimpan")): Object: 'Object Repository/Perolehan/002 Penyedia_RekodBaru/0021 Senarai Semak/button_OK_Senarai_Semak_berjaya_disimpan' is clicked on

2019-03-18 12:08:52 - [MESSAGE][PASSED] - Object: 'Object Repository/Perolehan/002 Penyedia_RekodBaru/0021 Senarai Semak/button_OK_Senarai_Semak_berjaya_disimpan' is clicked on

2019-03-18 12:08:52 - [TEST_STEP][PASSED] - click(findTestObject("Perolehan/002 Penyedia_RekodBaru/0021 Senarai Semak/Senarai_semak_close_X")): Object: 'Object Repository/Perolehan/002 Penyedia_RekodBaru/0021 Senarai Semak/Senarai_semak_close_X' is clicked on

2019-03-18 12:08:52 - [MESSAGE][PASSED] - Object: 'Object Repository/Perolehan/002 Penyedia_RekodBaru/0021 Senarai Semak/Senarai_semak_close_X' is clicked on

2019-03-18 12:08:52 - [TEST_STEP][PASSED] - click(findTestObject("Perolehan/002 Penyedia_RekodBaru/button_Simpan_Rekod")): Object: 'Object Repository/Perolehan/002 Penyedia_RekodBaru/button_Simpan_Rekod' is clicked on

2019-03-18 12:08:52 - [MESSAGE][PASSED] - Object: 'Object Repository/Perolehan/002 Penyedia_RekodBaru/button_Simpan_Rekod' is clicked on

2019-03-18 12:08:52 - [TEST_STEP][PASSED] - delay(3): Delayed 3 second(s)

2019-03-18 12:08:55 - [MESSAGE][PASSED] - Delayed 3 second(s)

2019-03-18 12:08:55 - [TEST_STEP][PASSED] - waitForElementClickable(findTestObject("Perolehan/002 Penyedia_RekodBaru/button_OK_Rekod_Berjaya_disimpan"), 60): Object 'Object Repository/Perolehan/002 Penyedia_RekodBaru/button_OK_Rekod_Berjaya_disimpan' is clickable

2019-03-18 12:08:55 - [MESSAGE][PASSED] - Object 'Object Repository/Perolehan/002 Penyedia_RekodBaru/button_OK_Rekod_Berjaya_disimpan' is clickable

2019-03-18 12:08:55 - [TEST_STEP][PASSED] - click(findTestObject("Perolehan/002 Penyedia_RekodBaru/button_OK_Rekod_Berjaya_disimpan")): Object: 'Object Repository/Perolehan/002 Penyedia_RekodBaru/button_OK_Rekod_Berjaya_disimpan' is clicked on

2019-03-18 12:08:55 - [MESSAGE][PASSED] - Object: 'Object Repository/Perolehan/002 Penyedia_RekodBaru/button_OK_Rekod_Berjaya_disimpan' is clicked on]]></system-out>
         <system-err><![CDATA[]]></system-err>
      </testcase>
      <testcase name="Test Cases/Perolehan/002 Rekod Baru oleh Penyedia/003 Sah Simpan" classname="Test Cases/Perolehan/002 Rekod Baru oleh Penyedia/003 Sah Simpan" status="PASSED">
         <system-out><![CDATA[2019-03-18 12:08:55 - [TEST_CASE][PASSED] - Test Cases/Perolehan/002 Rekod Baru oleh Penyedia/003 Sah Simpan: Test Cases/Perolehan/002 Rekod Baru oleh Penyedia/003 Sah Simpan

2019-03-18 12:08:56 - [TEST_STEP][PASSED] - delay(5): Delayed 5 second(s)

2019-03-18 12:09:01 - [MESSAGE][PASSED] - Delayed 5 second(s)

2019-03-18 12:09:01 - [TEST_STEP][PASSED] - Total = getText(findTestObject("Perolehan/002 Penyedia_RekodBaru/0022 Sah_Simpan/TotalAmaunPT")): Text of object 'Object Repository/Perolehan/002 Penyedia_RekodBaru/0022 Sah_Simpan/TotalAmaunPT' is: '4.88'

2019-03-18 12:09:01 - [MESSAGE][PASSED] - Text of object 'Object Repository/Perolehan/002 Penyedia_RekodBaru/0022 Sah_Simpan/TotalAmaunPT' is: '4.88'

2019-03-18 12:09:01 - [TEST_STEP][PASSED] - println(Total): null

2019-03-18 12:09:01 - [TEST_STEP][PASSED] - TotalAmaunPT = Total: null

2019-03-18 12:09:01 - [TEST_STEP][PASSED] - delay(3): Delayed 3 second(s)

2019-03-18 12:09:04 - [MESSAGE][PASSED] - Delayed 3 second(s)

2019-03-18 12:09:04 - [TEST_STEP][PASSED] - click(findTestObject("Perolehan/002 Penyedia_RekodBaru/0022 Sah_Simpan/button_Sah Simpan")): Object: 'Object Repository/Perolehan/002 Penyedia_RekodBaru/0022 Sah_Simpan/button_Sah Simpan' is clicked on

2019-03-18 12:09:04 - [MESSAGE][PASSED] - Object: 'Object Repository/Perolehan/002 Penyedia_RekodBaru/0022 Sah_Simpan/button_Sah Simpan' is clicked on

2019-03-18 12:09:04 - [TEST_STEP][PASSED] - click(findTestObject("Perolehan/002 Penyedia_RekodBaru/0022 Sah_Simpan/button_Ya_Sah_Simpan")): Object: 'Object Repository/Perolehan/002 Penyedia_RekodBaru/0022 Sah_Simpan/button_Ya_Sah_Simpan' is clicked on

2019-03-18 12:09:04 - [MESSAGE][PASSED] - Object: 'Object Repository/Perolehan/002 Penyedia_RekodBaru/0022 Sah_Simpan/button_Ya_Sah_Simpan' is clicked on

2019-03-18 12:09:04 - [TEST_STEP][PASSED] - delay(3): Delayed 3 second(s)

2019-03-18 12:09:07 - [MESSAGE][PASSED] - Delayed 3 second(s)

2019-03-18 12:09:07 - [TEST_STEP][PASSED] - waitForElementClickable(findTestObject("Perolehan/002 Penyedia_RekodBaru/0022 Sah_Simpan/button_OK_Sah_Simpan"), 60): Object 'Object Repository/Perolehan/002 Penyedia_RekodBaru/0022 Sah_Simpan/button_OK_Sah_Simpan' is clickable

2019-03-18 12:09:07 - [MESSAGE][PASSED] - Object 'Object Repository/Perolehan/002 Penyedia_RekodBaru/0022 Sah_Simpan/button_OK_Sah_Simpan' is clickable

2019-03-18 12:09:07 - [TEST_STEP][PASSED] - takeScreenshot(): Taking screenshot successfully

2019-03-18 12:09:08 - [MESSAGE][PASSED] - Taking screenshot successfully
[[ATTACHMENT|C:\\Users\\Consultant_MSPHitect\\Katalon Studio\\TrainingonKatalon\\Reports\\Perolehan\\01 Pesanan Tempatan Cara Bayaran EFT Tiada Pemfaktoran\\20190318_120624\\1552882147996.png]]

2019-03-18 12:09:08 - [TEST_STEP][PASSED] - PTRekodberjayaID = getText(findTestObject("Perolehan/002 Penyedia_RekodBaru/0022 Sah_Simpan/RekodBerjayadiSahSimpan")): Text of object 'Object Repository/Perolehan/002 Penyedia_RekodBaru/0022 Sah_Simpan/RekodBerjayadiSahSimpan' is: 'Rekod Telah Berjaya Di Sah Simpan. [ NO REKOD :19DAPT030100204 ]
Ok'

2019-03-18 12:09:08 - [MESSAGE][PASSED] - Text of object 'Object Repository/Perolehan/002 Penyedia_RekodBaru/0022 Sah_Simpan/RekodBerjayadiSahSimpan' is: 'Rekod Telah Berjaya Di Sah Simpan. [ NO REKOD :19DAPT030100204 ]
Ok'

2019-03-18 12:09:08 - [TEST_STEP][PASSED] - println(PTRekodberjayaID): null

2019-03-18 12:09:08 - [TEST_STEP][PASSED] - PTRekodID = PTRekodberjayaID[(47..61)]: null

2019-03-18 12:09:08 - [TEST_STEP][PASSED] - println(PTRekodID): null

2019-03-18 12:09:08 - [TEST_STEP][PASSED] - PesananTempatanRekodID = PTRekodID: null

2019-03-18 12:09:08 - [TEST_STEP][PASSED] - delay(3): Delayed 3 second(s)

2019-03-18 12:09:11 - [MESSAGE][PASSED] - Delayed 3 second(s)

2019-03-18 12:09:11 - [TEST_STEP][PASSED] - click(findTestObject("Perolehan/002 Penyedia_RekodBaru/0022 Sah_Simpan/button_OK_Sah_Simpan")): Object: 'Object Repository/Perolehan/002 Penyedia_RekodBaru/0022 Sah_Simpan/button_OK_Sah_Simpan' is clicked on

2019-03-18 12:09:11 - [MESSAGE][PASSED] - Object: 'Object Repository/Perolehan/002 Penyedia_RekodBaru/0022 Sah_Simpan/button_OK_Sah_Simpan' is clicked on

2019-03-18 12:09:11 - [TEST_STEP][PASSED] - closeBrowser(): Browser is closed

2019-03-18 12:09:11 - [MESSAGE][PASSED] - Browser is closed]]></system-out>
         <system-err><![CDATA[]]></system-err>
      </testcase>
      <testcase name="Test Cases/Perolehan/003 Pengesahan Pesanan Tempatan/Pengesahan" classname="Test Cases/Perolehan/003 Pengesahan Pesanan Tempatan/Pengesahan" status="PASSED">
         <system-out><![CDATA[2019-03-18 12:09:11 - [TEST_CASE][PASSED] - Test Cases/Perolehan/003 Pengesahan Pesanan Tempatan/Pengesahan: Test Cases/Perolehan/003 Pengesahan Pesanan Tempatan/Pengesahan

2019-03-18 12:09:12 - [TEST_STEP][PASSED] - reusablefunctions.reusablefunctions.openbrowser(): reusablefunctions.reusablefunctions.openbrowser is PASSED

2019-03-18 12:09:12 - [MESSAGE][INFO] - Starting 'Chrome' driver

2019-03-18 12:09:16 - [MESSAGE][PASSED] - Browser is opened with url: 'https://175.143.52.101:7011/1SPEKSv2/'

2019-03-18 12:09:16 - [MESSAGE][PASSED] - reusablefunctions.reusablefunctions.openbrowser is PASSED

2019-03-18 12:09:16 - [TEST_STEP][PASSED] - reusablefunctions.reusablefunctions.Login(findTestData("ispekstestdata").getValue(1, 2), findTestData("ispekstestdata").getValue(2, 2)): reusablefunctions.reusablefunctions.Login is PASSED

2019-03-18 12:09:16 - [MESSAGE][PASSED] - Text '601101955194' is set on object 'Object Repository/Login/input_NoKadPengenalan'

2019-03-18 12:09:16 - [MESSAGE][PASSED] - Text ****** has been set on object 'Object Repository/Login/input_Password'

2019-03-18 12:09:23 - [MESSAGE][PASSED] - Object: 'Object Repository/Login/input_ButtonLogMasuk' is clicked on

2019-03-18 12:09:33 - [MESSAGE][PASSED] - Delayed 10 second(s)

2019-03-18 12:09:33 - [MESSAGE][PASSED] - reusablefunctions.reusablefunctions.Login is PASSED

2019-03-18 12:09:33 - [TEST_STEP][PASSED] - reusablefunctions.reusablefunctions.PerananPengesahBN(): reusablefunctions.reusablefunctions.PerananPengesahBN is PASSED

2019-03-18 12:09:33 - [MESSAGE][PASSED] - Object: 'Object Repository/Perolehan/TukarPeranan/IconTukarPeranan' is clicked on

2019-03-18 12:09:33 - [MESSAGE][PASSED] - Object: 'Object Repository/Perolehan/TukarPeranan/input_TukarPengesahBN' is clicked on

2019-03-18 12:09:33 - [MESSAGE][PASSED] - Object: 'Object Repository/Perolehan/TukarPeranan/button_Ya' is clicked on

2019-03-18 12:09:53 - [MESSAGE][PASSED] - Delayed 20 second(s)

2019-03-18 12:09:56 - [MESSAGE][PASSED] - Text 'Peranan : [Pengesah] Peringkat : [BN]' is present on page 

2019-03-18 12:09:56 - [MESSAGE][PASSED] - reusablefunctions.reusablefunctions.PerananPengesahBN is PASSED

2019-03-18 12:09:56 - [TEST_STEP][PASSED] - doubleClick(findTestObject("Perolehan/003 Pengesah/Dashboard_To_Sah")): Object: 'Object Repository/Perolehan/003 Pengesah/Dashboard_To_Sah' is double clicked on

2019-03-18 12:09:56 - [MESSAGE][PASSED] - Object: 'Object Repository/Perolehan/003 Pengesah/Dashboard_To_Sah' is double clicked on

2019-03-18 12:09:56 - [TEST_STEP][PASSED] - delay(3): Delayed 3 second(s)

2019-03-18 12:09:59 - [MESSAGE][PASSED] - Delayed 3 second(s)

2019-03-18 12:09:59 - [TEST_STEP][PASSED] - setText(findTestObject("Perolehan/003 Pengesah/input_No_Rekod"), PesananTempatanRekodID): Text '19DAPT030100204' is set on object 'Object Repository/Perolehan/003 Pengesah/input_No_Rekod'

2019-03-18 12:10:00 - [MESSAGE][PASSED] - Text '19DAPT030100204' is set on object 'Object Repository/Perolehan/003 Pengesah/input_No_Rekod'

2019-03-18 12:10:00 - [TEST_STEP][PASSED] - doubleClick(findTestObject("Perolehan/003 Pengesah/Senarai_Tugas_Item_No_1", ["text":PesananTempatanRekodID])): Object: 'Object Repository/Perolehan/003 Pengesah/Senarai_Tugas_Item_No_1' is double clicked on

2019-03-18 12:10:00 - [MESSAGE][PASSED] - Object: 'Object Repository/Perolehan/003 Pengesah/Senarai_Tugas_Item_No_1' is double clicked on

2019-03-18 12:10:00 - [TEST_STEP][PASSED] - delay(3): Delayed 3 second(s)

2019-03-18 12:10:03 - [MESSAGE][PASSED] - Delayed 3 second(s)

2019-03-18 12:10:03 - [TEST_STEP][PASSED] - mydate = new java.util.Date(): null

2019-03-18 12:10:03 - [TEST_STEP][PASSED] - formattedDate = mydate.format("dd/MM/yyyy"): null

2019-03-18 12:10:03 - [TEST_STEP][PASSED] - formattedYear = mydate.format("yyyy"): null

2019-03-18 12:10:03 - [TEST_STEP][PASSED] - println(formattedDate): null

2019-03-18 12:10:03 - [TEST_STEP][PASSED] - println(formattedYear): null

2019-03-18 12:10:03 - [TEST_STEP][PASSED] - TahunKewangan = getText(findTestObject("Perolehan/003 Pengesah/Label_tahun_kewangan")): Text of object 'Object Repository/Perolehan/003 Pengesah/Label_tahun_kewangan' is: '2019'

2019-03-18 12:10:05 - [MESSAGE][PASSED] - Text of object 'Object Repository/Perolehan/003 Pengesah/Label_tahun_kewangan' is: '2019'

2019-03-18 12:10:05 - [TEST_STEP][PASSED] - verifyMatch(TahunKewangan, formattedYear, false): Actual text '2019' and expected text '2019' are matched 

2019-03-18 12:10:05 - [MESSAGE][PASSED] - Actual text '2019' and expected text '2019' are matched 

2019-03-18 12:10:05 - [TEST_STEP][PASSED] - TarikhSemasa = getText(findTestObject("Perolehan/003 Pengesah/Label_Tarikh_semasa")): Text of object 'Object Repository/Perolehan/003 Pengesah/Label_Tarikh_semasa' is: '18/03/2019'

2019-03-18 12:10:05 - [MESSAGE][PASSED] - Text of object 'Object Repository/Perolehan/003 Pengesah/Label_Tarikh_semasa' is: '18/03/2019'

2019-03-18 12:10:05 - [TEST_STEP][PASSED] - verifyMatch(TarikhSemasa, formattedDate, false): Actual text '18/03/2019' and expected text '18/03/2019' are matched 

2019-03-18 12:10:05 - [MESSAGE][PASSED] - Actual text '18/03/2019' and expected text '18/03/2019' are matched 

2019-03-18 12:10:05 - [TEST_STEP][PASSED] - delay(3): Delayed 3 second(s)

2019-03-18 12:10:08 - [MESSAGE][PASSED] - Delayed 3 second(s)

2019-03-18 12:10:08 - [TEST_STEP][PASSED] - jumlah = getText(findTestObject("Perolehan/003 Pengesah/label_Jumlah_pesanan_tempatan")): Text of object 'Object Repository/Perolehan/003 Pengesah/label_Jumlah_pesanan_tempatan' is: '4.88'

2019-03-18 12:10:09 - [MESSAGE][PASSED] - Text of object 'Object Repository/Perolehan/003 Pengesah/label_Jumlah_pesanan_tempatan' is: '4.88'

2019-03-18 12:10:09 - [TEST_STEP][PASSED] - println(jumlah): null

2019-03-18 12:10:09 - [TEST_STEP][PASSED] - verifyMatch(jumlah, TotalAmaunPT, false): Actual text '4.88' and expected text '4.88' are matched 

2019-03-18 12:10:09 - [MESSAGE][PASSED] - Actual text '4.88' and expected text '4.88' are matched 

2019-03-18 12:10:09 - [TEST_STEP][PASSED] - click(findTestObject("Perolehan/003 Pengesah/button_sah")): Object: 'Object Repository/Perolehan/003 Pengesah/button_sah' is clicked on

2019-03-18 12:10:09 - [MESSAGE][PASSED] - Object: 'Object Repository/Perolehan/003 Pengesah/button_sah' is clicked on

2019-03-18 12:10:09 - [TEST_STEP][PASSED] - delay(3): Delayed 3 second(s)

2019-03-18 12:10:12 - [MESSAGE][PASSED] - Delayed 3 second(s)

2019-03-18 12:10:12 - [TEST_STEP][PASSED] - click(findTestObject("Perolehan/003 Pengesah/Button_ya_sahkan")): Object: 'Object Repository/Perolehan/003 Pengesah/Button_ya_sahkan' is clicked on

2019-03-18 12:10:12 - [MESSAGE][PASSED] - Object: 'Object Repository/Perolehan/003 Pengesah/Button_ya_sahkan' is clicked on

2019-03-18 12:10:12 - [TEST_STEP][PASSED] - delay(5): Delayed 5 second(s)

2019-03-18 12:10:17 - [MESSAGE][PASSED] - Delayed 5 second(s)

2019-03-18 12:10:17 - [TEST_STEP][PASSED] - waitForElementClickable(findTestObject("Perolehan/003 Pengesah/button_OK_berjaya_disah"), 60): Object 'Object Repository/Perolehan/003 Pengesah/button_OK_berjaya_disah' is clickable

2019-03-18 12:10:17 - [MESSAGE][PASSED] - Object 'Object Repository/Perolehan/003 Pengesah/button_OK_berjaya_disah' is clickable

2019-03-18 12:10:17 - [TEST_STEP][PASSED] - delay(5): Delayed 5 second(s)

2019-03-18 12:10:22 - [MESSAGE][PASSED] - Delayed 5 second(s)

2019-03-18 12:10:22 - [TEST_STEP][PASSED] - click(findTestObject("Perolehan/003 Pengesah/button_OK_berjaya_disah")): Object: 'Object Repository/Perolehan/003 Pengesah/button_OK_berjaya_disah' is clicked on

2019-03-18 12:10:22 - [MESSAGE][PASSED] - Object: 'Object Repository/Perolehan/003 Pengesah/button_OK_berjaya_disah' is clicked on

2019-03-18 12:10:22 - [TEST_STEP][PASSED] - closeBrowser(): Browser is closed

2019-03-18 12:10:22 - [MESSAGE][PASSED] - Browser is closed]]></system-out>
         <system-err><![CDATA[]]></system-err>
      </testcase>
      <testcase name="Test Cases/Perolehan/004 Pelulus Pesanan Tempatan/Pelulus" classname="Test Cases/Perolehan/004 Pelulus Pesanan Tempatan/Pelulus" status="PASSED">
         <system-out><![CDATA[2019-03-18 12:10:22 - [TEST_CASE][PASSED] - Test Cases/Perolehan/004 Pelulus Pesanan Tempatan/Pelulus: Test Cases/Perolehan/004 Pelulus Pesanan Tempatan/Pelulus

2019-03-18 12:10:23 - [TEST_STEP][PASSED] - reusablefunctions.reusablefunctions.openbrowser(): reusablefunctions.reusablefunctions.openbrowser is PASSED

2019-03-18 12:10:23 - [MESSAGE][INFO] - Starting 'Chrome' driver

2019-03-18 12:10:26 - [MESSAGE][PASSED] - Browser is opened with url: 'https://175.143.52.101:7011/1SPEKSv2/'

2019-03-18 12:10:26 - [MESSAGE][PASSED] - reusablefunctions.reusablefunctions.openbrowser is PASSED

2019-03-18 12:10:26 - [TEST_STEP][PASSED] - reusablefunctions.reusablefunctions.Login(findTestData("ispekstestdata").getValue(1, 2), findTestData("ispekstestdata").getValue(2, 2)): reusablefunctions.reusablefunctions.Login is PASSED

2019-03-18 12:10:26 - [MESSAGE][PASSED] - Text '601101955194' is set on object 'Object Repository/Login/input_NoKadPengenalan'

2019-03-18 12:10:26 - [MESSAGE][PASSED] - Text ****** has been set on object 'Object Repository/Login/input_Password'

2019-03-18 12:10:27 - [MESSAGE][PASSED] - Object: 'Object Repository/Login/input_ButtonLogMasuk' is clicked on

2019-03-18 12:10:37 - [MESSAGE][PASSED] - Delayed 10 second(s)

2019-03-18 12:10:37 - [MESSAGE][PASSED] - reusablefunctions.reusablefunctions.Login is PASSED

2019-03-18 12:10:37 - [TEST_STEP][PASSED] - reusablefunctions.reusablefunctions.PerananPelulusPTJ(): reusablefunctions.reusablefunctions.PerananPelulusPTJ is PASSED

2019-03-18 12:10:37 - [MESSAGE][PASSED] - Object: 'Object Repository/Perolehan/TukarPeranan/IconTukarPeranan' is clicked on

2019-03-18 12:10:37 - [MESSAGE][PASSED] - Object: 'Object Repository/Perolehan/TukarPeranan/input_TukarPelulusPTJ' is clicked on

2019-03-18 12:10:37 - [MESSAGE][PASSED] - Object: 'Object Repository/Perolehan/TukarPeranan/button_Ya' is clicked on

2019-03-18 12:10:57 - [MESSAGE][PASSED] - Delayed 20 second(s)

2019-03-18 12:11:00 - [MESSAGE][PASSED] - Text 'Peranan : [Pelulus] Peringkat : [PTJ]' is present on page 

2019-03-18 12:11:00 - [MESSAGE][PASSED] - reusablefunctions.reusablefunctions.PerananPelulusPTJ is PASSED

2019-03-18 12:11:00 - [TEST_STEP][PASSED] - doubleClick(findTestObject("Perolehan/004 Pelulus/Dashboard_To_Lulus")): Object: 'Object Repository/Perolehan/004 Pelulus/Dashboard_To_Lulus' is double clicked on

2019-03-18 12:11:00 - [MESSAGE][PASSED] - Object: 'Object Repository/Perolehan/004 Pelulus/Dashboard_To_Lulus' is double clicked on

2019-03-18 12:11:00 - [TEST_STEP][PASSED] - delay(3): Delayed 3 second(s)

2019-03-18 12:11:03 - [MESSAGE][PASSED] - Delayed 3 second(s)

2019-03-18 12:11:03 - [TEST_STEP][PASSED] - setText(findTestObject("Perolehan/004 Pelulus/input_No_Rekod"), PesananTempatanRekodID): Text '19DAPT030100204' is set on object 'Object Repository/Perolehan/004 Pelulus/input_No_Rekod'

2019-03-18 12:11:03 - [MESSAGE][PASSED] - Text '19DAPT030100204' is set on object 'Object Repository/Perolehan/004 Pelulus/input_No_Rekod'

2019-03-18 12:11:03 - [TEST_STEP][PASSED] - doubleClick(findTestObject("Perolehan/004 Pelulus/Senarai_Tugas_Item_No_1", ["text":PesananTempatanRekodID])): Object: 'Object Repository/Perolehan/004 Pelulus/Senarai_Tugas_Item_No_1' is double clicked on

2019-03-18 12:11:03 - [MESSAGE][PASSED] - Object: 'Object Repository/Perolehan/004 Pelulus/Senarai_Tugas_Item_No_1' is double clicked on

2019-03-18 12:11:03 - [TEST_STEP][PASSED] - delay(3): Delayed 3 second(s)

2019-03-18 12:11:06 - [MESSAGE][PASSED] - Delayed 3 second(s)

2019-03-18 12:11:06 - [TEST_STEP][PASSED] - mydate = new java.util.Date(): null

2019-03-18 12:11:06 - [TEST_STEP][PASSED] - formattedDate = mydate.format("dd/MM/yyyy"): null

2019-03-18 12:11:06 - [TEST_STEP][PASSED] - formattedYear = mydate.format("yyyy"): null

2019-03-18 12:11:06 - [TEST_STEP][PASSED] - println(formattedDate): null

2019-03-18 12:11:06 - [TEST_STEP][PASSED] - println(formattedYear): null

2019-03-18 12:11:06 - [TEST_STEP][PASSED] - TahunKewangan = getText(findTestObject("Perolehan/003 Pengesah/Label_tahun_kewangan")): Text of object 'Object Repository/Perolehan/003 Pengesah/Label_tahun_kewangan' is: '2019'

2019-03-18 12:11:06 - [MESSAGE][PASSED] - Text of object 'Object Repository/Perolehan/003 Pengesah/Label_tahun_kewangan' is: '2019'

2019-03-18 12:11:06 - [TEST_STEP][PASSED] - verifyMatch(TahunKewangan, formattedYear, false): Actual text '2019' and expected text '2019' are matched 

2019-03-18 12:11:06 - [MESSAGE][PASSED] - Actual text '2019' and expected text '2019' are matched 

2019-03-18 12:11:06 - [TEST_STEP][PASSED] - TarikhSemasa = getText(findTestObject("Perolehan/003 Pengesah/Label_Tarikh_semasa")): Text of object 'Object Repository/Perolehan/003 Pengesah/Label_Tarikh_semasa' is: '18/03/2019'

2019-03-18 12:11:06 - [MESSAGE][PASSED] - Text of object 'Object Repository/Perolehan/003 Pengesah/Label_Tarikh_semasa' is: '18/03/2019'

2019-03-18 12:11:06 - [TEST_STEP][PASSED] - verifyMatch(TarikhSemasa, formattedDate, false): Actual text '18/03/2019' and expected text '18/03/2019' are matched 

2019-03-18 12:11:06 - [MESSAGE][PASSED] - Actual text '18/03/2019' and expected text '18/03/2019' are matched 

2019-03-18 12:11:06 - [TEST_STEP][PASSED] - delay(20): Delayed 20 second(s)

2019-03-18 12:11:26 - [MESSAGE][PASSED] - Delayed 20 second(s)

2019-03-18 12:11:26 - [TEST_STEP][PASSED] - jumlah = getText(findTestObject("Perolehan/003 Pengesah/label_Jumlah_pesanan_tempatan")): Text of object 'Object Repository/Perolehan/003 Pengesah/label_Jumlah_pesanan_tempatan' is: '4.88'

2019-03-18 12:11:26 - [MESSAGE][PASSED] - Text of object 'Object Repository/Perolehan/003 Pengesah/label_Jumlah_pesanan_tempatan' is: '4.88'

2019-03-18 12:11:26 - [TEST_STEP][PASSED] - delay(3): Delayed 3 second(s)

2019-03-18 12:11:29 - [MESSAGE][PASSED] - Delayed 3 second(s)

2019-03-18 12:11:29 - [TEST_STEP][PASSED] - println(jumlah): null

2019-03-18 12:11:29 - [TEST_STEP][PASSED] - verifyMatch(jumlah, TotalAmaunPT, false): Actual text '4.88' and expected text '4.88' are matched 

2019-03-18 12:11:29 - [MESSAGE][PASSED] - Actual text '4.88' and expected text '4.88' are matched 

2019-03-18 12:11:29 - [TEST_STEP][PASSED] - click(findTestObject("Perolehan/004 Pelulus/button_Lulus")): Object: 'Object Repository/Perolehan/004 Pelulus/button_Lulus' is clicked on

2019-03-18 12:11:30 - [MESSAGE][PASSED] - Object: 'Object Repository/Perolehan/004 Pelulus/button_Lulus' is clicked on

2019-03-18 12:11:30 - [TEST_STEP][PASSED] - click(findTestObject("Perolehan/004 Pelulus/button_ya_luluskan")): Object: 'Object Repository/Perolehan/004 Pelulus/button_ya_luluskan' is clicked on

2019-03-18 12:11:30 - [MESSAGE][PASSED] - Object: 'Object Repository/Perolehan/004 Pelulus/button_ya_luluskan' is clicked on

2019-03-18 12:11:30 - [TEST_STEP][PASSED] - delay(8): Delayed 8 second(s)

2019-03-18 12:11:38 - [MESSAGE][PASSED] - Delayed 8 second(s)

2019-03-18 12:11:38 - [TEST_STEP][PASSED] - waitForElementClickable(findTestObject("Perolehan/004 Pelulus/button_OK_Berjaya_lulus"), 180): Object 'Object Repository/Perolehan/004 Pelulus/button_OK_Berjaya_lulus' is clickable

2019-03-18 12:11:38 - [MESSAGE][PASSED] - Object 'Object Repository/Perolehan/004 Pelulus/button_OK_Berjaya_lulus' is clickable

2019-03-18 12:11:38 - [TEST_STEP][PASSED] - RekodBerjayaLulus = getText(findTestObject("Perolehan/004 Pelulus/RekodBerjayaLulus")): Text of object 'Object Repository/Perolehan/004 Pelulus/RekodBerjayaLulus' is: 'Rekod Telah Berjaya Diluluskan. [ NO DOKUMEN :19DAPT0300150 ]
Ok'

2019-03-18 12:11:38 - [MESSAGE][PASSED] - Text of object 'Object Repository/Perolehan/004 Pelulus/RekodBerjayaLulus' is: 'Rekod Telah Berjaya Diluluskan. [ NO DOKUMEN :19DAPT0300150 ]
Ok'

2019-03-18 12:11:38 - [TEST_STEP][PASSED] - println(RekodBerjayaLulus): null

2019-03-18 12:11:38 - [TEST_STEP][PASSED] - PTDokumenID = RekodBerjayaLulus[(46..58)]: null

2019-03-18 12:11:38 - [TEST_STEP][PASSED] - println(PTDokumenID): null

2019-03-18 12:11:38 - [TEST_STEP][PASSED] - PesananTempatanDokumenID = PTDokumenID: null

2019-03-18 12:11:38 - [TEST_STEP][PASSED] - delay(3): Delayed 3 second(s)

2019-03-18 12:11:41 - [MESSAGE][PASSED] - Delayed 3 second(s)

2019-03-18 12:11:41 - [TEST_STEP][PASSED] - click(findTestObject("Perolehan/004 Pelulus/button_OK_Berjaya_lulus")): Object: 'Object Repository/Perolehan/004 Pelulus/button_OK_Berjaya_lulus' is clicked on

2019-03-18 12:11:41 - [MESSAGE][PASSED] - Object: 'Object Repository/Perolehan/004 Pelulus/button_OK_Berjaya_lulus' is clicked on

2019-03-18 12:11:41 - [TEST_STEP][PASSED] - closeBrowser(): Browser is closed

2019-03-18 12:11:41 - [MESSAGE][PASSED] - Browser is closed]]></system-out>
         <system-err><![CDATA[]]></system-err>
      </testcase>
      <testcase name="Test Cases/Perolehan/005 Terimaan Barang Perkhidmatan/001 Proses Kemasukan Terimaan Barang - EFT" classname="Test Cases/Perolehan/005 Terimaan Barang Perkhidmatan/001 Proses Kemasukan Terimaan Barang - EFT" status="PASSED">
         <system-out><![CDATA[2019-03-18 12:11:41 - [TEST_CASE][PASSED] - Test Cases/Perolehan/005 Terimaan Barang Perkhidmatan/001 Proses Kemasukan Terimaan Barang - EFT: Test Cases/Perolehan/005 Terimaan Barang Perkhidmatan/001 Proses Kemasukan Terimaan Barang - EFT

2019-03-18 12:11:42 - [TEST_STEP][PASSED] - reusablefunctions.reusablefunctions.openbrowser(): reusablefunctions.reusablefunctions.openbrowser is PASSED

2019-03-18 12:11:42 - [MESSAGE][INFO] - Starting 'Chrome' driver

2019-03-18 12:11:54 - [MESSAGE][PASSED] - Browser is opened with url: 'https://175.143.52.101:7011/1SPEKSv2/'

2019-03-18 12:11:54 - [MESSAGE][PASSED] - reusablefunctions.reusablefunctions.openbrowser is PASSED

2019-03-18 12:11:54 - [TEST_STEP][PASSED] - reusablefunctions.reusablefunctions.Login(findTestData("ispekstestdata").getValue(1, 2), findTestData("ispekstestdata").getValue(2, 2)): reusablefunctions.reusablefunctions.Login is PASSED

2019-03-18 12:11:54 - [MESSAGE][PASSED] - Text '601101955194' is set on object 'Object Repository/Login/input_NoKadPengenalan'

2019-03-18 12:11:54 - [MESSAGE][PASSED] - Text ****** has been set on object 'Object Repository/Login/input_Password'

2019-03-18 12:11:56 - [MESSAGE][PASSED] - Object: 'Object Repository/Login/input_ButtonLogMasuk' is clicked on

2019-03-18 12:12:06 - [MESSAGE][PASSED] - Delayed 10 second(s)

2019-03-18 12:12:06 - [MESSAGE][PASSED] - reusablefunctions.reusablefunctions.Login is PASSED

2019-03-18 12:12:06 - [TEST_STEP][PASSED] - reusablefunctions.reusablefunctions.PerananPenyediaPTJ(): reusablefunctions.reusablefunctions.PerananPenyediaPTJ is PASSED

2019-03-18 12:12:06 - [MESSAGE][PASSED] - Object: 'Object Repository/Perolehan/TukarPeranan/IconTukarPeranan' is clicked on

2019-03-18 12:12:06 - [MESSAGE][PASSED] - Object: 'Object Repository/Perolehan/TukarPeranan/input_TukarPenyediaPTJ' is clicked on

2019-03-18 12:12:06 - [MESSAGE][PASSED] - Object: 'Object Repository/Perolehan/TukarPeranan/button_Ya' is clicked on

2019-03-18 12:12:26 - [MESSAGE][PASSED] - Delayed 20 second(s)

2019-03-18 12:12:29 - [MESSAGE][PASSED] - Text 'Peranan : [Penyedia] Peringkat : [PTJ]' is present on page 

2019-03-18 12:12:29 - [MESSAGE][PASSED] - reusablefunctions.reusablefunctions.PerananPenyediaPTJ is PASSED

2019-03-18 12:12:29 - [TEST_STEP][PASSED] - click(findTestObject("Perolehan/001 Left_Menu_Selection/a_ExpandMenuonLeft")): Object: 'Object Repository/Perolehan/001 Left_Menu_Selection/a_ExpandMenuonLeft' is clicked on

2019-03-18 12:12:30 - [MESSAGE][PASSED] - Object: 'Object Repository/Perolehan/001 Left_Menu_Selection/a_ExpandMenuonLeft' is clicked on

2019-03-18 12:12:30 - [TEST_STEP][PASSED] - delay(3, STOP_ON_FAILURE): Delayed 3 second(s)

2019-03-18 12:12:33 - [MESSAGE][PASSED] - Delayed 3 second(s)

2019-03-18 12:12:33 - [TEST_STEP][PASSED] - click(findTestObject("Perolehan/001 Left_Menu_Selection/div_ClickonPerolehan")): Object: 'Object Repository/Perolehan/001 Left_Menu_Selection/div_ClickonPerolehan' is clicked on

2019-03-18 12:12:33 - [MESSAGE][PASSED] - Object: 'Object Repository/Perolehan/001 Left_Menu_Selection/div_ClickonPerolehan' is clicked on

2019-03-18 12:12:33 - [TEST_STEP][PASSED] - delay(3, STOP_ON_FAILURE): Delayed 3 second(s)

2019-03-18 12:12:36 - [MESSAGE][PASSED] - Delayed 3 second(s)

2019-03-18 12:12:36 - [TEST_STEP][PASSED] - click(findTestObject("Perolehan/001 Left_Menu_Selection/div_Kemasukan_Terimaan_Barang")): Object: 'Object Repository/Perolehan/001 Left_Menu_Selection/div_Kemasukan_Terimaan_Barang' is clicked on

2019-03-18 12:12:36 - [MESSAGE][PASSED] - Object: 'Object Repository/Perolehan/001 Left_Menu_Selection/div_Kemasukan_Terimaan_Barang' is clicked on

2019-03-18 12:12:36 - [TEST_STEP][PASSED] - assert true: null

2019-03-18 12:12:36 - [TEST_STEP][PASSED] - delay(3): Delayed 3 second(s)

2019-03-18 12:12:39 - [MESSAGE][PASSED] - Delayed 3 second(s)

2019-03-18 12:12:39 - [TEST_STEP][PASSED] - click(findTestObject("Perolehan/005 Kemasukan Terimaan/button_REKOD BARU")): Object: 'Object Repository/Perolehan/005 Kemasukan Terimaan/button_REKOD BARU' is clicked on

2019-03-18 12:12:39 - [MESSAGE][PASSED] - Object: 'Object Repository/Perolehan/005 Kemasukan Terimaan/button_REKOD BARU' is clicked on

2019-03-18 12:12:39 - [TEST_STEP][PASSED] - delay(3): Delayed 3 second(s)

2019-03-18 12:12:42 - [MESSAGE][PASSED] - Delayed 3 second(s)

2019-03-18 12:12:42 - [TEST_STEP][PASSED] - click(findTestObject("Perolehan/005 Kemasukan Terimaan/Drop_down_No_Dokumen")): Object: 'Object Repository/Perolehan/005 Kemasukan Terimaan/Drop_down_No_Dokumen' is clicked on

2019-03-18 12:12:42 - [MESSAGE][PASSED] - Object: 'Object Repository/Perolehan/005 Kemasukan Terimaan/Drop_down_No_Dokumen' is clicked on

2019-03-18 12:12:42 - [TEST_STEP][PASSED] - delay(3): Delayed 3 second(s)

2019-03-18 12:12:45 - [MESSAGE][PASSED] - Delayed 3 second(s)

2019-03-18 12:12:45 - [TEST_STEP][PASSED] - setText(findTestObject("Perolehan/005 Kemasukan Terimaan/input_No_Dokumen_value"), PesananTempatanDokumenID): Text '19DAPT0300150' is set on object 'Object Repository/Perolehan/005 Kemasukan Terimaan/input_No_Dokumen_value'

2019-03-18 12:12:45 - [MESSAGE][PASSED] - Text '19DAPT0300150' is set on object 'Object Repository/Perolehan/005 Kemasukan Terimaan/input_No_Dokumen_value'

2019-03-18 12:12:45 - [TEST_STEP][PASSED] - delay(5): Delayed 5 second(s)

2019-03-18 12:12:50 - [MESSAGE][PASSED] - Delayed 5 second(s)

2019-03-18 12:12:50 - [TEST_STEP][PASSED] - click(findTestObject("Perolehan/005 Kemasukan Terimaan/select_No_Dokumen")): Object: 'Object Repository/Perolehan/005 Kemasukan Terimaan/select_No_Dokumen' is clicked on

2019-03-18 12:12:50 - [MESSAGE][PASSED] - Object: 'Object Repository/Perolehan/005 Kemasukan Terimaan/select_No_Dokumen' is clicked on

2019-03-18 12:12:50 - [TEST_STEP][PASSED] - delay(3): Delayed 3 second(s)

2019-03-18 12:12:53 - [MESSAGE][PASSED] - Delayed 3 second(s)

2019-03-18 12:12:53 - [TEST_STEP][PASSED] - click(findTestObject("Perolehan/005 Kemasukan Terimaan/button_Cari")): Object: 'Object Repository/Perolehan/005 Kemasukan Terimaan/button_Cari' is clicked on

2019-03-18 12:12:53 - [MESSAGE][PASSED] - Object: 'Object Repository/Perolehan/005 Kemasukan Terimaan/button_Cari' is clicked on

2019-03-18 12:12:53 - [TEST_STEP][PASSED] - delay(3): Delayed 3 second(s)

2019-03-18 12:12:56 - [MESSAGE][PASSED] - Delayed 3 second(s)

2019-03-18 12:12:56 - [TEST_STEP][PASSED] - click(findTestObject("Perolehan/005 Kemasukan Terimaan/OK_Rekod_Wujud")): Object: 'Object Repository/Perolehan/005 Kemasukan Terimaan/OK_Rekod_Wujud' is clicked on

2019-03-18 12:12:56 - [MESSAGE][PASSED] - Object: 'Object Repository/Perolehan/005 Kemasukan Terimaan/OK_Rekod_Wujud' is clicked on

2019-03-18 12:12:56 - [TEST_STEP][PASSED] - delay(3): Delayed 3 second(s)

2019-03-18 12:12:59 - [MESSAGE][PASSED] - Delayed 3 second(s)

2019-03-18 12:12:59 - [TEST_STEP][PASSED] - click(findTestObject("Perolehan/005 Kemasukan Terimaan/Drop_down_Jenis_Terimaan")): Object: 'Object Repository/Perolehan/005 Kemasukan Terimaan/Drop_down_Jenis_Terimaan' is clicked on

2019-03-18 12:12:59 - [MESSAGE][PASSED] - Object: 'Object Repository/Perolehan/005 Kemasukan Terimaan/Drop_down_Jenis_Terimaan' is clicked on

2019-03-18 12:12:59 - [TEST_STEP][PASSED] - click(findTestObject("Perolehan/005 Kemasukan Terimaan/select_TERIMAAN_BARANG_PENUH")): Object: 'Object Repository/Perolehan/005 Kemasukan Terimaan/select_TERIMAAN_BARANG_PENUH' is clicked on

2019-03-18 12:13:00 - [MESSAGE][PASSED] - Object: 'Object Repository/Perolehan/005 Kemasukan Terimaan/select_TERIMAAN_BARANG_PENUH' is clicked on

2019-03-18 12:13:00 - [TEST_STEP][PASSED] - setText(findTestObject("Perolehan/005 Kemasukan Terimaan/input_No_nota_penghantaran"), "Test Nota No 123"): Text 'Test Nota No 123' is set on object 'Object Repository/Perolehan/005 Kemasukan Terimaan/input_No_nota_penghantaran'

2019-03-18 12:13:00 - [MESSAGE][PASSED] - Text 'Test Nota No 123' is set on object 'Object Repository/Perolehan/005 Kemasukan Terimaan/input_No_nota_penghantaran'

2019-03-18 12:13:00 - [TEST_STEP][PASSED] - click(findTestObject("Perolehan/005 Kemasukan Terimaan/Date_Picker_Tarikh_Terimaan")): Object: 'Object Repository/Perolehan/005 Kemasukan Terimaan/Date_Picker_Tarikh_Terimaan' is clicked on

2019-03-18 12:13:00 - [MESSAGE][PASSED] - Object: 'Object Repository/Perolehan/005 Kemasukan Terimaan/Date_Picker_Tarikh_Terimaan' is clicked on

2019-03-18 12:13:00 - [TEST_STEP][PASSED] - click(findTestObject("Perolehan/005 Kemasukan Terimaan/Select_Today")): Object: 'Object Repository/Perolehan/005 Kemasukan Terimaan/Select_Today' is clicked on

2019-03-18 12:13:00 - [MESSAGE][PASSED] - Object: 'Object Repository/Perolehan/005 Kemasukan Terimaan/Select_Today' is clicked on

2019-03-18 12:13:00 - [TEST_STEP][PASSED] - delay(3): Delayed 3 second(s)

2019-03-18 12:13:03 - [MESSAGE][PASSED] - Delayed 3 second(s)

2019-03-18 12:13:03 - [TEST_STEP][PASSED] - doubleClick(findTestObject("Perolehan/005 Kemasukan Terimaan/Perihal_Barang - EFT")): Object: 'Object Repository/Perolehan/005 Kemasukan Terimaan/Perihal_Barang - EFT' is double clicked on

2019-03-18 12:13:03 - [MESSAGE][PASSED] - Object: 'Object Repository/Perolehan/005 Kemasukan Terimaan/Perihal_Barang - EFT' is double clicked on

2019-03-18 12:13:03 - [TEST_STEP][PASSED] - for (def index : (1..4)): Object: 'Object Repository/Perolehan/005 Kemasukan Terimaan/Spinner_up_Dihantar' is clicked on

2019-03-18 12:13:03 - [TEST_STEP][PASSED] - click(findTestObject("Perolehan/005 Kemasukan Terimaan/Spinner_up_Dihantar")): Object: 'Object Repository/Perolehan/005 Kemasukan Terimaan/Spinner_up_Dihantar' is clicked on

2019-03-18 12:13:03 - [MESSAGE][PASSED] - Object: 'Object Repository/Perolehan/005 Kemasukan Terimaan/Spinner_up_Dihantar' is clicked on

2019-03-18 12:13:03 - [TEST_STEP][PASSED] - click(findTestObject("Perolehan/005 Kemasukan Terimaan/Spinner_up_Dihantar")): Object: 'Object Repository/Perolehan/005 Kemasukan Terimaan/Spinner_up_Dihantar' is clicked on

2019-03-18 12:13:03 - [MESSAGE][PASSED] - Object: 'Object Repository/Perolehan/005 Kemasukan Terimaan/Spinner_up_Dihantar' is clicked on

2019-03-18 12:13:03 - [TEST_STEP][PASSED] - click(findTestObject("Perolehan/005 Kemasukan Terimaan/Spinner_up_Dihantar")): Object: 'Object Repository/Perolehan/005 Kemasukan Terimaan/Spinner_up_Dihantar' is clicked on

2019-03-18 12:13:03 - [MESSAGE][PASSED] - Object: 'Object Repository/Perolehan/005 Kemasukan Terimaan/Spinner_up_Dihantar' is clicked on

2019-03-18 12:13:03 - [TEST_STEP][PASSED] - click(findTestObject("Perolehan/005 Kemasukan Terimaan/Spinner_up_Dihantar")): Object: 'Object Repository/Perolehan/005 Kemasukan Terimaan/Spinner_up_Dihantar' is clicked on

2019-03-18 12:13:03 - [MESSAGE][PASSED] - Object: 'Object Repository/Perolehan/005 Kemasukan Terimaan/Spinner_up_Dihantar' is clicked on

2019-03-18 12:13:03 - [TEST_STEP][PASSED] - for (def index : (1..4)): Object: 'Object Repository/Perolehan/005 Kemasukan Terimaan/Spinner_up_Diterima' is clicked on

2019-03-18 12:13:03 - [TEST_STEP][PASSED] - click(findTestObject("Perolehan/005 Kemasukan Terimaan/Spinner_up_Diterima")): Object: 'Object Repository/Perolehan/005 Kemasukan Terimaan/Spinner_up_Diterima' is clicked on

2019-03-18 12:13:03 - [MESSAGE][PASSED] - Object: 'Object Repository/Perolehan/005 Kemasukan Terimaan/Spinner_up_Diterima' is clicked on

2019-03-18 12:13:03 - [TEST_STEP][PASSED] - click(findTestObject("Perolehan/005 Kemasukan Terimaan/Spinner_up_Diterima")): Object: 'Object Repository/Perolehan/005 Kemasukan Terimaan/Spinner_up_Diterima' is clicked on

2019-03-18 12:13:03 - [MESSAGE][PASSED] - Object: 'Object Repository/Perolehan/005 Kemasukan Terimaan/Spinner_up_Diterima' is clicked on

2019-03-18 12:13:03 - [TEST_STEP][PASSED] - click(findTestObject("Perolehan/005 Kemasukan Terimaan/Spinner_up_Diterima")): Object: 'Object Repository/Perolehan/005 Kemasukan Terimaan/Spinner_up_Diterima' is clicked on

2019-03-18 12:13:03 - [MESSAGE][PASSED] - Object: 'Object Repository/Perolehan/005 Kemasukan Terimaan/Spinner_up_Diterima' is clicked on

2019-03-18 12:13:03 - [TEST_STEP][PASSED] - click(findTestObject("Perolehan/005 Kemasukan Terimaan/Spinner_up_Diterima")): Object: 'Object Repository/Perolehan/005 Kemasukan Terimaan/Spinner_up_Diterima' is clicked on

2019-03-18 12:13:03 - [MESSAGE][PASSED] - Object: 'Object Repository/Perolehan/005 Kemasukan Terimaan/Spinner_up_Diterima' is clicked on

2019-03-18 12:13:03 - [TEST_STEP][PASSED] - click(findTestObject("Perolehan/005 Kemasukan Terimaan/button_Simpan")): Object: 'Object Repository/Perolehan/005 Kemasukan Terimaan/button_Simpan' is clicked on

2019-03-18 12:13:03 - [MESSAGE][PASSED] - Object: 'Object Repository/Perolehan/005 Kemasukan Terimaan/button_Simpan' is clicked on

2019-03-18 12:13:03 - [TEST_STEP][PASSED] - delay(3): Delayed 3 second(s)

2019-03-18 12:13:06 - [MESSAGE][PASSED] - Delayed 3 second(s)

2019-03-18 12:13:06 - [TEST_STEP][PASSED] - waitForElementClickable(findTestObject("Perolehan/005 Kemasukan Terimaan/button_OK_Rekod_disimpan"), 60): Object 'Object Repository/Perolehan/005 Kemasukan Terimaan/button_OK_Rekod_disimpan' is clickable

2019-03-18 12:13:06 - [MESSAGE][PASSED] - Object 'Object Repository/Perolehan/005 Kemasukan Terimaan/button_OK_Rekod_disimpan' is clickable

2019-03-18 12:13:06 - [TEST_STEP][PASSED] - click(findTestObject("Perolehan/005 Kemasukan Terimaan/button_OK_Rekod_disimpan")): Object: 'Object Repository/Perolehan/005 Kemasukan Terimaan/button_OK_Rekod_disimpan' is clicked on

2019-03-18 12:13:06 - [MESSAGE][PASSED] - Object: 'Object Repository/Perolehan/005 Kemasukan Terimaan/button_OK_Rekod_disimpan' is clicked on

2019-03-18 12:13:06 - [TEST_STEP][PASSED] - click(findTestObject("Perolehan/005 Kemasukan Terimaan/button_Sah_Simpan")): Object: 'Object Repository/Perolehan/005 Kemasukan Terimaan/button_Sah_Simpan' is clicked on

2019-03-18 12:13:07 - [MESSAGE][PASSED] - Object: 'Object Repository/Perolehan/005 Kemasukan Terimaan/button_Sah_Simpan' is clicked on

2019-03-18 12:13:07 - [TEST_STEP][PASSED] - click(findTestObject("Perolehan/005 Kemasukan Terimaan/button_Ya_Sah_Simpan")): Object: 'Object Repository/Perolehan/005 Kemasukan Terimaan/button_Ya_Sah_Simpan' is clicked on

2019-03-18 12:13:07 - [MESSAGE][PASSED] - Object: 'Object Repository/Perolehan/005 Kemasukan Terimaan/button_Ya_Sah_Simpan' is clicked on

2019-03-18 12:13:07 - [TEST_STEP][PASSED] - delay(3): Delayed 3 second(s)

2019-03-18 12:13:10 - [MESSAGE][PASSED] - Delayed 3 second(s)

2019-03-18 12:13:10 - [TEST_STEP][PASSED] - waitForElementClickable(findTestObject("Perolehan/005 Kemasukan Terimaan/button_OK_Rekod_disimpan"), 60): Object 'Object Repository/Perolehan/005 Kemasukan Terimaan/button_OK_Rekod_disimpan' is clickable

2019-03-18 12:13:10 - [MESSAGE][PASSED] - Object 'Object Repository/Perolehan/005 Kemasukan Terimaan/button_OK_Rekod_disimpan' is clickable

2019-03-18 12:13:10 - [TEST_STEP][PASSED] - takeScreenshot(): Taking screenshot successfully

2019-03-18 12:13:10 - [MESSAGE][PASSED] - Taking screenshot successfully
[[ATTACHMENT|C:\\Users\\Consultant_MSPHitect\\Katalon Studio\\TrainingonKatalon\\Reports\\Perolehan\\01 Pesanan Tempatan Cara Bayaran EFT Tiada Pemfaktoran\\20190318_120624\\1552882390116.png]]

2019-03-18 12:13:10 - [TEST_STEP][PASSED] - delay(3): Delayed 3 second(s)

2019-03-18 12:13:13 - [MESSAGE][PASSED] - Delayed 3 second(s)

2019-03-18 12:13:13 - [TEST_STEP][PASSED] - click(findTestObject("Perolehan/005 Kemasukan Terimaan/button_OK_Rekod_disimpan")): Object: 'Object Repository/Perolehan/005 Kemasukan Terimaan/button_OK_Rekod_disimpan' is clicked on

2019-03-18 12:13:13 - [MESSAGE][PASSED] - Object: 'Object Repository/Perolehan/005 Kemasukan Terimaan/button_OK_Rekod_disimpan' is clicked on

2019-03-18 12:13:13 - [TEST_STEP][PASSED] - closeBrowser(): Browser is closed

2019-03-18 12:13:14 - [MESSAGE][PASSED] - Browser is closed]]></system-out>
         <system-err><![CDATA[]]></system-err>
      </testcase>
      <testcase name="Test Cases/Perolehan/006 Arahan Bayaran/001 Arahan Bayaran - EFT" classname="Test Cases/Perolehan/006 Arahan Bayaran/001 Arahan Bayaran - EFT" status="FAILED">
         <failure type="FAILED" message="Test Cases/Perolehan/006 Arahan Bayaran/001 Arahan Bayaran - EFT FAILED.
Reason:
com.kms.katalon.core.exception.StepFailedException: Unable to click on object 'Object Repository/Perolehan/006 Arahan Bayaran/Drop_Down_Nama_Pembekal'
	at com.kms.katalon.core.keyword.internal.KeywordMain.stepFailed(KeywordMain.groovy:48)
	at com.kms.katalon.core.webui.keyword.internal.WebUIKeywordMain.stepFailed(WebUIKeywordMain.groovy:65)
	at com.kms.katalon.core.webui.keyword.internal.WebUIKeywordMain.runKeyword(WebUIKeywordMain.groovy:27)
	at com.kms.katalon.core.webui.keyword.builtin.ClickKeyword.click(ClickKeyword.groovy:86)
	at com.kms.katalon.core.webui.keyword.builtin.ClickKeyword.execute(ClickKeyword.groovy:67)
	at com.kms.katalon.core.keyword.internal.KeywordExecutor.executeKeywordForPlatform(KeywordExecutor.groovy:56)
	at com.kms.katalon.core.webui.keyword.WebUiBuiltInKeywords.click(WebUiBuiltInKeywords.groovy:616)
	at com.kms.katalon.core.webui.keyword.WebUiBuiltInKeywords$click$2.call(Unknown Source)
	at 001 Arahan Bayaran - EFT.run(001 Arahan Bayaran - EFT:67)
	at com.kms.katalon.core.main.ScriptEngine.run(ScriptEngine.java:194)
	at com.kms.katalon.core.main.ScriptEngine.runScriptAsRawText(ScriptEngine.java:119)
	at com.kms.katalon.core.main.TestCaseExecutor.runScript(TestCaseExecutor.java:331)
	at com.kms.katalon.core.main.TestCaseExecutor.doExecute(TestCaseExecutor.java:322)
	at com.kms.katalon.core.main.TestCaseExecutor.processExecutionPhase(TestCaseExecutor.java:301)
	at com.kms.katalon.core.main.TestCaseExecutor.accessMainPhase(TestCaseExecutor.java:293)
	at com.kms.katalon.core.main.TestCaseExecutor.execute(TestCaseExecutor.java:227)
	at com.kms.katalon.core.main.TestSuiteExecutor.accessTestCaseMainPhase(TestSuiteExecutor.java:129)
	at com.kms.katalon.core.main.TestSuiteExecutor.accessTestSuiteMainPhase(TestSuiteExecutor.java:112)
	at com.kms.katalon.core.main.TestSuiteExecutor.execute(TestSuiteExecutor.java:81)
	at com.kms.katalon.core.main.TestCaseMain.startTestSuite(TestCaseMain.java:157)
	at com.kms.katalon.core.main.TestCaseMain$startTestSuite$0.call(Unknown Source)
	at TempTestSuite1552881984607.run(TempTestSuite1552881984607.groovy:35)
"/>
         <system-out><![CDATA[2019-03-18 12:13:14 - [TEST_CASE][FAILED] - Test Cases/Perolehan/006 Arahan Bayaran/001 Arahan Bayaran - EFT: Test Cases/Perolehan/006 Arahan Bayaran/001 Arahan Bayaran - EFT FAILED.
Reason:
com.kms.katalon.core.exception.StepFailedException: Unable to click on object 'Object Repository/Perolehan/006 Arahan Bayaran/Drop_Down_Nama_Pembekal'
	at com.kms.katalon.core.keyword.internal.KeywordMain.stepFailed(KeywordMain.groovy:48)
	at com.kms.katalon.core.webui.keyword.internal.WebUIKeywordMain.stepFailed(WebUIKeywordMain.groovy:65)
	at com.kms.katalon.core.webui.keyword.internal.WebUIKeywordMain.runKeyword(WebUIKeywordMain.groovy:27)
	at com.kms.katalon.core.webui.keyword.builtin.ClickKeyword.click(ClickKeyword.groovy:86)
	at com.kms.katalon.core.webui.keyword.builtin.ClickKeyword.execute(ClickKeyword.groovy:67)
	at com.kms.katalon.core.keyword.internal.KeywordExecutor.executeKeywordForPlatform(KeywordExecutor.groovy:56)
	at com.kms.katalon.core.webui.keyword.WebUiBuiltInKeywords.click(WebUiBuiltInKeywords.groovy:616)
	at com.kms.katalon.core.webui.keyword.WebUiBuiltInKeywords$click$2.call(Unknown Source)
	at 001 Arahan Bayaran - EFT.run(001 Arahan Bayaran - EFT:67)
	at com.kms.katalon.core.main.ScriptEngine.run(ScriptEngine.java:194)
	at com.kms.katalon.core.main.ScriptEngine.runScriptAsRawText(ScriptEngine.java:119)
	at com.kms.katalon.core.main.TestCaseExecutor.runScript(TestCaseExecutor.java:331)
	at com.kms.katalon.core.main.TestCaseExecutor.doExecute(TestCaseExecutor.java:322)
	at com.kms.katalon.core.main.TestCaseExecutor.processExecutionPhase(TestCaseExecutor.java:301)
	at com.kms.katalon.core.main.TestCaseExecutor.accessMainPhase(TestCaseExecutor.java:293)
	at com.kms.katalon.core.main.TestCaseExecutor.execute(TestCaseExecutor.java:227)
	at com.kms.katalon.core.main.TestSuiteExecutor.accessTestCaseMainPhase(TestSuiteExecutor.java:129)
	at com.kms.katalon.core.main.TestSuiteExecutor.accessTestSuiteMainPhase(TestSuiteExecutor.java:112)
	at com.kms.katalon.core.main.TestSuiteExecutor.execute(TestSuiteExecutor.java:81)
	at com.kms.katalon.core.main.TestCaseMain.startTestSuite(TestCaseMain.java:157)
	at com.kms.katalon.core.main.TestCaseMain$startTestSuite$0.call(Unknown Source)
	at TempTestSuite1552881984607.run(TempTestSuite1552881984607.groovy:35)


2019-03-18 12:13:14 - [TEST_STEP][PASSED] - reusablefunctions.reusablefunctions.openbrowser(): reusablefunctions.reusablefunctions.openbrowser is PASSED

2019-03-18 12:13:14 - [MESSAGE][INFO] - Starting 'Chrome' driver

2019-03-18 12:13:17 - [MESSAGE][PASSED] - Browser is opened with url: 'https://175.143.52.101:7011/1SPEKSv2/'

2019-03-18 12:13:17 - [MESSAGE][PASSED] - reusablefunctions.reusablefunctions.openbrowser is PASSED

2019-03-18 12:13:17 - [TEST_STEP][PASSED] - reusablefunctions.reusablefunctions.Login(findTestData("ispekstestdata").getValue(1, 2), findTestData("ispekstestdata").getValue(2, 2)): reusablefunctions.reusablefunctions.Login is PASSED

2019-03-18 12:13:17 - [MESSAGE][PASSED] - Text '601101955194' is set on object 'Object Repository/Login/input_NoKadPengenalan'

2019-03-18 12:13:17 - [MESSAGE][PASSED] - Text ****** has been set on object 'Object Repository/Login/input_Password'

2019-03-18 12:13:23 - [MESSAGE][PASSED] - Object: 'Object Repository/Login/input_ButtonLogMasuk' is clicked on

2019-03-18 12:13:33 - [MESSAGE][PASSED] - Delayed 10 second(s)

2019-03-18 12:13:33 - [MESSAGE][PASSED] - reusablefunctions.reusablefunctions.Login is PASSED

2019-03-18 12:13:33 - [TEST_STEP][PASSED] - delay(3): Delayed 3 second(s)

2019-03-18 12:13:36 - [MESSAGE][PASSED] - Delayed 3 second(s)

2019-03-18 12:13:36 - [TEST_STEP][PASSED] - reusablefunctions.reusablefunctions.PerananPenyediaPTJ(): reusablefunctions.reusablefunctions.PerananPenyediaPTJ is PASSED

2019-03-18 12:13:36 - [MESSAGE][PASSED] - Object: 'Object Repository/Perolehan/TukarPeranan/IconTukarPeranan' is clicked on

2019-03-18 12:13:36 - [MESSAGE][PASSED] - Object: 'Object Repository/Perolehan/TukarPeranan/input_TukarPenyediaPTJ' is clicked on

2019-03-18 12:13:36 - [MESSAGE][PASSED] - Object: 'Object Repository/Perolehan/TukarPeranan/button_Ya' is clicked on

2019-03-18 12:13:56 - [MESSAGE][PASSED] - Delayed 20 second(s)

2019-03-18 12:13:59 - [MESSAGE][PASSED] - Text 'Peranan : [Penyedia] Peringkat : [PTJ]' is present on page 

2019-03-18 12:13:59 - [MESSAGE][PASSED] - reusablefunctions.reusablefunctions.PerananPenyediaPTJ is PASSED

2019-03-18 12:13:59 - [TEST_STEP][PASSED] - click(findTestObject("Perolehan/001 Left_Menu_Selection/a_ExpandMenuonLeft")): Object: 'Object Repository/Perolehan/001 Left_Menu_Selection/a_ExpandMenuonLeft' is clicked on

2019-03-18 12:14:00 - [MESSAGE][PASSED] - Object: 'Object Repository/Perolehan/001 Left_Menu_Selection/a_ExpandMenuonLeft' is clicked on

2019-03-18 12:14:00 - [TEST_STEP][PASSED] - delay(3, STOP_ON_FAILURE): Delayed 3 second(s)

2019-03-18 12:14:03 - [MESSAGE][PASSED] - Delayed 3 second(s)

2019-03-18 12:14:03 - [TEST_STEP][PASSED] - click(findTestObject("Perolehan/001 Left_Menu_Selection/div_PanelTitlePerolehan")): Object: 'Object Repository/Perolehan/001 Left_Menu_Selection/div_PanelTitlePerolehan' is clicked on

2019-03-18 12:14:03 - [MESSAGE][PASSED] - Object: 'Object Repository/Perolehan/001 Left_Menu_Selection/div_PanelTitlePerolehan' is clicked on

2019-03-18 12:14:03 - [TEST_STEP][PASSED] - delay(3, STOP_ON_FAILURE): Delayed 3 second(s)

2019-03-18 12:14:06 - [MESSAGE][PASSED] - Delayed 3 second(s)

2019-03-18 12:14:06 - [TEST_STEP][PASSED] - click(findTestObject("Perolehan/001 Left_Menu_Selection/div_Menu_ArahanBayaran")): Object: 'Object Repository/Perolehan/001 Left_Menu_Selection/div_Menu_ArahanBayaran' is clicked on

2019-03-18 12:14:06 - [MESSAGE][PASSED] - Object: 'Object Repository/Perolehan/001 Left_Menu_Selection/div_Menu_ArahanBayaran' is clicked on

2019-03-18 12:14:06 - [TEST_STEP][PASSED] - assert true: null

2019-03-18 12:14:06 - [TEST_STEP][PASSED] - delay(3): Delayed 3 second(s)

2019-03-18 12:14:09 - [MESSAGE][PASSED] - Delayed 3 second(s)

2019-03-18 12:14:09 - [TEST_STEP][PASSED] - click(findTestObject("Perolehan/006 Arahan Bayaran/button_REKOD_BARU")): Object: 'Object Repository/Perolehan/006 Arahan Bayaran/button_REKOD_BARU' is clicked on

2019-03-18 12:14:09 - [MESSAGE][PASSED] - Object: 'Object Repository/Perolehan/006 Arahan Bayaran/button_REKOD_BARU' is clicked on

2019-03-18 12:14:09 - [TEST_STEP][PASSED] - delay(3): Delayed 3 second(s)

2019-03-18 12:14:12 - [MESSAGE][PASSED] - Delayed 3 second(s)

2019-03-18 12:14:12 - [TEST_STEP][PASSED] - click(findTestObject("Perolehan/006 Arahan Bayaran/Drop_Down_Jenis_Baucar_Bayaran"), STOP_ON_FAILURE): Object: 'Object Repository/Perolehan/006 Arahan Bayaran/Drop_Down_Jenis_Baucar_Bayaran' is clicked on

2019-03-18 12:14:12 - [MESSAGE][PASSED] - Object: 'Object Repository/Perolehan/006 Arahan Bayaran/Drop_Down_Jenis_Baucar_Bayaran' is clicked on

2019-03-18 12:14:12 - [TEST_STEP][PASSED] - delay(3): Delayed 3 second(s)

2019-03-18 12:14:15 - [MESSAGE][PASSED] - Delayed 3 second(s)

2019-03-18 12:14:15 - [TEST_STEP][PASSED] - click(findTestObject("Perolehan/006 Arahan Bayaran/Select_Kod_Jenis_Baucar_Bayaran")): Object: 'Object Repository/Perolehan/006 Arahan Bayaran/Select_Kod_Jenis_Baucar_Bayaran' is clicked on

2019-03-18 12:14:15 - [MESSAGE][PASSED] - Object: 'Object Repository/Perolehan/006 Arahan Bayaran/Select_Kod_Jenis_Baucar_Bayaran' is clicked on

2019-03-18 12:14:15 - [TEST_STEP][PASSED] - delay(3): Delayed 3 second(s)

2019-03-18 12:14:18 - [MESSAGE][PASSED] - Delayed 3 second(s)

2019-03-18 12:14:18 - [TEST_STEP][FAILED] - click(findTestObject("Perolehan/006 Arahan Bayaran/Drop_Down_Nama_Pembekal")): click(findTestObject("Perolehan/006 Arahan Bayaran/Drop_Down_Nama_Pembekal")) FAILED.
Reason:
com.kms.katalon.core.exception.StepFailedException: Unable to click on object 'Object Repository/Perolehan/006 Arahan Bayaran/Drop_Down_Nama_Pembekal'
	at com.kms.katalon.core.keyword.internal.KeywordMain.stepFailed(KeywordMain.groovy:48)
	at com.kms.katalon.core.webui.keyword.internal.WebUIKeywordMain.stepFailed(WebUIKeywordMain.groovy:65)
	at com.kms.katalon.core.webui.keyword.internal.WebUIKeywordMain.runKeyword(WebUIKeywordMain.groovy:27)
	at com.kms.katalon.core.webui.keyword.builtin.ClickKeyword.click(ClickKeyword.groovy:86)
	at com.kms.katalon.core.webui.keyword.builtin.ClickKeyword.execute(ClickKeyword.groovy:67)
	at com.kms.katalon.core.keyword.internal.KeywordExecutor.executeKeywordForPlatform(KeywordExecutor.groovy:56)
	at com.kms.katalon.core.webui.keyword.WebUiBuiltInKeywords.click(WebUiBuiltInKeywords.groovy:616)
	at com.kms.katalon.core.webui.keyword.WebUiBuiltInKeywords$click$2.call(Unknown Source)
	at 001 Arahan Bayaran - EFT.run(001 Arahan Bayaran - EFT:67)
	at com.kms.katalon.core.main.ScriptEngine.run(ScriptEngine.java:194)
	at com.kms.katalon.core.main.ScriptEngine.runScriptAsRawText(ScriptEngine.java:119)
	at com.kms.katalon.core.main.TestCaseExecutor.runScript(TestCaseExecutor.java:331)
	at com.kms.katalon.core.main.TestCaseExecutor.doExecute(TestCaseExecutor.java:322)
	at com.kms.katalon.core.main.TestCaseExecutor.processExecutionPhase(TestCaseExecutor.java:301)
	at com.kms.katalon.core.main.TestCaseExecutor.accessMainPhase(TestCaseExecutor.java:293)
	at com.kms.katalon.core.main.TestCaseExecutor.execute(TestCaseExecutor.java:227)
	at com.kms.katalon.core.main.TestSuiteExecutor.accessTestCaseMainPhase(TestSuiteExecutor.java:129)
	at com.kms.katalon.core.main.TestSuiteExecutor.accessTestSuiteMainPhase(TestSuiteExecutor.java:112)
	at com.kms.katalon.core.main.TestSuiteExecutor.execute(TestSuiteExecutor.java:81)
	at com.kms.katalon.core.main.TestCaseMain.startTestSuite(TestCaseMain.java:157)
	at com.kms.katalon.core.main.TestCaseMain$startTestSuite$0.call(Unknown Source)
	at TempTestSuite1552881984607.run(TempTestSuite1552881984607.groovy:35)


2019-03-18 12:14:18 - [MESSAGE][FAILED] - Unable to click on object 'Object Repository/Perolehan/006 Arahan Bayaran/Drop_Down_Nama_Pembekal'
[[ATTACHMENT|C:\\Users\\Consultant_MSPHitect\\Katalon Studio\\TrainingonKatalon\\Reports\\Perolehan\\01 Pesanan Tempatan Cara Bayaran EFT Tiada Pemfaktoran\\20190318_120624\\1552882458761.png]]

2019-03-18 12:14:19 - [MESSAGE][FAILED] - click(findTestObject("Perolehan/006 Arahan Bayaran/Drop_Down_Nama_Pembekal")) FAILED.
Reason:
com.kms.katalon.core.exception.StepFailedException: Unable to click on object 'Object Repository/Perolehan/006 Arahan Bayaran/Drop_Down_Nama_Pembekal'
	at com.kms.katalon.core.keyword.internal.KeywordMain.stepFailed(KeywordMain.groovy:48)
	at com.kms.katalon.core.webui.keyword.internal.WebUIKeywordMain.stepFailed(WebUIKeywordMain.groovy:65)
	at com.kms.katalon.core.webui.keyword.internal.WebUIKeywordMain.runKeyword(WebUIKeywordMain.groovy:27)
	at com.kms.katalon.core.webui.keyword.builtin.ClickKeyword.click(ClickKeyword.groovy:86)
	at com.kms.katalon.core.webui.keyword.builtin.ClickKeyword.execute(ClickKeyword.groovy:67)
	at com.kms.katalon.core.keyword.internal.KeywordExecutor.executeKeywordForPlatform(KeywordExecutor.groovy:56)
	at com.kms.katalon.core.webui.keyword.WebUiBuiltInKeywords.click(WebUiBuiltInKeywords.groovy:616)
	at com.kms.katalon.core.webui.keyword.WebUiBuiltInKeywords$click$2.call(Unknown Source)
	at 001 Arahan Bayaran - EFT.run(001 Arahan Bayaran - EFT:67)
	at com.kms.katalon.core.main.ScriptEngine.run(ScriptEngine.java:194)
	at com.kms.katalon.core.main.ScriptEngine.runScriptAsRawText(ScriptEngine.java:119)
	at com.kms.katalon.core.main.TestCaseExecutor.runScript(TestCaseExecutor.java:331)
	at com.kms.katalon.core.main.TestCaseExecutor.doExecute(TestCaseExecutor.java:322)
	at com.kms.katalon.core.main.TestCaseExecutor.processExecutionPhase(TestCaseExecutor.java:301)
	at com.kms.katalon.core.main.TestCaseExecutor.accessMainPhase(TestCaseExecutor.java:293)
	at com.kms.katalon.core.main.TestCaseExecutor.execute(TestCaseExecutor.java:227)
	at com.kms.katalon.core.main.TestSuiteExecutor.accessTestCaseMainPhase(TestSuiteExecutor.java:129)
	at com.kms.katalon.core.main.TestSuiteExecutor.accessTestSuiteMainPhase(TestSuiteExecutor.java:112)
	at com.kms.katalon.core.main.TestSuiteExecutor.execute(TestSuiteExecutor.java:81)
	at com.kms.katalon.core.main.TestCaseMain.startTestSuite(TestCaseMain.java:157)
	at com.kms.katalon.core.main.TestCaseMain$startTestSuite$0.call(Unknown Source)
	at TempTestSuite1552881984607.run(TempTestSuite1552881984607.groovy:35)]]></system-out>
         <system-err><![CDATA[2019-03-18 12:13:14 - [TEST_CASE][FAILED] - Test Cases/Perolehan/006 Arahan Bayaran/001 Arahan Bayaran - EFT: Test Cases/Perolehan/006 Arahan Bayaran/001 Arahan Bayaran - EFT FAILED.
Reason:
com.kms.katalon.core.exception.StepFailedException: Unable to click on object 'Object Repository/Perolehan/006 Arahan Bayaran/Drop_Down_Nama_Pembekal'
	at com.kms.katalon.core.keyword.internal.KeywordMain.stepFailed(KeywordMain.groovy:48)
	at com.kms.katalon.core.webui.keyword.internal.WebUIKeywordMain.stepFailed(WebUIKeywordMain.groovy:65)
	at com.kms.katalon.core.webui.keyword.internal.WebUIKeywordMain.runKeyword(WebUIKeywordMain.groovy:27)
	at com.kms.katalon.core.webui.keyword.builtin.ClickKeyword.click(ClickKeyword.groovy:86)
	at com.kms.katalon.core.webui.keyword.builtin.ClickKeyword.execute(ClickKeyword.groovy:67)
	at com.kms.katalon.core.keyword.internal.KeywordExecutor.executeKeywordForPlatform(KeywordExecutor.groovy:56)
	at com.kms.katalon.core.webui.keyword.WebUiBuiltInKeywords.click(WebUiBuiltInKeywords.groovy:616)
	at com.kms.katalon.core.webui.keyword.WebUiBuiltInKeywords$click$2.call(Unknown Source)
	at 001 Arahan Bayaran - EFT.run(001 Arahan Bayaran - EFT:67)
	at com.kms.katalon.core.main.ScriptEngine.run(ScriptEngine.java:194)
	at com.kms.katalon.core.main.ScriptEngine.runScriptAsRawText(ScriptEngine.java:119)
	at com.kms.katalon.core.main.TestCaseExecutor.runScript(TestCaseExecutor.java:331)
	at com.kms.katalon.core.main.TestCaseExecutor.doExecute(TestCaseExecutor.java:322)
	at com.kms.katalon.core.main.TestCaseExecutor.processExecutionPhase(TestCaseExecutor.java:301)
	at com.kms.katalon.core.main.TestCaseExecutor.accessMainPhase(TestCaseExecutor.java:293)
	at com.kms.katalon.core.main.TestCaseExecutor.execute(TestCaseExecutor.java:227)
	at com.kms.katalon.core.main.TestSuiteExecutor.accessTestCaseMainPhase(TestSuiteExecutor.java:129)
	at com.kms.katalon.core.main.TestSuiteExecutor.accessTestSuiteMainPhase(TestSuiteExecutor.java:112)
	at com.kms.katalon.core.main.TestSuiteExecutor.execute(TestSuiteExecutor.java:81)
	at com.kms.katalon.core.main.TestCaseMain.startTestSuite(TestCaseMain.java:157)
	at com.kms.katalon.core.main.TestCaseMain$startTestSuite$0.call(Unknown Source)
	at TempTestSuite1552881984607.run(TempTestSuite1552881984607.groovy:35)]]></system-err>
      </testcase>
      <testcase name="Test Cases/Perolehan/006 Arahan Bayaran/005 Penyemak Pesanan Tempatan" classname="Test Cases/Perolehan/006 Arahan Bayaran/005 Penyemak Pesanan Tempatan" status="FAILED">
         <failure type="FAILED" message="Test Cases/Perolehan/006 Arahan Bayaran/005 Penyemak Pesanan Tempatan FAILED.
Reason:
com.kms.katalon.core.exception.StepFailedException: Unable to double click on object 'Object Repository/Perolehan/006 Arahan Bayaran/003 Penyemak/select_noRekod'
	at com.kms.katalon.core.keyword.internal.KeywordMain.stepFailed(KeywordMain.groovy:48)
	at com.kms.katalon.core.webui.keyword.internal.WebUIKeywordMain.stepFailed(WebUIKeywordMain.groovy:65)
	at com.kms.katalon.core.webui.keyword.internal.WebUIKeywordMain.runKeyword(WebUIKeywordMain.groovy:27)
	at com.kms.katalon.core.webui.keyword.builtin.DoubleClickKeyword.doubleClick(DoubleClickKeyword.groovy:87)
	at com.kms.katalon.core.webui.keyword.builtin.DoubleClickKeyword.execute(DoubleClickKeyword.groovy:67)
	at com.kms.katalon.core.keyword.internal.KeywordExecutor.executeKeywordForPlatform(KeywordExecutor.groovy:56)
	at com.kms.katalon.core.webui.keyword.WebUiBuiltInKeywords.doubleClick(WebUiBuiltInKeywords.groovy:697)
	at com.kms.katalon.core.webui.keyword.WebUiBuiltInKeywords$doubleClick$13.call(Unknown Source)
	at 005 Penyemak Pesanan Tempatan.run(005 Penyemak Pesanan Tempatan:34)
	at com.kms.katalon.core.main.ScriptEngine.run(ScriptEngine.java:194)
	at com.kms.katalon.core.main.ScriptEngine.runScriptAsRawText(ScriptEngine.java:119)
	at com.kms.katalon.core.main.TestCaseExecutor.runScript(TestCaseExecutor.java:331)
	at com.kms.katalon.core.main.TestCaseExecutor.doExecute(TestCaseExecutor.java:322)
	at com.kms.katalon.core.main.TestCaseExecutor.processExecutionPhase(TestCaseExecutor.java:301)
	at com.kms.katalon.core.main.TestCaseExecutor.accessMainPhase(TestCaseExecutor.java:293)
	at com.kms.katalon.core.main.TestCaseExecutor.execute(TestCaseExecutor.java:227)
	at com.kms.katalon.core.main.TestSuiteExecutor.accessTestCaseMainPhase(TestSuiteExecutor.java:129)
	at com.kms.katalon.core.main.TestSuiteExecutor.accessTestSuiteMainPhase(TestSuiteExecutor.java:112)
	at com.kms.katalon.core.main.TestSuiteExecutor.execute(TestSuiteExecutor.java:81)
	at com.kms.katalon.core.main.TestCaseMain.startTestSuite(TestCaseMain.java:157)
	at com.kms.katalon.core.main.TestCaseMain$startTestSuite$0.call(Unknown Source)
	at TempTestSuite1552881984607.run(TempTestSuite1552881984607.groovy:35)
"/>
         <system-out><![CDATA[2019-03-18 12:14:19 - [TEST_CASE][FAILED] - Test Cases/Perolehan/006 Arahan Bayaran/005 Penyemak Pesanan Tempatan: Test Cases/Perolehan/006 Arahan Bayaran/005 Penyemak Pesanan Tempatan FAILED.
Reason:
com.kms.katalon.core.exception.StepFailedException: Unable to double click on object 'Object Repository/Perolehan/006 Arahan Bayaran/003 Penyemak/select_noRekod'
	at com.kms.katalon.core.keyword.internal.KeywordMain.stepFailed(KeywordMain.groovy:48)
	at com.kms.katalon.core.webui.keyword.internal.WebUIKeywordMain.stepFailed(WebUIKeywordMain.groovy:65)
	at com.kms.katalon.core.webui.keyword.internal.WebUIKeywordMain.runKeyword(WebUIKeywordMain.groovy:27)
	at com.kms.katalon.core.webui.keyword.builtin.DoubleClickKeyword.doubleClick(DoubleClickKeyword.groovy:87)
	at com.kms.katalon.core.webui.keyword.builtin.DoubleClickKeyword.execute(DoubleClickKeyword.groovy:67)
	at com.kms.katalon.core.keyword.internal.KeywordExecutor.executeKeywordForPlatform(KeywordExecutor.groovy:56)
	at com.kms.katalon.core.webui.keyword.WebUiBuiltInKeywords.doubleClick(WebUiBuiltInKeywords.groovy:697)
	at com.kms.katalon.core.webui.keyword.WebUiBuiltInKeywords$doubleClick$13.call(Unknown Source)
	at 005 Penyemak Pesanan Tempatan.run(005 Penyemak Pesanan Tempatan:34)
	at com.kms.katalon.core.main.ScriptEngine.run(ScriptEngine.java:194)
	at com.kms.katalon.core.main.ScriptEngine.runScriptAsRawText(ScriptEngine.java:119)
	at com.kms.katalon.core.main.TestCaseExecutor.runScript(TestCaseExecutor.java:331)
	at com.kms.katalon.core.main.TestCaseExecutor.doExecute(TestCaseExecutor.java:322)
	at com.kms.katalon.core.main.TestCaseExecutor.processExecutionPhase(TestCaseExecutor.java:301)
	at com.kms.katalon.core.main.TestCaseExecutor.accessMainPhase(TestCaseExecutor.java:293)
	at com.kms.katalon.core.main.TestCaseExecutor.execute(TestCaseExecutor.java:227)
	at com.kms.katalon.core.main.TestSuiteExecutor.accessTestCaseMainPhase(TestSuiteExecutor.java:129)
	at com.kms.katalon.core.main.TestSuiteExecutor.accessTestSuiteMainPhase(TestSuiteExecutor.java:112)
	at com.kms.katalon.core.main.TestSuiteExecutor.execute(TestSuiteExecutor.java:81)
	at com.kms.katalon.core.main.TestCaseMain.startTestSuite(TestCaseMain.java:157)
	at com.kms.katalon.core.main.TestCaseMain$startTestSuite$0.call(Unknown Source)
	at TempTestSuite1552881984607.run(TempTestSuite1552881984607.groovy:35)


2019-03-18 12:14:19 - [TEST_STEP][PASSED] - reusablefunctions.reusablefunctions.openbrowser(): reusablefunctions.reusablefunctions.openbrowser is PASSED

2019-03-18 12:14:19 - [MESSAGE][WARNING] - A browser is already opened. Closing browser and opening a new one

2019-03-18 12:14:19 - [MESSAGE][INFO] - Starting 'Chrome' driver

2019-03-18 12:14:22 - [MESSAGE][PASSED] - Browser is opened with url: 'https://175.143.52.101:7011/1SPEKSv2/'

2019-03-18 12:14:22 - [MESSAGE][PASSED] - reusablefunctions.reusablefunctions.openbrowser is PASSED

2019-03-18 12:14:22 - [TEST_STEP][PASSED] - reusablefunctions.reusablefunctions.Login(findTestData("ispekstestdata").getValue(1, 2), findTestData("ispekstestdata").getValue(2, 2)): reusablefunctions.reusablefunctions.Login is PASSED

2019-03-18 12:14:22 - [MESSAGE][PASSED] - Text '601101955194' is set on object 'Object Repository/Login/input_NoKadPengenalan'

2019-03-18 12:14:22 - [MESSAGE][PASSED] - Text ****** has been set on object 'Object Repository/Login/input_Password'

2019-03-18 12:14:27 - [MESSAGE][PASSED] - Object: 'Object Repository/Login/input_ButtonLogMasuk' is clicked on

2019-03-18 12:14:37 - [MESSAGE][PASSED] - Delayed 10 second(s)

2019-03-18 12:14:37 - [MESSAGE][PASSED] - reusablefunctions.reusablefunctions.Login is PASSED

2019-03-18 12:14:37 - [TEST_STEP][PASSED] - reusablefunctions.reusablefunctions.PerananPenyemakPTJ(): reusablefunctions.reusablefunctions.PerananPenyemakPTJ is PASSED

2019-03-18 12:14:37 - [MESSAGE][PASSED] - Object: 'Object Repository/Perolehan/TukarPeranan/IconTukarPeranan' is clicked on

2019-03-18 12:14:37 - [MESSAGE][PASSED] - Object: 'Object Repository/Perolehan/TukarPeranan/input_TukarPenyemakPTJ' is clicked on

2019-03-18 12:14:37 - [MESSAGE][PASSED] - Object: 'Object Repository/Perolehan/TukarPeranan/button_Ya' is clicked on

2019-03-18 12:14:57 - [MESSAGE][PASSED] - Delayed 20 second(s)

2019-03-18 12:15:00 - [MESSAGE][PASSED] - Text 'Peranan : [Penyemak] Peringkat : [PTJ]' is present on page 

2019-03-18 12:15:00 - [MESSAGE][PASSED] - reusablefunctions.reusablefunctions.PerananPenyemakPTJ is PASSED

2019-03-18 12:15:00 - [TEST_STEP][PASSED] - doubleClick(findTestObject("Perolehan/006 Arahan Bayaran/003 Penyemak/Dashboard_Senarai_Semak")): Object: 'Object Repository/Perolehan/006 Arahan Bayaran/003 Penyemak/Dashboard_Senarai_Semak' is double clicked on

2019-03-18 12:15:00 - [MESSAGE][PASSED] - Object: 'Object Repository/Perolehan/006 Arahan Bayaran/003 Penyemak/Dashboard_Senarai_Semak' is double clicked on

2019-03-18 12:15:00 - [TEST_STEP][PASSED] - delay(3): Delayed 3 second(s)

2019-03-18 12:15:03 - [MESSAGE][PASSED] - Delayed 3 second(s)

2019-03-18 12:15:03 - [TEST_STEP][PASSED] - setText(findTestObject("Perolehan/006 Arahan Bayaran/003 Penyemak/input_TABLE_NAME_noRekod"), ArahanBayaranRekodID): Text '19DAAB030300031' is set on object 'Object Repository/Perolehan/006 Arahan Bayaran/003 Penyemak/input_TABLE_NAME_noRekod'

2019-03-18 12:15:03 - [MESSAGE][PASSED] - Text '19DAAB030300031' is set on object 'Object Repository/Perolehan/006 Arahan Bayaran/003 Penyemak/input_TABLE_NAME_noRekod'

2019-03-18 12:15:03 - [TEST_STEP][PASSED] - delay(3): Delayed 3 second(s)

2019-03-18 12:15:06 - [MESSAGE][PASSED] - Delayed 3 second(s)

2019-03-18 12:15:06 - [TEST_STEP][FAILED] - doubleClick(findTestObject("Perolehan/006 Arahan Bayaran/003 Penyemak/select_noRekod", ["text":ArahanBayaranRekodID])): doubleClick(findTestObject("Perolehan/006 Arahan Bayaran/003 Penyemak/select_noRekod", ["text":ArahanBayaranRekodID])) FAILED.
Reason:
com.kms.katalon.core.exception.StepFailedException: Unable to double click on object 'Object Repository/Perolehan/006 Arahan Bayaran/003 Penyemak/select_noRekod'
	at com.kms.katalon.core.keyword.internal.KeywordMain.stepFailed(KeywordMain.groovy:48)
	at com.kms.katalon.core.webui.keyword.internal.WebUIKeywordMain.stepFailed(WebUIKeywordMain.groovy:65)
	at com.kms.katalon.core.webui.keyword.internal.WebUIKeywordMain.runKeyword(WebUIKeywordMain.groovy:27)
	at com.kms.katalon.core.webui.keyword.builtin.DoubleClickKeyword.doubleClick(DoubleClickKeyword.groovy:87)
	at com.kms.katalon.core.webui.keyword.builtin.DoubleClickKeyword.execute(DoubleClickKeyword.groovy:67)
	at com.kms.katalon.core.keyword.internal.KeywordExecutor.executeKeywordForPlatform(KeywordExecutor.groovy:56)
	at com.kms.katalon.core.webui.keyword.WebUiBuiltInKeywords.doubleClick(WebUiBuiltInKeywords.groovy:697)
	at com.kms.katalon.core.webui.keyword.WebUiBuiltInKeywords$doubleClick$13.call(Unknown Source)
	at 005 Penyemak Pesanan Tempatan.run(005 Penyemak Pesanan Tempatan:34)
	at com.kms.katalon.core.main.ScriptEngine.run(ScriptEngine.java:194)
	at com.kms.katalon.core.main.ScriptEngine.runScriptAsRawText(ScriptEngine.java:119)
	at com.kms.katalon.core.main.TestCaseExecutor.runScript(TestCaseExecutor.java:331)
	at com.kms.katalon.core.main.TestCaseExecutor.doExecute(TestCaseExecutor.java:322)
	at com.kms.katalon.core.main.TestCaseExecutor.processExecutionPhase(TestCaseExecutor.java:301)
	at com.kms.katalon.core.main.TestCaseExecutor.accessMainPhase(TestCaseExecutor.java:293)
	at com.kms.katalon.core.main.TestCaseExecutor.execute(TestCaseExecutor.java:227)
	at com.kms.katalon.core.main.TestSuiteExecutor.accessTestCaseMainPhase(TestSuiteExecutor.java:129)
	at com.kms.katalon.core.main.TestSuiteExecutor.accessTestSuiteMainPhase(TestSuiteExecutor.java:112)
	at com.kms.katalon.core.main.TestSuiteExecutor.execute(TestSuiteExecutor.java:81)
	at com.kms.katalon.core.main.TestCaseMain.startTestSuite(TestCaseMain.java:157)
	at com.kms.katalon.core.main.TestCaseMain$startTestSuite$0.call(Unknown Source)
	at TempTestSuite1552881984607.run(TempTestSuite1552881984607.groovy:35)


2019-03-18 12:17:14 - [MESSAGE][INFO] - Unable to find the element located by 'By.xpath: //div[starts-with(@class, 'datagrid-cell datagrid-cell-c') and (text() = '19DAAB030300031' or . = '19DAAB030300031')]'. Please recheck the objects properties to make sure the desired element is located. 

2019-03-18 12:17:14 - [MESSAGE][FAILED] - Unable to double click on object 'Object Repository/Perolehan/006 Arahan Bayaran/003 Penyemak/select_noRekod'
[[ATTACHMENT|C:\\Users\\Consultant_MSPHitect\\Katalon Studio\\TrainingonKatalon\\Reports\\Perolehan\\01 Pesanan Tempatan Cara Bayaran EFT Tiada Pemfaktoran\\20190318_120624\\1552882634003.png]]

2019-03-18 12:17:14 - [MESSAGE][FAILED] - doubleClick(findTestObject("Perolehan/006 Arahan Bayaran/003 Penyemak/select_noRekod", ["text":ArahanBayaranRekodID])) FAILED.
Reason:
com.kms.katalon.core.exception.StepFailedException: Unable to double click on object 'Object Repository/Perolehan/006 Arahan Bayaran/003 Penyemak/select_noRekod'
	at com.kms.katalon.core.keyword.internal.KeywordMain.stepFailed(KeywordMain.groovy:48)
	at com.kms.katalon.core.webui.keyword.internal.WebUIKeywordMain.stepFailed(WebUIKeywordMain.groovy:65)
	at com.kms.katalon.core.webui.keyword.internal.WebUIKeywordMain.runKeyword(WebUIKeywordMain.groovy:27)
	at com.kms.katalon.core.webui.keyword.builtin.DoubleClickKeyword.doubleClick(DoubleClickKeyword.groovy:87)
	at com.kms.katalon.core.webui.keyword.builtin.DoubleClickKeyword.execute(DoubleClickKeyword.groovy:67)
	at com.kms.katalon.core.keyword.internal.KeywordExecutor.executeKeywordForPlatform(KeywordExecutor.groovy:56)
	at com.kms.katalon.core.webui.keyword.WebUiBuiltInKeywords.doubleClick(WebUiBuiltInKeywords.groovy:697)
	at com.kms.katalon.core.webui.keyword.WebUiBuiltInKeywords$doubleClick$13.call(Unknown Source)
	at 005 Penyemak Pesanan Tempatan.run(005 Penyemak Pesanan Tempatan:34)
	at com.kms.katalon.core.main.ScriptEngine.run(ScriptEngine.java:194)
	at com.kms.katalon.core.main.ScriptEngine.runScriptAsRawText(ScriptEngine.java:119)
	at com.kms.katalon.core.main.TestCaseExecutor.runScript(TestCaseExecutor.java:331)
	at com.kms.katalon.core.main.TestCaseExecutor.doExecute(TestCaseExecutor.java:322)
	at com.kms.katalon.core.main.TestCaseExecutor.processExecutionPhase(TestCaseExecutor.java:301)
	at com.kms.katalon.core.main.TestCaseExecutor.accessMainPhase(TestCaseExecutor.java:293)
	at com.kms.katalon.core.main.TestCaseExecutor.execute(TestCaseExecutor.java:227)
	at com.kms.katalon.core.main.TestSuiteExecutor.accessTestCaseMainPhase(TestSuiteExecutor.java:129)
	at com.kms.katalon.core.main.TestSuiteExecutor.accessTestSuiteMainPhase(TestSuiteExecutor.java:112)
	at com.kms.katalon.core.main.TestSuiteExecutor.execute(TestSuiteExecutor.java:81)
	at com.kms.katalon.core.main.TestCaseMain.startTestSuite(TestCaseMain.java:157)
	at com.kms.katalon.core.main.TestCaseMain$startTestSuite$0.call(Unknown Source)
	at TempTestSuite1552881984607.run(TempTestSuite1552881984607.groovy:35)]]></system-out>
         <system-err><![CDATA[2019-03-18 12:14:19 - [TEST_CASE][FAILED] - Test Cases/Perolehan/006 Arahan Bayaran/005 Penyemak Pesanan Tempatan: Test Cases/Perolehan/006 Arahan Bayaran/005 Penyemak Pesanan Tempatan FAILED.
Reason:
com.kms.katalon.core.exception.StepFailedException: Unable to double click on object 'Object Repository/Perolehan/006 Arahan Bayaran/003 Penyemak/select_noRekod'
	at com.kms.katalon.core.keyword.internal.KeywordMain.stepFailed(KeywordMain.groovy:48)
	at com.kms.katalon.core.webui.keyword.internal.WebUIKeywordMain.stepFailed(WebUIKeywordMain.groovy:65)
	at com.kms.katalon.core.webui.keyword.internal.WebUIKeywordMain.runKeyword(WebUIKeywordMain.groovy:27)
	at com.kms.katalon.core.webui.keyword.builtin.DoubleClickKeyword.doubleClick(DoubleClickKeyword.groovy:87)
	at com.kms.katalon.core.webui.keyword.builtin.DoubleClickKeyword.execute(DoubleClickKeyword.groovy:67)
	at com.kms.katalon.core.keyword.internal.KeywordExecutor.executeKeywordForPlatform(KeywordExecutor.groovy:56)
	at com.kms.katalon.core.webui.keyword.WebUiBuiltInKeywords.doubleClick(WebUiBuiltInKeywords.groovy:697)
	at com.kms.katalon.core.webui.keyword.WebUiBuiltInKeywords$doubleClick$13.call(Unknown Source)
	at 005 Penyemak Pesanan Tempatan.run(005 Penyemak Pesanan Tempatan:34)
	at com.kms.katalon.core.main.ScriptEngine.run(ScriptEngine.java:194)
	at com.kms.katalon.core.main.ScriptEngine.runScriptAsRawText(ScriptEngine.java:119)
	at com.kms.katalon.core.main.TestCaseExecutor.runScript(TestCaseExecutor.java:331)
	at com.kms.katalon.core.main.TestCaseExecutor.doExecute(TestCaseExecutor.java:322)
	at com.kms.katalon.core.main.TestCaseExecutor.processExecutionPhase(TestCaseExecutor.java:301)
	at com.kms.katalon.core.main.TestCaseExecutor.accessMainPhase(TestCaseExecutor.java:293)
	at com.kms.katalon.core.main.TestCaseExecutor.execute(TestCaseExecutor.java:227)
	at com.kms.katalon.core.main.TestSuiteExecutor.accessTestCaseMainPhase(TestSuiteExecutor.java:129)
	at com.kms.katalon.core.main.TestSuiteExecutor.accessTestSuiteMainPhase(TestSuiteExecutor.java:112)
	at com.kms.katalon.core.main.TestSuiteExecutor.execute(TestSuiteExecutor.java:81)
	at com.kms.katalon.core.main.TestCaseMain.startTestSuite(TestCaseMain.java:157)
	at com.kms.katalon.core.main.TestCaseMain$startTestSuite$0.call(Unknown Source)
	at TempTestSuite1552881984607.run(TempTestSuite1552881984607.groovy:35)]]></system-err>
      </testcase>
      <testcase name="Test Cases/Perolehan/007 Proses Baucar Bayaran/001 Pelulus Proses Baucar Bayaran - EFT" classname="Test Cases/Perolehan/007 Proses Baucar Bayaran/001 Pelulus Proses Baucar Bayaran - EFT" status="FAILED">
         <failure type="FAILED" message="Test Cases/Perolehan/007 Proses Baucar Bayaran/001 Pelulus Proses Baucar Bayaran - EFT FAILED.
Reason:
com.kms.katalon.core.exception.StepFailedException: Unable to double click on object 'Object Repository/Perolehan/007 Proses Baucar Bayaran/select_No_Rekod'
	at com.kms.katalon.core.keyword.internal.KeywordMain.stepFailed(KeywordMain.groovy:48)
	at com.kms.katalon.core.webui.keyword.internal.WebUIKeywordMain.stepFailed(WebUIKeywordMain.groovy:65)
	at com.kms.katalon.core.webui.keyword.internal.WebUIKeywordMain.runKeyword(WebUIKeywordMain.groovy:27)
	at com.kms.katalon.core.webui.keyword.builtin.DoubleClickKeyword.doubleClick(DoubleClickKeyword.groovy:87)
	at com.kms.katalon.core.webui.keyword.builtin.DoubleClickKeyword.execute(DoubleClickKeyword.groovy:67)
	at com.kms.katalon.core.keyword.internal.KeywordExecutor.executeKeywordForPlatform(KeywordExecutor.groovy:56)
	at com.kms.katalon.core.webui.keyword.WebUiBuiltInKeywords.doubleClick(WebUiBuiltInKeywords.groovy:697)
	at com.kms.katalon.core.webui.keyword.WebUiBuiltInKeywords$doubleClick$13.call(Unknown Source)
	at 001 Pelulus Proses Baucar Bayaran - EFT.run(001 Pelulus Proses Baucar Bayaran - EFT:57)
	at com.kms.katalon.core.main.ScriptEngine.run(ScriptEngine.java:194)
	at com.kms.katalon.core.main.ScriptEngine.runScriptAsRawText(ScriptEngine.java:119)
	at com.kms.katalon.core.main.TestCaseExecutor.runScript(TestCaseExecutor.java:331)
	at com.kms.katalon.core.main.TestCaseExecutor.doExecute(TestCaseExecutor.java:322)
	at com.kms.katalon.core.main.TestCaseExecutor.processExecutionPhase(TestCaseExecutor.java:301)
	at com.kms.katalon.core.main.TestCaseExecutor.accessMainPhase(TestCaseExecutor.java:293)
	at com.kms.katalon.core.main.TestCaseExecutor.execute(TestCaseExecutor.java:227)
	at com.kms.katalon.core.main.TestSuiteExecutor.accessTestCaseMainPhase(TestSuiteExecutor.java:129)
	at com.kms.katalon.core.main.TestSuiteExecutor.accessTestSuiteMainPhase(TestSuiteExecutor.java:112)
	at com.kms.katalon.core.main.TestSuiteExecutor.execute(TestSuiteExecutor.java:81)
	at com.kms.katalon.core.main.TestCaseMain.startTestSuite(TestCaseMain.java:157)
	at com.kms.katalon.core.main.TestCaseMain$startTestSuite$0.call(Unknown Source)
	at TempTestSuite1552881984607.run(TempTestSuite1552881984607.groovy:35)
"/>
         <system-out><![CDATA[2019-03-18 12:17:14 - [TEST_CASE][FAILED] - Test Cases/Perolehan/007 Proses Baucar Bayaran/001 Pelulus Proses Baucar Bayaran - EFT: Test Cases/Perolehan/007 Proses Baucar Bayaran/001 Pelulus Proses Baucar Bayaran - EFT FAILED.
Reason:
com.kms.katalon.core.exception.StepFailedException: Unable to double click on object 'Object Repository/Perolehan/007 Proses Baucar Bayaran/select_No_Rekod'
	at com.kms.katalon.core.keyword.internal.KeywordMain.stepFailed(KeywordMain.groovy:48)
	at com.kms.katalon.core.webui.keyword.internal.WebUIKeywordMain.stepFailed(WebUIKeywordMain.groovy:65)
	at com.kms.katalon.core.webui.keyword.internal.WebUIKeywordMain.runKeyword(WebUIKeywordMain.groovy:27)
	at com.kms.katalon.core.webui.keyword.builtin.DoubleClickKeyword.doubleClick(DoubleClickKeyword.groovy:87)
	at com.kms.katalon.core.webui.keyword.builtin.DoubleClickKeyword.execute(DoubleClickKeyword.groovy:67)
	at com.kms.katalon.core.keyword.internal.KeywordExecutor.executeKeywordForPlatform(KeywordExecutor.groovy:56)
	at com.kms.katalon.core.webui.keyword.WebUiBuiltInKeywords.doubleClick(WebUiBuiltInKeywords.groovy:697)
	at com.kms.katalon.core.webui.keyword.WebUiBuiltInKeywords$doubleClick$13.call(Unknown Source)
	at 001 Pelulus Proses Baucar Bayaran - EFT.run(001 Pelulus Proses Baucar Bayaran - EFT:57)
	at com.kms.katalon.core.main.ScriptEngine.run(ScriptEngine.java:194)
	at com.kms.katalon.core.main.ScriptEngine.runScriptAsRawText(ScriptEngine.java:119)
	at com.kms.katalon.core.main.TestCaseExecutor.runScript(TestCaseExecutor.java:331)
	at com.kms.katalon.core.main.TestCaseExecutor.doExecute(TestCaseExecutor.java:322)
	at com.kms.katalon.core.main.TestCaseExecutor.processExecutionPhase(TestCaseExecutor.java:301)
	at com.kms.katalon.core.main.TestCaseExecutor.accessMainPhase(TestCaseExecutor.java:293)
	at com.kms.katalon.core.main.TestCaseExecutor.execute(TestCaseExecutor.java:227)
	at com.kms.katalon.core.main.TestSuiteExecutor.accessTestCaseMainPhase(TestSuiteExecutor.java:129)
	at com.kms.katalon.core.main.TestSuiteExecutor.accessTestSuiteMainPhase(TestSuiteExecutor.java:112)
	at com.kms.katalon.core.main.TestSuiteExecutor.execute(TestSuiteExecutor.java:81)
	at com.kms.katalon.core.main.TestCaseMain.startTestSuite(TestCaseMain.java:157)
	at com.kms.katalon.core.main.TestCaseMain$startTestSuite$0.call(Unknown Source)
	at TempTestSuite1552881984607.run(TempTestSuite1552881984607.groovy:35)


2019-03-18 12:17:14 - [TEST_STEP][PASSED] - reusablefunctions.reusablefunctions.openbrowser(): reusablefunctions.reusablefunctions.openbrowser is PASSED

2019-03-18 12:17:14 - [MESSAGE][WARNING] - A browser is already opened. Closing browser and opening a new one

2019-03-18 12:17:15 - [MESSAGE][INFO] - Starting 'Chrome' driver

2019-03-18 12:17:17 - [MESSAGE][PASSED] - Browser is opened with url: 'https://175.143.52.101:7011/1SPEKSv2/'

2019-03-18 12:17:17 - [MESSAGE][PASSED] - reusablefunctions.reusablefunctions.openbrowser is PASSED

2019-03-18 12:17:17 - [TEST_STEP][PASSED] - reusablefunctions.reusablefunctions.Login(findTestData("ispekstestdata").getValue(1, 2), findTestData("ispekstestdata").getValue(2, 2)): reusablefunctions.reusablefunctions.Login is PASSED

2019-03-18 12:17:17 - [MESSAGE][PASSED] - Text '601101955194' is set on object 'Object Repository/Login/input_NoKadPengenalan'

2019-03-18 12:17:18 - [MESSAGE][PASSED] - Text ****** has been set on object 'Object Repository/Login/input_Password'

2019-03-18 12:17:23 - [MESSAGE][PASSED] - Object: 'Object Repository/Login/input_ButtonLogMasuk' is clicked on

2019-03-18 12:17:33 - [MESSAGE][PASSED] - Delayed 10 second(s)

2019-03-18 12:17:33 - [MESSAGE][PASSED] - reusablefunctions.reusablefunctions.Login is PASSED

2019-03-18 12:17:33 - [TEST_STEP][PASSED] - reusablefunctions.reusablefunctions.PerananPelulusPTJ(): reusablefunctions.reusablefunctions.PerananPelulusPTJ is PASSED

2019-03-18 12:17:33 - [MESSAGE][PASSED] - Object: 'Object Repository/Perolehan/TukarPeranan/IconTukarPeranan' is clicked on

2019-03-18 12:17:33 - [MESSAGE][PASSED] - Object: 'Object Repository/Perolehan/TukarPeranan/input_TukarPelulusPTJ' is clicked on

2019-03-18 12:17:33 - [MESSAGE][PASSED] - Object: 'Object Repository/Perolehan/TukarPeranan/button_Ya' is clicked on

2019-03-18 12:17:53 - [MESSAGE][PASSED] - Delayed 20 second(s)

2019-03-18 12:17:56 - [MESSAGE][PASSED] - Text 'Peranan : [Pelulus] Peringkat : [PTJ]' is present on page 

2019-03-18 12:17:56 - [MESSAGE][PASSED] - reusablefunctions.reusablefunctions.PerananPelulusPTJ is PASSED

2019-03-18 12:17:56 - [TEST_STEP][PASSED] - click(findTestObject("Perolehan/007 Proses Baucar Bayaran/Menu_Sisi")): Object: 'Object Repository/Perolehan/007 Proses Baucar Bayaran/Menu_Sisi' is clicked on

2019-03-18 12:17:56 - [MESSAGE][PASSED] - Object: 'Object Repository/Perolehan/007 Proses Baucar Bayaran/Menu_Sisi' is clicked on

2019-03-18 12:17:56 - [TEST_STEP][PASSED] - delay(3): Delayed 3 second(s)

2019-03-18 12:17:59 - [MESSAGE][PASSED] - Delayed 3 second(s)

2019-03-18 12:17:59 - [TEST_STEP][PASSED] - click(findTestObject("Object Repository/Perolehan/007 Proses Baucar Bayaran/Menu_Akaun Belum Bayar")): Object: 'Object Repository/Perolehan/007 Proses Baucar Bayaran/Menu_Akaun Belum Bayar' is clicked on

2019-03-18 12:17:59 - [MESSAGE][PASSED] - Object: 'Object Repository/Perolehan/007 Proses Baucar Bayaran/Menu_Akaun Belum Bayar' is clicked on

2019-03-18 12:17:59 - [TEST_STEP][PASSED] - delay(3): Delayed 3 second(s)

2019-03-18 12:18:02 - [MESSAGE][PASSED] - Delayed 3 second(s)

2019-03-18 12:18:02 - [TEST_STEP][PASSED] - click(findTestObject("Perolehan/007 Proses Baucar Bayaran/Menu_Expand_Baucar_Bayaran")): Object: 'Object Repository/Perolehan/007 Proses Baucar Bayaran/Menu_Expand_Baucar_Bayaran' is clicked on

2019-03-18 12:18:02 - [MESSAGE][PASSED] - Object: 'Object Repository/Perolehan/007 Proses Baucar Bayaran/Menu_Expand_Baucar_Bayaran' is clicked on

2019-03-18 12:18:02 - [TEST_STEP][PASSED] - delay(3): Delayed 3 second(s)

2019-03-18 12:18:05 - [MESSAGE][PASSED] - Delayed 3 second(s)

2019-03-18 12:18:05 - [TEST_STEP][PASSED] - click(findTestObject("Perolehan/007 Proses Baucar Bayaran/Menu_Integrasi_Dalaman")): Object: 'Object Repository/Perolehan/007 Proses Baucar Bayaran/Menu_Integrasi_Dalaman' is clicked on

2019-03-18 12:18:05 - [MESSAGE][PASSED] - Object: 'Object Repository/Perolehan/007 Proses Baucar Bayaran/Menu_Integrasi_Dalaman' is clicked on

2019-03-18 12:18:05 - [TEST_STEP][PASSED] - delay(3): Delayed 3 second(s)

2019-03-18 12:18:08 - [MESSAGE][PASSED] - Delayed 3 second(s)

2019-03-18 12:18:08 - [TEST_STEP][PASSED] - setText(findTestObject("Perolehan/007 Proses Baucar Bayaran/input_No_Rekod"), ArahanBayaranRekodID): Text '19DAAB030300031' is set on object 'Object Repository/Perolehan/007 Proses Baucar Bayaran/input_No_Rekod'

2019-03-18 12:18:09 - [MESSAGE][PASSED] - Text '19DAAB030300031' is set on object 'Object Repository/Perolehan/007 Proses Baucar Bayaran/input_No_Rekod'

2019-03-18 12:18:09 - [TEST_STEP][PASSED] - delay(3): Delayed 3 second(s)

2019-03-18 12:18:12 - [MESSAGE][PASSED] - Delayed 3 second(s)

2019-03-18 12:18:12 - [TEST_STEP][FAILED] - doubleClick(findTestObject("Perolehan/007 Proses Baucar Bayaran/select_No_Rekod", ["text":ArahanBayaranRekodID])): doubleClick(findTestObject("Perolehan/007 Proses Baucar Bayaran/select_No_Rekod", ["text":ArahanBayaranRekodID])) FAILED.
Reason:
com.kms.katalon.core.exception.StepFailedException: Unable to double click on object 'Object Repository/Perolehan/007 Proses Baucar Bayaran/select_No_Rekod'
	at com.kms.katalon.core.keyword.internal.KeywordMain.stepFailed(KeywordMain.groovy:48)
	at com.kms.katalon.core.webui.keyword.internal.WebUIKeywordMain.stepFailed(WebUIKeywordMain.groovy:65)
	at com.kms.katalon.core.webui.keyword.internal.WebUIKeywordMain.runKeyword(WebUIKeywordMain.groovy:27)
	at com.kms.katalon.core.webui.keyword.builtin.DoubleClickKeyword.doubleClick(DoubleClickKeyword.groovy:87)
	at com.kms.katalon.core.webui.keyword.builtin.DoubleClickKeyword.execute(DoubleClickKeyword.groovy:67)
	at com.kms.katalon.core.keyword.internal.KeywordExecutor.executeKeywordForPlatform(KeywordExecutor.groovy:56)
	at com.kms.katalon.core.webui.keyword.WebUiBuiltInKeywords.doubleClick(WebUiBuiltInKeywords.groovy:697)
	at com.kms.katalon.core.webui.keyword.WebUiBuiltInKeywords$doubleClick$13.call(Unknown Source)
	at 001 Pelulus Proses Baucar Bayaran - EFT.run(001 Pelulus Proses Baucar Bayaran - EFT:57)
	at com.kms.katalon.core.main.ScriptEngine.run(ScriptEngine.java:194)
	at com.kms.katalon.core.main.ScriptEngine.runScriptAsRawText(ScriptEngine.java:119)
	at com.kms.katalon.core.main.TestCaseExecutor.runScript(TestCaseExecutor.java:331)
	at com.kms.katalon.core.main.TestCaseExecutor.doExecute(TestCaseExecutor.java:322)
	at com.kms.katalon.core.main.TestCaseExecutor.processExecutionPhase(TestCaseExecutor.java:301)
	at com.kms.katalon.core.main.TestCaseExecutor.accessMainPhase(TestCaseExecutor.java:293)
	at com.kms.katalon.core.main.TestCaseExecutor.execute(TestCaseExecutor.java:227)
	at com.kms.katalon.core.main.TestSuiteExecutor.accessTestCaseMainPhase(TestSuiteExecutor.java:129)
	at com.kms.katalon.core.main.TestSuiteExecutor.accessTestSuiteMainPhase(TestSuiteExecutor.java:112)
	at com.kms.katalon.core.main.TestSuiteExecutor.execute(TestSuiteExecutor.java:81)
	at com.kms.katalon.core.main.TestCaseMain.startTestSuite(TestCaseMain.java:157)
	at com.kms.katalon.core.main.TestCaseMain$startTestSuite$0.call(Unknown Source)
	at TempTestSuite1552881984607.run(TempTestSuite1552881984607.groovy:35)


2019-03-18 12:20:17 - [MESSAGE][INFO] - Unable to find the element located by 'By.xpath: //div[@class = 'datagrid-cell datagrid-cell-c1-noRekod' and (text() = '19DAAB030300031' or . = '19DAAB030300031')]'. Please recheck the objects properties to make sure the desired element is located. 

2019-03-18 12:20:17 - [MESSAGE][FAILED] - Unable to double click on object 'Object Repository/Perolehan/007 Proses Baucar Bayaran/select_No_Rekod'
[[ATTACHMENT|C:\\Users\\Consultant_MSPHitect\\Katalon Studio\\TrainingonKatalon\\Reports\\Perolehan\\01 Pesanan Tempatan Cara Bayaran EFT Tiada Pemfaktoran\\20190318_120624\\1552882817073.png]]

2019-03-18 12:20:17 - [MESSAGE][FAILED] - doubleClick(findTestObject("Perolehan/007 Proses Baucar Bayaran/select_No_Rekod", ["text":ArahanBayaranRekodID])) FAILED.
Reason:
com.kms.katalon.core.exception.StepFailedException: Unable to double click on object 'Object Repository/Perolehan/007 Proses Baucar Bayaran/select_No_Rekod'
	at com.kms.katalon.core.keyword.internal.KeywordMain.stepFailed(KeywordMain.groovy:48)
	at com.kms.katalon.core.webui.keyword.internal.WebUIKeywordMain.stepFailed(WebUIKeywordMain.groovy:65)
	at com.kms.katalon.core.webui.keyword.internal.WebUIKeywordMain.runKeyword(WebUIKeywordMain.groovy:27)
	at com.kms.katalon.core.webui.keyword.builtin.DoubleClickKeyword.doubleClick(DoubleClickKeyword.groovy:87)
	at com.kms.katalon.core.webui.keyword.builtin.DoubleClickKeyword.execute(DoubleClickKeyword.groovy:67)
	at com.kms.katalon.core.keyword.internal.KeywordExecutor.executeKeywordForPlatform(KeywordExecutor.groovy:56)
	at com.kms.katalon.core.webui.keyword.WebUiBuiltInKeywords.doubleClick(WebUiBuiltInKeywords.groovy:697)
	at com.kms.katalon.core.webui.keyword.WebUiBuiltInKeywords$doubleClick$13.call(Unknown Source)
	at 001 Pelulus Proses Baucar Bayaran - EFT.run(001 Pelulus Proses Baucar Bayaran - EFT:57)
	at com.kms.katalon.core.main.ScriptEngine.run(ScriptEngine.java:194)
	at com.kms.katalon.core.main.ScriptEngine.runScriptAsRawText(ScriptEngine.java:119)
	at com.kms.katalon.core.main.TestCaseExecutor.runScript(TestCaseExecutor.java:331)
	at com.kms.katalon.core.main.TestCaseExecutor.doExecute(TestCaseExecutor.java:322)
	at com.kms.katalon.core.main.TestCaseExecutor.processExecutionPhase(TestCaseExecutor.java:301)
	at com.kms.katalon.core.main.TestCaseExecutor.accessMainPhase(TestCaseExecutor.java:293)
	at com.kms.katalon.core.main.TestCaseExecutor.execute(TestCaseExecutor.java:227)
	at com.kms.katalon.core.main.TestSuiteExecutor.accessTestCaseMainPhase(TestSuiteExecutor.java:129)
	at com.kms.katalon.core.main.TestSuiteExecutor.accessTestSuiteMainPhase(TestSuiteExecutor.java:112)
	at com.kms.katalon.core.main.TestSuiteExecutor.execute(TestSuiteExecutor.java:81)
	at com.kms.katalon.core.main.TestCaseMain.startTestSuite(TestCaseMain.java:157)
	at com.kms.katalon.core.main.TestCaseMain$startTestSuite$0.call(Unknown Source)
	at TempTestSuite1552881984607.run(TempTestSuite1552881984607.groovy:35)]]></system-out>
         <system-err><![CDATA[2019-03-18 12:17:14 - [TEST_CASE][FAILED] - Test Cases/Perolehan/007 Proses Baucar Bayaran/001 Pelulus Proses Baucar Bayaran - EFT: Test Cases/Perolehan/007 Proses Baucar Bayaran/001 Pelulus Proses Baucar Bayaran - EFT FAILED.
Reason:
com.kms.katalon.core.exception.StepFailedException: Unable to double click on object 'Object Repository/Perolehan/007 Proses Baucar Bayaran/select_No_Rekod'
	at com.kms.katalon.core.keyword.internal.KeywordMain.stepFailed(KeywordMain.groovy:48)
	at com.kms.katalon.core.webui.keyword.internal.WebUIKeywordMain.stepFailed(WebUIKeywordMain.groovy:65)
	at com.kms.katalon.core.webui.keyword.internal.WebUIKeywordMain.runKeyword(WebUIKeywordMain.groovy:27)
	at com.kms.katalon.core.webui.keyword.builtin.DoubleClickKeyword.doubleClick(DoubleClickKeyword.groovy:87)
	at com.kms.katalon.core.webui.keyword.builtin.DoubleClickKeyword.execute(DoubleClickKeyword.groovy:67)
	at com.kms.katalon.core.keyword.internal.KeywordExecutor.executeKeywordForPlatform(KeywordExecutor.groovy:56)
	at com.kms.katalon.core.webui.keyword.WebUiBuiltInKeywords.doubleClick(WebUiBuiltInKeywords.groovy:697)
	at com.kms.katalon.core.webui.keyword.WebUiBuiltInKeywords$doubleClick$13.call(Unknown Source)
	at 001 Pelulus Proses Baucar Bayaran - EFT.run(001 Pelulus Proses Baucar Bayaran - EFT:57)
	at com.kms.katalon.core.main.ScriptEngine.run(ScriptEngine.java:194)
	at com.kms.katalon.core.main.ScriptEngine.runScriptAsRawText(ScriptEngine.java:119)
	at com.kms.katalon.core.main.TestCaseExecutor.runScript(TestCaseExecutor.java:331)
	at com.kms.katalon.core.main.TestCaseExecutor.doExecute(TestCaseExecutor.java:322)
	at com.kms.katalon.core.main.TestCaseExecutor.processExecutionPhase(TestCaseExecutor.java:301)
	at com.kms.katalon.core.main.TestCaseExecutor.accessMainPhase(TestCaseExecutor.java:293)
	at com.kms.katalon.core.main.TestCaseExecutor.execute(TestCaseExecutor.java:227)
	at com.kms.katalon.core.main.TestSuiteExecutor.accessTestCaseMainPhase(TestSuiteExecutor.java:129)
	at com.kms.katalon.core.main.TestSuiteExecutor.accessTestSuiteMainPhase(TestSuiteExecutor.java:112)
	at com.kms.katalon.core.main.TestSuiteExecutor.execute(TestSuiteExecutor.java:81)
	at com.kms.katalon.core.main.TestCaseMain.startTestSuite(TestCaseMain.java:157)
	at com.kms.katalon.core.main.TestCaseMain$startTestSuite$0.call(Unknown Source)
	at TempTestSuite1552881984607.run(TempTestSuite1552881984607.groovy:35)]]></system-err>
      </testcase>
      <testcase name="Test Cases/Perolehan/008 Posting Bayaran/001 Posting Bayaran - EFT" classname="Test Cases/Perolehan/008 Posting Bayaran/001 Posting Bayaran - EFT" status="FAILED">
         <failure type="FAILED" message="Test Cases/Perolehan/008 Posting Bayaran/001 Posting Bayaran - EFT FAILED.
Reason:
com.kms.katalon.core.exception.StepFailedException: Unable to click on object 'Object Repository/Perolehan/008 Post Bayaran/select_No_Baucar'
	at com.kms.katalon.core.keyword.internal.KeywordMain.stepFailed(KeywordMain.groovy:48)
	at com.kms.katalon.core.webui.keyword.internal.WebUIKeywordMain.stepFailed(WebUIKeywordMain.groovy:65)
	at com.kms.katalon.core.webui.keyword.internal.WebUIKeywordMain.runKeyword(WebUIKeywordMain.groovy:27)
	at com.kms.katalon.core.webui.keyword.builtin.ClickKeyword.click(ClickKeyword.groovy:86)
	at com.kms.katalon.core.webui.keyword.builtin.ClickKeyword.execute(ClickKeyword.groovy:67)
	at com.kms.katalon.core.keyword.internal.KeywordExecutor.executeKeywordForPlatform(KeywordExecutor.groovy:56)
	at com.kms.katalon.core.webui.keyword.WebUiBuiltInKeywords.click(WebUiBuiltInKeywords.groovy:616)
	at com.kms.katalon.core.webui.keyword.WebUiBuiltInKeywords$click$2.call(Unknown Source)
	at 001 Posting Bayaran - EFT.run(001 Posting Bayaran - EFT:57)
	at com.kms.katalon.core.main.ScriptEngine.run(ScriptEngine.java:194)
	at com.kms.katalon.core.main.ScriptEngine.runScriptAsRawText(ScriptEngine.java:119)
	at com.kms.katalon.core.main.TestCaseExecutor.runScript(TestCaseExecutor.java:331)
	at com.kms.katalon.core.main.TestCaseExecutor.doExecute(TestCaseExecutor.java:322)
	at com.kms.katalon.core.main.TestCaseExecutor.processExecutionPhase(TestCaseExecutor.java:301)
	at com.kms.katalon.core.main.TestCaseExecutor.accessMainPhase(TestCaseExecutor.java:293)
	at com.kms.katalon.core.main.TestCaseExecutor.execute(TestCaseExecutor.java:227)
	at com.kms.katalon.core.main.TestSuiteExecutor.accessTestCaseMainPhase(TestSuiteExecutor.java:129)
	at com.kms.katalon.core.main.TestSuiteExecutor.accessTestSuiteMainPhase(TestSuiteExecutor.java:112)
	at com.kms.katalon.core.main.TestSuiteExecutor.execute(TestSuiteExecutor.java:81)
	at com.kms.katalon.core.main.TestCaseMain.startTestSuite(TestCaseMain.java:157)
	at com.kms.katalon.core.main.TestCaseMain$startTestSuite$0.call(Unknown Source)
	at TempTestSuite1552881984607.run(TempTestSuite1552881984607.groovy:35)
"/>
         <system-out><![CDATA[2019-03-18 12:20:17 - [TEST_CASE][FAILED] - Test Cases/Perolehan/008 Posting Bayaran/001 Posting Bayaran - EFT: Test Cases/Perolehan/008 Posting Bayaran/001 Posting Bayaran - EFT FAILED.
Reason:
com.kms.katalon.core.exception.StepFailedException: Unable to click on object 'Object Repository/Perolehan/008 Post Bayaran/select_No_Baucar'
	at com.kms.katalon.core.keyword.internal.KeywordMain.stepFailed(KeywordMain.groovy:48)
	at com.kms.katalon.core.webui.keyword.internal.WebUIKeywordMain.stepFailed(WebUIKeywordMain.groovy:65)
	at com.kms.katalon.core.webui.keyword.internal.WebUIKeywordMain.runKeyword(WebUIKeywordMain.groovy:27)
	at com.kms.katalon.core.webui.keyword.builtin.ClickKeyword.click(ClickKeyword.groovy:86)
	at com.kms.katalon.core.webui.keyword.builtin.ClickKeyword.execute(ClickKeyword.groovy:67)
	at com.kms.katalon.core.keyword.internal.KeywordExecutor.executeKeywordForPlatform(KeywordExecutor.groovy:56)
	at com.kms.katalon.core.webui.keyword.WebUiBuiltInKeywords.click(WebUiBuiltInKeywords.groovy:616)
	at com.kms.katalon.core.webui.keyword.WebUiBuiltInKeywords$click$2.call(Unknown Source)
	at 001 Posting Bayaran - EFT.run(001 Posting Bayaran - EFT:57)
	at com.kms.katalon.core.main.ScriptEngine.run(ScriptEngine.java:194)
	at com.kms.katalon.core.main.ScriptEngine.runScriptAsRawText(ScriptEngine.java:119)
	at com.kms.katalon.core.main.TestCaseExecutor.runScript(TestCaseExecutor.java:331)
	at com.kms.katalon.core.main.TestCaseExecutor.doExecute(TestCaseExecutor.java:322)
	at com.kms.katalon.core.main.TestCaseExecutor.processExecutionPhase(TestCaseExecutor.java:301)
	at com.kms.katalon.core.main.TestCaseExecutor.accessMainPhase(TestCaseExecutor.java:293)
	at com.kms.katalon.core.main.TestCaseExecutor.execute(TestCaseExecutor.java:227)
	at com.kms.katalon.core.main.TestSuiteExecutor.accessTestCaseMainPhase(TestSuiteExecutor.java:129)
	at com.kms.katalon.core.main.TestSuiteExecutor.accessTestSuiteMainPhase(TestSuiteExecutor.java:112)
	at com.kms.katalon.core.main.TestSuiteExecutor.execute(TestSuiteExecutor.java:81)
	at com.kms.katalon.core.main.TestCaseMain.startTestSuite(TestCaseMain.java:157)
	at com.kms.katalon.core.main.TestCaseMain$startTestSuite$0.call(Unknown Source)
	at TempTestSuite1552881984607.run(TempTestSuite1552881984607.groovy:35)


2019-03-18 12:20:17 - [TEST_STEP][PASSED] - reusablefunctions.reusablefunctions.openbrowser(): reusablefunctions.reusablefunctions.openbrowser is PASSED

2019-03-18 12:20:17 - [MESSAGE][WARNING] - A browser is already opened. Closing browser and opening a new one

2019-03-18 12:20:18 - [MESSAGE][INFO] - Starting 'Chrome' driver

2019-03-18 12:20:20 - [MESSAGE][PASSED] - Browser is opened with url: 'https://175.143.52.101:7011/1SPEKSv2/'

2019-03-18 12:20:20 - [MESSAGE][PASSED] - reusablefunctions.reusablefunctions.openbrowser is PASSED

2019-03-18 12:20:20 - [TEST_STEP][PASSED] - reusablefunctions.reusablefunctions.Login(findTestData("ispekstestdata").getValue(1, 2), findTestData("ispekstestdata").getValue(2, 2)): reusablefunctions.reusablefunctions.Login is PASSED

2019-03-18 12:20:20 - [MESSAGE][PASSED] - Text '601101955194' is set on object 'Object Repository/Login/input_NoKadPengenalan'

2019-03-18 12:20:21 - [MESSAGE][PASSED] - Text ****** has been set on object 'Object Repository/Login/input_Password'

2019-03-18 12:20:29 - [MESSAGE][PASSED] - Object: 'Object Repository/Login/input_ButtonLogMasuk' is clicked on

2019-03-18 12:20:39 - [MESSAGE][PASSED] - Delayed 10 second(s)

2019-03-18 12:20:39 - [MESSAGE][PASSED] - reusablefunctions.reusablefunctions.Login is PASSED

2019-03-18 12:20:39 - [TEST_STEP][PASSED] - reusablefunctions.reusablefunctions.PerananPelulusBN(): reusablefunctions.reusablefunctions.PerananPelulusBN is PASSED

2019-03-18 12:20:39 - [MESSAGE][PASSED] - Object: 'Object Repository/Perolehan/TukarPeranan/IconTukarPeranan' is clicked on

2019-03-18 12:20:40 - [MESSAGE][PASSED] - Object: 'Object Repository/Perolehan/TukarPeranan/input_TukarPelulusBN' is clicked on

2019-03-18 12:20:40 - [MESSAGE][PASSED] - Object: 'Object Repository/Perolehan/TukarPeranan/button_Ya' is clicked on

2019-03-18 12:21:00 - [MESSAGE][PASSED] - Delayed 20 second(s)

2019-03-18 12:21:02 - [MESSAGE][PASSED] - Text 'Peranan : [Pelulus] Peringkat : [BN]' is present on page 

2019-03-18 12:21:02 - [MESSAGE][PASSED] - reusablefunctions.reusablefunctions.PerananPelulusBN is PASSED

2019-03-18 12:21:02 - [TEST_STEP][PASSED] - click(findTestObject("Perolehan/001 Left_Menu_Selection/a_ExpandMenuonLeft")): Object: 'Object Repository/Perolehan/001 Left_Menu_Selection/a_ExpandMenuonLeft' is clicked on

2019-03-18 12:21:03 - [MESSAGE][PASSED] - Object: 'Object Repository/Perolehan/001 Left_Menu_Selection/a_ExpandMenuonLeft' is clicked on

2019-03-18 12:21:03 - [TEST_STEP][PASSED] - delay(3): Delayed 3 second(s)

2019-03-18 12:21:06 - [MESSAGE][PASSED] - Delayed 3 second(s)

2019-03-18 12:21:06 - [TEST_STEP][PASSED] - click(findTestObject("Perolehan/001 Left_Menu_Selection/div_PanelTitlePengurusanTunai")): Object: 'Object Repository/Perolehan/001 Left_Menu_Selection/div_PanelTitlePengurusanTunai' is clicked on

2019-03-18 12:21:06 - [MESSAGE][PASSED] - Object: 'Object Repository/Perolehan/001 Left_Menu_Selection/div_PanelTitlePengurusanTunai' is clicked on

2019-03-18 12:21:06 - [TEST_STEP][PASSED] - delay(3): Delayed 3 second(s)

2019-03-18 12:21:09 - [MESSAGE][PASSED] - Delayed 3 second(s)

2019-03-18 12:21:09 - [TEST_STEP][PASSED] - click(findTestObject("Perolehan/001 Left_Menu_Selection/div_PostBayaran")): Object: 'Object Repository/Perolehan/001 Left_Menu_Selection/div_PostBayaran' is clicked on

2019-03-18 12:21:09 - [MESSAGE][PASSED] - Object: 'Object Repository/Perolehan/001 Left_Menu_Selection/div_PostBayaran' is clicked on

2019-03-18 12:21:09 - [TEST_STEP][PASSED] - delay(3): Delayed 3 second(s)

2019-03-18 12:21:12 - [MESSAGE][PASSED] - Delayed 3 second(s)

2019-03-18 12:21:12 - [TEST_STEP][PASSED] - click(findTestObject("Perolehan/008 Post Bayaran/Drop_down_No_Baucar")): Object: 'Object Repository/Perolehan/008 Post Bayaran/Drop_down_No_Baucar' is clicked on

2019-03-18 12:21:12 - [MESSAGE][PASSED] - Object: 'Object Repository/Perolehan/008 Post Bayaran/Drop_down_No_Baucar' is clicked on

2019-03-18 12:21:12 - [TEST_STEP][PASSED] - delay(3): Delayed 3 second(s)

2019-03-18 12:21:15 - [MESSAGE][PASSED] - Delayed 3 second(s)

2019-03-18 12:21:15 - [TEST_STEP][PASSED] - setText(findTestObject("Perolehan/008 Post Bayaran/input_No. Baucar_noBaucar"), Nombor_Baucar): Text '19DABB0400115' is set on object 'Object Repository/Perolehan/008 Post Bayaran/input_No. Baucar_noBaucar'

2019-03-18 12:21:15 - [MESSAGE][PASSED] - Text '19DABB0400115' is set on object 'Object Repository/Perolehan/008 Post Bayaran/input_No. Baucar_noBaucar'

2019-03-18 12:21:15 - [TEST_STEP][PASSED] - delay(3): Delayed 3 second(s)

2019-03-18 12:21:18 - [MESSAGE][PASSED] - Delayed 3 second(s)

2019-03-18 12:21:18 - [TEST_STEP][FAILED] - click(findTestObject("Perolehan/008 Post Bayaran/select_No_Baucar", ["text":Nombor_Baucar])): click(findTestObject("Perolehan/008 Post Bayaran/select_No_Baucar", ["text":Nombor_Baucar])) FAILED.
Reason:
com.kms.katalon.core.exception.StepFailedException: Unable to click on object 'Object Repository/Perolehan/008 Post Bayaran/select_No_Baucar'
	at com.kms.katalon.core.keyword.internal.KeywordMain.stepFailed(KeywordMain.groovy:48)
	at com.kms.katalon.core.webui.keyword.internal.WebUIKeywordMain.stepFailed(WebUIKeywordMain.groovy:65)
	at com.kms.katalon.core.webui.keyword.internal.WebUIKeywordMain.runKeyword(WebUIKeywordMain.groovy:27)
	at com.kms.katalon.core.webui.keyword.builtin.ClickKeyword.click(ClickKeyword.groovy:86)
	at com.kms.katalon.core.webui.keyword.builtin.ClickKeyword.execute(ClickKeyword.groovy:67)
	at com.kms.katalon.core.keyword.internal.KeywordExecutor.executeKeywordForPlatform(KeywordExecutor.groovy:56)
	at com.kms.katalon.core.webui.keyword.WebUiBuiltInKeywords.click(WebUiBuiltInKeywords.groovy:616)
	at com.kms.katalon.core.webui.keyword.WebUiBuiltInKeywords$click$2.call(Unknown Source)
	at 001 Posting Bayaran - EFT.run(001 Posting Bayaran - EFT:57)
	at com.kms.katalon.core.main.ScriptEngine.run(ScriptEngine.java:194)
	at com.kms.katalon.core.main.ScriptEngine.runScriptAsRawText(ScriptEngine.java:119)
	at com.kms.katalon.core.main.TestCaseExecutor.runScript(TestCaseExecutor.java:331)
	at com.kms.katalon.core.main.TestCaseExecutor.doExecute(TestCaseExecutor.java:322)
	at com.kms.katalon.core.main.TestCaseExecutor.processExecutionPhase(TestCaseExecutor.java:301)
	at com.kms.katalon.core.main.TestCaseExecutor.accessMainPhase(TestCaseExecutor.java:293)
	at com.kms.katalon.core.main.TestCaseExecutor.execute(TestCaseExecutor.java:227)
	at com.kms.katalon.core.main.TestSuiteExecutor.accessTestCaseMainPhase(TestSuiteExecutor.java:129)
	at com.kms.katalon.core.main.TestSuiteExecutor.accessTestSuiteMainPhase(TestSuiteExecutor.java:112)
	at com.kms.katalon.core.main.TestSuiteExecutor.execute(TestSuiteExecutor.java:81)
	at com.kms.katalon.core.main.TestCaseMain.startTestSuite(TestCaseMain.java:157)
	at com.kms.katalon.core.main.TestCaseMain$startTestSuite$0.call(Unknown Source)
	at TempTestSuite1552881984607.run(TempTestSuite1552881984607.groovy:35)


2019-03-18 12:23:24 - [MESSAGE][INFO] - Unable to find the element located by 'By.xpath: //div[contains(@class, 'datagrid-cell datagrid-cell-') and (text() = '19DABB0400115' or . = '19DABB0400115')]'. Please recheck the objects properties to make sure the desired element is located. 

2019-03-18 12:23:24 - [MESSAGE][FAILED] - Unable to click on object 'Object Repository/Perolehan/008 Post Bayaran/select_No_Baucar'
[[ATTACHMENT|C:\\Users\\Consultant_MSPHitect\\Katalon Studio\\TrainingonKatalon\\Reports\\Perolehan\\01 Pesanan Tempatan Cara Bayaran EFT Tiada Pemfaktoran\\20190318_120624\\1552883004052.png]]

2019-03-18 12:23:24 - [MESSAGE][FAILED] - click(findTestObject("Perolehan/008 Post Bayaran/select_No_Baucar", ["text":Nombor_Baucar])) FAILED.
Reason:
com.kms.katalon.core.exception.StepFailedException: Unable to click on object 'Object Repository/Perolehan/008 Post Bayaran/select_No_Baucar'
	at com.kms.katalon.core.keyword.internal.KeywordMain.stepFailed(KeywordMain.groovy:48)
	at com.kms.katalon.core.webui.keyword.internal.WebUIKeywordMain.stepFailed(WebUIKeywordMain.groovy:65)
	at com.kms.katalon.core.webui.keyword.internal.WebUIKeywordMain.runKeyword(WebUIKeywordMain.groovy:27)
	at com.kms.katalon.core.webui.keyword.builtin.ClickKeyword.click(ClickKeyword.groovy:86)
	at com.kms.katalon.core.webui.keyword.builtin.ClickKeyword.execute(ClickKeyword.groovy:67)
	at com.kms.katalon.core.keyword.internal.KeywordExecutor.executeKeywordForPlatform(KeywordExecutor.groovy:56)
	at com.kms.katalon.core.webui.keyword.WebUiBuiltInKeywords.click(WebUiBuiltInKeywords.groovy:616)
	at com.kms.katalon.core.webui.keyword.WebUiBuiltInKeywords$click$2.call(Unknown Source)
	at 001 Posting Bayaran - EFT.run(001 Posting Bayaran - EFT:57)
	at com.kms.katalon.core.main.ScriptEngine.run(ScriptEngine.java:194)
	at com.kms.katalon.core.main.ScriptEngine.runScriptAsRawText(ScriptEngine.java:119)
	at com.kms.katalon.core.main.TestCaseExecutor.runScript(TestCaseExecutor.java:331)
	at com.kms.katalon.core.main.TestCaseExecutor.doExecute(TestCaseExecutor.java:322)
	at com.kms.katalon.core.main.TestCaseExecutor.processExecutionPhase(TestCaseExecutor.java:301)
	at com.kms.katalon.core.main.TestCaseExecutor.accessMainPhase(TestCaseExecutor.java:293)
	at com.kms.katalon.core.main.TestCaseExecutor.execute(TestCaseExecutor.java:227)
	at com.kms.katalon.core.main.TestSuiteExecutor.accessTestCaseMainPhase(TestSuiteExecutor.java:129)
	at com.kms.katalon.core.main.TestSuiteExecutor.accessTestSuiteMainPhase(TestSuiteExecutor.java:112)
	at com.kms.katalon.core.main.TestSuiteExecutor.execute(TestSuiteExecutor.java:81)
	at com.kms.katalon.core.main.TestCaseMain.startTestSuite(TestCaseMain.java:157)
	at com.kms.katalon.core.main.TestCaseMain$startTestSuite$0.call(Unknown Source)
	at TempTestSuite1552881984607.run(TempTestSuite1552881984607.groovy:35)]]></system-out>
         <system-err><![CDATA[2019-03-18 12:20:17 - [TEST_CASE][FAILED] - Test Cases/Perolehan/008 Posting Bayaran/001 Posting Bayaran - EFT: Test Cases/Perolehan/008 Posting Bayaran/001 Posting Bayaran - EFT FAILED.
Reason:
com.kms.katalon.core.exception.StepFailedException: Unable to click on object 'Object Repository/Perolehan/008 Post Bayaran/select_No_Baucar'
	at com.kms.katalon.core.keyword.internal.KeywordMain.stepFailed(KeywordMain.groovy:48)
	at com.kms.katalon.core.webui.keyword.internal.WebUIKeywordMain.stepFailed(WebUIKeywordMain.groovy:65)
	at com.kms.katalon.core.webui.keyword.internal.WebUIKeywordMain.runKeyword(WebUIKeywordMain.groovy:27)
	at com.kms.katalon.core.webui.keyword.builtin.ClickKeyword.click(ClickKeyword.groovy:86)
	at com.kms.katalon.core.webui.keyword.builtin.ClickKeyword.execute(ClickKeyword.groovy:67)
	at com.kms.katalon.core.keyword.internal.KeywordExecutor.executeKeywordForPlatform(KeywordExecutor.groovy:56)
	at com.kms.katalon.core.webui.keyword.WebUiBuiltInKeywords.click(WebUiBuiltInKeywords.groovy:616)
	at com.kms.katalon.core.webui.keyword.WebUiBuiltInKeywords$click$2.call(Unknown Source)
	at 001 Posting Bayaran - EFT.run(001 Posting Bayaran - EFT:57)
	at com.kms.katalon.core.main.ScriptEngine.run(ScriptEngine.java:194)
	at com.kms.katalon.core.main.ScriptEngine.runScriptAsRawText(ScriptEngine.java:119)
	at com.kms.katalon.core.main.TestCaseExecutor.runScript(TestCaseExecutor.java:331)
	at com.kms.katalon.core.main.TestCaseExecutor.doExecute(TestCaseExecutor.java:322)
	at com.kms.katalon.core.main.TestCaseExecutor.processExecutionPhase(TestCaseExecutor.java:301)
	at com.kms.katalon.core.main.TestCaseExecutor.accessMainPhase(TestCaseExecutor.java:293)
	at com.kms.katalon.core.main.TestCaseExecutor.execute(TestCaseExecutor.java:227)
	at com.kms.katalon.core.main.TestSuiteExecutor.accessTestCaseMainPhase(TestSuiteExecutor.java:129)
	at com.kms.katalon.core.main.TestSuiteExecutor.accessTestSuiteMainPhase(TestSuiteExecutor.java:112)
	at com.kms.katalon.core.main.TestSuiteExecutor.execute(TestSuiteExecutor.java:81)
	at com.kms.katalon.core.main.TestCaseMain.startTestSuite(TestCaseMain.java:157)
	at com.kms.katalon.core.main.TestCaseMain$startTestSuite$0.call(Unknown Source)
	at TempTestSuite1552881984607.run(TempTestSuite1552881984607.groovy:35)]]></system-err>
      </testcase>
      <testcase name="Test Cases/Perolehan/009 Penyedia Cetak Baucar Bayaran/001 Penyedia Cetak Baucar Bayaran" classname="Test Cases/Perolehan/009 Penyedia Cetak Baucar Bayaran/001 Penyedia Cetak Baucar Bayaran" status="PASSED">
         <system-out><![CDATA[2019-03-18 12:23:24 - [TEST_CASE][PASSED] - Test Cases/Perolehan/009 Penyedia Cetak Baucar Bayaran/001 Penyedia Cetak Baucar Bayaran: Test Cases/Perolehan/009 Penyedia Cetak Baucar Bayaran/001 Penyedia Cetak Baucar Bayaran

2019-03-18 12:23:24 - [TEST_STEP][PASSED] - reusablefunctions.reusablefunctions.openbrowser(): reusablefunctions.reusablefunctions.openbrowser is PASSED

2019-03-18 12:23:24 - [MESSAGE][WARNING] - A browser is already opened. Closing browser and opening a new one

2019-03-18 12:23:25 - [MESSAGE][INFO] - Starting 'Chrome' driver

2019-03-18 12:23:28 - [MESSAGE][PASSED] - Browser is opened with url: 'https://175.143.52.101:7011/1SPEKSv2/'

2019-03-18 12:23:28 - [MESSAGE][PASSED] - reusablefunctions.reusablefunctions.openbrowser is PASSED

2019-03-18 12:23:28 - [TEST_STEP][PASSED] - reusablefunctions.reusablefunctions.Login(findTestData("ispekstestdata").getValue(1, 2), findTestData("ispekstestdata").getValue(2, 2)): reusablefunctions.reusablefunctions.Login is PASSED

2019-03-18 12:23:28 - [MESSAGE][PASSED] - Text '601101955194' is set on object 'Object Repository/Login/input_NoKadPengenalan'

2019-03-18 12:23:28 - [MESSAGE][PASSED] - Text ****** has been set on object 'Object Repository/Login/input_Password'

2019-03-18 12:23:33 - [MESSAGE][PASSED] - Object: 'Object Repository/Login/input_ButtonLogMasuk' is clicked on

2019-03-18 12:23:43 - [MESSAGE][PASSED] - Delayed 10 second(s)

2019-03-18 12:23:43 - [MESSAGE][PASSED] - reusablefunctions.reusablefunctions.Login is PASSED

2019-03-18 12:23:43 - [TEST_STEP][PASSED] - reusablefunctions.reusablefunctions.PerananPenyediaPTJ(): reusablefunctions.reusablefunctions.PerananPenyediaPTJ is PASSED

2019-03-18 12:23:43 - [MESSAGE][PASSED] - Object: 'Object Repository/Perolehan/TukarPeranan/IconTukarPeranan' is clicked on

2019-03-18 12:23:43 - [MESSAGE][PASSED] - Object: 'Object Repository/Perolehan/TukarPeranan/input_TukarPenyediaPTJ' is clicked on

2019-03-18 12:23:43 - [MESSAGE][PASSED] - Object: 'Object Repository/Perolehan/TukarPeranan/button_Ya' is clicked on

2019-03-18 12:24:03 - [MESSAGE][PASSED] - Delayed 20 second(s)

2019-03-18 12:24:06 - [MESSAGE][PASSED] - Text 'Peranan : [Penyedia] Peringkat : [PTJ]' is present on page 

2019-03-18 12:24:06 - [MESSAGE][PASSED] - reusablefunctions.reusablefunctions.PerananPenyediaPTJ is PASSED

2019-03-18 12:24:06 - [TEST_STEP][PASSED] - click(findTestObject("Perolehan/001 Left_Menu_Selection/a_ExpandMenuonLeft")): Object: 'Object Repository/Perolehan/001 Left_Menu_Selection/a_ExpandMenuonLeft' is clicked on

2019-03-18 12:24:06 - [MESSAGE][PASSED] - Object: 'Object Repository/Perolehan/001 Left_Menu_Selection/a_ExpandMenuonLeft' is clicked on

2019-03-18 12:24:06 - [TEST_STEP][PASSED] - delay(3): Delayed 3 second(s)

2019-03-18 12:24:09 - [MESSAGE][PASSED] - Delayed 3 second(s)

2019-03-18 12:24:09 - [TEST_STEP][PASSED] - click(findTestObject("Perolehan/001 Left_Menu_Selection/Menu_Akaun Belum Bayar")): Object: 'Object Repository/Perolehan/001 Left_Menu_Selection/Menu_Akaun Belum Bayar' is clicked on

2019-03-18 12:24:10 - [MESSAGE][PASSED] - Object: 'Object Repository/Perolehan/001 Left_Menu_Selection/Menu_Akaun Belum Bayar' is clicked on

2019-03-18 12:24:10 - [TEST_STEP][PASSED] - delay(3): Delayed 3 second(s)

2019-03-18 12:24:13 - [MESSAGE][PASSED] - Delayed 3 second(s)

2019-03-18 12:24:13 - [TEST_STEP][PASSED] - click(findTestObject("Perolehan/001 Left_Menu_Selection/div_Carian_Akaun_Belum_Bayar")): Object: 'Object Repository/Perolehan/001 Left_Menu_Selection/div_Carian_Akaun_Belum_Bayar' is clicked on

2019-03-18 12:24:13 - [MESSAGE][PASSED] - Object: 'Object Repository/Perolehan/001 Left_Menu_Selection/div_Carian_Akaun_Belum_Bayar' is clicked on

2019-03-18 12:24:13 - [TEST_STEP][PASSED] - delay(3): Delayed 3 second(s)

2019-03-18 12:24:16 - [MESSAGE][PASSED] - Delayed 3 second(s)

2019-03-18 12:24:16 - [TEST_STEP][PASSED] - click(findTestObject("Perolehan/009 Penyedia Cetak Baucar Bayaran/Drop_down_Jenis_Carian")): Object: 'Object Repository/Perolehan/009 Penyedia Cetak Baucar Bayaran/Drop_down_Jenis_Carian' is clicked on

2019-03-18 12:24:20 - [MESSAGE][PASSED] - Object: 'Object Repository/Perolehan/009 Penyedia Cetak Baucar Bayaran/Drop_down_Jenis_Carian' is clicked on

2019-03-18 12:24:20 - [TEST_STEP][PASSED] - click(findTestObject("Perolehan/009 Penyedia Cetak Baucar Bayaran/Select_No_Baucar")): Object: 'Object Repository/Perolehan/009 Penyedia Cetak Baucar Bayaran/Select_No_Baucar' is clicked on

2019-03-18 12:24:20 - [MESSAGE][PASSED] - Object: 'Object Repository/Perolehan/009 Penyedia Cetak Baucar Bayaran/Select_No_Baucar' is clicked on

2019-03-18 12:24:20 - [TEST_STEP][PASSED] - setText(findTestObject("Perolehan/009 Penyedia Cetak Baucar Bayaran/Input_No_Baucar"), Nombor_Baucar): Text '19DABB0400115' is set on object 'Object Repository/Perolehan/009 Penyedia Cetak Baucar Bayaran/Input_No_Baucar'

2019-03-18 12:24:20 - [MESSAGE][PASSED] - Text '19DABB0400115' is set on object 'Object Repository/Perolehan/009 Penyedia Cetak Baucar Bayaran/Input_No_Baucar'

2019-03-18 12:24:20 - [TEST_STEP][PASSED] - click(findTestObject("Perolehan/009 Penyedia Cetak Baucar Bayaran/button_Cari")): Object: 'Object Repository/Perolehan/009 Penyedia Cetak Baucar Bayaran/button_Cari' is clicked on

2019-03-18 12:24:21 - [MESSAGE][PASSED] - Object: 'Object Repository/Perolehan/009 Penyedia Cetak Baucar Bayaran/button_Cari' is clicked on

2019-03-18 12:24:21 - [TEST_STEP][PASSED] - delay(15): Delayed 15 second(s)

2019-03-18 12:24:36 - [MESSAGE][PASSED] - Delayed 15 second(s)

2019-03-18 12:24:36 - [TEST_STEP][PASSED] - click(findTestObject("Perolehan/009 Penyedia Cetak Baucar Bayaran/button_Cetak")): Object: 'Object Repository/Perolehan/009 Penyedia Cetak Baucar Bayaran/button_Cetak' is clicked on

2019-03-18 12:24:36 - [MESSAGE][PASSED] - Object: 'Object Repository/Perolehan/009 Penyedia Cetak Baucar Bayaran/button_Cetak' is clicked on

2019-03-18 12:24:36 - [TEST_STEP][PASSED] - delay(3): Delayed 3 second(s)

2019-03-18 12:24:39 - [MESSAGE][PASSED] - Delayed 3 second(s)

2019-03-18 12:24:39 - [TEST_STEP][PASSED] - waitForPageLoad(180): Wait for page load successfully

2019-03-18 12:24:39 - [MESSAGE][PASSED] - Wait for page load successfully

2019-03-18 12:24:39 - [TEST_STEP][PASSED] - takeScreenshot(): Taking screenshot successfully

2019-03-18 12:24:39 - [MESSAGE][PASSED] - Taking screenshot successfully
[[ATTACHMENT|C:\\Users\\Consultant_MSPHitect\\Katalon Studio\\TrainingonKatalon\\Reports\\Perolehan\\01 Pesanan Tempatan Cara Bayaran EFT Tiada Pemfaktoran\\20190318_120624\\1552883079247.png]]

2019-03-18 12:24:39 - [TEST_STEP][PASSED] - switchToWindowIndex(0): Switched to window with index: '0'

2019-03-18 12:24:39 - [MESSAGE][PASSED] - Switched to window with index: '0'

2019-03-18 12:24:39 - [TEST_STEP][PASSED] - delay(3): Delayed 3 second(s)

2019-03-18 12:24:42 - [MESSAGE][PASSED] - Delayed 3 second(s)

2019-03-18 12:24:42 - [TEST_STEP][PASSED] - closeBrowser(): Browser is closed

2019-03-18 12:24:43 - [MESSAGE][PASSED] - Browser is closed]]></system-out>
         <system-err><![CDATA[]]></system-err>
      </testcase>
      <system-out><![CDATA[2019-03-18 12:06:35 - [TEST_SUITE][FAILED] - 01 Pesanan Tempatan Cara Bayaran EFT Tiada Pemfaktoran: Test Cases/Perolehan/006 Arahan Bayaran/001 Arahan Bayaran - EFT FAILED.
Reason:
com.kms.katalon.core.exception.StepFailedException: Unable to click on object 'Object Repository/Perolehan/006 Arahan Bayaran/Drop_Down_Nama_Pembekal'
	at com.kms.katalon.core.keyword.internal.KeywordMain.stepFailed(KeywordMain.groovy:48)
	at com.kms.katalon.core.webui.keyword.internal.WebUIKeywordMain.stepFailed(WebUIKeywordMain.groovy:65)
	at com.kms.katalon.core.webui.keyword.internal.WebUIKeywordMain.runKeyword(WebUIKeywordMain.groovy:27)
	at com.kms.katalon.core.webui.keyword.builtin.ClickKeyword.click(ClickKeyword.groovy:86)
	at com.kms.katalon.core.webui.keyword.builtin.ClickKeyword.execute(ClickKeyword.groovy:67)
	at com.kms.katalon.core.keyword.internal.KeywordExecutor.executeKeywordForPlatform(KeywordExecutor.groovy:56)
	at com.kms.katalon.core.webui.keyword.WebUiBuiltInKeywords.click(WebUiBuiltInKeywords.groovy:616)
	at com.kms.katalon.core.webui.keyword.WebUiBuiltInKeywords$click$2.call(Unknown Source)
	at 001 Arahan Bayaran - EFT.run(001 Arahan Bayaran - EFT:67)
	at com.kms.katalon.core.main.ScriptEngine.run(ScriptEngine.java:194)
	at com.kms.katalon.core.main.ScriptEngine.runScriptAsRawText(ScriptEngine.java:119)
	at com.kms.katalon.core.main.TestCaseExecutor.runScript(TestCaseExecutor.java:331)
	at com.kms.katalon.core.main.TestCaseExecutor.doExecute(TestCaseExecutor.java:322)
	at com.kms.katalon.core.main.TestCaseExecutor.processExecutionPhase(TestCaseExecutor.java:301)
	at com.kms.katalon.core.main.TestCaseExecutor.accessMainPhase(TestCaseExecutor.java:293)
	at com.kms.katalon.core.main.TestCaseExecutor.execute(TestCaseExecutor.java:227)
	at com.kms.katalon.core.main.TestSuiteExecutor.accessTestCaseMainPhase(TestSuiteExecutor.java:129)
	at com.kms.katalon.core.main.TestSuiteExecutor.accessTestSuiteMainPhase(TestSuiteExecutor.java:112)
	at com.kms.katalon.core.main.TestSuiteExecutor.execute(TestSuiteExecutor.java:81)
	at com.kms.katalon.core.main.TestCaseMain.startTestSuite(TestCaseMain.java:157)
	at com.kms.katalon.core.main.TestCaseMain$startTestSuite$0.call(Unknown Source)
	at TempTestSuite1552881984607.run(TempTestSuite1552881984607.groovy:35)]]></system-out>
      <system-err><![CDATA[2019-03-18 12:06:35 - [TEST_SUITE][FAILED] - 01 Pesanan Tempatan Cara Bayaran EFT Tiada Pemfaktoran: Test Cases/Perolehan/006 Arahan Bayaran/001 Arahan Bayaran - EFT FAILED.
Reason:
com.kms.katalon.core.exception.StepFailedException: Unable to click on object 'Object Repository/Perolehan/006 Arahan Bayaran/Drop_Down_Nama_Pembekal'
	at com.kms.katalon.core.keyword.internal.KeywordMain.stepFailed(KeywordMain.groovy:48)
	at com.kms.katalon.core.webui.keyword.internal.WebUIKeywordMain.stepFailed(WebUIKeywordMain.groovy:65)
	at com.kms.katalon.core.webui.keyword.internal.WebUIKeywordMain.runKeyword(WebUIKeywordMain.groovy:27)
	at com.kms.katalon.core.webui.keyword.builtin.ClickKeyword.click(ClickKeyword.groovy:86)
	at com.kms.katalon.core.webui.keyword.builtin.ClickKeyword.execute(ClickKeyword.groovy:67)
	at com.kms.katalon.core.keyword.internal.KeywordExecutor.executeKeywordForPlatform(KeywordExecutor.groovy:56)
	at com.kms.katalon.core.webui.keyword.WebUiBuiltInKeywords.click(WebUiBuiltInKeywords.groovy:616)
	at com.kms.katalon.core.webui.keyword.WebUiBuiltInKeywords$click$2.call(Unknown Source)
	at 001 Arahan Bayaran - EFT.run(001 Arahan Bayaran - EFT:67)
	at com.kms.katalon.core.main.ScriptEngine.run(ScriptEngine.java:194)
	at com.kms.katalon.core.main.ScriptEngine.runScriptAsRawText(ScriptEngine.java:119)
	at com.kms.katalon.core.main.TestCaseExecutor.runScript(TestCaseExecutor.java:331)
	at com.kms.katalon.core.main.TestCaseExecutor.doExecute(TestCaseExecutor.java:322)
	at com.kms.katalon.core.main.TestCaseExecutor.processExecutionPhase(TestCaseExecutor.java:301)
	at com.kms.katalon.core.main.TestCaseExecutor.accessMainPhase(TestCaseExecutor.java:293)
	at com.kms.katalon.core.main.TestCaseExecutor.execute(TestCaseExecutor.java:227)
	at com.kms.katalon.core.main.TestSuiteExecutor.accessTestCaseMainPhase(TestSuiteExecutor.java:129)
	at com.kms.katalon.core.main.TestSuiteExecutor.accessTestSuiteMainPhase(TestSuiteExecutor.java:112)
	at com.kms.katalon.core.main.TestSuiteExecutor.execute(TestSuiteExecutor.java:81)
	at com.kms.katalon.core.main.TestCaseMain.startTestSuite(TestCaseMain.java:157)
	at com.kms.katalon.core.main.TestCaseMain$startTestSuite$0.call(Unknown Source)
	at TempTestSuite1552881984607.run(TempTestSuite1552881984607.groovy:35)]]></system-err>
   </testsuite>
</testsuites>
